[0.032s] Invoking command in '/home/mrmnavjet/IRC2026/ircWS/build/planner': CMAKE_PREFIX_PATH=/home/mrmnavjet/IRC2026/ircWS/install/custom_msgs:/home/mrmnavjet/IRC2026/ircWS/install/planner:/home/mrmnavjet/IRC2026/ircWS/install/stack:/home/mrmnavjet/zed_ros_ws/install/zed_ros2:/home/mrmnavjet/zed_ros_ws/install/zed_wrapper:/home/mrmnavjet/zed_ros_ws/install/zed_components:/home/mrmnavjet/IRC2026/ircWS/install/yolo:/home/mrmnavjet/IRC2026/ircWS/install/gps:/opt/ros/humble LD_LIBRARY_PATH=/home/mrmnavjet/IRC2026/ircWS/install/custom_msgs/lib:/home/mrmnavjet/zed_ros_ws/install/zed_components/lib:/opt/ros/humble/opt/rviz_ogre_vendor/lib:/opt/ros/humble/lib/aarch64-linux-gnu:/opt/ros/humble/lib:/usr/local/cuda-12.6/lib64 /usr/bin/cmake /home/mrmnavjet/IRC2026/ircWS/src/planner -DCMAKE_INSTALL_PREFIX=/home/mrmnavjet/IRC2026/ircWS/install/planner
[0.144s] -- The C compiler identification is GNU 11.4.0
[0.256s] -- The CXX compiler identification is GNU 11.4.0
[0.277s] -- Detecting C compiler ABI info
[0.420s] -- Detecting C compiler ABI info - done
[0.444s] -- Check for working C compiler: /usr/bin/cc - skipped
[0.445s] -- Detecting C compile features
[0.446s] -- Detecting C compile features - done
[0.457s] -- Detecting CXX compiler ABI info
[0.620s] -- Detecting CXX compiler ABI info - done
[0.645s] -- Check for working CXX compiler: /usr/bin/c++ - skipped
[0.646s] -- Detecting CXX compile features
[0.648s] -- Detecting CXX compile features - done
[0.658s] -- Found ament_cmake: 1.3.12 (/opt/ros/humble/share/ament_cmake/cmake)
[1.473s] -- Found Python3: /usr/bin/python3 (found version "3.10.12") found components: Interpreter 
[1.715s] -- Found rclcpp: 16.0.15 (/opt/ros/humble/share/rclcpp/cmake)
[1.812s] -- Found rosidl_generator_c: 3.1.7 (/opt/ros/humble/share/rosidl_generator_c/cmake)
[1.823s] -- Found rosidl_adapter: 3.1.7 (/opt/ros/humble/share/rosidl_adapter/cmake)
[1.841s] -- Found rosidl_generator_cpp: 3.1.7 (/opt/ros/humble/share/rosidl_generator_cpp/cmake)
[1.867s] -- Using all available rosidl_typesupport_c: rosidl_typesupport_fastrtps_c;rosidl_typesupport_introspection_c
[1.902s] -- Using all available rosidl_typesupport_cpp: rosidl_typesupport_fastrtps_cpp;rosidl_typesupport_introspection_cpp
[1.994s] -- Found rmw_implementation_cmake: 6.1.2 (/opt/ros/humble/share/rmw_implementation_cmake/cmake)
[2.000s] -- Found rmw_fastrtps_cpp: 6.2.8 (/opt/ros/humble/share/rmw_fastrtps_cpp/cmake)
[2.155s] -- Found OpenSSL: /usr/lib/aarch64-linux-gnu/libcrypto.so (found version "3.0.2")  
[2.212s] -- Found FastRTPS: /opt/ros/humble/include  
[2.288s] -- Using RMW implementation 'rmw_fastrtps_cpp' as default
[2.307s] -- Looking for pthread.h
[2.448s] -- Looking for pthread.h - found
[2.449s] -- Performing Test CMAKE_HAVE_LIBC_PTHREAD
[2.603s] -- Performing Test CMAKE_HAVE_LIBC_PTHREAD - Success
[2.607s] -- Found Threads: TRUE  
[2.741s] -- Found sensor_msgs: 4.9.0 (/opt/ros/humble/share/sensor_msgs/cmake)
[2.799s] -- Found custom_msgs: 0.0.1 (/home/mrmnavjet/IRC2026/ircWS/install/custom_msgs/share/custom_msgs/cmake)
[2.826s] -- Found nav_msgs: 4.9.0 (/opt/ros/humble/share/nav_msgs/cmake)
[2.859s] -- Found std_srvs: 4.9.0 (/opt/ros/humble/share/std_srvs/cmake)
[2.885s] -- Found tf2: 0.25.16 (/opt/ros/humble/share/tf2/cmake)
[2.901s] -- Found tf2_geometry_msgs: 0.25.16 (/opt/ros/humble/share/tf2_geometry_msgs/cmake)
[2.931s] -- Found eigen3_cmake_module: 0.1.1 (/opt/ros/humble/share/eigen3_cmake_module/cmake)
[2.934s] -- Found Eigen3: TRUE (found version "3.4.0") 
[2.934s] -- Ensuring Eigen3 include directory is part of orocos-kdl CMake target
[3.275s] -- Configuring done
[3.329s] -- Generating done
[3.349s] -- Build files have been written to: /home/mrmnavjet/IRC2026/ircWS/build/planner
[3.378s] Invoked command in '/home/mrmnavjet/IRC2026/ircWS/build/planner' returned '0': CMAKE_PREFIX_PATH=/home/mrmnavjet/IRC2026/ircWS/install/custom_msgs:/home/mrmnavjet/IRC2026/ircWS/install/planner:/home/mrmnavjet/IRC2026/ircWS/install/stack:/home/mrmnavjet/zed_ros_ws/install/zed_ros2:/home/mrmnavjet/zed_ros_ws/install/zed_wrapper:/home/mrmnavjet/zed_ros_ws/install/zed_components:/home/mrmnavjet/IRC2026/ircWS/install/yolo:/home/mrmnavjet/IRC2026/ircWS/install/gps:/opt/ros/humble LD_LIBRARY_PATH=/home/mrmnavjet/IRC2026/ircWS/install/custom_msgs/lib:/home/mrmnavjet/zed_ros_ws/install/zed_components/lib:/opt/ros/humble/opt/rviz_ogre_vendor/lib:/opt/ros/humble/lib/aarch64-linux-gnu:/opt/ros/humble/lib:/usr/local/cuda-12.6/lib64 /usr/bin/cmake /home/mrmnavjet/IRC2026/ircWS/src/planner -DCMAKE_INSTALL_PREFIX=/home/mrmnavjet/IRC2026/ircWS/install/planner
[3.381s] Invoking command in '/home/mrmnavjet/IRC2026/ircWS/build/planner': CMAKE_PREFIX_PATH=/home/mrmnavjet/IRC2026/ircWS/install/custom_msgs:/home/mrmnavjet/IRC2026/ircWS/install/planner:/home/mrmnavjet/IRC2026/ircWS/install/stack:/home/mrmnavjet/zed_ros_ws/install/zed_ros2:/home/mrmnavjet/zed_ros_ws/install/zed_wrapper:/home/mrmnavjet/zed_ros_ws/install/zed_components:/home/mrmnavjet/IRC2026/ircWS/install/yolo:/home/mrmnavjet/IRC2026/ircWS/install/gps:/opt/ros/humble LD_LIBRARY_PATH=/home/mrmnavjet/IRC2026/ircWS/install/custom_msgs/lib:/home/mrmnavjet/zed_ros_ws/install/zed_components/lib:/opt/ros/humble/opt/rviz_ogre_vendor/lib:/opt/ros/humble/lib/aarch64-linux-gnu:/opt/ros/humble/lib:/usr/local/cuda-12.6/lib64 /usr/bin/cmake --build /home/mrmnavjet/IRC2026/ircWS/build/planner -- -j6 -l6
[3.490s] [ 10%] [32mBuilding CXX object CMakeFiles/shared_state.dir/src/shared_state.cpp.o[0m
[4.087s] [ 20%] [32m[1mLinking CXX static library libshared_state.a[0m
[4.159s] [ 20%] Built target shared_state
[4.203s] [ 60%] [32mBuilding CXX object CMakeFiles/imu_conversion_node.dir/src/imu_conversion.cpp.o[0m
[4.204s] [ 60%] [32mBuilding CXX object CMakeFiles/motorcontroller.dir/src/motorcontroller.cpp.o[0m
[4.204s] [ 60%] [32mBuilding CXX object CMakeFiles/relay.dir/src/relay.cpp.o[0m
[4.204s] [ 60%] [32mBuilding CXX object CMakeFiles/stack_node.dir/src/stack.cpp.o[0m
[22.984s] [ 70%] [32m[1mLinking CXX executable motorcontroller[0m
[23.804s] [ 70%] Built target motorcontroller
[24.113s] [ 80%] [32m[1mLinking CXX executable imu_conversion_node[0m
[25.023s] [ 80%] Built target imu_conversion_node
[37.228s] [ 90%] [32m[1mLinking CXX executable relay[0m
[38.823s] [ 90%] Built target relay
[44.139s] [100%] [32m[1mLinking CXX executable stack_node[0m
[46.394s] [100%] Built target stack_node
[46.423s] Invoked command in '/home/mrmnavjet/IRC2026/ircWS/build/planner' returned '0': CMAKE_PREFIX_PATH=/home/mrmnavjet/IRC2026/ircWS/install/custom_msgs:/home/mrmnavjet/IRC2026/ircWS/install/planner:/home/mrmnavjet/IRC2026/ircWS/install/stack:/home/mrmnavjet/zed_ros_ws/install/zed_ros2:/home/mrmnavjet/zed_ros_ws/install/zed_wrapper:/home/mrmnavjet/zed_ros_ws/install/zed_components:/home/mrmnavjet/IRC2026/ircWS/install/yolo:/home/mrmnavjet/IRC2026/ircWS/install/gps:/opt/ros/humble LD_LIBRARY_PATH=/home/mrmnavjet/IRC2026/ircWS/install/custom_msgs/lib:/home/mrmnavjet/zed_ros_ws/install/zed_components/lib:/opt/ros/humble/opt/rviz_ogre_vendor/lib:/opt/ros/humble/lib/aarch64-linux-gnu:/opt/ros/humble/lib:/usr/local/cuda-12.6/lib64 /usr/bin/cmake --build /home/mrmnavjet/IRC2026/ircWS/build/planner -- -j6 -l6
[46.428s] Invoking command in '/home/mrmnavjet/IRC2026/ircWS/build/planner': CMAKE_PREFIX_PATH=/home/mrmnavjet/IRC2026/ircWS/install/custom_msgs:/home/mrmnavjet/IRC2026/ircWS/install/planner:/home/mrmnavjet/IRC2026/ircWS/install/stack:/home/mrmnavjet/zed_ros_ws/install/zed_ros2:/home/mrmnavjet/zed_ros_ws/install/zed_wrapper:/home/mrmnavjet/zed_ros_ws/install/zed_components:/home/mrmnavjet/IRC2026/ircWS/install/yolo:/home/mrmnavjet/IRC2026/ircWS/install/gps:/opt/ros/humble LD_LIBRARY_PATH=/home/mrmnavjet/IRC2026/ircWS/install/custom_msgs/lib:/home/mrmnavjet/zed_ros_ws/install/zed_components/lib:/opt/ros/humble/opt/rviz_ogre_vendor/lib:/opt/ros/humble/lib/aarch64-linux-gnu:/opt/ros/humble/lib:/usr/local/cuda-12.6/lib64 /usr/bin/cmake --install /home/mrmnavjet/IRC2026/ircWS/build/planner
[46.449s] -- Install configuration: ""
[46.449s] -- Installing: /home/mrmnavjet/IRC2026/ircWS/install/planner/lib/planner/libshared_state.a
[46.449s] -- Installing: /home/mrmnavjet/IRC2026/ircWS/install/planner/lib/planner/stack_node
[46.471s] -- Set runtime path of "/home/mrmnavjet/IRC2026/ircWS/install/planner/lib/planner/stack_node" to ""
[46.472s] -- Installing: /home/mrmnavjet/IRC2026/ircWS/install/planner/lib/planner/relay
[46.486s] -- Set runtime path of "/home/mrmnavjet/IRC2026/ircWS/install/planner/lib/planner/relay" to ""
[46.487s] -- Installing: /home/mrmnavjet/IRC2026/ircWS/install/planner/lib/planner/imu_conversion_node
[46.494s] -- Set runtime path of "/home/mrmnavjet/IRC2026/ircWS/install/planner/lib/planner/imu_conversion_node" to ""
[46.494s] -- Installing: /home/mrmnavjet/IRC2026/ircWS/install/planner/lib/planner/motorcontroller
[46.501s] -- Set runtime path of "/home/mrmnavjet/IRC2026/ircWS/install/planner/lib/planner/motorcontroller" to ""
[46.501s] -- Installing: /home/mrmnavjet/IRC2026/ircWS/install/planner/include/planner
[46.501s] -- Installing: /home/mrmnavjet/IRC2026/ircWS/install/planner/include/planner/stack
[46.502s] -- Installing: /home/mrmnavjet/IRC2026/ircWS/install/planner/include/planner/stack/shared_state.hpp
[46.502s] -- Installing: /home/mrmnavjet/IRC2026/ircWS/install/planner/include/planner/stack/stack.hpp
[46.502s] -- Installing: /home/mrmnavjet/IRC2026/ircWS/install/planner/share/planner//launch
[46.502s] -- Installing: /home/mrmnavjet/IRC2026/ircWS/install/planner/share/planner//launch/testing.launch.py
[46.503s] -- Installing: /home/mrmnavjet/IRC2026/ircWS/install/planner/lib/planner/mode_switch.py
[46.503s] -- Installing: /home/mrmnavjet/IRC2026/ircWS/install/planner/share/ament_index/resource_index/package_run_dependencies/planner
[46.504s] -- Installing: /home/mrmnavjet/IRC2026/ircWS/install/planner/share/ament_index/resource_index/parent_prefix_path/planner
[46.504s] -- Installing: /home/mrmnavjet/IRC2026/ircWS/install/planner/share/planner/environment/ament_prefix_path.sh
[46.504s] -- Installing: /home/mrmnavjet/IRC2026/ircWS/install/planner/share/planner/environment/ament_prefix_path.dsv
[46.505s] -- Installing: /home/mrmnavjet/IRC2026/ircWS/install/planner/share/planner/environment/path.sh
[46.505s] -- Installing: /home/mrmnavjet/IRC2026/ircWS/install/planner/share/planner/environment/path.dsv
[46.505s] -- Installing: /home/mrmnavjet/IRC2026/ircWS/install/planner/share/planner/local_setup.bash
[46.506s] -- Installing: /home/mrmnavjet/IRC2026/ircWS/install/planner/share/planner/local_setup.sh
[46.506s] -- Installing: /home/mrmnavjet/IRC2026/ircWS/install/planner/share/planner/local_setup.zsh
[46.506s] -- Installing: /home/mrmnavjet/IRC2026/ircWS/install/planner/share/planner/local_setup.dsv
[46.506s] -- Installing: /home/mrmnavjet/IRC2026/ircWS/install/planner/share/planner/package.dsv
[46.507s] -- Installing: /home/mrmnavjet/IRC2026/ircWS/install/planner/share/ament_index/resource_index/packages/planner
[46.507s] -- Installing: /home/mrmnavjet/IRC2026/ircWS/install/planner/share/planner/cmake/plannerConfig.cmake
[46.507s] -- Installing: /home/mrmnavjet/IRC2026/ircWS/install/planner/share/planner/cmake/plannerConfig-version.cmake
[46.507s] -- Installing: /home/mrmnavjet/IRC2026/ircWS/install/planner/share/planner/package.xml
[46.513s] Invoked command in '/home/mrmnavjet/IRC2026/ircWS/build/planner' returned '0': CMAKE_PREFIX_PATH=/home/mrmnavjet/IRC2026/ircWS/install/custom_msgs:/home/mrmnavjet/IRC2026/ircWS/install/planner:/home/mrmnavjet/IRC2026/ircWS/install/stack:/home/mrmnavjet/zed_ros_ws/install/zed_ros2:/home/mrmnavjet/zed_ros_ws/install/zed_wrapper:/home/mrmnavjet/zed_ros_ws/install/zed_components:/home/mrmnavjet/IRC2026/ircWS/install/yolo:/home/mrmnavjet/IRC2026/ircWS/install/gps:/opt/ros/humble LD_LIBRARY_PATH=/home/mrmnavjet/IRC2026/ircWS/install/custom_msgs/lib:/home/mrmnavjet/zed_ros_ws/install/zed_components/lib:/opt/ros/humble/opt/rviz_ogre_vendor/lib:/opt/ros/humble/lib/aarch64-linux-gnu:/opt/ros/humble/lib:/usr/local/cuda-12.6/lib64 /usr/bin/cmake --install /home/mrmnavjet/IRC2026/ircWS/build/planner
