[ 15%] Built target shared_state
[35m[1mConsolidate compiler generated dependencies of target planner_node[0m
[ 30%] Built target local_obstacle_filter_node
[ 46%] Built target relay_node
[ 61%] Built target motorcontroller
[ 69%] [32mBuilding CXX object CMakeFiles/planner_node.dir/src/main.cpp.o[0m
[ 84%] Built target imu_conversion_node
[ 92%] [32mBuilding CXX object CMakeFiles/planner_node.dir/src/irc_planner.cpp.o[0m
[100%] [32m[1mLinking CXX executable planner_node[0m
[100%] Built target planner_node
-- Install configuration: ""
-- Up-to-date: /home/mrmnavjet/IRC2026/ircWS/install/planner/lib/planner/libshared_state.a
-- Installing: /home/mrmnavjet/IRC2026/ircWS/install/planner/lib/planner/planner_node
-- Set runtime path of "/home/mrmnavjet/IRC2026/ircWS/install/planner/lib/planner/planner_node" to ""
-- Up-to-date: /home/mrmnavjet/IRC2026/ircWS/install/planner/lib/planner/relay_node
-- Up-to-date: /home/mrmnavjet/IRC2026/ircWS/install/planner/lib/planner/imu_conversion_node
-- Up-to-date: /home/mrmnavjet/IRC2026/ircWS/install/planner/lib/planner/motorcontroller
-- Up-to-date: /home/mrmnavjet/IRC2026/ircWS/install/planner/lib/planner/local_obstacle_filter_node
-- Up-to-date: /home/mrmnavjet/IRC2026/ircWS/install/planner/include/planner
-- Up-to-date: /home/mrmnavjet/IRC2026/ircWS/install/planner/include/planner/stack
-- Up-to-date: /home/mrmnavjet/IRC2026/ircWS/install/planner/include/planner/stack/shared_state.hpp
-- Installing: /home/mrmnavjet/IRC2026/ircWS/install/planner/include/planner/stack/irc_planner.hpp
-- Up-to-date: /home/mrmnavjet/IRC2026/ircWS/install/planner/share/planner/launch
-- Up-to-date: /home/mrmnavjet/IRC2026/ircWS/install/planner/share/planner/launch/testing.launch.py
-- Up-to-date: /home/mrmnavjet/IRC2026/ircWS/install/planner/lib/planner/mode_switch.py
-- Up-to-date: /home/mrmnavjet/IRC2026/ircWS/install/planner/share/ament_index/resource_index/package_run_dependencies/planner
-- Up-to-date: /home/mrmnavjet/IRC2026/ircWS/install/planner/share/ament_index/resource_index/parent_prefix_path/planner
-- Up-to-date: /home/mrmnavjet/IRC2026/ircWS/install/planner/share/planner/environment/ament_prefix_path.sh
-- Up-to-date: /home/mrmnavjet/IRC2026/ircWS/install/planner/share/planner/environment/ament_prefix_path.dsv
-- Up-to-date: /home/mrmnavjet/IRC2026/ircWS/install/planner/share/planner/environment/path.sh
-- Up-to-date: /home/mrmnavjet/IRC2026/ircWS/install/planner/share/planner/environment/path.dsv
-- Up-to-date: /home/mrmnavjet/IRC2026/ircWS/install/planner/share/planner/local_setup.bash
-- Up-to-date: /home/mrmnavjet/IRC2026/ircWS/install/planner/share/planner/local_setup.sh
-- Up-to-date: /home/mrmnavjet/IRC2026/ircWS/install/planner/share/planner/local_setup.zsh
-- Up-to-date: /home/mrmnavjet/IRC2026/ircWS/install/planner/share/planner/local_setup.dsv
-- Installing: /home/mrmnavjet/IRC2026/ircWS/install/planner/share/planner/package.dsv
-- Up-to-date: /home/mrmnavjet/IRC2026/ircWS/install/planner/share/ament_index/resource_index/packages/planner
-- Up-to-date: /home/mrmnavjet/IRC2026/ircWS/install/planner/share/planner/cmake/plannerConfig.cmake
-- Up-to-date: /home/mrmnavjet/IRC2026/ircWS/install/planner/share/planner/cmake/plannerConfig-version.cmake
-- Up-to-date: /home/mrmnavjet/IRC2026/ircWS/install/planner/share/planner/package.xml
