[1.912s] Invoking command in '/home/mrmnavjet/IRC2026/ircWS/src/gps': PYTHONPATH=/home/mrmnavjet/IRC2026/ircWS/build/gps/prefix_override:/usr/lib/python3/dist-packages/colcon_core/task/python/colcon_distutils_commands:/home/mrmnavjet/IRC2026/ircWS/install/gps/lib/python3.10/site-packages:${PYTHONPATH} /usr/bin/python3 -W ignore:setup.py install is deprecated -W ignore:easy_install command is deprecated setup.py egg_info --egg-base ../../build/gps build --build-base /home/mrmnavjet/IRC2026/ircWS/build/gps/build install --record /home/mrmnavjet/IRC2026/ircWS/build/gps/install.log --single-version-externally-managed install_data
[2.525s] running egg_info
[2.633s] writing ../../build/gps/gps.egg-info/PKG-INFO
[2.635s] writing dependency_links to ../../build/gps/gps.egg-info/dependency_links.txt
[2.635s] writing entry points to ../../build/gps/gps.egg-info/entry_points.txt
[2.636s] writing requirements to ../../build/gps/gps.egg-info/requires.txt
[2.636s] writing top-level names to ../../build/gps/gps.egg-info/top_level.txt
[2.723s] reading manifest file '../../build/gps/gps.egg-info/SOURCES.txt'
[2.725s] writing manifest file '../../build/gps/gps.egg-info/SOURCES.txt'
[2.726s] running build
[2.726s] running build_py
[2.726s] copying gps/gps_rtk.py -> /home/mrmnavjet/IRC2026/ircWS/build/gps/build/lib/gps
[2.727s] copying gps/__init__.py -> /home/mrmnavjet/IRC2026/ircWS/build/gps/build/lib/gps
[2.728s] copying gps/gps_rtcm.py -> /home/mrmnavjet/IRC2026/ircWS/build/gps/build/lib/gps
[2.728s] running install
[2.737s] running install_lib
[2.781s] running install_data
[2.781s] copying resource/gps -> /home/mrmnavjet/IRC2026/ircWS/install/gps/share/ament_index/resource_index/packages
[2.782s] copying package.xml -> /home/mrmnavjet/IRC2026/ircWS/install/gps/share/gps
[2.782s] running install_egg_info
[2.826s] removing '/home/mrmnavjet/IRC2026/ircWS/install/gps/lib/python3.10/site-packages/gps-0.0.1-py3.10.egg-info' (and everything under it)
[2.827s] Copying ../../build/gps/gps.egg-info to /home/mrmnavjet/IRC2026/ircWS/install/gps/lib/python3.10/site-packages/gps-0.0.1-py3.10.egg-info
[2.829s] running install_scripts
[3.173s] Installing gps_rtcm script to /home/mrmnavjet/IRC2026/ircWS/install/gps/lib/gps
[3.174s] Installing gps_rtk script to /home/mrmnavjet/IRC2026/ircWS/install/gps/lib/gps
[3.174s] writing list of installed files to '/home/mrmnavjet/IRC2026/ircWS/build/gps/install.log'
[3.263s] Invoked command in '/home/mrmnavjet/IRC2026/ircWS/src/gps' returned '0': PYTHONPATH=/home/mrmnavjet/IRC2026/ircWS/build/gps/prefix_override:/usr/lib/python3/dist-packages/colcon_core/task/python/colcon_distutils_commands:/home/mrmnavjet/IRC2026/ircWS/install/gps/lib/python3.10/site-packages:${PYTHONPATH} /usr/bin/python3 -W ignore:setup.py install is deprecated -W ignore:easy_install command is deprecated setup.py egg_info --egg-base ../../build/gps build --build-base /home/mrmnavjet/IRC2026/ircWS/build/gps/build install --record /home/mrmnavjet/IRC2026/ircWS/build/gps/install.log --single-version-externally-managed install_data
