[0.257s] [34mcolcon[0m [1;30mDEBUG[0m [32mCommand line arguments: ['/usr/bin/colcon', 'build'][0m
[0.257s] [34mcolcon[0m [1;30mDEBUG[0m [32mParsed command line arguments: Namespace(log_base=None, log_level=None, verb_name='build', build_base='build', install_base='install', merge_install=False, symlink_install=False, test_result_base=None, continue_on_error=False, executor='parallel', parallel_workers=6, event_handlers=None, ignore_user_meta=False, metas=['./colcon.meta'], base_paths=['.'], packages_ignore=None, packages_ignore_regex=None, paths=None, packages_up_to=None, packages_up_to_regex=None, packages_above=None, packages_above_and_dependencies=None, packages_above_depth=None, packages_select_by_dep=None, packages_skip_by_dep=None, packages_skip_up_to=None, packages_select_build_failed=False, packages_skip_build_finished=False, packages_select_test_failures=False, packages_skip_test_passed=False, packages_select=None, packages_skip=None, packages_select_regex=None, packages_skip_regex=None, packages_start=None, packages_end=None, allow_overriding=[], cmake_args=None, cmake_target=None, cmake_target_skip_unavailable=False, cmake_clean_cache=False, cmake_clean_first=False, cmake_force_configure=False, ament_cmake_args=None, catkin_cmake_args=None, catkin_skip_building_tests=False, mixin_files=None, mixin=None, verb_parser=<colcon_mixin.mixin.mixin_argument.MixinArgumentDecorator object at 0xffff836fdae0>, verb_extension=<colcon_core.verb.build.BuildVerb object at 0xffff836fd630>, main=<bound method BuildVerb.main of <colcon_core.verb.build.BuildVerb object at 0xffff836fd630>>, mixin_verb=('build',))[0m
[0.340s] [34mcolcon.colcon_core.package_discovery[0m [1;30mLevel 1[0m discover_packages(colcon_meta) check parameters
[0.340s] [34mcolcon.colcon_core.package_discovery[0m [1;30mLevel 1[0m discover_packages(recursive) check parameters
[0.340s] [34mcolcon.colcon_core.package_discovery[0m [1;30mLevel 1[0m discover_packages(ignore) check parameters
[0.340s] [34mcolcon.colcon_core.package_discovery[0m [1;30mLevel 1[0m discover_packages(path) check parameters
[0.340s] [34mcolcon.colcon_core.package_discovery[0m [1;30mLevel 1[0m discover_packages(colcon_meta) discover
[0.341s] [34mcolcon.colcon_core.package_discovery[0m [1;30mLevel 1[0m discover_packages(recursive) discover
[0.341s] [34mcolcon.colcon_core.package_discovery[0m [1;30mINFO[0m Crawling recursively for packages in '/home/mrmnavjet/IRC2026/ircWS'
[0.341s] [34mcolcon.colcon_core.package_identification[0m [1;30mLevel 1[0m _identify(.) by extensions ['ignore', 'ignore_ament_install']
[0.341s] [34mcolcon.colcon_core.package_identification[0m [1;30mLevel 1[0m _identify(.) by extension 'ignore'
[0.341s] [34mcolcon.colcon_core.package_identification[0m [1;30mLevel 1[0m _identify(.) by extension 'ignore_ament_install'
[0.341s] [34mcolcon.colcon_core.package_identification[0m [1;30mLevel 1[0m _identify(.) by extensions ['colcon_pkg']
[0.342s] [34mcolcon.colcon_core.package_identification[0m [1;30mLevel 1[0m _identify(.) by extension 'colcon_pkg'
[0.342s] [34mcolcon.colcon_core.package_identification[0m [1;30mLevel 1[0m _identify(.) by extensions ['colcon_meta']
[0.342s] [34mcolcon.colcon_core.package_identification[0m [1;30mLevel 1[0m _identify(.) by extension 'colcon_meta'
[0.342s] [34mcolcon.colcon_core.package_identification[0m [1;30mLevel 1[0m _identify(.) by extensions ['ros']
[0.342s] [34mcolcon.colcon_core.package_identification[0m [1;30mLevel 1[0m _identify(.) by extension 'ros'
[0.371s] [34mcolcon.colcon_core.package_identification[0m [1;30mLevel 1[0m _identify(.) by extensions ['cmake', 'python']
[0.371s] [34mcolcon.colcon_core.package_identification[0m [1;30mLevel 1[0m _identify(.) by extension 'cmake'
[0.371s] [34mcolcon.colcon_core.package_identification[0m [1;30mLevel 1[0m _identify(.) by extension 'python'
[0.371s] [34mcolcon.colcon_core.package_identification[0m [1;30mLevel 1[0m _identify(.) by extensions ['python_setup_py']
[0.371s] [34mcolcon.colcon_core.package_identification[0m [1;30mLevel 1[0m _identify(.) by extension 'python_setup_py'
[0.372s] [34mcolcon.colcon_core.package_identification[0m [1;30mLevel 1[0m _identify(build) by extensions ['ignore', 'ignore_ament_install']
[0.372s] [34mcolcon.colcon_core.package_identification[0m [1;30mLevel 1[0m _identify(build) by extension 'ignore'
[0.372s] [34mcolcon.colcon_core.package_identification[0m [1;30mLevel 1[0m _identify(build) ignored
[0.372s] [34mcolcon.colcon_core.package_identification[0m [1;30mLevel 1[0m _identify(install) by extensions ['ignore', 'ignore_ament_install']
[0.373s] [34mcolcon.colcon_core.package_identification[0m [1;30mLevel 1[0m _identify(install) by extension 'ignore'
[0.373s] [34mcolcon.colcon_core.package_identification[0m [1;30mLevel 1[0m _identify(install) ignored
[0.373s] [34mcolcon.colcon_core.package_identification[0m [1;30mLevel 1[0m _identify(log) by extensions ['ignore', 'ignore_ament_install']
[0.373s] [34mcolcon.colcon_core.package_identification[0m [1;30mLevel 1[0m _identify(log) by extension 'ignore'
[0.373s] [34mcolcon.colcon_core.package_identification[0m [1;30mLevel 1[0m _identify(log) ignored
[0.373s] [34mcolcon.colcon_core.package_identification[0m [1;30mLevel 1[0m _identify(src) by extensions ['ignore', 'ignore_ament_install']
[0.374s] [34mcolcon.colcon_core.package_identification[0m [1;30mLevel 1[0m _identify(src) by extension 'ignore'
[0.374s] [34mcolcon.colcon_core.package_identification[0m [1;30mLevel 1[0m _identify(src) by extension 'ignore_ament_install'
[0.374s] [34mcolcon.colcon_core.package_identification[0m [1;30mLevel 1[0m _identify(src) by extensions ['colcon_pkg']
[0.374s] [34mcolcon.colcon_core.package_identification[0m [1;30mLevel 1[0m _identify(src) by extension 'colcon_pkg'
[0.374s] [34mcolcon.colcon_core.package_identification[0m [1;30mLevel 1[0m _identify(src) by extensions ['colcon_meta']
[0.374s] [34mcolcon.colcon_core.package_identification[0m [1;30mLevel 1[0m _identify(src) by extension 'colcon_meta'
[0.374s] [34mcolcon.colcon_core.package_identification[0m [1;30mLevel 1[0m _identify(src) by extensions ['ros']
[0.374s] [34mcolcon.colcon_core.package_identification[0m [1;30mLevel 1[0m _identify(src) by extension 'ros'
[0.374s] [34mcolcon.colcon_core.package_identification[0m [1;30mLevel 1[0m _identify(src) by extensions ['cmake', 'python']
[0.374s] [34mcolcon.colcon_core.package_identification[0m [1;30mLevel 1[0m _identify(src) by extension 'cmake'
[0.375s] [34mcolcon.colcon_core.package_identification[0m [1;30mLevel 1[0m _identify(src) by extension 'python'
[0.375s] [34mcolcon.colcon_core.package_identification[0m [1;30mLevel 1[0m _identify(src) by extensions ['python_setup_py']
[0.375s] [34mcolcon.colcon_core.package_identification[0m [1;30mLevel 1[0m _identify(src) by extension 'python_setup_py'
[0.375s] [34mcolcon.colcon_core.package_identification[0m [1;30mLevel 1[0m _identify(src/custom_msgs) by extensions ['ignore', 'ignore_ament_install']
[0.375s] [34mcolcon.colcon_core.package_identification[0m [1;30mLevel 1[0m _identify(src/custom_msgs) by extension 'ignore'
[0.375s] [34mcolcon.colcon_core.package_identification[0m [1;30mLevel 1[0m _identify(src/custom_msgs) by extension 'ignore_ament_install'
[0.375s] [34mcolcon.colcon_core.package_identification[0m [1;30mLevel 1[0m _identify(src/custom_msgs) by extensions ['colcon_pkg']
[0.375s] [34mcolcon.colcon_core.package_identification[0m [1;30mLevel 1[0m _identify(src/custom_msgs) by extension 'colcon_pkg'
[0.375s] [34mcolcon.colcon_core.package_identification[0m [1;30mLevel 1[0m _identify(src/custom_msgs) by extensions ['colcon_meta']
[0.376s] [34mcolcon.colcon_core.package_identification[0m [1;30mLevel 1[0m _identify(src/custom_msgs) by extension 'colcon_meta'
[0.376s] [34mcolcon.colcon_core.package_identification[0m [1;30mLevel 1[0m _identify(src/custom_msgs) by extensions ['ros']
[0.376s] [34mcolcon.colcon_core.package_identification[0m [1;30mLevel 1[0m _identify(src/custom_msgs) by extension 'ros'
[0.381s] [34mcolcon.colcon_core.package_identification[0m [1;30mDEBUG[0m [32mPackage 'src/custom_msgs' with type 'ros.ament_cmake' and name 'custom_msgs'[0m
[0.381s] [34mcolcon.colcon_core.package_identification[0m [1;30mLevel 1[0m _identify(src/gps) by extensions ['ignore', 'ignore_ament_install']
[0.381s] [34mcolcon.colcon_core.package_identification[0m [1;30mLevel 1[0m _identify(src/gps) by extension 'ignore'
[0.382s] [34mcolcon.colcon_core.package_identification[0m [1;30mLevel 1[0m _identify(src/gps) by extension 'ignore_ament_install'
[0.382s] [34mcolcon.colcon_core.package_identification[0m [1;30mLevel 1[0m _identify(src/gps) by extensions ['colcon_pkg']
[0.382s] [34mcolcon.colcon_core.package_identification[0m [1;30mLevel 1[0m _identify(src/gps) by extension 'colcon_pkg'
[0.382s] [34mcolcon.colcon_core.package_identification[0m [1;30mLevel 1[0m _identify(src/gps) by extensions ['colcon_meta']
[0.382s] [34mcolcon.colcon_core.package_identification[0m [1;30mLevel 1[0m _identify(src/gps) by extension 'colcon_meta'
[0.382s] [34mcolcon.colcon_core.package_identification[0m [1;30mLevel 1[0m _identify(src/gps) by extensions ['ros']
[0.382s] [34mcolcon.colcon_core.package_identification[0m [1;30mLevel 1[0m _identify(src/gps) by extension 'ros'
[0.383s] [34mcolcon.colcon_core.package_identification[0m [1;30mDEBUG[0m [32mPackage 'src/gps' with type 'ros.ament_python' and name 'gps'[0m
[0.383s] [34mcolcon.colcon_core.package_identification[0m [1;30mLevel 1[0m _identify(src/planner) by extensions ['ignore', 'ignore_ament_install']
[0.384s] [34mcolcon.colcon_core.package_identification[0m [1;30mLevel 1[0m _identify(src/planner) by extension 'ignore'
[0.384s] [34mcolcon.colcon_core.package_identification[0m [1;30mLevel 1[0m _identify(src/planner) by extension 'ignore_ament_install'
[0.384s] [34mcolcon.colcon_core.package_identification[0m [1;30mLevel 1[0m _identify(src/planner) by extensions ['colcon_pkg']
[0.384s] [34mcolcon.colcon_core.package_identification[0m [1;30mLevel 1[0m _identify(src/planner) by extension 'colcon_pkg'
[0.384s] [34mcolcon.colcon_core.package_identification[0m [1;30mLevel 1[0m _identify(src/planner) by extensions ['colcon_meta']
[0.384s] [34mcolcon.colcon_core.package_identification[0m [1;30mLevel 1[0m _identify(src/planner) by extension 'colcon_meta'
[0.384s] [34mcolcon.colcon_core.package_identification[0m [1;30mLevel 1[0m _identify(src/planner) by extensions ['ros']
[0.384s] [34mcolcon.colcon_core.package_identification[0m [1;30mLevel 1[0m _identify(src/planner) by extension 'ros'
[0.386s] [34mcolcon.colcon_core.package_identification[0m [1;30mDEBUG[0m [32mPackage 'src/planner' with type 'ros.ament_cmake' and name 'planner'[0m
[0.387s] [34mcolcon.colcon_core.package_identification[0m [1;30mLevel 1[0m _identify(src/yolo) by extensions ['ignore', 'ignore_ament_install']
[0.387s] [34mcolcon.colcon_core.package_identification[0m [1;30mLevel 1[0m _identify(src/yolo) by extension 'ignore'
[0.387s] [34mcolcon.colcon_core.package_identification[0m [1;30mLevel 1[0m _identify(src/yolo) by extension 'ignore_ament_install'
[0.387s] [34mcolcon.colcon_core.package_identification[0m [1;30mLevel 1[0m _identify(src/yolo) by extensions ['colcon_pkg']
[0.387s] [34mcolcon.colcon_core.package_identification[0m [1;30mLevel 1[0m _identify(src/yolo) by extension 'colcon_pkg'
[0.387s] [34mcolcon.colcon_core.package_identification[0m [1;30mLevel 1[0m _identify(src/yolo) by extensions ['colcon_meta']
[0.387s] [34mcolcon.colcon_core.package_identification[0m [1;30mLevel 1[0m _identify(src/yolo) by extension 'colcon_meta'
[0.387s] [34mcolcon.colcon_core.package_identification[0m [1;30mLevel 1[0m _identify(src/yolo) by extensions ['ros']
[0.388s] [34mcolcon.colcon_core.package_identification[0m [1;30mLevel 1[0m _identify(src/yolo) by extension 'ros'
[0.389s] [34mcolcon.colcon_core.package_identification[0m [1;30mDEBUG[0m [32mPackage 'src/yolo' with type 'ros.ament_python' and name 'yolo'[0m
[0.389s] [34mcolcon.colcon_core.package_discovery[0m [1;30mLevel 1[0m discover_packages(recursive) using defaults
[0.389s] [34mcolcon.colcon_core.package_discovery[0m [1;30mLevel 1[0m discover_packages(ignore) discover
[0.389s] [34mcolcon.colcon_core.package_discovery[0m [1;30mLevel 1[0m discover_packages(ignore) using defaults
[0.389s] [34mcolcon.colcon_core.package_discovery[0m [1;30mLevel 1[0m discover_packages(path) discover
[0.389s] [34mcolcon.colcon_core.package_discovery[0m [1;30mLevel 1[0m discover_packages(path) using defaults
[0.424s] [34mcolcon.colcon_core.package_discovery[0m [1;30mLevel 1[0m discover_packages(prefix_path) check parameters
[0.424s] [34mcolcon.colcon_core.package_discovery[0m [1;30mLevel 1[0m discover_packages(prefix_path) discover
[0.429s] [34mcolcon.colcon_installed_package_information.package_discovery[0m [1;30mDEBUG[0m [32mFound 4 installed packages in /home/mrmnavjet/IRC2026/ircWS/install[0m
[0.430s] [34mcolcon.colcon_installed_package_information.package_discovery[0m [1;30mDEBUG[0m [32mFound 5 installed packages in /home/mrmnavjet/test/ERC2025/install[0m
[0.431s] [34mcolcon.colcon_installed_package_information.package_discovery[0m [1;30mDEBUG[0m [32mFound 3 installed packages in /home/mrmnavjet/zed_ros_ws/install[0m
[0.434s] [34mcolcon.colcon_installed_package_information.package_discovery[0m [1;30mDEBUG[0m [32mFound 368 installed packages in /opt/ros/humble[0m
[0.437s] [34mcolcon.colcon_core.package_discovery[0m [1;30mLevel 1[0m discover_packages(prefix_path) using defaults
[0.529s] [34mcolcon.colcon_core.verb[0m [1;30mLevel 5[0m set package 'custom_msgs' build argument 'cmake_args' from command line to 'None'
[0.530s] [34mcolcon.colcon_core.verb[0m [1;30mLevel 5[0m set package 'custom_msgs' build argument 'cmake_target' from command line to 'None'
[0.530s] [34mcolcon.colcon_core.verb[0m [1;30mLevel 5[0m set package 'custom_msgs' build argument 'cmake_target_skip_unavailable' from command line to 'False'
[0.530s] [34mcolcon.colcon_core.verb[0m [1;30mLevel 5[0m set package 'custom_msgs' build argument 'cmake_clean_cache' from command line to 'False'
[0.530s] [34mcolcon.colcon_core.verb[0m [1;30mLevel 5[0m set package 'custom_msgs' build argument 'cmake_clean_first' from command line to 'False'
[0.530s] [34mcolcon.colcon_core.verb[0m [1;30mLevel 5[0m set package 'custom_msgs' build argument 'cmake_force_configure' from command line to 'False'
[0.530s] [34mcolcon.colcon_core.verb[0m [1;30mLevel 5[0m set package 'custom_msgs' build argument 'ament_cmake_args' from command line to 'None'
[0.530s] [34mcolcon.colcon_core.verb[0m [1;30mLevel 5[0m set package 'custom_msgs' build argument 'catkin_cmake_args' from command line to 'None'
[0.530s] [34mcolcon.colcon_core.verb[0m [1;30mLevel 5[0m set package 'custom_msgs' build argument 'catkin_skip_building_tests' from command line to 'False'
[0.530s] [34mcolcon.colcon_core.verb[0m [1;30mDEBUG[0m [32mBuilding package 'custom_msgs' with the following arguments: {'ament_cmake_args': None, 'build_base': '/home/mrmnavjet/IRC2026/ircWS/build/custom_msgs', 'catkin_cmake_args': None, 'catkin_skip_building_tests': False, 'cmake_args': None, 'cmake_clean_cache': False, 'cmake_clean_first': False, 'cmake_force_configure': False, 'cmake_target': None, 'cmake_target_skip_unavailable': False, 'install_base': '/home/mrmnavjet/IRC2026/ircWS/install/custom_msgs', 'merge_install': False, 'path': '/home/mrmnavjet/IRC2026/ircWS/src/custom_msgs', 'symlink_install': False, 'test_result_base': None}[0m
[0.531s] [34mcolcon.colcon_core.verb[0m [1;30mLevel 5[0m set package 'gps' build argument 'cmake_args' from command line to 'None'
[0.531s] [34mcolcon.colcon_core.verb[0m [1;30mLevel 5[0m set package 'gps' build argument 'cmake_target' from command line to 'None'
[0.531s] [34mcolcon.colcon_core.verb[0m [1;30mLevel 5[0m set package 'gps' build argument 'cmake_target_skip_unavailable' from command line to 'False'
[0.531s] [34mcolcon.colcon_core.verb[0m [1;30mLevel 5[0m set package 'gps' build argument 'cmake_clean_cache' from command line to 'False'
[0.531s] [34mcolcon.colcon_core.verb[0m [1;30mLevel 5[0m set package 'gps' build argument 'cmake_clean_first' from command line to 'False'
[0.531s] [34mcolcon.colcon_core.verb[0m [1;30mLevel 5[0m set package 'gps' build argument 'cmake_force_configure' from command line to 'False'
[0.531s] [34mcolcon.colcon_core.verb[0m [1;30mLevel 5[0m set package 'gps' build argument 'ament_cmake_args' from command line to 'None'
[0.531s] [34mcolcon.colcon_core.verb[0m [1;30mLevel 5[0m set package 'gps' build argument 'catkin_cmake_args' from command line to 'None'
[0.531s] [34mcolcon.colcon_core.verb[0m [1;30mLevel 5[0m set package 'gps' build argument 'catkin_skip_building_tests' from command line to 'False'
[0.531s] [34mcolcon.colcon_core.verb[0m [1;30mDEBUG[0m [32mBuilding package 'gps' with the following arguments: {'ament_cmake_args': None, 'build_base': '/home/mrmnavjet/IRC2026/ircWS/build/gps', 'catkin_cmake_args': None, 'catkin_skip_building_tests': False, 'cmake_args': None, 'cmake_clean_cache': False, 'cmake_clean_first': False, 'cmake_force_configure': False, 'cmake_target': None, 'cmake_target_skip_unavailable': False, 'install_base': '/home/mrmnavjet/IRC2026/ircWS/install/gps', 'merge_install': False, 'path': '/home/mrmnavjet/IRC2026/ircWS/src/gps', 'symlink_install': False, 'test_result_base': None}[0m
[0.532s] [34mcolcon.colcon_core.verb[0m [1;30mLevel 5[0m set package 'planner' build argument 'cmake_args' from command line to 'None'
[0.532s] [34mcolcon.colcon_core.verb[0m [1;30mLevel 5[0m set package 'planner' build argument 'cmake_target' from command line to 'None'
[0.532s] [34mcolcon.colcon_core.verb[0m [1;30mLevel 5[0m set package 'planner' build argument 'cmake_target_skip_unavailable' from command line to 'False'
[0.532s] [34mcolcon.colcon_core.verb[0m [1;30mLevel 5[0m set package 'planner' build argument 'cmake_clean_cache' from command line to 'False'
[0.532s] [34mcolcon.colcon_core.verb[0m [1;30mLevel 5[0m set package 'planner' build argument 'cmake_clean_first' from command line to 'False'
[0.532s] [34mcolcon.colcon_core.verb[0m [1;30mLevel 5[0m set package 'planner' build argument 'cmake_force_configure' from command line to 'False'
[0.532s] [34mcolcon.colcon_core.verb[0m [1;30mLevel 5[0m set package 'planner' build argument 'ament_cmake_args' from command line to 'None'
[0.533s] [34mcolcon.colcon_core.verb[0m [1;30mLevel 5[0m set package 'planner' build argument 'catkin_cmake_args' from command line to 'None'
[0.533s] [34mcolcon.colcon_core.verb[0m [1;30mLevel 5[0m set package 'planner' build argument 'catkin_skip_building_tests' from command line to 'False'
[0.533s] [34mcolcon.colcon_core.verb[0m [1;30mDEBUG[0m [32mBuilding package 'planner' with the following arguments: {'ament_cmake_args': None, 'build_base': '/home/mrmnavjet/IRC2026/ircWS/build/planner', 'catkin_cmake_args': None, 'catkin_skip_building_tests': False, 'cmake_args': None, 'cmake_clean_cache': False, 'cmake_clean_first': False, 'cmake_force_configure': False, 'cmake_target': None, 'cmake_target_skip_unavailable': False, 'install_base': '/home/mrmnavjet/IRC2026/ircWS/install/planner', 'merge_install': False, 'path': '/home/mrmnavjet/IRC2026/ircWS/src/planner', 'symlink_install': False, 'test_result_base': None}[0m
[0.533s] [34mcolcon.colcon_core.verb[0m [1;30mLevel 5[0m set package 'yolo' build argument 'cmake_args' from command line to 'None'
[0.533s] [34mcolcon.colcon_core.verb[0m [1;30mLevel 5[0m set package 'yolo' build argument 'cmake_target' from command line to 'None'
[0.533s] [34mcolcon.colcon_core.verb[0m [1;30mLevel 5[0m set package 'yolo' build argument 'cmake_target_skip_unavailable' from command line to 'False'
[0.533s] [34mcolcon.colcon_core.verb[0m [1;30mLevel 5[0m set package 'yolo' build argument 'cmake_clean_cache' from command line to 'False'
[0.534s] [34mcolcon.colcon_core.verb[0m [1;30mLevel 5[0m set package 'yolo' build argument 'cmake_clean_first' from command line to 'False'
[0.534s] [34mcolcon.colcon_core.verb[0m [1;30mLevel 5[0m set package 'yolo' build argument 'cmake_force_configure' from command line to 'False'
[0.534s] [34mcolcon.colcon_core.verb[0m [1;30mLevel 5[0m set package 'yolo' build argument 'ament_cmake_args' from command line to 'None'
[0.534s] [34mcolcon.colcon_core.verb[0m [1;30mLevel 5[0m set package 'yolo' build argument 'catkin_cmake_args' from command line to 'None'
[0.534s] [34mcolcon.colcon_core.verb[0m [1;30mLevel 5[0m set package 'yolo' build argument 'catkin_skip_building_tests' from command line to 'False'
[0.534s] [34mcolcon.colcon_core.verb[0m [1;30mDEBUG[0m [32mBuilding package 'yolo' with the following arguments: {'ament_cmake_args': None, 'build_base': '/home/mrmnavjet/IRC2026/ircWS/build/yolo', 'catkin_cmake_args': None, 'catkin_skip_building_tests': False, 'cmake_args': None, 'cmake_clean_cache': False, 'cmake_clean_first': False, 'cmake_force_configure': False, 'cmake_target': None, 'cmake_target_skip_unavailable': False, 'install_base': '/home/mrmnavjet/IRC2026/ircWS/install/yolo', 'merge_install': False, 'path': '/home/mrmnavjet/IRC2026/ircWS/src/yolo', 'symlink_install': False, 'test_result_base': None}[0m
[0.534s] [34mcolcon.colcon_core.executor[0m [1;30mINFO[0m Executing jobs using 'parallel' executor
[0.536s] [34mcolcon.colcon_parallel_executor.executor.parallel[0m [1;30mDEBUG[0m [32mrun_until_complete[0m
[0.537s] [34mcolcon.colcon_ros.task.ament_cmake.build[0m [1;30mINFO[0m Building ROS package in '/home/mrmnavjet/IRC2026/ircWS/src/custom_msgs' with build type 'ament_cmake'
[0.537s] [34mcolcon.colcon_cmake.task.cmake.build[0m [1;30mINFO[0m Building CMake package in '/home/mrmnavjet/IRC2026/ircWS/src/custom_msgs'
[0.541s] [34mcolcon.colcon_core.plugin_system[0m [1;30mINFO[0m Skipping extension 'colcon_core.shell.bat': Not used on non-Windows systems
[0.542s] [34mcolcon.colcon_core.shell[0m [1;30mINFO[0m Skip shell extension 'powershell' for command environment: Not usable outside of PowerShell
[0.542s] [34mcolcon.colcon_core.shell[0m [1;30mDEBUG[0m [32mSkip shell extension 'dsv' for command environment[0m
[0.552s] [34mcolcon.colcon_ros.task.ament_python.build[0m [1;30mINFO[0m Building ROS package in '/home/mrmnavjet/IRC2026/ircWS/src/gps' with build type 'ament_python'
[0.552s] [34mcolcon.colcon_core.shell[0m [1;30mLevel 1[0m create_environment_hook('gps', 'ament_prefix_path')
[0.552s] [34mcolcon.colcon_core.shell[0m [1;30mINFO[0m Creating environment hook '/home/mrmnavjet/IRC2026/ircWS/install/gps/share/gps/hook/ament_prefix_path.ps1'
[0.554s] [34mcolcon.colcon_core.shell[0m [1;30mINFO[0m Creating environment descriptor '/home/mrmnavjet/IRC2026/ircWS/install/gps/share/gps/hook/ament_prefix_path.dsv'
[0.555s] [34mcolcon.colcon_core.shell[0m [1;30mINFO[0m Creating environment hook '/home/mrmnavjet/IRC2026/ircWS/install/gps/share/gps/hook/ament_prefix_path.sh'
[0.556s] [34mcolcon.colcon_core.shell[0m [1;30mINFO[0m Skip shell extension 'powershell' for command environment: Not usable outside of PowerShell
[0.556s] [34mcolcon.colcon_core.shell[0m [1;30mDEBUG[0m [32mSkip shell extension 'dsv' for command environment[0m
[0.681s] [34mcolcon.colcon_core.event_handler.log_command[0m [1;30mDEBUG[0m [32mInvoking command in '/home/mrmnavjet/IRC2026/ircWS/build/custom_msgs': CMAKE_PREFIX_PATH=${CMAKE_PREFIX_PATH}:/home/mrmnavjet/IRC2026/ircWS/install/yolo:/home/mrmnavjet/IRC2026/ircWS/install/gps:/home/mrmnavjet/test/ERC2025/install/leo_nodes:/home/mrmnavjet/test/ERC2025/install/gps:/opt/ros/humble /usr/bin/cmake --build /home/mrmnavjet/IRC2026/ircWS/build/custom_msgs -- -j6 -l6[0m
[1.696s] [34mcolcon.colcon_core.task.python.build[0m [1;30mINFO[0m Building Python package in '/home/mrmnavjet/IRC2026/ircWS/src/gps'
[1.697s] [34mcolcon.colcon_core.shell[0m [1;30mINFO[0m Skip shell extension 'powershell' for command environment: Not usable outside of PowerShell
[1.698s] [34mcolcon.colcon_core.shell[0m [1;30mDEBUG[0m [32mSkip shell extension 'dsv' for command environment[0m
[2.194s] [34mcolcon.colcon_core.event_handler.log_command[0m [1;30mDEBUG[0m [32mInvoked command in '/home/mrmnavjet/IRC2026/ircWS/build/custom_msgs' returned '0': CMAKE_PREFIX_PATH=${CMAKE_PREFIX_PATH}:/home/mrmnavjet/IRC2026/ircWS/install/yolo:/home/mrmnavjet/IRC2026/ircWS/install/gps:/home/mrmnavjet/test/ERC2025/install/leo_nodes:/home/mrmnavjet/test/ERC2025/install/gps:/opt/ros/humble /usr/bin/cmake --build /home/mrmnavjet/IRC2026/ircWS/build/custom_msgs -- -j6 -l6[0m
[2.214s] [34mcolcon.colcon_core.event_handler.log_command[0m [1;30mDEBUG[0m [32mInvoking command in '/home/mrmnavjet/IRC2026/ircWS/build/custom_msgs': CMAKE_PREFIX_PATH=${CMAKE_PREFIX_PATH}:/home/mrmnavjet/IRC2026/ircWS/install/yolo:/home/mrmnavjet/IRC2026/ircWS/install/gps:/home/mrmnavjet/test/ERC2025/install/leo_nodes:/home/mrmnavjet/test/ERC2025/install/gps:/opt/ros/humble /usr/bin/cmake --install /home/mrmnavjet/IRC2026/ircWS/build/custom_msgs[0m
[2.346s] [34mcolcon.colcon_core.environment[0m [1;30mLevel 1[0m create_environment_scripts_only(custom_msgs)
[2.347s] [34mcolcon.colcon_core.event_handler.log_command[0m [1;30mDEBUG[0m [32mInvoked command in '/home/mrmnavjet/IRC2026/ircWS/build/custom_msgs' returned '0': CMAKE_PREFIX_PATH=${CMAKE_PREFIX_PATH}:/home/mrmnavjet/IRC2026/ircWS/install/yolo:/home/mrmnavjet/IRC2026/ircWS/install/gps:/home/mrmnavjet/test/ERC2025/install/leo_nodes:/home/mrmnavjet/test/ERC2025/install/gps:/opt/ros/humble /usr/bin/cmake --install /home/mrmnavjet/IRC2026/ircWS/build/custom_msgs[0m
[2.352s] [34mcolcon.colcon_core.environment[0m [1;30mLevel 1[0m checking '/home/mrmnavjet/IRC2026/ircWS/install/custom_msgs' for CMake module files
[2.353s] [34mcolcon.colcon_core.environment[0m [1;30mLevel 1[0m checking '/home/mrmnavjet/IRC2026/ircWS/install/custom_msgs' for CMake config files
[2.354s] [34mcolcon.colcon_core.shell[0m [1;30mLevel 1[0m create_environment_hook('custom_msgs', 'cmake_prefix_path')
[2.355s] [34mcolcon.colcon_core.shell[0m [1;30mINFO[0m Creating environment hook '/home/mrmnavjet/IRC2026/ircWS/install/custom_msgs/share/custom_msgs/hook/cmake_prefix_path.ps1'
[2.356s] [34mcolcon.colcon_core.shell[0m [1;30mINFO[0m Creating environment descriptor '/home/mrmnavjet/IRC2026/ircWS/install/custom_msgs/share/custom_msgs/hook/cmake_prefix_path.dsv'
[2.357s] [34mcolcon.colcon_core.shell[0m [1;30mINFO[0m Creating environment hook '/home/mrmnavjet/IRC2026/ircWS/install/custom_msgs/share/custom_msgs/hook/cmake_prefix_path.sh'
[2.358s] [34mcolcon.colcon_core.environment[0m [1;30mLevel 1[0m checking '/home/mrmnavjet/IRC2026/ircWS/install/custom_msgs/lib'
[2.359s] [34mcolcon.colcon_core.shell[0m [1;30mLevel 1[0m create_environment_hook('custom_msgs', 'ld_library_path_lib')
[2.359s] [34mcolcon.colcon_core.shell[0m [1;30mINFO[0m Creating environment hook '/home/mrmnavjet/IRC2026/ircWS/install/custom_msgs/share/custom_msgs/hook/ld_library_path_lib.ps1'
[2.360s] [34mcolcon.colcon_core.shell[0m [1;30mINFO[0m Creating environment descriptor '/home/mrmnavjet/IRC2026/ircWS/install/custom_msgs/share/custom_msgs/hook/ld_library_path_lib.dsv'
[2.361s] [34mcolcon.colcon_core.shell[0m [1;30mINFO[0m Creating environment hook '/home/mrmnavjet/IRC2026/ircWS/install/custom_msgs/share/custom_msgs/hook/ld_library_path_lib.sh'
[2.361s] [34mcolcon.colcon_core.environment[0m [1;30mLevel 1[0m checking '/home/mrmnavjet/IRC2026/ircWS/install/custom_msgs/bin'
[2.362s] [34mcolcon.colcon_core.environment[0m [1;30mLevel 1[0m checking '/home/mrmnavjet/IRC2026/ircWS/install/custom_msgs/lib/pkgconfig/custom_msgs.pc'
[2.362s] [34mcolcon.colcon_core.environment[0m [1;30mLevel 1[0m checking '/home/mrmnavjet/IRC2026/ircWS/install/custom_msgs/lib/python3.10/site-packages'
[2.363s] [34mcolcon.colcon_core.environment[0m [1;30mLevel 1[0m checking '/home/mrmnavjet/IRC2026/ircWS/install/custom_msgs/bin'
[2.363s] [34mcolcon.colcon_core.shell[0m [1;30mINFO[0m Creating package script '/home/mrmnavjet/IRC2026/ircWS/install/custom_msgs/share/custom_msgs/package.ps1'
[2.365s] [34mcolcon.colcon_core.shell[0m [1;30mINFO[0m Creating package descriptor '/home/mrmnavjet/IRC2026/ircWS/install/custom_msgs/share/custom_msgs/package.dsv'
[2.366s] [34mcolcon.colcon_core.shell[0m [1;30mINFO[0m Creating package script '/home/mrmnavjet/IRC2026/ircWS/install/custom_msgs/share/custom_msgs/package.sh'
[2.396s] [34mcolcon.colcon_core.shell[0m [1;30mINFO[0m Creating package script '/home/mrmnavjet/IRC2026/ircWS/install/custom_msgs/share/custom_msgs/package.bash'
[2.397s] [34mcolcon.colcon_core.shell[0m [1;30mINFO[0m Creating package script '/home/mrmnavjet/IRC2026/ircWS/install/custom_msgs/share/custom_msgs/package.zsh'
[2.399s] [34mcolcon.colcon_core.environment[0m [1;30mLevel 1[0m create_file_with_runtime_dependencies(/home/mrmnavjet/IRC2026/ircWS/install/custom_msgs/share/colcon-core/packages/custom_msgs)
[2.400s] [34mcolcon.colcon_core.environment[0m [1;30mLevel 1[0m create_environment_scripts_only(custom_msgs)
[2.401s] [34mcolcon.colcon_core.environment[0m [1;30mLevel 1[0m checking '/home/mrmnavjet/IRC2026/ircWS/install/custom_msgs' for CMake module files
[2.402s] [34mcolcon.colcon_core.environment[0m [1;30mLevel 1[0m checking '/home/mrmnavjet/IRC2026/ircWS/install/custom_msgs' for CMake config files
[2.403s] [34mcolcon.colcon_core.shell[0m [1;30mLevel 1[0m create_environment_hook('custom_msgs', 'cmake_prefix_path')
[2.404s] [34mcolcon.colcon_core.shell[0m [1;30mINFO[0m Creating environment hook '/home/mrmnavjet/IRC2026/ircWS/install/custom_msgs/share/custom_msgs/hook/cmake_prefix_path.ps1'
[2.405s] [34mcolcon.colcon_core.shell[0m [1;30mINFO[0m Creating environment descriptor '/home/mrmnavjet/IRC2026/ircWS/install/custom_msgs/share/custom_msgs/hook/cmake_prefix_path.dsv'
[2.405s] [34mcolcon.colcon_core.shell[0m [1;30mINFO[0m Creating environment hook '/home/mrmnavjet/IRC2026/ircWS/install/custom_msgs/share/custom_msgs/hook/cmake_prefix_path.sh'
[2.407s] [34mcolcon.colcon_core.environment[0m [1;30mLevel 1[0m checking '/home/mrmnavjet/IRC2026/ircWS/install/custom_msgs/lib'
[2.407s] [34mcolcon.colcon_core.shell[0m [1;30mLevel 1[0m create_environment_hook('custom_msgs', 'ld_library_path_lib')
[2.407s] [34mcolcon.colcon_core.shell[0m [1;30mINFO[0m Creating environment hook '/home/mrmnavjet/IRC2026/ircWS/install/custom_msgs/share/custom_msgs/hook/ld_library_path_lib.ps1'
[2.409s] [34mcolcon.colcon_core.shell[0m [1;30mINFO[0m Creating environment descriptor '/home/mrmnavjet/IRC2026/ircWS/install/custom_msgs/share/custom_msgs/hook/ld_library_path_lib.dsv'
[2.409s] [34mcolcon.colcon_core.shell[0m [1;30mINFO[0m Creating environment hook '/home/mrmnavjet/IRC2026/ircWS/install/custom_msgs/share/custom_msgs/hook/ld_library_path_lib.sh'
[2.410s] [34mcolcon.colcon_core.environment[0m [1;30mLevel 1[0m checking '/home/mrmnavjet/IRC2026/ircWS/install/custom_msgs/bin'
[2.410s] [34mcolcon.colcon_core.environment[0m [1;30mLevel 1[0m checking '/home/mrmnavjet/IRC2026/ircWS/install/custom_msgs/lib/pkgconfig/custom_msgs.pc'
[2.411s] [34mcolcon.colcon_core.environment[0m [1;30mLevel 1[0m checking '/home/mrmnavjet/IRC2026/ircWS/install/custom_msgs/lib/python3.10/site-packages'
[2.411s] [34mcolcon.colcon_core.environment[0m [1;30mLevel 1[0m checking '/home/mrmnavjet/IRC2026/ircWS/install/custom_msgs/bin'
[2.412s] [34mcolcon.colcon_core.shell[0m [1;30mINFO[0m Creating package script '/home/mrmnavjet/IRC2026/ircWS/install/custom_msgs/share/custom_msgs/package.ps1'
[2.413s] [34mcolcon.colcon_core.shell[0m [1;30mINFO[0m Creating package descriptor '/home/mrmnavjet/IRC2026/ircWS/install/custom_msgs/share/custom_msgs/package.dsv'
[2.414s] [34mcolcon.colcon_core.shell[0m [1;30mINFO[0m Creating package script '/home/mrmnavjet/IRC2026/ircWS/install/custom_msgs/share/custom_msgs/package.sh'
[2.442s] [34mcolcon.colcon_core.shell[0m [1;30mINFO[0m Creating package script '/home/mrmnavjet/IRC2026/ircWS/install/custom_msgs/share/custom_msgs/package.bash'
[2.443s] [34mcolcon.colcon_core.shell[0m [1;30mINFO[0m Creating package script '/home/mrmnavjet/IRC2026/ircWS/install/custom_msgs/share/custom_msgs/package.zsh'
[2.445s] [34mcolcon.colcon_core.environment[0m [1;30mLevel 1[0m create_file_with_runtime_dependencies(/home/mrmnavjet/IRC2026/ircWS/install/custom_msgs/share/colcon-core/packages/custom_msgs)
[2.446s] [34mcolcon.colcon_ros.task.ament_cmake.build[0m [1;30mINFO[0m Building ROS package in '/home/mrmnavjet/IRC2026/ircWS/src/planner' with build type 'ament_cmake'
[2.446s] [34mcolcon.colcon_cmake.task.cmake.build[0m [1;30mINFO[0m Building CMake package in '/home/mrmnavjet/IRC2026/ircWS/src/planner'
[2.447s] [34mcolcon.colcon_core.shell[0m [1;30mINFO[0m Skip shell extension 'powershell' for command environment: Not usable outside of PowerShell
[2.447s] [34mcolcon.colcon_core.shell[0m [1;30mDEBUG[0m [32mSkip shell extension 'dsv' for command environment[0m
[2.458s] [34mcolcon.colcon_ros.task.ament_python.build[0m [1;30mINFO[0m Building ROS package in '/home/mrmnavjet/IRC2026/ircWS/src/yolo' with build type 'ament_python'
[2.458s] [34mcolcon.colcon_core.shell[0m [1;30mLevel 1[0m create_environment_hook('yolo', 'ament_prefix_path')
[2.459s] [34mcolcon.colcon_core.shell[0m [1;30mINFO[0m Creating environment hook '/home/mrmnavjet/IRC2026/ircWS/install/yolo/share/yolo/hook/ament_prefix_path.ps1'
[2.460s] [34mcolcon.colcon_core.shell[0m [1;30mINFO[0m Creating environment descriptor '/home/mrmnavjet/IRC2026/ircWS/install/yolo/share/yolo/hook/ament_prefix_path.dsv'
[2.461s] [34mcolcon.colcon_core.shell[0m [1;30mINFO[0m Creating environment hook '/home/mrmnavjet/IRC2026/ircWS/install/yolo/share/yolo/hook/ament_prefix_path.sh'
[2.462s] [34mcolcon.colcon_core.shell[0m [1;30mINFO[0m Skip shell extension 'powershell' for command environment: Not usable outside of PowerShell
[2.462s] [34mcolcon.colcon_core.shell[0m [1;30mDEBUG[0m [32mSkip shell extension 'dsv' for command environment[0m
[2.484s] [34mcolcon.colcon_core.event_handler.log_command[0m [1;30mDEBUG[0m [32mInvoking command in '/home/mrmnavjet/IRC2026/ircWS/build/planner': CMAKE_PREFIX_PATH=/home/mrmnavjet/IRC2026/ircWS/install/custom_msgs:/home/mrmnavjet/zed_ros_ws/install/zed_ros2:/home/mrmnavjet/zed_ros_ws/install/zed_wrapper:/home/mrmnavjet/zed_ros_ws/install/zed_components:/home/mrmnavjet/IRC2026/ircWS/install/planner:/home/mrmnavjet/test/ERC2025/install/planner:/home/mrmnavjet/test/ERC2025/install/robot_interface:/home/mrmnavjet/test/ERC2025/install/leo_rover:/home/mrmnavjet/IRC2026/ircWS/install/yolo:/home/mrmnavjet/IRC2026/ircWS/install/gps:/home/mrmnavjet/test/ERC2025/install/leo_nodes:/home/mrmnavjet/test/ERC2025/install/gps:/opt/ros/humble LD_LIBRARY_PATH=/home/mrmnavjet/IRC2026/ircWS/install/custom_msgs/lib:/home/mrmnavjet/zed_ros_ws/install/zed_components/lib:/home/mrmnavjet/test/ERC2025/install/robot_interface/lib:/opt/ros/humble/opt/rviz_ogre_vendor/lib:/opt/ros/humble/lib/aarch64-linux-gnu:/opt/ros/humble/lib:/usr/local/cuda-12.6/lib64 /usr/bin/cmake --build /home/mrmnavjet/IRC2026/ircWS/build/planner -- -j6 -l6[0m
[2.983s] [34mcolcon.colcon_core.task.python.build[0m [1;30mINFO[0m Building Python package in '/home/mrmnavjet/IRC2026/ircWS/src/yolo'
[2.984s] [34mcolcon.colcon_core.shell[0m [1;30mINFO[0m Skip shell extension 'powershell' for command environment: Not usable outside of PowerShell
[2.984s] [34mcolcon.colcon_core.shell[0m [1;30mDEBUG[0m [32mSkip shell extension 'dsv' for command environment[0m
[4.185s] [34mcolcon.colcon_core.event_handler.log_command[0m [1;30mDEBUG[0m [32mInvoking command in '/home/mrmnavjet/IRC2026/ircWS/src/gps': PYTHONPATH=/home/mrmnavjet/IRC2026/ircWS/build/gps/prefix_override:/usr/lib/python3/dist-packages/colcon_core/task/python/colcon_distutils_commands:/home/mrmnavjet/IRC2026/ircWS/install/gps/lib/python3.10/site-packages:${PYTHONPATH} /usr/bin/python3 -W ignore:setup.py install is deprecated -W ignore:easy_install command is deprecated setup.py egg_info --egg-base ../../build/gps build --build-base /home/mrmnavjet/IRC2026/ircWS/build/gps/build install --record /home/mrmnavjet/IRC2026/ircWS/build/gps/install.log --single-version-externally-managed install_data[0m
[4.521s] [34mcolcon.colcon_core.event_handler.log_command[0m [1;30mDEBUG[0m [32mInvoking command in '/home/mrmnavjet/IRC2026/ircWS/src/yolo': CMAKE_PREFIX_PATH=/home/mrmnavjet/IRC2026/ircWS/install/custom_msgs:/home/mrmnavjet/zed_ros_ws/install/zed_ros2:/home/mrmnavjet/zed_ros_ws/install/zed_wrapper:/home/mrmnavjet/zed_ros_ws/install/zed_components:/home/mrmnavjet/IRC2026/ircWS/install/planner:/home/mrmnavjet/test/ERC2025/install/planner:/home/mrmnavjet/test/ERC2025/install/robot_interface:/home/mrmnavjet/test/ERC2025/install/leo_rover LD_LIBRARY_PATH=/home/mrmnavjet/IRC2026/ircWS/install/custom_msgs/lib:/home/mrmnavjet/zed_ros_ws/install/zed_components/lib:/home/mrmnavjet/test/ERC2025/install/robot_interface/lib:/opt/ros/humble/opt/rviz_ogre_vendor/lib:/opt/ros/humble/lib/aarch64-linux-gnu:/opt/ros/humble/lib:/usr/local/cuda-12.6/lib64 PYTHONPATH=/home/mrmnavjet/IRC2026/ircWS/build/yolo/prefix_override:/usr/lib/python3/dist-packages/colcon_core/task/python/colcon_distutils_commands:/home/mrmnavjet/IRC2026/ircWS/install/yolo/lib/python3.10/site-packages:${PYTHONPATH} /usr/bin/python3 -W ignore:setup.py install is deprecated -W ignore:easy_install command is deprecated setup.py egg_info --egg-base ../../build/yolo build --build-base /home/mrmnavjet/IRC2026/ircWS/build/yolo/build install --record /home/mrmnavjet/IRC2026/ircWS/build/yolo/install.log --single-version-externally-managed install_data[0m
[5.620s] [34mcolcon.colcon_core.environment[0m [1;30mLevel 1[0m checking '/home/mrmnavjet/IRC2026/ircWS/install/gps' for CMake module files
[5.622s] [34mcolcon.colcon_core.event_handler.log_command[0m [1;30mDEBUG[0m [32mInvoked command in '/home/mrmnavjet/IRC2026/ircWS/src/gps' returned '0': PYTHONPATH=/home/mrmnavjet/IRC2026/ircWS/build/gps/prefix_override:/usr/lib/python3/dist-packages/colcon_core/task/python/colcon_distutils_commands:/home/mrmnavjet/IRC2026/ircWS/install/gps/lib/python3.10/site-packages:${PYTHONPATH} /usr/bin/python3 -W ignore:setup.py install is deprecated -W ignore:easy_install command is deprecated setup.py egg_info --egg-base ../../build/gps build --build-base /home/mrmnavjet/IRC2026/ircWS/build/gps/build install --record /home/mrmnavjet/IRC2026/ircWS/build/gps/install.log --single-version-externally-managed install_data[0m
[5.623s] [34mcolcon.colcon_core.environment[0m [1;30mLevel 1[0m checking '/home/mrmnavjet/IRC2026/ircWS/install/gps' for CMake config files
[5.624s] [34mcolcon.colcon_core.environment[0m [1;30mLevel 1[0m checking '/home/mrmnavjet/IRC2026/ircWS/install/gps/lib'
[5.625s] [34mcolcon.colcon_core.environment[0m [1;30mLevel 1[0m checking '/home/mrmnavjet/IRC2026/ircWS/install/gps/bin'
[5.625s] [34mcolcon.colcon_core.environment[0m [1;30mLevel 1[0m checking '/home/mrmnavjet/IRC2026/ircWS/install/gps/lib/pkgconfig/gps.pc'
[5.625s] [34mcolcon.colcon_core.environment[0m [1;30mLevel 1[0m checking '/home/mrmnavjet/IRC2026/ircWS/install/gps/lib/python3.10/site-packages'
[5.626s] [34mcolcon.colcon_core.shell[0m [1;30mLevel 1[0m create_environment_hook('gps', 'pythonpath')
[5.626s] [34mcolcon.colcon_core.shell[0m [1;30mINFO[0m Creating environment hook '/home/mrmnavjet/IRC2026/ircWS/install/gps/share/gps/hook/pythonpath.ps1'
[5.628s] [34mcolcon.colcon_core.shell[0m [1;30mINFO[0m Creating environment descriptor '/home/mrmnavjet/IRC2026/ircWS/install/gps/share/gps/hook/pythonpath.dsv'
[5.629s] [34mcolcon.colcon_core.shell[0m [1;30mINFO[0m Creating environment hook '/home/mrmnavjet/IRC2026/ircWS/install/gps/share/gps/hook/pythonpath.sh'
[5.630s] [34mcolcon.colcon_core.environment[0m [1;30mLevel 1[0m checking '/home/mrmnavjet/IRC2026/ircWS/install/gps/bin'
[5.630s] [34mcolcon.colcon_core.environment[0m [1;30mLevel 1[0m create_environment_scripts_only(gps)
[5.631s] [34mcolcon.colcon_core.shell[0m [1;30mINFO[0m Creating package script '/home/mrmnavjet/IRC2026/ircWS/install/gps/share/gps/package.ps1'
[5.633s] [34mcolcon.colcon_core.shell[0m [1;30mINFO[0m Creating package descriptor '/home/mrmnavjet/IRC2026/ircWS/install/gps/share/gps/package.dsv'
[5.634s] [34mcolcon.colcon_core.shell[0m [1;30mINFO[0m Creating package script '/home/mrmnavjet/IRC2026/ircWS/install/gps/share/gps/package.sh'
[5.635s] [34mcolcon.colcon_core.shell[0m [1;30mINFO[0m Creating package script '/home/mrmnavjet/IRC2026/ircWS/install/gps/share/gps/package.bash'
[5.636s] [34mcolcon.colcon_core.shell[0m [1;30mINFO[0m Creating package script '/home/mrmnavjet/IRC2026/ircWS/install/gps/share/gps/package.zsh'
[5.637s] [34mcolcon.colcon_core.environment[0m [1;30mLevel 1[0m create_file_with_runtime_dependencies(/home/mrmnavjet/IRC2026/ircWS/install/gps/share/colcon-core/packages/gps)
[6.444s] [34mcolcon.colcon_core.environment[0m [1;30mLevel 1[0m checking '/home/mrmnavjet/IRC2026/ircWS/install/yolo' for CMake module files
[6.446s] [34mcolcon.colcon_core.event_handler.log_command[0m [1;30mDEBUG[0m [32mInvoked command in '/home/mrmnavjet/IRC2026/ircWS/src/yolo' returned '0': CMAKE_PREFIX_PATH=/home/mrmnavjet/IRC2026/ircWS/install/custom_msgs:/home/mrmnavjet/zed_ros_ws/install/zed_ros2:/home/mrmnavjet/zed_ros_ws/install/zed_wrapper:/home/mrmnavjet/zed_ros_ws/install/zed_components:/home/mrmnavjet/IRC2026/ircWS/install/planner:/home/mrmnavjet/test/ERC2025/install/planner:/home/mrmnavjet/test/ERC2025/install/robot_interface:/home/mrmnavjet/test/ERC2025/install/leo_rover LD_LIBRARY_PATH=/home/mrmnavjet/IRC2026/ircWS/install/custom_msgs/lib:/home/mrmnavjet/zed_ros_ws/install/zed_components/lib:/home/mrmnavjet/test/ERC2025/install/robot_interface/lib:/opt/ros/humble/opt/rviz_ogre_vendor/lib:/opt/ros/humble/lib/aarch64-linux-gnu:/opt/ros/humble/lib:/usr/local/cuda-12.6/lib64 PYTHONPATH=/home/mrmnavjet/IRC2026/ircWS/build/yolo/prefix_override:/usr/lib/python3/dist-packages/colcon_core/task/python/colcon_distutils_commands:/home/mrmnavjet/IRC2026/ircWS/install/yolo/lib/python3.10/site-packages:${PYTHONPATH} /usr/bin/python3 -W ignore:setup.py install is deprecated -W ignore:easy_install command is deprecated setup.py egg_info --egg-base ../../build/yolo build --build-base /home/mrmnavjet/IRC2026/ircWS/build/yolo/build install --record /home/mrmnavjet/IRC2026/ircWS/build/yolo/install.log --single-version-externally-managed install_data[0m
[6.447s] [34mcolcon.colcon_core.environment[0m [1;30mLevel 1[0m checking '/home/mrmnavjet/IRC2026/ircWS/install/yolo' for CMake config files
[6.449s] [34mcolcon.colcon_core.environment[0m [1;30mLevel 1[0m checking '/home/mrmnavjet/IRC2026/ircWS/install/yolo/lib'
[6.450s] [34mcolcon.colcon_core.environment[0m [1;30mLevel 1[0m checking '/home/mrmnavjet/IRC2026/ircWS/install/yolo/bin'
[6.450s] [34mcolcon.colcon_core.environment[0m [1;30mLevel 1[0m checking '/home/mrmnavjet/IRC2026/ircWS/install/yolo/lib/pkgconfig/yolo.pc'
[6.451s] [34mcolcon.colcon_core.environment[0m [1;30mLevel 1[0m checking '/home/mrmnavjet/IRC2026/ircWS/install/yolo/lib/python3.10/site-packages'
[6.451s] [34mcolcon.colcon_core.shell[0m [1;30mLevel 1[0m create_environment_hook('yolo', 'pythonpath')
[6.452s] [34mcolcon.colcon_core.shell[0m [1;30mINFO[0m Creating environment hook '/home/mrmnavjet/IRC2026/ircWS/install/yolo/share/yolo/hook/pythonpath.ps1'
[6.454s] [34mcolcon.colcon_core.shell[0m [1;30mINFO[0m Creating environment descriptor '/home/mrmnavjet/IRC2026/ircWS/install/yolo/share/yolo/hook/pythonpath.dsv'
[6.455s] [34mcolcon.colcon_core.shell[0m [1;30mINFO[0m Creating environment hook '/home/mrmnavjet/IRC2026/ircWS/install/yolo/share/yolo/hook/pythonpath.sh'
[6.457s] [34mcolcon.colcon_core.environment[0m [1;30mLevel 1[0m checking '/home/mrmnavjet/IRC2026/ircWS/install/yolo/bin'
[6.457s] [34mcolcon.colcon_core.environment[0m [1;30mLevel 1[0m create_environment_scripts_only(yolo)
[6.459s] [34mcolcon.colcon_core.shell[0m [1;30mINFO[0m Creating package script '/home/mrmnavjet/IRC2026/ircWS/install/yolo/share/yolo/package.ps1'
[6.460s] [34mcolcon.colcon_core.shell[0m [1;30mINFO[0m Creating package descriptor '/home/mrmnavjet/IRC2026/ircWS/install/yolo/share/yolo/package.dsv'
[6.462s] [34mcolcon.colcon_core.shell[0m [1;30mINFO[0m Creating package script '/home/mrmnavjet/IRC2026/ircWS/install/yolo/share/yolo/package.sh'
[6.464s] [34mcolcon.colcon_core.shell[0m [1;30mINFO[0m Creating package script '/home/mrmnavjet/IRC2026/ircWS/install/yolo/share/yolo/package.bash'
[6.465s] [34mcolcon.colcon_core.shell[0m [1;30mINFO[0m Creating package script '/home/mrmnavjet/IRC2026/ircWS/install/yolo/share/yolo/package.zsh'
[6.467s] [34mcolcon.colcon_core.environment[0m [1;30mLevel 1[0m create_file_with_runtime_dependencies(/home/mrmnavjet/IRC2026/ircWS/install/yolo/share/colcon-core/packages/yolo)
[58.936s] [34mcolcon.colcon_core.event_handler.log_command[0m [1;30mDEBUG[0m [32mInvoked command in '/home/mrmnavjet/IRC2026/ircWS/build/planner' returned '0': CMAKE_PREFIX_PATH=/home/mrmnavjet/IRC2026/ircWS/install/custom_msgs:/home/mrmnavjet/zed_ros_ws/install/zed_ros2:/home/mrmnavjet/zed_ros_ws/install/zed_wrapper:/home/mrmnavjet/zed_ros_ws/install/zed_components:/home/mrmnavjet/IRC2026/ircWS/install/planner:/home/mrmnavjet/test/ERC2025/install/planner:/home/mrmnavjet/test/ERC2025/install/robot_interface:/home/mrmnavjet/test/ERC2025/install/leo_rover:/home/mrmnavjet/IRC2026/ircWS/install/yolo:/home/mrmnavjet/IRC2026/ircWS/install/gps:/home/mrmnavjet/test/ERC2025/install/leo_nodes:/home/mrmnavjet/test/ERC2025/install/gps:/opt/ros/humble LD_LIBRARY_PATH=/home/mrmnavjet/IRC2026/ircWS/install/custom_msgs/lib:/home/mrmnavjet/zed_ros_ws/install/zed_components/lib:/home/mrmnavjet/test/ERC2025/install/robot_interface/lib:/opt/ros/humble/opt/rviz_ogre_vendor/lib:/opt/ros/humble/lib/aarch64-linux-gnu:/opt/ros/humble/lib:/usr/local/cuda-12.6/lib64 /usr/bin/cmake --build /home/mrmnavjet/IRC2026/ircWS/build/planner -- -j6 -l6[0m
[58.942s] [34mcolcon.colcon_core.event_handler.log_command[0m [1;30mDEBUG[0m [32mInvoking command in '/home/mrmnavjet/IRC2026/ircWS/build/planner': CMAKE_PREFIX_PATH=/home/mrmnavjet/IRC2026/ircWS/install/custom_msgs:/home/mrmnavjet/zed_ros_ws/install/zed_ros2:/home/mrmnavjet/zed_ros_ws/install/zed_wrapper:/home/mrmnavjet/zed_ros_ws/install/zed_components:/home/mrmnavjet/IRC2026/ircWS/install/planner:/home/mrmnavjet/test/ERC2025/install/planner:/home/mrmnavjet/test/ERC2025/install/robot_interface:/home/mrmnavjet/test/ERC2025/install/leo_rover:/home/mrmnavjet/IRC2026/ircWS/install/yolo:/home/mrmnavjet/IRC2026/ircWS/install/gps:/home/mrmnavjet/test/ERC2025/install/leo_nodes:/home/mrmnavjet/test/ERC2025/install/gps:/opt/ros/humble LD_LIBRARY_PATH=/home/mrmnavjet/IRC2026/ircWS/install/custom_msgs/lib:/home/mrmnavjet/zed_ros_ws/install/zed_components/lib:/home/mrmnavjet/test/ERC2025/install/robot_interface/lib:/opt/ros/humble/opt/rviz_ogre_vendor/lib:/opt/ros/humble/lib/aarch64-linux-gnu:/opt/ros/humble/lib:/usr/local/cuda-12.6/lib64 /usr/bin/cmake --install /home/mrmnavjet/IRC2026/ircWS/build/planner[0m
[58.997s] [34mcolcon.colcon_core.environment[0m [1;30mLevel 1[0m create_environment_scripts_only(planner)
[58.998s] [34mcolcon.colcon_core.environment[0m [1;30mLevel 1[0m checking '/home/mrmnavjet/IRC2026/ircWS/install/planner' for CMake module files
[58.998s] [34mcolcon.colcon_core.event_handler.log_command[0m [1;30mDEBUG[0m [32mInvoked command in '/home/mrmnavjet/IRC2026/ircWS/build/planner' returned '0': CMAKE_PREFIX_PATH=/home/mrmnavjet/IRC2026/ircWS/install/custom_msgs:/home/mrmnavjet/zed_ros_ws/install/zed_ros2:/home/mrmnavjet/zed_ros_ws/install/zed_wrapper:/home/mrmnavjet/zed_ros_ws/install/zed_components:/home/mrmnavjet/IRC2026/ircWS/install/planner:/home/mrmnavjet/test/ERC2025/install/planner:/home/mrmnavjet/test/ERC2025/install/robot_interface:/home/mrmnavjet/test/ERC2025/install/leo_rover:/home/mrmnavjet/IRC2026/ircWS/install/yolo:/home/mrmnavjet/IRC2026/ircWS/install/gps:/home/mrmnavjet/test/ERC2025/install/leo_nodes:/home/mrmnavjet/test/ERC2025/install/gps:/opt/ros/humble LD_LIBRARY_PATH=/home/mrmnavjet/IRC2026/ircWS/install/custom_msgs/lib:/home/mrmnavjet/zed_ros_ws/install/zed_components/lib:/home/mrmnavjet/test/ERC2025/install/robot_interface/lib:/opt/ros/humble/opt/rviz_ogre_vendor/lib:/opt/ros/humble/lib/aarch64-linux-gnu:/opt/ros/humble/lib:/usr/local/cuda-12.6/lib64 /usr/bin/cmake --install /home/mrmnavjet/IRC2026/ircWS/build/planner[0m
[58.999s] [34mcolcon.colcon_core.environment[0m [1;30mLevel 1[0m checking '/home/mrmnavjet/IRC2026/ircWS/install/planner' for CMake config files
[58.999s] [34mcolcon.colcon_core.shell[0m [1;30mLevel 1[0m create_environment_hook('planner', 'cmake_prefix_path')
[59.000s] [34mcolcon.colcon_core.shell[0m [1;30mINFO[0m Creating environment hook '/home/mrmnavjet/IRC2026/ircWS/install/planner/share/planner/hook/cmake_prefix_path.ps1'
[59.001s] [34mcolcon.colcon_core.shell[0m [1;30mINFO[0m Creating environment descriptor '/home/mrmnavjet/IRC2026/ircWS/install/planner/share/planner/hook/cmake_prefix_path.dsv'
[59.002s] [34mcolcon.colcon_core.shell[0m [1;30mINFO[0m Creating environment hook '/home/mrmnavjet/IRC2026/ircWS/install/planner/share/planner/hook/cmake_prefix_path.sh'
[59.003s] [34mcolcon.colcon_core.environment[0m [1;30mLevel 1[0m checking '/home/mrmnavjet/IRC2026/ircWS/install/planner/lib'
[59.003s] [34mcolcon.colcon_core.environment[0m [1;30mLevel 1[0m checking '/home/mrmnavjet/IRC2026/ircWS/install/planner/bin'
[59.003s] [34mcolcon.colcon_core.environment[0m [1;30mLevel 1[0m checking '/home/mrmnavjet/IRC2026/ircWS/install/planner/lib/pkgconfig/planner.pc'
[59.004s] [34mcolcon.colcon_core.environment[0m [1;30mLevel 1[0m checking '/home/mrmnavjet/IRC2026/ircWS/install/planner/lib/python3.10/site-packages'
[59.004s] [34mcolcon.colcon_core.environment[0m [1;30mLevel 1[0m checking '/home/mrmnavjet/IRC2026/ircWS/install/planner/bin'
[59.005s] [34mcolcon.colcon_core.shell[0m [1;30mINFO[0m Creating package script '/home/mrmnavjet/IRC2026/ircWS/install/planner/share/planner/package.ps1'
[59.007s] [34mcolcon.colcon_core.shell[0m [1;30mINFO[0m Creating package descriptor '/home/mrmnavjet/IRC2026/ircWS/install/planner/share/planner/package.dsv'
[59.008s] [34mcolcon.colcon_core.shell[0m [1;30mINFO[0m Creating package script '/home/mrmnavjet/IRC2026/ircWS/install/planner/share/planner/package.sh'
[59.010s] [34mcolcon.colcon_core.shell[0m [1;30mINFO[0m Creating package script '/home/mrmnavjet/IRC2026/ircWS/install/planner/share/planner/package.bash'
[59.011s] [34mcolcon.colcon_core.shell[0m [1;30mINFO[0m Creating package script '/home/mrmnavjet/IRC2026/ircWS/install/planner/share/planner/package.zsh'
[59.013s] [34mcolcon.colcon_core.environment[0m [1;30mLevel 1[0m create_file_with_runtime_dependencies(/home/mrmnavjet/IRC2026/ircWS/install/planner/share/colcon-core/packages/planner)
[59.015s] [34mcolcon.colcon_core.environment[0m [1;30mLevel 1[0m create_environment_scripts_only(planner)
[59.015s] [34mcolcon.colcon_core.environment[0m [1;30mLevel 1[0m checking '/home/mrmnavjet/IRC2026/ircWS/install/planner' for CMake module files
[59.017s] [34mcolcon.colcon_core.environment[0m [1;30mLevel 1[0m checking '/home/mrmnavjet/IRC2026/ircWS/install/planner' for CMake config files
[59.018s] [34mcolcon.colcon_core.shell[0m [1;30mLevel 1[0m create_environment_hook('planner', 'cmake_prefix_path')
[59.019s] [34mcolcon.colcon_core.shell[0m [1;30mINFO[0m Creating environment hook '/home/mrmnavjet/IRC2026/ircWS/install/planner/share/planner/hook/cmake_prefix_path.ps1'
[59.024s] [34mcolcon.colcon_core.shell[0m [1;30mINFO[0m Creating environment descriptor '/home/mrmnavjet/IRC2026/ircWS/install/planner/share/planner/hook/cmake_prefix_path.dsv'
[59.025s] [34mcolcon.colcon_core.shell[0m [1;30mINFO[0m Creating environment hook '/home/mrmnavjet/IRC2026/ircWS/install/planner/share/planner/hook/cmake_prefix_path.sh'
[59.027s] [34mcolcon.colcon_core.environment[0m [1;30mLevel 1[0m checking '/home/mrmnavjet/IRC2026/ircWS/install/planner/lib'
[59.028s] [34mcolcon.colcon_core.environment[0m [1;30mLevel 1[0m checking '/home/mrmnavjet/IRC2026/ircWS/install/planner/bin'
[59.028s] [34mcolcon.colcon_core.environment[0m [1;30mLevel 1[0m checking '/home/mrmnavjet/IRC2026/ircWS/install/planner/lib/pkgconfig/planner.pc'
[59.029s] [34mcolcon.colcon_core.environment[0m [1;30mLevel 1[0m checking '/home/mrmnavjet/IRC2026/ircWS/install/planner/lib/python3.10/site-packages'
[59.030s] [34mcolcon.colcon_core.environment[0m [1;30mLevel 1[0m checking '/home/mrmnavjet/IRC2026/ircWS/install/planner/bin'
[59.031s] [34mcolcon.colcon_core.shell[0m [1;30mINFO[0m Creating package script '/home/mrmnavjet/IRC2026/ircWS/install/planner/share/planner/package.ps1'
[59.033s] [34mcolcon.colcon_core.shell[0m [1;30mINFO[0m Creating package descriptor '/home/mrmnavjet/IRC2026/ircWS/install/planner/share/planner/package.dsv'
[59.035s] [34mcolcon.colcon_core.shell[0m [1;30mINFO[0m Creating package script '/home/mrmnavjet/IRC2026/ircWS/install/planner/share/planner/package.sh'
[59.036s] [34mcolcon.colcon_core.shell[0m [1;30mINFO[0m Creating package script '/home/mrmnavjet/IRC2026/ircWS/install/planner/share/planner/package.bash'
[59.038s] [34mcolcon.colcon_core.shell[0m [1;30mINFO[0m Creating package script '/home/mrmnavjet/IRC2026/ircWS/install/planner/share/planner/package.zsh'
[59.040s] [34mcolcon.colcon_core.environment[0m [1;30mLevel 1[0m create_file_with_runtime_dependencies(/home/mrmnavjet/IRC2026/ircWS/install/planner/share/colcon-core/packages/planner)
[59.041s] [34mcolcon.colcon_parallel_executor.executor.parallel[0m [1;30mDEBUG[0m [32mclosing loop[0m
[59.043s] [34mcolcon.colcon_parallel_executor.executor.parallel[0m [1;30mDEBUG[0m [32mloop closed[0m
[59.043s] [34mcolcon.colcon_parallel_executor.executor.parallel[0m [1;30mDEBUG[0m [32mrun_until_complete finished with '0'[0m
[59.044s] [34mcolcon.colcon_core.event_reactor[0m [1;30mDEBUG[0m [32mjoining thread[0m
[59.064s] [34mcolcon.colcon_core.plugin_system[0m [1;30mINFO[0m Skipping extension 'colcon_notification.desktop_notification.terminal_notifier': Not used on non-Darwin systems
[59.064s] [34mcolcon.colcon_core.plugin_system[0m [1;30mINFO[0m Skipping extension 'colcon_notification.desktop_notification.win32': Not used on non-Windows systems
[59.065s] [34mcolcon.colcon_notification.desktop_notification[0m [1;30mINFO[0m Sending desktop notification using 'notify2'
[59.096s] [34mcolcon.colcon_notification.desktop_notification.notify2[0m [1;30mDEBUG[0m [32mFailed to initialize notify2: org.freedesktop.DBus.Error.Spawn.ChildExited: Process org.freedesktop.Notifications exited with status 1[0m
[59.096s] [34mcolcon.colcon_core.event_reactor[0m [1;30mDEBUG[0m [32mjoined thread[0m
[59.097s] [34mcolcon.colcon_core.shell[0m [1;30mINFO[0m Creating prefix script '/home/mrmnavjet/IRC2026/ircWS/install/local_setup.ps1'
[59.099s] [34mcolcon.colcon_core.shell[0m [1;30mINFO[0m Creating prefix util module '/home/mrmnavjet/IRC2026/ircWS/install/_local_setup_util_ps1.py'
[59.102s] [34mcolcon.colcon_core.shell[0m [1;30mINFO[0m Creating prefix chain script '/home/mrmnavjet/IRC2026/ircWS/install/setup.ps1'
[59.107s] [34mcolcon.colcon_core.shell[0m [1;30mINFO[0m Creating prefix script '/home/mrmnavjet/IRC2026/ircWS/install/local_setup.sh'
[59.109s] [34mcolcon.colcon_core.shell[0m [1;30mINFO[0m Creating prefix util module '/home/mrmnavjet/IRC2026/ircWS/install/_local_setup_util_sh.py'
[59.111s] [34mcolcon.colcon_core.shell[0m [1;30mINFO[0m Creating prefix chain script '/home/mrmnavjet/IRC2026/ircWS/install/setup.sh'
[59.118s] [34mcolcon.colcon_core.shell[0m [1;30mINFO[0m Creating prefix script '/home/mrmnavjet/IRC2026/ircWS/install/local_setup.bash'
[59.119s] [34mcolcon.colcon_core.shell[0m [1;30mINFO[0m Creating prefix chain script '/home/mrmnavjet/IRC2026/ircWS/install/setup.bash'
[59.125s] [34mcolcon.colcon_core.shell[0m [1;30mINFO[0m Creating prefix script '/home/mrmnavjet/IRC2026/ircWS/install/local_setup.zsh'
[59.127s] [34mcolcon.colcon_core.shell[0m [1;30mINFO[0m Creating prefix chain script '/home/mrmnavjet/IRC2026/ircWS/install/setup.zsh'
