[2.011s] Invoking command in '/home/mrmnavjet/IRC2026/ircWS/src/yolo': CMAKE_PREFIX_PATH=/home/mrmnavjet/IRC2026/ircWS/install/custom_msgs:/home/mrmnavjet/zed_ros_ws/install/zed_ros2:/home/mrmnavjet/zed_ros_ws/install/zed_wrapper:/home/mrmnavjet/zed_ros_ws/install/zed_components:/home/mrmnavjet/IRC2026/ircWS/install/planner:/home/mrmnavjet/test/ERC2025/install/planner:/home/mrmnavjet/test/ERC2025/install/robot_interface:/home/mrmnavjet/test/ERC2025/install/leo_rover LD_LIBRARY_PATH=/home/mrmnavjet/IRC2026/ircWS/install/custom_msgs/lib:/home/mrmnavjet/zed_ros_ws/install/zed_components/lib:/home/mrmnavjet/test/ERC2025/install/robot_interface/lib:/opt/ros/humble/opt/rviz_ogre_vendor/lib:/opt/ros/humble/lib/aarch64-linux-gnu:/opt/ros/humble/lib:/usr/local/cuda-12.6/lib64 PYTHONPATH=/home/mrmnavjet/IRC2026/ircWS/build/yolo/prefix_override:/usr/lib/python3/dist-packages/colcon_core/task/python/colcon_distutils_commands:/home/mrmnavjet/IRC2026/ircWS/install/yolo/lib/python3.10/site-packages:${PYTHONPATH} /usr/bin/python3 -W ignore:setup.py install is deprecated -W ignore:easy_install command is deprecated setup.py egg_info --egg-base ../../build/yolo build --build-base /home/mrmnavjet/IRC2026/ircWS/build/yolo/build install --record /home/mrmnavjet/IRC2026/ircWS/build/yolo/install.log --single-version-externally-managed install_data
[2.371s] /home/mrmnavjet/.local/lib/python3.10/site-packages/setuptools/_distutils/dist.py:289: UserWarning: Unknown distribution option: 'tests_require'
[2.371s]   warnings.warn(msg)
[2.627s] running egg_info
[2.669s] creating ../../build/yolo/yolo.egg-info
[2.669s] writing ../../build/yolo/yolo.egg-info/PKG-INFO
[2.670s] writing dependency_links to ../../build/yolo/yolo.egg-info/dependency_links.txt
[2.670s] writing entry points to ../../build/yolo/yolo.egg-info/entry_points.txt
[2.671s] writing requirements to ../../build/yolo/yolo.egg-info/requires.txt
[2.671s] writing top-level names to ../../build/yolo/yolo.egg-info/top_level.txt
[2.671s] writing manifest file '../../build/yolo/yolo.egg-info/SOURCES.txt'
[2.758s] reading manifest file '../../build/yolo/yolo.egg-info/SOURCES.txt'
[2.760s] writing manifest file '../../build/yolo/yolo.egg-info/SOURCES.txt'
[2.760s] running build
[2.761s] running build_py
[2.761s] creating /home/mrmnavjet/IRC2026/ircWS/build/yolo/build/lib/yolo
[2.761s] copying yolo/__init__.py -> /home/mrmnavjet/IRC2026/ircWS/build/yolo/build/lib/yolo
[2.762s] copying yolo/inference_engine.py -> /home/mrmnavjet/IRC2026/ircWS/build/yolo/build/lib/yolo
[2.762s] copying yolo/inference_node.py -> /home/mrmnavjet/IRC2026/ircWS/build/yolo/build/lib/yolo
[2.763s] running install
[2.772s] running install_lib
[2.815s] creating /home/mrmnavjet/IRC2026/ircWS/install/yolo/lib/python3.10/site-packages/yolo
[2.815s] copying /home/mrmnavjet/IRC2026/ircWS/build/yolo/build/lib/yolo/__init__.py -> /home/mrmnavjet/IRC2026/ircWS/install/yolo/lib/python3.10/site-packages/yolo
[2.816s] copying /home/mrmnavjet/IRC2026/ircWS/build/yolo/build/lib/yolo/inference_engine.py -> /home/mrmnavjet/IRC2026/ircWS/install/yolo/lib/python3.10/site-packages/yolo
[2.816s] copying /home/mrmnavjet/IRC2026/ircWS/build/yolo/build/lib/yolo/inference_node.py -> /home/mrmnavjet/IRC2026/ircWS/install/yolo/lib/python3.10/site-packages/yolo
[2.817s] byte-compiling /home/mrmnavjet/IRC2026/ircWS/install/yolo/lib/python3.10/site-packages/yolo/__init__.py to __init__.cpython-310.pyc
[2.818s] byte-compiling /home/mrmnavjet/IRC2026/ircWS/install/yolo/lib/python3.10/site-packages/yolo/inference_engine.py to inference_engine.cpython-310.pyc
[2.822s] byte-compiling /home/mrmnavjet/IRC2026/ircWS/install/yolo/lib/python3.10/site-packages/yolo/inference_node.py to inference_node.cpython-310.pyc
[2.825s] running install_data
[2.825s] creating /home/mrmnavjet/IRC2026/ircWS/install/yolo/share/ament_index/resource_index/packages
[2.826s] copying resource/yolo -> /home/mrmnavjet/IRC2026/ircWS/install/yolo/share/ament_index/resource_index/packages
[2.826s] copying package.xml -> /home/mrmnavjet/IRC2026/ircWS/install/yolo/share/yolo
[2.827s] copying yolo/cone_v1.engine -> /home/mrmnavjet/IRC2026/ircWS/install/yolo/share/yolo
[2.875s] running install_egg_info
[2.919s] Copying ../../build/yolo/yolo.egg-info to /home/mrmnavjet/IRC2026/ircWS/install/yolo/lib/python3.10/site-packages/yolo-0.1.0-py3.10.egg-info
[2.921s] running install_scripts
[3.256s] Installing inference script to /home/mrmnavjet/IRC2026/ircWS/install/yolo/lib/yolo
[3.256s] Installing inference_engine script to /home/mrmnavjet/IRC2026/ircWS/install/yolo/lib/yolo
[3.257s] writing list of installed files to '/home/mrmnavjet/IRC2026/ircWS/build/yolo/install.log'
[3.345s] Invoked command in '/home/mrmnavjet/IRC2026/ircWS/src/yolo' returned '0': CMAKE_PREFIX_PATH=/home/mrmnavjet/IRC2026/ircWS/install/custom_msgs:/home/mrmnavjet/zed_ros_ws/install/zed_ros2:/home/mrmnavjet/zed_ros_ws/install/zed_wrapper:/home/mrmnavjet/zed_ros_ws/install/zed_components:/home/mrmnavjet/IRC2026/ircWS/install/planner:/home/mrmnavjet/test/ERC2025/install/planner:/home/mrmnavjet/test/ERC2025/install/robot_interface:/home/mrmnavjet/test/ERC2025/install/leo_rover LD_LIBRARY_PATH=/home/mrmnavjet/IRC2026/ircWS/install/custom_msgs/lib:/home/mrmnavjet/zed_ros_ws/install/zed_components/lib:/home/mrmnavjet/test/ERC2025/install/robot_interface/lib:/opt/ros/humble/opt/rviz_ogre_vendor/lib:/opt/ros/humble/lib/aarch64-linux-gnu:/opt/ros/humble/lib:/usr/local/cuda-12.6/lib64 PYTHONPATH=/home/mrmnavjet/IRC2026/ircWS/build/yolo/prefix_override:/usr/lib/python3/dist-packages/colcon_core/task/python/colcon_distutils_commands:/home/mrmnavjet/IRC2026/ircWS/install/yolo/lib/python3.10/site-packages:${PYTHONPATH} /usr/bin/python3 -W ignore:setup.py install is deprecated -W ignore:easy_install command is deprecated setup.py egg_info --egg-base ../../build/yolo build --build-base /home/mrmnavjet/IRC2026/ircWS/build/yolo/build install --record /home/mrmnavjet/IRC2026/ircWS/build/yolo/install.log --single-version-externally-managed install_data
