[0.037s] Invoking command in '/home/mrmnavjet/IRC2026/ircWS/build/custom_msgs': CMAKE_PREFIX_PATH=${CMAKE_PREFIX_PATH}:/home/mrmnavjet/IRC2026/ircWS/install/yolo:/home/mrmnavjet/IRC2026/ircWS/install/gps:/home/mrmnavjet/test/ERC2025/install/leo_nodes:/home/mrmnavjet/test/ERC2025/install/gps:/opt/ros/humble /usr/bin/cmake --build /home/mrmnavjet/IRC2026/ircWS/build/custom_msgs -- -j6 -l6
[0.152s] [  5%] Built target custom_msgs__cpp
[0.152s] [ 12%] Built target custom_msgs__rosidl_generator_c
[0.176s] [ 12%] Built target ament_cmake_python_copy_custom_msgs
[0.203s] [ 23%] Built target custom_msgs__rosidl_typesupport_fastrtps_cpp
[0.215s] [ 33%] Built target custom_msgs__rosidl_typesupport_cpp
[0.222s] [ 43%] Built target custom_msgs__rosidl_typesupport_introspection_cpp
[0.236s] [ 53%] Built target custom_msgs__rosidl_typesupport_c
[0.242s] [ 64%] Built target custom_msgs__rosidl_typesupport_introspection_c
[0.248s] [ 74%] Built target custom_msgs__rosidl_typesupport_fastrtps_c
[0.291s] [ 74%] Built target custom_msgs
[0.337s] [ 76%] Built target custom_msgs__py
[0.391s] [ 84%] Built target custom_msgs__rosidl_generator_py
[0.442s] [ 89%] Built target custom_msgs__rosidl_typesupport_c__pyext
[0.454s] [ 94%] Built target custom_msgs__rosidl_typesupport_fastrtps_c__pyext
[0.458s] [100%] Built target custom_msgs__rosidl_typesupport_introspection_c__pyext
[0.785s] running egg_info
[0.829s] writing custom_msgs.egg-info/PKG-INFO
[0.830s] writing dependency_links to custom_msgs.egg-info/dependency_links.txt
[0.830s] writing top-level names to custom_msgs.egg-info/top_level.txt
[0.953s] reading manifest file 'custom_msgs.egg-info/SOURCES.txt'
[0.955s] writing manifest file 'custom_msgs.egg-info/SOURCES.txt'
[1.035s] [100%] Built target ament_cmake_python_build_custom_msgs_egg
[1.062s] Invoked command in '/home/mrmnavjet/IRC2026/ircWS/build/custom_msgs' returned '0': CMAKE_PREFIX_PATH=${CMAKE_PREFIX_PATH}:/home/mrmnavjet/IRC2026/ircWS/install/yolo:/home/mrmnavjet/IRC2026/ircWS/install/gps:/home/mrmnavjet/test/ERC2025/install/leo_nodes:/home/mrmnavjet/test/ERC2025/install/gps:/opt/ros/humble /usr/bin/cmake --build /home/mrmnavjet/IRC2026/ircWS/build/custom_msgs -- -j6 -l6
[1.083s] Invoking command in '/home/mrmnavjet/IRC2026/ircWS/build/custom_msgs': CMAKE_PREFIX_PATH=${CMAKE_PREFIX_PATH}:/home/mrmnavjet/IRC2026/ircWS/install/yolo:/home/mrmnavjet/IRC2026/ircWS/install/gps:/home/mrmnavjet/test/ERC2025/install/leo_nodes:/home/mrmnavjet/test/ERC2025/install/gps:/opt/ros/humble /usr/bin/cmake --install /home/mrmnavjet/IRC2026/ircWS/build/custom_msgs
[1.100s] -- Install configuration: ""
[1.102s] -- Up-to-date: /home/mrmnavjet/IRC2026/ircWS/install/custom_msgs/share/ament_index/resource_index/rosidl_interfaces/custom_msgs
[1.102s] -- Up-to-date: /home/mrmnavjet/IRC2026/ircWS/install/custom_msgs/include/custom_msgs/custom_msgs
[1.102s] -- Up-to-date: /home/mrmnavjet/IRC2026/ircWS/install/custom_msgs/include/custom_msgs/custom_msgs/msg
[1.102s] -- Up-to-date: /home/mrmnavjet/IRC2026/ircWS/install/custom_msgs/include/custom_msgs/custom_msgs/msg/rosidl_generator_c__visibility_control.h
[1.102s] -- Up-to-date: /home/mrmnavjet/IRC2026/ircWS/install/custom_msgs/include/custom_msgs/custom_msgs/msg/marker_tag.h
[1.102s] -- Up-to-date: /home/mrmnavjet/IRC2026/ircWS/install/custom_msgs/include/custom_msgs/custom_msgs/msg/detail
[1.103s] -- Up-to-date: /home/mrmnavjet/IRC2026/ircWS/install/custom_msgs/include/custom_msgs/custom_msgs/msg/detail/marker_tag__functions.h
[1.103s] -- Up-to-date: /home/mrmnavjet/IRC2026/ircWS/install/custom_msgs/include/custom_msgs/custom_msgs/msg/detail/marker_tag__type_support.h
[1.103s] -- Up-to-date: /home/mrmnavjet/IRC2026/ircWS/install/custom_msgs/include/custom_msgs/custom_msgs/msg/detail/imu_data__functions.h
[1.103s] -- Up-to-date: /home/mrmnavjet/IRC2026/ircWS/install/custom_msgs/include/custom_msgs/custom_msgs/msg/detail/marker_tag__functions.c
[1.103s] -- Up-to-date: /home/mrmnavjet/IRC2026/ircWS/install/custom_msgs/include/custom_msgs/custom_msgs/msg/detail/marker_tag__struct.h
[1.103s] -- Up-to-date: /home/mrmnavjet/IRC2026/ircWS/install/custom_msgs/include/custom_msgs/custom_msgs/msg/detail/imu_data__functions.c
[1.103s] -- Up-to-date: /home/mrmnavjet/IRC2026/ircWS/install/custom_msgs/include/custom_msgs/custom_msgs/msg/detail/imu_data__type_support.h
[1.104s] -- Up-to-date: /home/mrmnavjet/IRC2026/ircWS/install/custom_msgs/include/custom_msgs/custom_msgs/msg/detail/imu_data__struct.h
[1.104s] -- Up-to-date: /home/mrmnavjet/IRC2026/ircWS/install/custom_msgs/include/custom_msgs/custom_msgs/msg/imu_data.h
[1.104s] -- Up-to-date: /home/mrmnavjet/IRC2026/ircWS/install/custom_msgs/share/custom_msgs/environment/library_path.sh
[1.104s] -- Up-to-date: /home/mrmnavjet/IRC2026/ircWS/install/custom_msgs/share/custom_msgs/environment/library_path.dsv
[1.105s] -- Up-to-date: /home/mrmnavjet/IRC2026/ircWS/install/custom_msgs/lib/libcustom_msgs__rosidl_generator_c.so
[1.105s] -- Up-to-date: /home/mrmnavjet/IRC2026/ircWS/install/custom_msgs/include/custom_msgs/custom_msgs
[1.105s] -- Up-to-date: /home/mrmnavjet/IRC2026/ircWS/install/custom_msgs/include/custom_msgs/custom_msgs/msg
[1.106s] -- Up-to-date: /home/mrmnavjet/IRC2026/ircWS/install/custom_msgs/include/custom_msgs/custom_msgs/msg/detail
[1.106s] -- Up-to-date: /home/mrmnavjet/IRC2026/ircWS/install/custom_msgs/include/custom_msgs/custom_msgs/msg/detail/imu_data__rosidl_typesupport_fastrtps_c.h
[1.107s] -- Up-to-date: /home/mrmnavjet/IRC2026/ircWS/install/custom_msgs/include/custom_msgs/custom_msgs/msg/detail/marker_tag__rosidl_typesupport_fastrtps_c.h
[1.107s] -- Up-to-date: /home/mrmnavjet/IRC2026/ircWS/install/custom_msgs/include/custom_msgs/custom_msgs/msg/rosidl_typesupport_fastrtps_c__visibility_control.h
[1.107s] -- Up-to-date: /home/mrmnavjet/IRC2026/ircWS/install/custom_msgs/lib/libcustom_msgs__rosidl_typesupport_fastrtps_c.so
[1.107s] -- Up-to-date: /home/mrmnavjet/IRC2026/ircWS/install/custom_msgs/include/custom_msgs/custom_msgs
[1.108s] -- Up-to-date: /home/mrmnavjet/IRC2026/ircWS/install/custom_msgs/include/custom_msgs/custom_msgs/msg
[1.108s] -- Up-to-date: /home/mrmnavjet/IRC2026/ircWS/install/custom_msgs/include/custom_msgs/custom_msgs/msg/detail
[1.108s] -- Up-to-date: /home/mrmnavjet/IRC2026/ircWS/install/custom_msgs/include/custom_msgs/custom_msgs/msg/detail/imu_data__rosidl_typesupport_introspection_c.h
[1.108s] -- Up-to-date: /home/mrmnavjet/IRC2026/ircWS/install/custom_msgs/include/custom_msgs/custom_msgs/msg/detail/imu_data__type_support.c
[1.109s] -- Up-to-date: /home/mrmnavjet/IRC2026/ircWS/install/custom_msgs/include/custom_msgs/custom_msgs/msg/detail/marker_tag__rosidl_typesupport_introspection_c.h
[1.109s] -- Up-to-date: /home/mrmnavjet/IRC2026/ircWS/install/custom_msgs/include/custom_msgs/custom_msgs/msg/detail/marker_tag__type_support.c
[1.109s] -- Up-to-date: /home/mrmnavjet/IRC2026/ircWS/install/custom_msgs/include/custom_msgs/custom_msgs/msg/rosidl_typesupport_introspection_c__visibility_control.h
[1.110s] -- Up-to-date: /home/mrmnavjet/IRC2026/ircWS/install/custom_msgs/lib/libcustom_msgs__rosidl_typesupport_introspection_c.so
[1.110s] -- Up-to-date: /home/mrmnavjet/IRC2026/ircWS/install/custom_msgs/lib/libcustom_msgs__rosidl_typesupport_c.so
[1.110s] -- Up-to-date: /home/mrmnavjet/IRC2026/ircWS/install/custom_msgs/include/custom_msgs/custom_msgs
[1.110s] -- Up-to-date: /home/mrmnavjet/IRC2026/ircWS/install/custom_msgs/include/custom_msgs/custom_msgs/msg
[1.110s] -- Up-to-date: /home/mrmnavjet/IRC2026/ircWS/install/custom_msgs/include/custom_msgs/custom_msgs/msg/imu_data.hpp
[1.110s] -- Up-to-date: /home/mrmnavjet/IRC2026/ircWS/install/custom_msgs/include/custom_msgs/custom_msgs/msg/marker_tag.hpp
[1.110s] -- Up-to-date: /home/mrmnavjet/IRC2026/ircWS/install/custom_msgs/include/custom_msgs/custom_msgs/msg/detail
[1.110s] -- Up-to-date: /home/mrmnavjet/IRC2026/ircWS/install/custom_msgs/include/custom_msgs/custom_msgs/msg/detail/imu_data__builder.hpp
[1.111s] -- Up-to-date: /home/mrmnavjet/IRC2026/ircWS/install/custom_msgs/include/custom_msgs/custom_msgs/msg/detail/marker_tag__builder.hpp
[1.111s] -- Up-to-date: /home/mrmnavjet/IRC2026/ircWS/install/custom_msgs/include/custom_msgs/custom_msgs/msg/detail/marker_tag__struct.hpp
[1.111s] -- Up-to-date: /home/mrmnavjet/IRC2026/ircWS/install/custom_msgs/include/custom_msgs/custom_msgs/msg/detail/imu_data__struct.hpp
[1.111s] -- Up-to-date: /home/mrmnavjet/IRC2026/ircWS/install/custom_msgs/include/custom_msgs/custom_msgs/msg/detail/imu_data__type_support.hpp
[1.111s] -- Up-to-date: /home/mrmnavjet/IRC2026/ircWS/install/custom_msgs/include/custom_msgs/custom_msgs/msg/detail/marker_tag__traits.hpp
[1.112s] -- Up-to-date: /home/mrmnavjet/IRC2026/ircWS/install/custom_msgs/include/custom_msgs/custom_msgs/msg/detail/marker_tag__type_support.hpp
[1.112s] -- Up-to-date: /home/mrmnavjet/IRC2026/ircWS/install/custom_msgs/include/custom_msgs/custom_msgs/msg/detail/imu_data__traits.hpp
[1.112s] -- Up-to-date: /home/mrmnavjet/IRC2026/ircWS/install/custom_msgs/include/custom_msgs/custom_msgs/msg/rosidl_generator_cpp__visibility_control.hpp
[1.112s] -- Up-to-date: /home/mrmnavjet/IRC2026/ircWS/install/custom_msgs/include/custom_msgs/custom_msgs
[1.112s] -- Up-to-date: /home/mrmnavjet/IRC2026/ircWS/install/custom_msgs/include/custom_msgs/custom_msgs/msg
[1.112s] -- Up-to-date: /home/mrmnavjet/IRC2026/ircWS/install/custom_msgs/include/custom_msgs/custom_msgs/msg/detail
[1.113s] -- Up-to-date: /home/mrmnavjet/IRC2026/ircWS/install/custom_msgs/include/custom_msgs/custom_msgs/msg/detail/marker_tag__rosidl_typesupport_fastrtps_cpp.hpp
[1.113s] -- Up-to-date: /home/mrmnavjet/IRC2026/ircWS/install/custom_msgs/include/custom_msgs/custom_msgs/msg/detail/imu_data__rosidl_typesupport_fastrtps_cpp.hpp
[1.113s] -- Up-to-date: /home/mrmnavjet/IRC2026/ircWS/install/custom_msgs/include/custom_msgs/custom_msgs/msg/detail/dds_fastrtps
[1.113s] -- Up-to-date: /home/mrmnavjet/IRC2026/ircWS/install/custom_msgs/include/custom_msgs/custom_msgs/msg/rosidl_typesupport_fastrtps_cpp__visibility_control.h
[1.113s] -- Up-to-date: /home/mrmnavjet/IRC2026/ircWS/install/custom_msgs/lib/libcustom_msgs__rosidl_typesupport_fastrtps_cpp.so
[1.113s] -- Up-to-date: /home/mrmnavjet/IRC2026/ircWS/install/custom_msgs/include/custom_msgs/custom_msgs
[1.113s] -- Up-to-date: /home/mrmnavjet/IRC2026/ircWS/install/custom_msgs/include/custom_msgs/custom_msgs/msg
[1.113s] -- Up-to-date: /home/mrmnavjet/IRC2026/ircWS/install/custom_msgs/include/custom_msgs/custom_msgs/msg/detail
[1.114s] -- Up-to-date: /home/mrmnavjet/IRC2026/ircWS/install/custom_msgs/include/custom_msgs/custom_msgs/msg/detail/marker_tag__rosidl_typesupport_introspection_cpp.hpp
[1.114s] -- Up-to-date: /home/mrmnavjet/IRC2026/ircWS/install/custom_msgs/include/custom_msgs/custom_msgs/msg/detail/imu_data__type_support.cpp
[1.114s] -- Up-to-date: /home/mrmnavjet/IRC2026/ircWS/install/custom_msgs/include/custom_msgs/custom_msgs/msg/detail/imu_data__rosidl_typesupport_introspection_cpp.hpp
[1.114s] -- Up-to-date: /home/mrmnavjet/IRC2026/ircWS/install/custom_msgs/include/custom_msgs/custom_msgs/msg/detail/marker_tag__type_support.cpp
[1.114s] -- Up-to-date: /home/mrmnavjet/IRC2026/ircWS/install/custom_msgs/lib/libcustom_msgs__rosidl_typesupport_introspection_cpp.so
[1.114s] -- Up-to-date: /home/mrmnavjet/IRC2026/ircWS/install/custom_msgs/lib/libcustom_msgs__rosidl_typesupport_cpp.so
[1.114s] -- Up-to-date: /home/mrmnavjet/IRC2026/ircWS/install/custom_msgs/share/custom_msgs/environment/pythonpath.sh
[1.114s] -- Up-to-date: /home/mrmnavjet/IRC2026/ircWS/install/custom_msgs/share/custom_msgs/environment/pythonpath.dsv
[1.115s] -- Up-to-date: /home/mrmnavjet/IRC2026/ircWS/install/custom_msgs/local/lib/python3.10/dist-packages/custom_msgs-0.0.1-py3.10.egg-info
[1.115s] -- Installing: /home/mrmnavjet/IRC2026/ircWS/install/custom_msgs/local/lib/python3.10/dist-packages/custom_msgs-0.0.1-py3.10.egg-info/dependency_links.txt
[1.115s] -- Installing: /home/mrmnavjet/IRC2026/ircWS/install/custom_msgs/local/lib/python3.10/dist-packages/custom_msgs-0.0.1-py3.10.egg-info/SOURCES.txt
[1.115s] -- Installing: /home/mrmnavjet/IRC2026/ircWS/install/custom_msgs/local/lib/python3.10/dist-packages/custom_msgs-0.0.1-py3.10.egg-info/PKG-INFO
[1.115s] -- Installing: /home/mrmnavjet/IRC2026/ircWS/install/custom_msgs/local/lib/python3.10/dist-packages/custom_msgs-0.0.1-py3.10.egg-info/top_level.txt
[1.115s] -- Up-to-date: /home/mrmnavjet/IRC2026/ircWS/install/custom_msgs/local/lib/python3.10/dist-packages/custom_msgs
[1.115s] -- Up-to-date: /home/mrmnavjet/IRC2026/ircWS/install/custom_msgs/local/lib/python3.10/dist-packages/custom_msgs/_custom_msgs_s.ep.rosidl_typesupport_c.c
[1.115s] -- Up-to-date: /home/mrmnavjet/IRC2026/ircWS/install/custom_msgs/local/lib/python3.10/dist-packages/custom_msgs/__init__.py
[1.116s] -- Up-to-date: /home/mrmnavjet/IRC2026/ircWS/install/custom_msgs/local/lib/python3.10/dist-packages/custom_msgs/custom_msgs_s__rosidl_typesupport_c.cpython-310-aarch64-linux-gnu.so
[1.116s] -- Up-to-date: /home/mrmnavjet/IRC2026/ircWS/install/custom_msgs/local/lib/python3.10/dist-packages/custom_msgs/_custom_msgs_s.ep.rosidl_typesupport_fastrtps_c.c
[1.116s] -- Up-to-date: /home/mrmnavjet/IRC2026/ircWS/install/custom_msgs/local/lib/python3.10/dist-packages/custom_msgs/_custom_msgs_s.ep.rosidl_typesupport_introspection_c.c
[1.116s] -- Up-to-date: /home/mrmnavjet/IRC2026/ircWS/install/custom_msgs/local/lib/python3.10/dist-packages/custom_msgs/custom_msgs_s__rosidl_typesupport_introspection_c.cpython-310-aarch64-linux-gnu.so
[1.116s] -- Up-to-date: /home/mrmnavjet/IRC2026/ircWS/install/custom_msgs/local/lib/python3.10/dist-packages/custom_msgs/custom_msgs_s__rosidl_typesupport_fastrtps_c.cpython-310-aarch64-linux-gnu.so
[1.116s] -- Up-to-date: /home/mrmnavjet/IRC2026/ircWS/install/custom_msgs/local/lib/python3.10/dist-packages/custom_msgs/msg
[1.116s] -- Up-to-date: /home/mrmnavjet/IRC2026/ircWS/install/custom_msgs/local/lib/python3.10/dist-packages/custom_msgs/msg/_imu_data.py
[1.116s] -- Up-to-date: /home/mrmnavjet/IRC2026/ircWS/install/custom_msgs/local/lib/python3.10/dist-packages/custom_msgs/msg/__init__.py
[1.117s] -- Up-to-date: /home/mrmnavjet/IRC2026/ircWS/install/custom_msgs/local/lib/python3.10/dist-packages/custom_msgs/msg/_imu_data_s.c
[1.117s] -- Up-to-date: /home/mrmnavjet/IRC2026/ircWS/install/custom_msgs/local/lib/python3.10/dist-packages/custom_msgs/msg/_marker_tag.py
[1.117s] -- Up-to-date: /home/mrmnavjet/IRC2026/ircWS/install/custom_msgs/local/lib/python3.10/dist-packages/custom_msgs/msg/_marker_tag_s.c
[1.117s] -- Up-to-date: /home/mrmnavjet/IRC2026/ircWS/install/custom_msgs/local/lib/python3.10/dist-packages/custom_msgs/libcustom_msgs__rosidl_generator_py.so
[1.186s] Listing '/home/mrmnavjet/IRC2026/ircWS/install/custom_msgs/local/lib/python3.10/dist-packages/custom_msgs'...
[1.186s] Listing '/home/mrmnavjet/IRC2026/ircWS/install/custom_msgs/local/lib/python3.10/dist-packages/custom_msgs/msg'...
[1.198s] -- Up-to-date: /home/mrmnavjet/IRC2026/ircWS/install/custom_msgs/local/lib/python3.10/dist-packages/custom_msgs/custom_msgs_s__rosidl_typesupport_fastrtps_c.cpython-310-aarch64-linux-gnu.so
[1.198s] -- Up-to-date: /home/mrmnavjet/IRC2026/ircWS/install/custom_msgs/local/lib/python3.10/dist-packages/custom_msgs/custom_msgs_s__rosidl_typesupport_introspection_c.cpython-310-aarch64-linux-gnu.so
[1.199s] -- Up-to-date: /home/mrmnavjet/IRC2026/ircWS/install/custom_msgs/local/lib/python3.10/dist-packages/custom_msgs/custom_msgs_s__rosidl_typesupport_c.cpython-310-aarch64-linux-gnu.so
[1.199s] -- Up-to-date: /home/mrmnavjet/IRC2026/ircWS/install/custom_msgs/lib/libcustom_msgs__rosidl_generator_py.so
[1.199s] -- Up-to-date: /home/mrmnavjet/IRC2026/ircWS/install/custom_msgs/share/custom_msgs/msg/MarkerTag.idl
[1.200s] -- Up-to-date: /home/mrmnavjet/IRC2026/ircWS/install/custom_msgs/share/custom_msgs/msg/ImuData.idl
[1.200s] -- Up-to-date: /home/mrmnavjet/IRC2026/ircWS/install/custom_msgs/share/custom_msgs/msg/MarkerTag.msg
[1.201s] -- Up-to-date: /home/mrmnavjet/IRC2026/ircWS/install/custom_msgs/share/custom_msgs/msg/ImuData.msg
[1.201s] -- Up-to-date: /home/mrmnavjet/IRC2026/ircWS/install/custom_msgs/share/ament_index/resource_index/package_run_dependencies/custom_msgs
[1.202s] -- Up-to-date: /home/mrmnavjet/IRC2026/ircWS/install/custom_msgs/share/ament_index/resource_index/parent_prefix_path/custom_msgs
[1.202s] -- Up-to-date: /home/mrmnavjet/IRC2026/ircWS/install/custom_msgs/share/custom_msgs/environment/ament_prefix_path.sh
[1.202s] -- Up-to-date: /home/mrmnavjet/IRC2026/ircWS/install/custom_msgs/share/custom_msgs/environment/ament_prefix_path.dsv
[1.202s] -- Up-to-date: /home/mrmnavjet/IRC2026/ircWS/install/custom_msgs/share/custom_msgs/environment/path.sh
[1.202s] -- Up-to-date: /home/mrmnavjet/IRC2026/ircWS/install/custom_msgs/share/custom_msgs/environment/path.dsv
[1.202s] -- Up-to-date: /home/mrmnavjet/IRC2026/ircWS/install/custom_msgs/share/custom_msgs/local_setup.bash
[1.203s] -- Up-to-date: /home/mrmnavjet/IRC2026/ircWS/install/custom_msgs/share/custom_msgs/local_setup.sh
[1.203s] -- Up-to-date: /home/mrmnavjet/IRC2026/ircWS/install/custom_msgs/share/custom_msgs/local_setup.zsh
[1.203s] -- Up-to-date: /home/mrmnavjet/IRC2026/ircWS/install/custom_msgs/share/custom_msgs/local_setup.dsv
[1.203s] -- Installing: /home/mrmnavjet/IRC2026/ircWS/install/custom_msgs/share/custom_msgs/package.dsv
[1.203s] -- Up-to-date: /home/mrmnavjet/IRC2026/ircWS/install/custom_msgs/share/ament_index/resource_index/packages/custom_msgs
[1.203s] -- Up-to-date: /home/mrmnavjet/IRC2026/ircWS/install/custom_msgs/share/custom_msgs/cmake/export_custom_msgs__rosidl_generator_cExport.cmake
[1.203s] -- Up-to-date: /home/mrmnavjet/IRC2026/ircWS/install/custom_msgs/share/custom_msgs/cmake/export_custom_msgs__rosidl_generator_cExport-noconfig.cmake
[1.211s] -- Up-to-date: /home/mrmnavjet/IRC2026/ircWS/install/custom_msgs/share/custom_msgs/cmake/export_custom_msgs__rosidl_typesupport_fastrtps_cExport.cmake
[1.211s] -- Up-to-date: /home/mrmnavjet/IRC2026/ircWS/install/custom_msgs/share/custom_msgs/cmake/export_custom_msgs__rosidl_typesupport_fastrtps_cExport-noconfig.cmake
[1.211s] -- Up-to-date: /home/mrmnavjet/IRC2026/ircWS/install/custom_msgs/share/custom_msgs/cmake/custom_msgs__rosidl_typesupport_introspection_cExport.cmake
[1.212s] -- Up-to-date: /home/mrmnavjet/IRC2026/ircWS/install/custom_msgs/share/custom_msgs/cmake/custom_msgs__rosidl_typesupport_introspection_cExport-noconfig.cmake
[1.212s] -- Up-to-date: /home/mrmnavjet/IRC2026/ircWS/install/custom_msgs/share/custom_msgs/cmake/custom_msgs__rosidl_typesupport_cExport.cmake
[1.214s] -- Up-to-date: /home/mrmnavjet/IRC2026/ircWS/install/custom_msgs/share/custom_msgs/cmake/custom_msgs__rosidl_typesupport_cExport-noconfig.cmake
[1.215s] -- Up-to-date: /home/mrmnavjet/IRC2026/ircWS/install/custom_msgs/share/custom_msgs/cmake/export_custom_msgs__rosidl_generator_cppExport.cmake
[1.216s] -- Up-to-date: /home/mrmnavjet/IRC2026/ircWS/install/custom_msgs/share/custom_msgs/cmake/export_custom_msgs__rosidl_typesupport_fastrtps_cppExport.cmake
[1.216s] -- Up-to-date: /home/mrmnavjet/IRC2026/ircWS/install/custom_msgs/share/custom_msgs/cmake/export_custom_msgs__rosidl_typesupport_fastrtps_cppExport-noconfig.cmake
[1.217s] -- Up-to-date: /home/mrmnavjet/IRC2026/ircWS/install/custom_msgs/share/custom_msgs/cmake/custom_msgs__rosidl_typesupport_introspection_cppExport.cmake
[1.217s] -- Up-to-date: /home/mrmnavjet/IRC2026/ircWS/install/custom_msgs/share/custom_msgs/cmake/custom_msgs__rosidl_typesupport_introspection_cppExport-noconfig.cmake
[1.218s] -- Up-to-date: /home/mrmnavjet/IRC2026/ircWS/install/custom_msgs/share/custom_msgs/cmake/custom_msgs__rosidl_typesupport_cppExport.cmake
[1.218s] -- Up-to-date: /home/mrmnavjet/IRC2026/ircWS/install/custom_msgs/share/custom_msgs/cmake/custom_msgs__rosidl_typesupport_cppExport-noconfig.cmake
[1.219s] -- Up-to-date: /home/mrmnavjet/IRC2026/ircWS/install/custom_msgs/share/custom_msgs/cmake/export_custom_msgs__rosidl_generator_pyExport.cmake
[1.219s] -- Up-to-date: /home/mrmnavjet/IRC2026/ircWS/install/custom_msgs/share/custom_msgs/cmake/export_custom_msgs__rosidl_generator_pyExport-noconfig.cmake
[1.220s] -- Up-to-date: /home/mrmnavjet/IRC2026/ircWS/install/custom_msgs/share/custom_msgs/cmake/rosidl_cmake-extras.cmake
[1.221s] -- Up-to-date: /home/mrmnavjet/IRC2026/ircWS/install/custom_msgs/share/custom_msgs/cmake/ament_cmake_export_dependencies-extras.cmake
[1.221s] -- Up-to-date: /home/mrmnavjet/IRC2026/ircWS/install/custom_msgs/share/custom_msgs/cmake/ament_cmake_export_include_directories-extras.cmake
[1.221s] -- Up-to-date: /home/mrmnavjet/IRC2026/ircWS/install/custom_msgs/share/custom_msgs/cmake/ament_cmake_export_libraries-extras.cmake
[1.222s] -- Up-to-date: /home/mrmnavjet/IRC2026/ircWS/install/custom_msgs/share/custom_msgs/cmake/ament_cmake_export_targets-extras.cmake
[1.222s] -- Up-to-date: /home/mrmnavjet/IRC2026/ircWS/install/custom_msgs/share/custom_msgs/cmake/rosidl_cmake_export_typesupport_targets-extras.cmake
[1.223s] -- Up-to-date: /home/mrmnavjet/IRC2026/ircWS/install/custom_msgs/share/custom_msgs/cmake/rosidl_cmake_export_typesupport_libraries-extras.cmake
[1.223s] -- Up-to-date: /home/mrmnavjet/IRC2026/ircWS/install/custom_msgs/share/custom_msgs/cmake/custom_msgsConfig.cmake
[1.224s] -- Up-to-date: /home/mrmnavjet/IRC2026/ircWS/install/custom_msgs/share/custom_msgs/cmake/custom_msgsConfig-version.cmake
[1.224s] -- Up-to-date: /home/mrmnavjet/IRC2026/ircWS/install/custom_msgs/share/custom_msgs/package.xml
[1.225s] Invoked command in '/home/mrmnavjet/IRC2026/ircWS/build/custom_msgs' returned '0': CMAKE_PREFIX_PATH=${CMAKE_PREFIX_PATH}:/home/mrmnavjet/IRC2026/ircWS/install/yolo:/home/mrmnavjet/IRC2026/ircWS/install/gps:/home/mrmnavjet/test/ERC2025/install/leo_nodes:/home/mrmnavjet/test/ERC2025/install/gps:/opt/ros/humble /usr/bin/cmake --install /home/mrmnavjet/IRC2026/ircWS/build/custom_msgs
