running egg_info
creating ../../build/gps/gps.egg-info
writing ../../build/gps/gps.egg-info/PKG-INFO
writing dependency_links to ../../build/gps/gps.egg-info/dependency_links.txt
writing entry points to ../../build/gps/gps.egg-info/entry_points.txt
writing requirements to ../../build/gps/gps.egg-info/requires.txt
writing top-level names to ../../build/gps/gps.egg-info/top_level.txt
writing manifest file '../../build/gps/gps.egg-info/SOURCES.txt'
reading manifest file '../../build/gps/gps.egg-info/SOURCES.txt'
writing manifest file '../../build/gps/gps.egg-info/SOURCES.txt'
running build
running build_py
creating /home/mrmnavjet/IRC2026/ircWS/build/gps/build/lib/gps
copying gps/gps_rtk.py -> /home/mrmnavjet/IRC2026/ircWS/build/gps/build/lib/gps
copying gps/__init__.py -> /home/mrmnavjet/IRC2026/ircWS/build/gps/build/lib/gps
copying gps/gps_rtcm.py -> /home/mrmnavjet/IRC2026/ircWS/build/gps/build/lib/gps
running install
running install_lib
creating /home/mrmnavjet/IRC2026/ircWS/install/gps/lib/python3.10/site-packages/gps
copying /home/mrmnavjet/IRC2026/ircWS/build/gps/build/lib/gps/gps_rtk.py -> /home/mrmnavjet/IRC2026/ircWS/install/gps/lib/python3.10/site-packages/gps
copying /home/mrmnavjet/IRC2026/ircWS/build/gps/build/lib/gps/__init__.py -> /home/mrmnavjet/IRC2026/ircWS/install/gps/lib/python3.10/site-packages/gps
copying /home/mrmnavjet/IRC2026/ircWS/build/gps/build/lib/gps/gps_rtcm.py -> /home/mrmnavjet/IRC2026/ircWS/install/gps/lib/python3.10/site-packages/gps
byte-compiling /home/mrmnavjet/IRC2026/ircWS/install/gps/lib/python3.10/site-packages/gps/gps_rtk.py to gps_rtk.cpython-310.pyc
byte-compiling /home/mrmnavjet/IRC2026/ircWS/install/gps/lib/python3.10/site-packages/gps/__init__.py to __init__.cpython-310.pyc
byte-compiling /home/mrmnavjet/IRC2026/ircWS/install/gps/lib/python3.10/site-packages/gps/gps_rtcm.py to gps_rtcm.cpython-310.pyc
running install_data
creating /home/mrmnavjet/IRC2026/ircWS/install/gps/share/ament_index/resource_index/packages
copying resource/gps -> /home/mrmnavjet/IRC2026/ircWS/install/gps/share/ament_index/resource_index/packages
copying package.xml -> /home/mrmnavjet/IRC2026/ircWS/install/gps/share/gps
running install_egg_info
Copying ../../build/gps/gps.egg-info to /home/mrmnavjet/IRC2026/ircWS/install/gps/lib/python3.10/site-packages/gps-0.0.1-py3.10.egg-info
running install_scripts
Installing gps_rtcm script to /home/mrmnavjet/IRC2026/ircWS/install/gps/lib/gps
Installing gps_rtk script to /home/mrmnavjet/IRC2026/ircWS/install/gps/lib/gps
writing list of installed files to '/home/mrmnavjet/IRC2026/ircWS/build/gps/install.log'
