[2.115s] Invoking command in '/home/mrmnavjet/IRC2026/ircWS/src/gps': PYTHONPATH=/home/mrmnavjet/IRC2026/ircWS/build/gps/prefix_override:/usr/lib/python3/dist-packages/colcon_core/task/python/colcon_distutils_commands:/home/mrmnavjet/IRC2026/ircWS/install/gps/lib/python3.10/site-packages:${PYTHONPATH} /usr/bin/python3 -W ignore:setup.py install is deprecated -W ignore:easy_install command is deprecated setup.py egg_info --egg-base ../../build/gps build --build-base /home/mrmnavjet/IRC2026/ircWS/build/gps/build install --record /home/mrmnavjet/IRC2026/ircWS/build/gps/install.log --single-version-externally-managed install_data
[2.765s] running egg_info
[2.810s] creating ../../build/gps/gps.egg-info
[2.810s] writing ../../build/gps/gps.egg-info/PKG-INFO
[2.812s] writing dependency_links to ../../build/gps/gps.egg-info/dependency_links.txt
[2.812s] writing entry points to ../../build/gps/gps.egg-info/entry_points.txt
[2.812s] writing requirements to ../../build/gps/gps.egg-info/requires.txt
[2.813s] writing top-level names to ../../build/gps/gps.egg-info/top_level.txt
[2.813s] writing manifest file '../../build/gps/gps.egg-info/SOURCES.txt'
[2.905s] reading manifest file '../../build/gps/gps.egg-info/SOURCES.txt'
[2.907s] writing manifest file '../../build/gps/gps.egg-info/SOURCES.txt'
[2.908s] running build
[2.908s] running build_py
[2.908s] creating /home/mrmnavjet/IRC2026/ircWS/build/gps/build/lib/gps
[2.909s] copying gps/gps_rtk.py -> /home/mrmnavjet/IRC2026/ircWS/build/gps/build/lib/gps
[2.909s] copying gps/__init__.py -> /home/mrmnavjet/IRC2026/ircWS/build/gps/build/lib/gps
[2.909s] copying gps/gps_rtcm.py -> /home/mrmnavjet/IRC2026/ircWS/build/gps/build/lib/gps
[2.910s] running install
[2.920s] running install_lib
[2.965s] creating /home/mrmnavjet/IRC2026/ircWS/install/gps/lib/python3.10/site-packages/gps
[2.966s] copying /home/mrmnavjet/IRC2026/ircWS/build/gps/build/lib/gps/gps_rtk.py -> /home/mrmnavjet/IRC2026/ircWS/install/gps/lib/python3.10/site-packages/gps
[2.966s] copying /home/mrmnavjet/IRC2026/ircWS/build/gps/build/lib/gps/__init__.py -> /home/mrmnavjet/IRC2026/ircWS/install/gps/lib/python3.10/site-packages/gps
[2.966s] copying /home/mrmnavjet/IRC2026/ircWS/build/gps/build/lib/gps/gps_rtcm.py -> /home/mrmnavjet/IRC2026/ircWS/install/gps/lib/python3.10/site-packages/gps
[2.968s] byte-compiling /home/mrmnavjet/IRC2026/ircWS/install/gps/lib/python3.10/site-packages/gps/gps_rtk.py to gps_rtk.cpython-310.pyc
[2.972s] byte-compiling /home/mrmnavjet/IRC2026/ircWS/install/gps/lib/python3.10/site-packages/gps/__init__.py to __init__.cpython-310.pyc
[2.972s] byte-compiling /home/mrmnavjet/IRC2026/ircWS/install/gps/lib/python3.10/site-packages/gps/gps_rtcm.py to gps_rtcm.cpython-310.pyc
[2.973s] running install_data
[2.974s] creating /home/mrmnavjet/IRC2026/ircWS/install/gps/share/ament_index/resource_index/packages
[2.975s] copying resource/gps -> /home/mrmnavjet/IRC2026/ircWS/install/gps/share/ament_index/resource_index/packages
[2.976s] copying package.xml -> /home/mrmnavjet/IRC2026/ircWS/install/gps/share/gps
[2.977s] running install_egg_info
[3.025s] Copying ../../build/gps/gps.egg-info to /home/mrmnavjet/IRC2026/ircWS/install/gps/lib/python3.10/site-packages/gps-0.0.1-py3.10.egg-info
[3.026s] running install_scripts
[3.373s] Installing gps_rtcm script to /home/mrmnavjet/IRC2026/ircWS/install/gps/lib/gps
[3.374s] Installing gps_rtk script to /home/mrmnavjet/IRC2026/ircWS/install/gps/lib/gps
[3.376s] writing list of installed files to '/home/mrmnavjet/IRC2026/ircWS/build/gps/install.log'
[3.485s] Invoked command in '/home/mrmnavjet/IRC2026/ircWS/src/gps' returned '0': PYTHONPATH=/home/mrmnavjet/IRC2026/ircWS/build/gps/prefix_override:/usr/lib/python3/dist-packages/colcon_core/task/python/colcon_distutils_commands:/home/mrmnavjet/IRC2026/ircWS/install/gps/lib/python3.10/site-packages:${PYTHONPATH} /usr/bin/python3 -W ignore:setup.py install is deprecated -W ignore:easy_install command is deprecated setup.py egg_info --egg-base ../../build/gps build --build-base /home/mrmnavjet/IRC2026/ircWS/build/gps/build install --record /home/mrmnavjet/IRC2026/ircWS/build/gps/install.log --single-version-externally-managed install_data
