running egg_info
creating ../../build/yolo/yolo.egg-info
writing ../../build/yolo/yolo.egg-info/PKG-INFO
writing dependency_links to ../../build/yolo/yolo.egg-info/dependency_links.txt
writing entry points to ../../build/yolo/yolo.egg-info/entry_points.txt
writing requirements to ../../build/yolo/yolo.egg-info/requires.txt
writing top-level names to ../../build/yolo/yolo.egg-info/top_level.txt
writing manifest file '../../build/yolo/yolo.egg-info/SOURCES.txt'
reading manifest file '../../build/yolo/yolo.egg-info/SOURCES.txt'
writing manifest file '../../build/yolo/yolo.egg-info/SOURCES.txt'
running build
running build_py
creating /home/mrmnavjet/IRC2026/ircWS/build/yolo/build/lib/yolo
copying yolo/__init__.py -> /home/mrmnavjet/IRC2026/ircWS/build/yolo/build/lib/yolo
copying yolo/inference_node.py -> /home/mrmnavjet/IRC2026/ircWS/build/yolo/build/lib/yolo
running install
running install_lib
creating /home/mrmnavjet/IRC2026/ircWS/install/yolo/lib/python3.10/site-packages/yolo
copying /home/mrmnavjet/IRC2026/ircWS/build/yolo/build/lib/yolo/__init__.py -> /home/mrmnavjet/IRC2026/ircWS/install/yolo/lib/python3.10/site-packages/yolo
copying /home/mrmnavjet/IRC2026/ircWS/build/yolo/build/lib/yolo/inference_node.py -> /home/mrmnavjet/IRC2026/ircWS/install/yolo/lib/python3.10/site-packages/yolo
byte-compiling /home/mrmnavjet/IRC2026/ircWS/install/yolo/lib/python3.10/site-packages/yolo/__init__.py to __init__.cpython-310.pyc
byte-compiling /home/mrmnavjet/IRC2026/ircWS/install/yolo/lib/python3.10/site-packages/yolo/inference_node.py to inference_node.cpython-310.pyc
running install_data
creating /home/mrmnavjet/IRC2026/ircWS/install/yolo/share/ament_index/resource_index/packages
copying resource/yolo -> /home/mrmnavjet/IRC2026/ircWS/install/yolo/share/ament_index/resource_index/packages
copying package.xml -> /home/mrmnavjet/IRC2026/ircWS/install/yolo/share/yolo
running install_egg_info
Copying ../../build/yolo/yolo.egg-info to /home/mrmnavjet/IRC2026/ircWS/install/yolo/lib/python3.10/site-packages/yolo-0.1.0-py3.10.egg-info
running install_scripts
Installing inference script to /home/mrmnavjet/IRC2026/ircWS/install/yolo/lib/yolo
writing list of installed files to '/home/mrmnavjet/IRC2026/ircWS/build/yolo/install.log'
