[0.344s] [34mcolcon[0m [1;30mDEBUG[0m [32mCommand line arguments: ['/usr/bin/colcon', 'build'][0m
[0.344s] [34mcolcon[0m [1;30mDEBUG[0m [32mParsed command line arguments: Namespace(log_base=None, log_level=None, verb_name='build', build_base='build', install_base='install', merge_install=False, symlink_install=False, test_result_base=None, continue_on_error=False, executor='parallel', parallel_workers=6, event_handlers=None, ignore_user_meta=False, metas=['./colcon.meta'], base_paths=['.'], packages_ignore=None, packages_ignore_regex=None, paths=None, packages_up_to=None, packages_up_to_regex=None, packages_above=None, packages_above_and_dependencies=None, packages_above_depth=None, packages_select_by_dep=None, packages_skip_by_dep=None, packages_skip_up_to=None, packages_select_build_failed=False, packages_skip_build_finished=False, packages_select_test_failures=False, packages_skip_test_passed=False, packages_select=None, packages_skip=None, packages_select_regex=None, packages_skip_regex=None, packages_start=None, packages_end=None, allow_overriding=[], cmake_args=None, cmake_target=None, cmake_target_skip_unavailable=False, cmake_clean_cache=False, cmake_clean_first=False, cmake_force_configure=False, ament_cmake_args=None, catkin_cmake_args=None, catkin_skip_building_tests=False, mixin_files=None, mixin=None, verb_parser=<colcon_mixin.mixin.mixin_argument.MixinArgumentDecorator object at 0xffffb091dae0>, verb_extension=<colcon_core.verb.build.BuildVerb object at 0xffffb091d630>, main=<bound method BuildVerb.main of <colcon_core.verb.build.BuildVerb object at 0xffffb091d630>>, mixin_verb=('build',))[0m
[0.450s] [34mcolcon.colcon_core.package_discovery[0m [1;30mLevel 1[0m discover_packages(colcon_meta) check parameters
[0.450s] [34mcolcon.colcon_core.package_discovery[0m [1;30mLevel 1[0m discover_packages(recursive) check parameters
[0.450s] [34mcolcon.colcon_core.package_discovery[0m [1;30mLevel 1[0m discover_packages(ignore) check parameters
[0.450s] [34mcolcon.colcon_core.package_discovery[0m [1;30mLevel 1[0m discover_packages(path) check parameters
[0.450s] [34mcolcon.colcon_core.package_discovery[0m [1;30mLevel 1[0m discover_packages(colcon_meta) discover
[0.451s] [34mcolcon.colcon_core.package_discovery[0m [1;30mLevel 1[0m discover_packages(recursive) discover
[0.451s] [34mcolcon.colcon_core.package_discovery[0m [1;30mINFO[0m Crawling recursively for packages in '/home/mrmnavjet/IRC2026/ircWS'
[0.451s] [34mcolcon.colcon_core.package_identification[0m [1;30mLevel 1[0m _identify(.) by extensions ['ignore', 'ignore_ament_install']
[0.452s] [34mcolcon.colcon_core.package_identification[0m [1;30mLevel 1[0m _identify(.) by extension 'ignore'
[0.452s] [34mcolcon.colcon_core.package_identification[0m [1;30mLevel 1[0m _identify(.) by extension 'ignore_ament_install'
[0.452s] [34mcolcon.colcon_core.package_identification[0m [1;30mLevel 1[0m _identify(.) by extensions ['colcon_pkg']
[0.452s] [34mcolcon.colcon_core.package_identification[0m [1;30mLevel 1[0m _identify(.) by extension 'colcon_pkg'
[0.452s] [34mcolcon.colcon_core.package_identification[0m [1;30mLevel 1[0m _identify(.) by extensions ['colcon_meta']
[0.452s] [34mcolcon.colcon_core.package_identification[0m [1;30mLevel 1[0m _identify(.) by extension 'colcon_meta'
[0.452s] [34mcolcon.colcon_core.package_identification[0m [1;30mLevel 1[0m _identify(.) by extensions ['ros']
[0.452s] [34mcolcon.colcon_core.package_identification[0m [1;30mLevel 1[0m _identify(.) by extension 'ros'
[0.488s] [34mcolcon.colcon_core.package_identification[0m [1;30mLevel 1[0m _identify(.) by extensions ['cmake', 'python']
[0.488s] [34mcolcon.colcon_core.package_identification[0m [1;30mLevel 1[0m _identify(.) by extension 'cmake'
[0.488s] [34mcolcon.colcon_core.package_identification[0m [1;30mLevel 1[0m _identify(.) by extension 'python'
[0.489s] [34mcolcon.colcon_core.package_identification[0m [1;30mLevel 1[0m _identify(.) by extensions ['python_setup_py']
[0.489s] [34mcolcon.colcon_core.package_identification[0m [1;30mLevel 1[0m _identify(.) by extension 'python_setup_py'
[0.489s] [34mcolcon.colcon_core.package_identification[0m [1;30mLevel 1[0m _identify(build) by extensions ['ignore', 'ignore_ament_install']
[0.489s] [34mcolcon.colcon_core.package_identification[0m [1;30mLevel 1[0m _identify(build) by extension 'ignore'
[0.489s] [34mcolcon.colcon_core.package_identification[0m [1;30mLevel 1[0m _identify(build) ignored
[0.490s] [34mcolcon.colcon_core.package_identification[0m [1;30mLevel 1[0m _identify(install) by extensions ['ignore', 'ignore_ament_install']
[0.490s] [34mcolcon.colcon_core.package_identification[0m [1;30mLevel 1[0m _identify(install) by extension 'ignore'
[0.490s] [34mcolcon.colcon_core.package_identification[0m [1;30mLevel 1[0m _identify(install) ignored
[0.490s] [34mcolcon.colcon_core.package_identification[0m [1;30mLevel 1[0m _identify(log) by extensions ['ignore', 'ignore_ament_install']
[0.490s] [34mcolcon.colcon_core.package_identification[0m [1;30mLevel 1[0m _identify(log) by extension 'ignore'
[0.491s] [34mcolcon.colcon_core.package_identification[0m [1;30mLevel 1[0m _identify(log) ignored
[0.491s] [34mcolcon.colcon_core.package_identification[0m [1;30mLevel 1[0m _identify(src) by extensions ['ignore', 'ignore_ament_install']
[0.491s] [34mcolcon.colcon_core.package_identification[0m [1;30mLevel 1[0m _identify(src) by extension 'ignore'
[0.491s] [34mcolcon.colcon_core.package_identification[0m [1;30mLevel 1[0m _identify(src) by extension 'ignore_ament_install'
[0.491s] [34mcolcon.colcon_core.package_identification[0m [1;30mLevel 1[0m _identify(src) by extensions ['colcon_pkg']
[0.491s] [34mcolcon.colcon_core.package_identification[0m [1;30mLevel 1[0m _identify(src) by extension 'colcon_pkg'
[0.491s] [34mcolcon.colcon_core.package_identification[0m [1;30mLevel 1[0m _identify(src) by extensions ['colcon_meta']
[0.491s] [34mcolcon.colcon_core.package_identification[0m [1;30mLevel 1[0m _identify(src) by extension 'colcon_meta'
[0.492s] [34mcolcon.colcon_core.package_identification[0m [1;30mLevel 1[0m _identify(src) by extensions ['ros']
[0.492s] [34mcolcon.colcon_core.package_identification[0m [1;30mLevel 1[0m _identify(src) by extension 'ros'
[0.492s] [34mcolcon.colcon_core.package_identification[0m [1;30mLevel 1[0m _identify(src) by extensions ['cmake', 'python']
[0.492s] [34mcolcon.colcon_core.package_identification[0m [1;30mLevel 1[0m _identify(src) by extension 'cmake'
[0.492s] [34mcolcon.colcon_core.package_identification[0m [1;30mLevel 1[0m _identify(src) by extension 'python'
[0.492s] [34mcolcon.colcon_core.package_identification[0m [1;30mLevel 1[0m _identify(src) by extensions ['python_setup_py']
[0.492s] [34mcolcon.colcon_core.package_identification[0m [1;30mLevel 1[0m _identify(src) by extension 'python_setup_py'
[0.492s] [34mcolcon.colcon_core.package_identification[0m [1;30mLevel 1[0m _identify(src/custom_msgs) by extensions ['ignore', 'ignore_ament_install']
[0.493s] [34mcolcon.colcon_core.package_identification[0m [1;30mLevel 1[0m _identify(src/custom_msgs) by extension 'ignore'
[0.493s] [34mcolcon.colcon_core.package_identification[0m [1;30mLevel 1[0m _identify(src/custom_msgs) by extension 'ignore_ament_install'
[0.493s] [34mcolcon.colcon_core.package_identification[0m [1;30mLevel 1[0m _identify(src/custom_msgs) by extensions ['colcon_pkg']
[0.493s] [34mcolcon.colcon_core.package_identification[0m [1;30mLevel 1[0m _identify(src/custom_msgs) by extension 'colcon_pkg'
[0.493s] [34mcolcon.colcon_core.package_identification[0m [1;30mLevel 1[0m _identify(src/custom_msgs) by extensions ['colcon_meta']
[0.493s] [34mcolcon.colcon_core.package_identification[0m [1;30mLevel 1[0m _identify(src/custom_msgs) by extension 'colcon_meta'
[0.493s] [34mcolcon.colcon_core.package_identification[0m [1;30mLevel 1[0m _identify(src/custom_msgs) by extensions ['ros']
[0.493s] [34mcolcon.colcon_core.package_identification[0m [1;30mLevel 1[0m _identify(src/custom_msgs) by extension 'ros'
[0.499s] [34mcolcon.colcon_core.package_identification[0m [1;30mDEBUG[0m [32mPackage 'src/custom_msgs' with type 'ros.ament_cmake' and name 'custom_msgs'[0m
[0.500s] [34mcolcon.colcon_core.package_identification[0m [1;30mLevel 1[0m _identify(src/gps) by extensions ['ignore', 'ignore_ament_install']
[0.501s] [34mcolcon.colcon_core.package_identification[0m [1;30mLevel 1[0m _identify(src/gps) by extension 'ignore'
[0.501s] [34mcolcon.colcon_core.package_identification[0m [1;30mLevel 1[0m _identify(src/gps) by extension 'ignore_ament_install'
[0.501s] [34mcolcon.colcon_core.package_identification[0m [1;30mLevel 1[0m _identify(src/gps) by extensions ['colcon_pkg']
[0.501s] [34mcolcon.colcon_core.package_identification[0m [1;30mLevel 1[0m _identify(src/gps) by extension 'colcon_pkg'
[0.501s] [34mcolcon.colcon_core.package_identification[0m [1;30mLevel 1[0m _identify(src/gps) by extensions ['colcon_meta']
[0.501s] [34mcolcon.colcon_core.package_identification[0m [1;30mLevel 1[0m _identify(src/gps) by extension 'colcon_meta'
[0.502s] [34mcolcon.colcon_core.package_identification[0m [1;30mLevel 1[0m _identify(src/gps) by extensions ['ros']
[0.502s] [34mcolcon.colcon_core.package_identification[0m [1;30mLevel 1[0m _identify(src/gps) by extension 'ros'
[0.504s] [34mcolcon.colcon_core.package_identification[0m [1;30mDEBUG[0m [32mPackage 'src/gps' with type 'ros.ament_python' and name 'gps'[0m
[0.505s] [34mcolcon.colcon_core.package_identification[0m [1;30mLevel 1[0m _identify(src/planner) by extensions ['ignore', 'ignore_ament_install']
[0.505s] [34mcolcon.colcon_core.package_identification[0m [1;30mLevel 1[0m _identify(src/planner) by extension 'ignore'
[0.505s] [34mcolcon.colcon_core.package_identification[0m [1;30mLevel 1[0m _identify(src/planner) by extension 'ignore_ament_install'
[0.505s] [34mcolcon.colcon_core.package_identification[0m [1;30mLevel 1[0m _identify(src/planner) by extensions ['colcon_pkg']
[0.505s] [34mcolcon.colcon_core.package_identification[0m [1;30mLevel 1[0m _identify(src/planner) by extension 'colcon_pkg'
[0.505s] [34mcolcon.colcon_core.package_identification[0m [1;30mLevel 1[0m _identify(src/planner) by extensions ['colcon_meta']
[0.506s] [34mcolcon.colcon_core.package_identification[0m [1;30mLevel 1[0m _identify(src/planner) by extension 'colcon_meta'
[0.506s] [34mcolcon.colcon_core.package_identification[0m [1;30mLevel 1[0m _identify(src/planner) by extensions ['ros']
[0.506s] [34mcolcon.colcon_core.package_identification[0m [1;30mLevel 1[0m _identify(src/planner) by extension 'ros'
[0.509s] [34mcolcon.colcon_core.package_identification[0m [1;30mDEBUG[0m [32mPackage 'src/planner' with type 'ros.ament_cmake' and name 'planner'[0m
[0.509s] [34mcolcon.colcon_core.package_identification[0m [1;30mLevel 1[0m _identify(src/yolo) by extensions ['ignore', 'ignore_ament_install']
[0.509s] [34mcolcon.colcon_core.package_identification[0m [1;30mLevel 1[0m _identify(src/yolo) by extension 'ignore'
[0.510s] [34mcolcon.colcon_core.package_identification[0m [1;30mLevel 1[0m _identify(src/yolo) by extension 'ignore_ament_install'
[0.510s] [34mcolcon.colcon_core.package_identification[0m [1;30mLevel 1[0m _identify(src/yolo) by extensions ['colcon_pkg']
[0.510s] [34mcolcon.colcon_core.package_identification[0m [1;30mLevel 1[0m _identify(src/yolo) by extension 'colcon_pkg'
[0.510s] [34mcolcon.colcon_core.package_identification[0m [1;30mLevel 1[0m _identify(src/yolo) by extensions ['colcon_meta']
[0.510s] [34mcolcon.colcon_core.package_identification[0m [1;30mLevel 1[0m _identify(src/yolo) by extension 'colcon_meta'
[0.510s] [34mcolcon.colcon_core.package_identification[0m [1;30mLevel 1[0m _identify(src/yolo) by extensions ['ros']
[0.510s] [34mcolcon.colcon_core.package_identification[0m [1;30mLevel 1[0m _identify(src/yolo) by extension 'ros'
[0.512s] [34mcolcon.colcon_core.package_identification[0m [1;30mDEBUG[0m [32mPackage 'src/yolo' with type 'ros.ament_python' and name 'yolo'[0m
[0.513s] [34mcolcon.colcon_core.package_discovery[0m [1;30mLevel 1[0m discover_packages(recursive) using defaults
[0.513s] [34mcolcon.colcon_core.package_discovery[0m [1;30mLevel 1[0m discover_packages(ignore) discover
[0.513s] [34mcolcon.colcon_core.package_discovery[0m [1;30mLevel 1[0m discover_packages(ignore) using defaults
[0.513s] [34mcolcon.colcon_core.package_discovery[0m [1;30mLevel 1[0m discover_packages(path) discover
[0.513s] [34mcolcon.colcon_core.package_discovery[0m [1;30mLevel 1[0m discover_packages(path) using defaults
[0.560s] [34mcolcon.colcon_core.package_discovery[0m [1;30mLevel 1[0m discover_packages(prefix_path) check parameters
[0.560s] [34mcolcon.colcon_core.package_discovery[0m [1;30mLevel 1[0m discover_packages(prefix_path) discover
[0.567s] [34mcolcon.colcon_installed_package_information.package_discovery[0m [1;30mDEBUG[0m [32mFound 4 installed packages in /home/mrmnavjet/IRC2026/ircWS/install[0m
[0.569s] [34mcolcon.colcon_installed_package_information.package_discovery[0m [1;30mDEBUG[0m [32mFound 5 installed packages in /home/mrmnavjet/test/ERC2025/install[0m
[0.572s] [34mcolcon.colcon_installed_package_information.package_discovery[0m [1;30mDEBUG[0m [32mFound 3 installed packages in /home/mrmnavjet/zed_ros_ws/install[0m
[0.575s] [34mcolcon.colcon_installed_package_information.package_discovery[0m [1;30mDEBUG[0m [32mFound 368 installed packages in /opt/ros/humble[0m
[0.579s] [34mcolcon.colcon_core.package_discovery[0m [1;30mLevel 1[0m discover_packages(prefix_path) using defaults
[0.694s] [34mcolcon.colcon_core.verb[0m [1;30mLevel 5[0m set package 'custom_msgs' build argument 'cmake_args' from command line to 'None'
[0.694s] [34mcolcon.colcon_core.verb[0m [1;30mLevel 5[0m set package 'custom_msgs' build argument 'cmake_target' from command line to 'None'
[0.695s] [34mcolcon.colcon_core.verb[0m [1;30mLevel 5[0m set package 'custom_msgs' build argument 'cmake_target_skip_unavailable' from command line to 'False'
[0.695s] [34mcolcon.colcon_core.verb[0m [1;30mLevel 5[0m set package 'custom_msgs' build argument 'cmake_clean_cache' from command line to 'False'
[0.695s] [34mcolcon.colcon_core.verb[0m [1;30mLevel 5[0m set package 'custom_msgs' build argument 'cmake_clean_first' from command line to 'False'
[0.695s] [34mcolcon.colcon_core.verb[0m [1;30mLevel 5[0m set package 'custom_msgs' build argument 'cmake_force_configure' from command line to 'False'
[0.695s] [34mcolcon.colcon_core.verb[0m [1;30mLevel 5[0m set package 'custom_msgs' build argument 'ament_cmake_args' from command line to 'None'
[0.695s] [34mcolcon.colcon_core.verb[0m [1;30mLevel 5[0m set package 'custom_msgs' build argument 'catkin_cmake_args' from command line to 'None'
[0.696s] [34mcolcon.colcon_core.verb[0m [1;30mLevel 5[0m set package 'custom_msgs' build argument 'catkin_skip_building_tests' from command line to 'False'
[0.696s] [34mcolcon.colcon_core.verb[0m [1;30mDEBUG[0m [32mBuilding package 'custom_msgs' with the following arguments: {'ament_cmake_args': None, 'build_base': '/home/mrmnavjet/IRC2026/ircWS/build/custom_msgs', 'catkin_cmake_args': None, 'catkin_skip_building_tests': False, 'cmake_args': None, 'cmake_clean_cache': False, 'cmake_clean_first': False, 'cmake_force_configure': False, 'cmake_target': None, 'cmake_target_skip_unavailable': False, 'install_base': '/home/mrmnavjet/IRC2026/ircWS/install/custom_msgs', 'merge_install': False, 'path': '/home/mrmnavjet/IRC2026/ircWS/src/custom_msgs', 'symlink_install': False, 'test_result_base': None}[0m
[0.696s] [34mcolcon.colcon_core.verb[0m [1;30mLevel 5[0m set package 'gps' build argument 'cmake_args' from command line to 'None'
[0.697s] [34mcolcon.colcon_core.verb[0m [1;30mLevel 5[0m set package 'gps' build argument 'cmake_target' from command line to 'None'
[0.697s] [34mcolcon.colcon_core.verb[0m [1;30mLevel 5[0m set package 'gps' build argument 'cmake_target_skip_unavailable' from command line to 'False'
[0.697s] [34mcolcon.colcon_core.verb[0m [1;30mLevel 5[0m set package 'gps' build argument 'cmake_clean_cache' from command line to 'False'
[0.697s] [34mcolcon.colcon_core.verb[0m [1;30mLevel 5[0m set package 'gps' build argument 'cmake_clean_first' from command line to 'False'
[0.697s] [34mcolcon.colcon_core.verb[0m [1;30mLevel 5[0m set package 'gps' build argument 'cmake_force_configure' from command line to 'False'
[0.697s] [34mcolcon.colcon_core.verb[0m [1;30mLevel 5[0m set package 'gps' build argument 'ament_cmake_args' from command line to 'None'
[0.697s] [34mcolcon.colcon_core.verb[0m [1;30mLevel 5[0m set package 'gps' build argument 'catkin_cmake_args' from command line to 'None'
[0.697s] [34mcolcon.colcon_core.verb[0m [1;30mLevel 5[0m set package 'gps' build argument 'catkin_skip_building_tests' from command line to 'False'
[0.697s] [34mcolcon.colcon_core.verb[0m [1;30mDEBUG[0m [32mBuilding package 'gps' with the following arguments: {'ament_cmake_args': None, 'build_base': '/home/mrmnavjet/IRC2026/ircWS/build/gps', 'catkin_cmake_args': None, 'catkin_skip_building_tests': False, 'cmake_args': None, 'cmake_clean_cache': False, 'cmake_clean_first': False, 'cmake_force_configure': False, 'cmake_target': None, 'cmake_target_skip_unavailable': False, 'install_base': '/home/mrmnavjet/IRC2026/ircWS/install/gps', 'merge_install': False, 'path': '/home/mrmnavjet/IRC2026/ircWS/src/gps', 'symlink_install': False, 'test_result_base': None}[0m
[0.698s] [34mcolcon.colcon_core.verb[0m [1;30mLevel 5[0m set package 'planner' build argument 'cmake_args' from command line to 'None'
[0.698s] [34mcolcon.colcon_core.verb[0m [1;30mLevel 5[0m set package 'planner' build argument 'cmake_target' from command line to 'None'
[0.698s] [34mcolcon.colcon_core.verb[0m [1;30mLevel 5[0m set package 'planner' build argument 'cmake_target_skip_unavailable' from command line to 'False'
[0.698s] [34mcolcon.colcon_core.verb[0m [1;30mLevel 5[0m set package 'planner' build argument 'cmake_clean_cache' from command line to 'False'
[0.698s] [34mcolcon.colcon_core.verb[0m [1;30mLevel 5[0m set package 'planner' build argument 'cmake_clean_first' from command line to 'False'
[0.698s] [34mcolcon.colcon_core.verb[0m [1;30mLevel 5[0m set package 'planner' build argument 'cmake_force_configure' from command line to 'False'
[0.698s] [34mcolcon.colcon_core.verb[0m [1;30mLevel 5[0m set package 'planner' build argument 'ament_cmake_args' from command line to 'None'
[0.698s] [34mcolcon.colcon_core.verb[0m [1;30mLevel 5[0m set package 'planner' build argument 'catkin_cmake_args' from command line to 'None'
[0.698s] [34mcolcon.colcon_core.verb[0m [1;30mLevel 5[0m set package 'planner' build argument 'catkin_skip_building_tests' from command line to 'False'
[0.698s] [34mcolcon.colcon_core.verb[0m [1;30mDEBUG[0m [32mBuilding package 'planner' with the following arguments: {'ament_cmake_args': None, 'build_base': '/home/mrmnavjet/IRC2026/ircWS/build/planner', 'catkin_cmake_args': None, 'catkin_skip_building_tests': False, 'cmake_args': None, 'cmake_clean_cache': False, 'cmake_clean_first': False, 'cmake_force_configure': False, 'cmake_target': None, 'cmake_target_skip_unavailable': False, 'install_base': '/home/mrmnavjet/IRC2026/ircWS/install/planner', 'merge_install': False, 'path': '/home/mrmnavjet/IRC2026/ircWS/src/planner', 'symlink_install': False, 'test_result_base': None}[0m
[0.700s] [34mcolcon.colcon_core.verb[0m [1;30mLevel 5[0m set package 'yolo' build argument 'cmake_args' from command line to 'None'
[0.700s] [34mcolcon.colcon_core.verb[0m [1;30mLevel 5[0m set package 'yolo' build argument 'cmake_target' from command line to 'None'
[0.700s] [34mcolcon.colcon_core.verb[0m [1;30mLevel 5[0m set package 'yolo' build argument 'cmake_target_skip_unavailable' from command line to 'False'
[0.700s] [34mcolcon.colcon_core.verb[0m [1;30mLevel 5[0m set package 'yolo' build argument 'cmake_clean_cache' from command line to 'False'
[0.700s] [34mcolcon.colcon_core.verb[0m [1;30mLevel 5[0m set package 'yolo' build argument 'cmake_clean_first' from command line to 'False'
[0.700s] [34mcolcon.colcon_core.verb[0m [1;30mLevel 5[0m set package 'yolo' build argument 'cmake_force_configure' from command line to 'False'
[0.700s] [34mcolcon.colcon_core.verb[0m [1;30mLevel 5[0m set package 'yolo' build argument 'ament_cmake_args' from command line to 'None'
[0.700s] [34mcolcon.colcon_core.verb[0m [1;30mLevel 5[0m set package 'yolo' build argument 'catkin_cmake_args' from command line to 'None'
[0.700s] [34mcolcon.colcon_core.verb[0m [1;30mLevel 5[0m set package 'yolo' build argument 'catkin_skip_building_tests' from command line to 'False'
[0.701s] [34mcolcon.colcon_core.verb[0m [1;30mDEBUG[0m [32mBuilding package 'yolo' with the following arguments: {'ament_cmake_args': None, 'build_base': '/home/mrmnavjet/IRC2026/ircWS/build/yolo', 'catkin_cmake_args': None, 'catkin_skip_building_tests': False, 'cmake_args': None, 'cmake_clean_cache': False, 'cmake_clean_first': False, 'cmake_force_configure': False, 'cmake_target': None, 'cmake_target_skip_unavailable': False, 'install_base': '/home/mrmnavjet/IRC2026/ircWS/install/yolo', 'merge_install': False, 'path': '/home/mrmnavjet/IRC2026/ircWS/src/yolo', 'symlink_install': False, 'test_result_base': None}[0m
[0.701s] [34mcolcon.colcon_core.executor[0m [1;30mINFO[0m Executing jobs using 'parallel' executor
[0.706s] [34mcolcon.colcon_parallel_executor.executor.parallel[0m [1;30mDEBUG[0m [32mrun_until_complete[0m
[0.708s] [34mcolcon.colcon_ros.task.ament_cmake.build[0m [1;30mINFO[0m Building ROS package in '/home/mrmnavjet/IRC2026/ircWS/src/custom_msgs' with build type 'ament_cmake'
[0.709s] [34mcolcon.colcon_cmake.task.cmake.build[0m [1;30mINFO[0m Building CMake package in '/home/mrmnavjet/IRC2026/ircWS/src/custom_msgs'
[0.714s] [34mcolcon.colcon_core.plugin_system[0m [1;30mINFO[0m Skipping extension 'colcon_core.shell.bat': Not used on non-Windows systems
[0.716s] [34mcolcon.colcon_core.shell[0m [1;30mINFO[0m Skip shell extension 'powershell' for command environment: Not usable outside of PowerShell
[0.716s] [34mcolcon.colcon_core.shell[0m [1;30mDEBUG[0m [32mSkip shell extension 'dsv' for command environment[0m
[0.728s] [34mcolcon.colcon_ros.task.ament_python.build[0m [1;30mINFO[0m Building ROS package in '/home/mrmnavjet/IRC2026/ircWS/src/gps' with build type 'ament_python'
[0.729s] [34mcolcon.colcon_core.shell[0m [1;30mLevel 1[0m create_environment_hook('gps', 'ament_prefix_path')
[0.730s] [34mcolcon.colcon_core.shell[0m [1;30mINFO[0m Creating environment hook '/home/mrmnavjet/IRC2026/ircWS/install/gps/share/gps/hook/ament_prefix_path.ps1'
[0.731s] [34mcolcon.colcon_core.shell[0m [1;30mINFO[0m Creating environment descriptor '/home/mrmnavjet/IRC2026/ircWS/install/gps/share/gps/hook/ament_prefix_path.dsv'
[0.732s] [34mcolcon.colcon_core.shell[0m [1;30mINFO[0m Creating environment hook '/home/mrmnavjet/IRC2026/ircWS/install/gps/share/gps/hook/ament_prefix_path.sh'
[0.734s] [34mcolcon.colcon_core.shell[0m [1;30mINFO[0m Skip shell extension 'powershell' for command environment: Not usable outside of PowerShell
[0.734s] [34mcolcon.colcon_core.shell[0m [1;30mDEBUG[0m [32mSkip shell extension 'dsv' for command environment[0m
[0.756s] [34mcolcon.colcon_core.event_handler.log_command[0m [1;30mDEBUG[0m [32mInvoking command in '/home/mrmnavjet/IRC2026/ircWS/build/custom_msgs': CMAKE_PREFIX_PATH=${CMAKE_PREFIX_PATH}:/home/mrmnavjet/IRC2026/ircWS/install/yolo:/home/mrmnavjet/IRC2026/ircWS/install/gps:/home/mrmnavjet/test/ERC2025/install/leo_nodes:/home/mrmnavjet/test/ERC2025/install/gps:/opt/ros/humble /usr/bin/cmake --build /home/mrmnavjet/IRC2026/ircWS/build/custom_msgs -- -j6 -l6[0m
[1.373s] [34mcolcon.colcon_core.task.python.build[0m [1;30mINFO[0m Building Python package in '/home/mrmnavjet/IRC2026/ircWS/src/gps'
[1.374s] [34mcolcon.colcon_core.shell[0m [1;30mINFO[0m Skip shell extension 'powershell' for command environment: Not usable outside of PowerShell
[1.374s] [34mcolcon.colcon_core.shell[0m [1;30mDEBUG[0m [32mSkip shell extension 'dsv' for command environment[0m
[1.880s] [34mcolcon.colcon_core.event_handler.log_command[0m [1;30mDEBUG[0m [32mInvoked command in '/home/mrmnavjet/IRC2026/ircWS/build/custom_msgs' returned '0': CMAKE_PREFIX_PATH=${CMAKE_PREFIX_PATH}:/home/mrmnavjet/IRC2026/ircWS/install/yolo:/home/mrmnavjet/IRC2026/ircWS/install/gps:/home/mrmnavjet/test/ERC2025/install/leo_nodes:/home/mrmnavjet/test/ERC2025/install/gps:/opt/ros/humble /usr/bin/cmake --build /home/mrmnavjet/IRC2026/ircWS/build/custom_msgs -- -j6 -l6[0m
[1.899s] [34mcolcon.colcon_core.event_handler.log_command[0m [1;30mDEBUG[0m [32mInvoking command in '/home/mrmnavjet/IRC2026/ircWS/build/custom_msgs': CMAKE_PREFIX_PATH=${CMAKE_PREFIX_PATH}:/home/mrmnavjet/IRC2026/ircWS/install/yolo:/home/mrmnavjet/IRC2026/ircWS/install/gps:/home/mrmnavjet/test/ERC2025/install/leo_nodes:/home/mrmnavjet/test/ERC2025/install/gps:/opt/ros/humble /usr/bin/cmake --install /home/mrmnavjet/IRC2026/ircWS/build/custom_msgs[0m
[2.060s] [34mcolcon.colcon_core.environment[0m [1;30mLevel 1[0m create_environment_scripts_only(custom_msgs)
[2.066s] [34mcolcon.colcon_core.environment[0m [1;30mLevel 1[0m checking '/home/mrmnavjet/IRC2026/ircWS/install/custom_msgs' for CMake module files
[2.067s] [34mcolcon.colcon_core.environment[0m [1;30mLevel 1[0m checking '/home/mrmnavjet/IRC2026/ircWS/install/custom_msgs' for CMake config files
[2.068s] [34mcolcon.colcon_core.shell[0m [1;30mLevel 1[0m create_environment_hook('custom_msgs', 'cmake_prefix_path')
[2.069s] [34mcolcon.colcon_core.shell[0m [1;30mINFO[0m Creating environment hook '/home/mrmnavjet/IRC2026/ircWS/install/custom_msgs/share/custom_msgs/hook/cmake_prefix_path.ps1'
[2.070s] [34mcolcon.colcon_core.shell[0m [1;30mINFO[0m Creating environment descriptor '/home/mrmnavjet/IRC2026/ircWS/install/custom_msgs/share/custom_msgs/hook/cmake_prefix_path.dsv'
[2.071s] [34mcolcon.colcon_core.shell[0m [1;30mINFO[0m Creating environment hook '/home/mrmnavjet/IRC2026/ircWS/install/custom_msgs/share/custom_msgs/hook/cmake_prefix_path.sh'
[2.073s] [34mcolcon.colcon_core.environment[0m [1;30mLevel 1[0m checking '/home/mrmnavjet/IRC2026/ircWS/install/custom_msgs/lib'
[2.073s] [34mcolcon.colcon_core.shell[0m [1;30mLevel 1[0m create_environment_hook('custom_msgs', 'ld_library_path_lib')
[2.074s] [34mcolcon.colcon_core.shell[0m [1;30mINFO[0m Creating environment hook '/home/mrmnavjet/IRC2026/ircWS/install/custom_msgs/share/custom_msgs/hook/ld_library_path_lib.ps1'
[2.074s] [34mcolcon.colcon_core.shell[0m [1;30mINFO[0m Creating environment descriptor '/home/mrmnavjet/IRC2026/ircWS/install/custom_msgs/share/custom_msgs/hook/ld_library_path_lib.dsv'
[2.075s] [34mcolcon.colcon_core.shell[0m [1;30mINFO[0m Creating environment hook '/home/mrmnavjet/IRC2026/ircWS/install/custom_msgs/share/custom_msgs/hook/ld_library_path_lib.sh'
[2.076s] [34mcolcon.colcon_core.environment[0m [1;30mLevel 1[0m checking '/home/mrmnavjet/IRC2026/ircWS/install/custom_msgs/bin'
[2.076s] [34mcolcon.colcon_core.environment[0m [1;30mLevel 1[0m checking '/home/mrmnavjet/IRC2026/ircWS/install/custom_msgs/lib/pkgconfig/custom_msgs.pc'
[2.077s] [34mcolcon.colcon_core.environment[0m [1;30mLevel 1[0m checking '/home/mrmnavjet/IRC2026/ircWS/install/custom_msgs/lib/python3.10/site-packages'
[2.077s] [34mcolcon.colcon_core.environment[0m [1;30mLevel 1[0m checking '/home/mrmnavjet/IRC2026/ircWS/install/custom_msgs/bin'
[2.078s] [34mcolcon.colcon_core.shell[0m [1;30mINFO[0m Creating package script '/home/mrmnavjet/IRC2026/ircWS/install/custom_msgs/share/custom_msgs/package.ps1'
[2.079s] [34mcolcon.colcon_core.shell[0m [1;30mINFO[0m Creating package descriptor '/home/mrmnavjet/IRC2026/ircWS/install/custom_msgs/share/custom_msgs/package.dsv'
[2.080s] [34mcolcon.colcon_core.shell[0m [1;30mINFO[0m Creating package script '/home/mrmnavjet/IRC2026/ircWS/install/custom_msgs/share/custom_msgs/package.sh'
[2.117s] [34mcolcon.colcon_core.event_handler.log_command[0m [1;30mDEBUG[0m [32mInvoked command in '/home/mrmnavjet/IRC2026/ircWS/build/custom_msgs' returned '0': CMAKE_PREFIX_PATH=${CMAKE_PREFIX_PATH}:/home/mrmnavjet/IRC2026/ircWS/install/yolo:/home/mrmnavjet/IRC2026/ircWS/install/gps:/home/mrmnavjet/test/ERC2025/install/leo_nodes:/home/mrmnavjet/test/ERC2025/install/gps:/opt/ros/humble /usr/bin/cmake --install /home/mrmnavjet/IRC2026/ircWS/build/custom_msgs[0m
[2.119s] [34mcolcon.colcon_core.shell[0m [1;30mINFO[0m Creating package script '/home/mrmnavjet/IRC2026/ircWS/install/custom_msgs/share/custom_msgs/package.bash'
[2.121s] [34mcolcon.colcon_core.shell[0m [1;30mINFO[0m Creating package script '/home/mrmnavjet/IRC2026/ircWS/install/custom_msgs/share/custom_msgs/package.zsh'
[2.123s] [34mcolcon.colcon_core.environment[0m [1;30mLevel 1[0m create_file_with_runtime_dependencies(/home/mrmnavjet/IRC2026/ircWS/install/custom_msgs/share/colcon-core/packages/custom_msgs)
[2.124s] [34mcolcon.colcon_core.environment[0m [1;30mLevel 1[0m create_environment_scripts_only(custom_msgs)
[2.125s] [34mcolcon.colcon_core.environment[0m [1;30mLevel 1[0m checking '/home/mrmnavjet/IRC2026/ircWS/install/custom_msgs' for CMake module files
[2.126s] [34mcolcon.colcon_core.environment[0m [1;30mLevel 1[0m checking '/home/mrmnavjet/IRC2026/ircWS/install/custom_msgs' for CMake config files
[2.127s] [34mcolcon.colcon_core.shell[0m [1;30mLevel 1[0m create_environment_hook('custom_msgs', 'cmake_prefix_path')
[2.128s] [34mcolcon.colcon_core.shell[0m [1;30mINFO[0m Creating environment hook '/home/mrmnavjet/IRC2026/ircWS/install/custom_msgs/share/custom_msgs/hook/cmake_prefix_path.ps1'
[2.129s] [34mcolcon.colcon_core.shell[0m [1;30mINFO[0m Creating environment descriptor '/home/mrmnavjet/IRC2026/ircWS/install/custom_msgs/share/custom_msgs/hook/cmake_prefix_path.dsv'
[2.129s] [34mcolcon.colcon_core.shell[0m [1;30mINFO[0m Creating environment hook '/home/mrmnavjet/IRC2026/ircWS/install/custom_msgs/share/custom_msgs/hook/cmake_prefix_path.sh'
[2.131s] [34mcolcon.colcon_core.environment[0m [1;30mLevel 1[0m checking '/home/mrmnavjet/IRC2026/ircWS/install/custom_msgs/lib'
[2.131s] [34mcolcon.colcon_core.shell[0m [1;30mLevel 1[0m create_environment_hook('custom_msgs', 'ld_library_path_lib')
[2.131s] [34mcolcon.colcon_core.shell[0m [1;30mINFO[0m Creating environment hook '/home/mrmnavjet/IRC2026/ircWS/install/custom_msgs/share/custom_msgs/hook/ld_library_path_lib.ps1'
[2.132s] [34mcolcon.colcon_core.shell[0m [1;30mINFO[0m Creating environment descriptor '/home/mrmnavjet/IRC2026/ircWS/install/custom_msgs/share/custom_msgs/hook/ld_library_path_lib.dsv'
[2.133s] [34mcolcon.colcon_core.shell[0m [1;30mINFO[0m Creating environment hook '/home/mrmnavjet/IRC2026/ircWS/install/custom_msgs/share/custom_msgs/hook/ld_library_path_lib.sh'
[2.133s] [34mcolcon.colcon_core.environment[0m [1;30mLevel 1[0m checking '/home/mrmnavjet/IRC2026/ircWS/install/custom_msgs/bin'
[2.134s] [34mcolcon.colcon_core.environment[0m [1;30mLevel 1[0m checking '/home/mrmnavjet/IRC2026/ircWS/install/custom_msgs/lib/pkgconfig/custom_msgs.pc'
[2.134s] [34mcolcon.colcon_core.environment[0m [1;30mLevel 1[0m checking '/home/mrmnavjet/IRC2026/ircWS/install/custom_msgs/lib/python3.10/site-packages'
[2.135s] [34mcolcon.colcon_core.environment[0m [1;30mLevel 1[0m checking '/home/mrmnavjet/IRC2026/ircWS/install/custom_msgs/bin'
[2.135s] [34mcolcon.colcon_core.shell[0m [1;30mINFO[0m Creating package script '/home/mrmnavjet/IRC2026/ircWS/install/custom_msgs/share/custom_msgs/package.ps1'
[2.136s] [34mcolcon.colcon_core.shell[0m [1;30mINFO[0m Creating package descriptor '/home/mrmnavjet/IRC2026/ircWS/install/custom_msgs/share/custom_msgs/package.dsv'
[2.137s] [34mcolcon.colcon_core.shell[0m [1;30mINFO[0m Creating package script '/home/mrmnavjet/IRC2026/ircWS/install/custom_msgs/share/custom_msgs/package.sh'
[2.138s] [34mcolcon.colcon_core.shell[0m [1;30mINFO[0m Creating package script '/home/mrmnavjet/IRC2026/ircWS/install/custom_msgs/share/custom_msgs/package.bash'
[2.139s] [34mcolcon.colcon_core.shell[0m [1;30mINFO[0m Creating package script '/home/mrmnavjet/IRC2026/ircWS/install/custom_msgs/share/custom_msgs/package.zsh'
[2.140s] [34mcolcon.colcon_core.environment[0m [1;30mLevel 1[0m create_file_with_runtime_dependencies(/home/mrmnavjet/IRC2026/ircWS/install/custom_msgs/share/colcon-core/packages/custom_msgs)
[2.142s] [34mcolcon.colcon_ros.task.ament_cmake.build[0m [1;30mINFO[0m Building ROS package in '/home/mrmnavjet/IRC2026/ircWS/src/planner' with build type 'ament_cmake'
[2.142s] [34mcolcon.colcon_cmake.task.cmake.build[0m [1;30mINFO[0m Building CMake package in '/home/mrmnavjet/IRC2026/ircWS/src/planner'
[2.143s] [34mcolcon.colcon_core.shell[0m [1;30mINFO[0m Skip shell extension 'powershell' for command environment: Not usable outside of PowerShell
[2.143s] [34mcolcon.colcon_core.shell[0m [1;30mDEBUG[0m [32mSkip shell extension 'dsv' for command environment[0m
[2.153s] [34mcolcon.colcon_ros.task.ament_python.build[0m [1;30mINFO[0m Building ROS package in '/home/mrmnavjet/IRC2026/ircWS/src/yolo' with build type 'ament_python'
[2.154s] [34mcolcon.colcon_core.shell[0m [1;30mLevel 1[0m create_environment_hook('yolo', 'ament_prefix_path')
[2.154s] [34mcolcon.colcon_core.shell[0m [1;30mINFO[0m Creating environment hook '/home/mrmnavjet/IRC2026/ircWS/install/yolo/share/yolo/hook/ament_prefix_path.ps1'
[2.156s] [34mcolcon.colcon_core.shell[0m [1;30mINFO[0m Creating environment descriptor '/home/mrmnavjet/IRC2026/ircWS/install/yolo/share/yolo/hook/ament_prefix_path.dsv'
[2.156s] [34mcolcon.colcon_core.shell[0m [1;30mINFO[0m Creating environment hook '/home/mrmnavjet/IRC2026/ircWS/install/yolo/share/yolo/hook/ament_prefix_path.sh'
[2.158s] [34mcolcon.colcon_core.shell[0m [1;30mINFO[0m Skip shell extension 'powershell' for command environment: Not usable outside of PowerShell
[2.158s] [34mcolcon.colcon_core.shell[0m [1;30mDEBUG[0m [32mSkip shell extension 'dsv' for command environment[0m
[2.175s] [34mcolcon.colcon_core.event_handler.log_command[0m [1;30mDEBUG[0m [32mInvoking command in '/home/mrmnavjet/IRC2026/ircWS/build/planner': CMAKE_PREFIX_PATH=/home/mrmnavjet/IRC2026/ircWS/install/custom_msgs:/home/mrmnavjet/zed_ros_ws/install/zed_ros2:/home/mrmnavjet/zed_ros_ws/install/zed_wrapper:/home/mrmnavjet/zed_ros_ws/install/zed_components:/home/mrmnavjet/IRC2026/ircWS/install/planner:/home/mrmnavjet/test/ERC2025/install/planner:/home/mrmnavjet/test/ERC2025/install/robot_interface:/home/mrmnavjet/test/ERC2025/install/leo_rover:/home/mrmnavjet/IRC2026/ircWS/install/yolo:/home/mrmnavjet/IRC2026/ircWS/install/gps:/home/mrmnavjet/test/ERC2025/install/leo_nodes:/home/mrmnavjet/test/ERC2025/install/gps:/opt/ros/humble LD_LIBRARY_PATH=/home/mrmnavjet/IRC2026/ircWS/install/custom_msgs/lib:/home/mrmnavjet/zed_ros_ws/install/zed_components/lib:/home/mrmnavjet/test/ERC2025/install/robot_interface/lib:/opt/ros/humble/opt/rviz_ogre_vendor/lib:/opt/ros/humble/lib/aarch64-linux-gnu:/opt/ros/humble/lib:/usr/local/cuda-12.6/lib64 /usr/bin/cmake --build /home/mrmnavjet/IRC2026/ircWS/build/planner -- -j6 -l6[0m
[2.804s] [34mcolcon.colcon_core.task.python.build[0m [1;30mINFO[0m Building Python package in '/home/mrmnavjet/IRC2026/ircWS/src/yolo'
[2.805s] [34mcolcon.colcon_core.shell[0m [1;30mINFO[0m Skip shell extension 'powershell' for command environment: Not usable outside of PowerShell
[2.805s] [34mcolcon.colcon_core.shell[0m [1;30mDEBUG[0m [32mSkip shell extension 'dsv' for command environment[0m
[2.969s] [34mcolcon.colcon_core.event_handler.log_command[0m [1;30mDEBUG[0m [32mInvoking command in '/home/mrmnavjet/IRC2026/ircWS/src/gps': PYTHONPATH=/home/mrmnavjet/IRC2026/ircWS/build/gps/prefix_override:/usr/lib/python3/dist-packages/colcon_core/task/python/colcon_distutils_commands:/home/mrmnavjet/IRC2026/ircWS/install/gps/lib/python3.10/site-packages:${PYTHONPATH} /usr/bin/python3 -W ignore:setup.py install is deprecated -W ignore:easy_install command is deprecated setup.py egg_info --egg-base ../../build/gps build --build-base /home/mrmnavjet/IRC2026/ircWS/build/gps/build install --record /home/mrmnavjet/IRC2026/ircWS/build/gps/install.log --single-version-externally-managed install_data[0m
[4.444s] [34mcolcon.colcon_core.event_handler.log_command[0m [1;30mDEBUG[0m [32mInvoking command in '/home/mrmnavjet/IRC2026/ircWS/src/yolo': CMAKE_PREFIX_PATH=/home/mrmnavjet/IRC2026/ircWS/install/custom_msgs:/home/mrmnavjet/zed_ros_ws/install/zed_ros2:/home/mrmnavjet/zed_ros_ws/install/zed_wrapper:/home/mrmnavjet/zed_ros_ws/install/zed_components:/home/mrmnavjet/IRC2026/ircWS/install/planner:/home/mrmnavjet/test/ERC2025/install/planner:/home/mrmnavjet/test/ERC2025/install/robot_interface:/home/mrmnavjet/test/ERC2025/install/leo_rover LD_LIBRARY_PATH=/home/mrmnavjet/IRC2026/ircWS/install/custom_msgs/lib:/home/mrmnavjet/zed_ros_ws/install/zed_components/lib:/home/mrmnavjet/test/ERC2025/install/robot_interface/lib:/opt/ros/humble/opt/rviz_ogre_vendor/lib:/opt/ros/humble/lib/aarch64-linux-gnu:/opt/ros/humble/lib:/usr/local/cuda-12.6/lib64 PYTHONPATH=/home/mrmnavjet/IRC2026/ircWS/build/yolo/prefix_override:/usr/lib/python3/dist-packages/colcon_core/task/python/colcon_distutils_commands:/home/mrmnavjet/IRC2026/ircWS/install/yolo/lib/python3.10/site-packages:${PYTHONPATH} /usr/bin/python3 -W ignore:setup.py install is deprecated -W ignore:easy_install command is deprecated setup.py egg_info --egg-base ../../build/yolo build --build-base /home/mrmnavjet/IRC2026/ircWS/build/yolo/build install --record /home/mrmnavjet/IRC2026/ircWS/build/yolo/install.log --single-version-externally-managed install_data[0m
[4.575s] [34mcolcon.colcon_core.environment[0m [1;30mLevel 1[0m checking '/home/mrmnavjet/IRC2026/ircWS/install/gps' for CMake module files
[4.576s] [34mcolcon.colcon_core.environment[0m [1;30mLevel 1[0m checking '/home/mrmnavjet/IRC2026/ircWS/install/gps' for CMake config files
[4.578s] [34mcolcon.colcon_core.environment[0m [1;30mLevel 1[0m checking '/home/mrmnavjet/IRC2026/ircWS/install/gps/lib'
[4.578s] [34mcolcon.colcon_core.environment[0m [1;30mLevel 1[0m checking '/home/mrmnavjet/IRC2026/ircWS/install/gps/bin'
[4.578s] [34mcolcon.colcon_core.environment[0m [1;30mLevel 1[0m checking '/home/mrmnavjet/IRC2026/ircWS/install/gps/lib/pkgconfig/gps.pc'
[4.579s] [34mcolcon.colcon_core.environment[0m [1;30mLevel 1[0m checking '/home/mrmnavjet/IRC2026/ircWS/install/gps/lib/python3.10/site-packages'
[4.579s] [34mcolcon.colcon_core.shell[0m [1;30mLevel 1[0m create_environment_hook('gps', 'pythonpath')
[4.580s] [34mcolcon.colcon_core.shell[0m [1;30mINFO[0m Creating environment hook '/home/mrmnavjet/IRC2026/ircWS/install/gps/share/gps/hook/pythonpath.ps1'
[4.581s] [34mcolcon.colcon_core.shell[0m [1;30mINFO[0m Creating environment descriptor '/home/mrmnavjet/IRC2026/ircWS/install/gps/share/gps/hook/pythonpath.dsv'
[4.582s] [34mcolcon.colcon_core.shell[0m [1;30mINFO[0m Creating environment hook '/home/mrmnavjet/IRC2026/ircWS/install/gps/share/gps/hook/pythonpath.sh'
[4.583s] [34mcolcon.colcon_core.event_handler.log_command[0m [1;30mDEBUG[0m [32mInvoked command in '/home/mrmnavjet/IRC2026/ircWS/src/gps' returned '0': PYTHONPATH=/home/mrmnavjet/IRC2026/ircWS/build/gps/prefix_override:/usr/lib/python3/dist-packages/colcon_core/task/python/colcon_distutils_commands:/home/mrmnavjet/IRC2026/ircWS/install/gps/lib/python3.10/site-packages:${PYTHONPATH} /usr/bin/python3 -W ignore:setup.py install is deprecated -W ignore:easy_install command is deprecated setup.py egg_info --egg-base ../../build/gps build --build-base /home/mrmnavjet/IRC2026/ircWS/build/gps/build install --record /home/mrmnavjet/IRC2026/ircWS/build/gps/install.log --single-version-externally-managed install_data[0m
[4.585s] [34mcolcon.colcon_core.environment[0m [1;30mLevel 1[0m checking '/home/mrmnavjet/IRC2026/ircWS/install/gps/bin'
[4.585s] [34mcolcon.colcon_core.environment[0m [1;30mLevel 1[0m create_environment_scripts_only(gps)
[4.586s] [34mcolcon.colcon_core.shell[0m [1;30mINFO[0m Creating package script '/home/mrmnavjet/IRC2026/ircWS/install/gps/share/gps/package.ps1'
[4.588s] [34mcolcon.colcon_core.shell[0m [1;30mINFO[0m Creating package descriptor '/home/mrmnavjet/IRC2026/ircWS/install/gps/share/gps/package.dsv'
[4.589s] [34mcolcon.colcon_core.shell[0m [1;30mINFO[0m Creating package script '/home/mrmnavjet/IRC2026/ircWS/install/gps/share/gps/package.sh'
[4.591s] [34mcolcon.colcon_core.shell[0m [1;30mINFO[0m Creating package script '/home/mrmnavjet/IRC2026/ircWS/install/gps/share/gps/package.bash'
[4.592s] [34mcolcon.colcon_core.shell[0m [1;30mINFO[0m Creating package script '/home/mrmnavjet/IRC2026/ircWS/install/gps/share/gps/package.zsh'
[4.593s] [34mcolcon.colcon_core.environment[0m [1;30mLevel 1[0m create_file_with_runtime_dependencies(/home/mrmnavjet/IRC2026/ircWS/install/gps/share/colcon-core/packages/gps)
[6.024s] [34mcolcon.colcon_core.environment[0m [1;30mLevel 1[0m checking '/home/mrmnavjet/IRC2026/ircWS/install/yolo' for CMake module files
[6.026s] [34mcolcon.colcon_core.event_handler.log_command[0m [1;30mDEBUG[0m [32mInvoked command in '/home/mrmnavjet/IRC2026/ircWS/src/yolo' returned '0': CMAKE_PREFIX_PATH=/home/mrmnavjet/IRC2026/ircWS/install/custom_msgs:/home/mrmnavjet/zed_ros_ws/install/zed_ros2:/home/mrmnavjet/zed_ros_ws/install/zed_wrapper:/home/mrmnavjet/zed_ros_ws/install/zed_components:/home/mrmnavjet/IRC2026/ircWS/install/planner:/home/mrmnavjet/test/ERC2025/install/planner:/home/mrmnavjet/test/ERC2025/install/robot_interface:/home/mrmnavjet/test/ERC2025/install/leo_rover LD_LIBRARY_PATH=/home/mrmnavjet/IRC2026/ircWS/install/custom_msgs/lib:/home/mrmnavjet/zed_ros_ws/install/zed_components/lib:/home/mrmnavjet/test/ERC2025/install/robot_interface/lib:/opt/ros/humble/opt/rviz_ogre_vendor/lib:/opt/ros/humble/lib/aarch64-linux-gnu:/opt/ros/humble/lib:/usr/local/cuda-12.6/lib64 PYTHONPATH=/home/mrmnavjet/IRC2026/ircWS/build/yolo/prefix_override:/usr/lib/python3/dist-packages/colcon_core/task/python/colcon_distutils_commands:/home/mrmnavjet/IRC2026/ircWS/install/yolo/lib/python3.10/site-packages:${PYTHONPATH} /usr/bin/python3 -W ignore:setup.py install is deprecated -W ignore:easy_install command is deprecated setup.py egg_info --egg-base ../../build/yolo build --build-base /home/mrmnavjet/IRC2026/ircWS/build/yolo/build install --record /home/mrmnavjet/IRC2026/ircWS/build/yolo/install.log --single-version-externally-managed install_data[0m
[6.028s] [34mcolcon.colcon_core.environment[0m [1;30mLevel 1[0m checking '/home/mrmnavjet/IRC2026/ircWS/install/yolo' for CMake config files
[6.029s] [34mcolcon.colcon_core.environment[0m [1;30mLevel 1[0m checking '/home/mrmnavjet/IRC2026/ircWS/install/yolo/lib'
[6.029s] [34mcolcon.colcon_core.environment[0m [1;30mLevel 1[0m checking '/home/mrmnavjet/IRC2026/ircWS/install/yolo/bin'
[6.029s] [34mcolcon.colcon_core.environment[0m [1;30mLevel 1[0m checking '/home/mrmnavjet/IRC2026/ircWS/install/yolo/lib/pkgconfig/yolo.pc'
[6.030s] [34mcolcon.colcon_core.environment[0m [1;30mLevel 1[0m checking '/home/mrmnavjet/IRC2026/ircWS/install/yolo/lib/python3.10/site-packages'
[6.030s] [34mcolcon.colcon_core.shell[0m [1;30mLevel 1[0m create_environment_hook('yolo', 'pythonpath')
[6.032s] [34mcolcon.colcon_core.shell[0m [1;30mINFO[0m Creating environment hook '/home/mrmnavjet/IRC2026/ircWS/install/yolo/share/yolo/hook/pythonpath.ps1'
[6.033s] [34mcolcon.colcon_core.shell[0m [1;30mINFO[0m Creating environment descriptor '/home/mrmnavjet/IRC2026/ircWS/install/yolo/share/yolo/hook/pythonpath.dsv'
[6.034s] [34mcolcon.colcon_core.shell[0m [1;30mINFO[0m Creating environment hook '/home/mrmnavjet/IRC2026/ircWS/install/yolo/share/yolo/hook/pythonpath.sh'
[6.036s] [34mcolcon.colcon_core.environment[0m [1;30mLevel 1[0m checking '/home/mrmnavjet/IRC2026/ircWS/install/yolo/bin'
[6.036s] [34mcolcon.colcon_core.environment[0m [1;30mLevel 1[0m create_environment_scripts_only(yolo)
[6.037s] [34mcolcon.colcon_core.shell[0m [1;30mINFO[0m Creating package script '/home/mrmnavjet/IRC2026/ircWS/install/yolo/share/yolo/package.ps1'
[6.038s] [34mcolcon.colcon_core.shell[0m [1;30mINFO[0m Creating package descriptor '/home/mrmnavjet/IRC2026/ircWS/install/yolo/share/yolo/package.dsv'
[6.039s] [34mcolcon.colcon_core.shell[0m [1;30mINFO[0m Creating package script '/home/mrmnavjet/IRC2026/ircWS/install/yolo/share/yolo/package.sh'
[6.040s] [34mcolcon.colcon_core.shell[0m [1;30mINFO[0m Creating package script '/home/mrmnavjet/IRC2026/ircWS/install/yolo/share/yolo/package.bash'
[6.041s] [34mcolcon.colcon_core.shell[0m [1;30mINFO[0m Creating package script '/home/mrmnavjet/IRC2026/ircWS/install/yolo/share/yolo/package.zsh'
[6.042s] [34mcolcon.colcon_core.environment[0m [1;30mLevel 1[0m create_file_with_runtime_dependencies(/home/mrmnavjet/IRC2026/ircWS/install/yolo/share/colcon-core/packages/yolo)
[64.189s] [34mcolcon.colcon_core.event_handler.log_command[0m [1;30mDEBUG[0m [32mInvoked command in '/home/mrmnavjet/IRC2026/ircWS/build/planner' returned '0': CMAKE_PREFIX_PATH=/home/mrmnavjet/IRC2026/ircWS/install/custom_msgs:/home/mrmnavjet/zed_ros_ws/install/zed_ros2:/home/mrmnavjet/zed_ros_ws/install/zed_wrapper:/home/mrmnavjet/zed_ros_ws/install/zed_components:/home/mrmnavjet/IRC2026/ircWS/install/planner:/home/mrmnavjet/test/ERC2025/install/planner:/home/mrmnavjet/test/ERC2025/install/robot_interface:/home/mrmnavjet/test/ERC2025/install/leo_rover:/home/mrmnavjet/IRC2026/ircWS/install/yolo:/home/mrmnavjet/IRC2026/ircWS/install/gps:/home/mrmnavjet/test/ERC2025/install/leo_nodes:/home/mrmnavjet/test/ERC2025/install/gps:/opt/ros/humble LD_LIBRARY_PATH=/home/mrmnavjet/IRC2026/ircWS/install/custom_msgs/lib:/home/mrmnavjet/zed_ros_ws/install/zed_components/lib:/home/mrmnavjet/test/ERC2025/install/robot_interface/lib:/opt/ros/humble/opt/rviz_ogre_vendor/lib:/opt/ros/humble/lib/aarch64-linux-gnu:/opt/ros/humble/lib:/usr/local/cuda-12.6/lib64 /usr/bin/cmake --build /home/mrmnavjet/IRC2026/ircWS/build/planner -- -j6 -l6[0m
[64.193s] [34mcolcon.colcon_core.event_handler.log_command[0m [1;30mDEBUG[0m [32mInvoking command in '/home/mrmnavjet/IRC2026/ircWS/build/planner': CMAKE_PREFIX_PATH=/home/mrmnavjet/IRC2026/ircWS/install/custom_msgs:/home/mrmnavjet/zed_ros_ws/install/zed_ros2:/home/mrmnavjet/zed_ros_ws/install/zed_wrapper:/home/mrmnavjet/zed_ros_ws/install/zed_components:/home/mrmnavjet/IRC2026/ircWS/install/planner:/home/mrmnavjet/test/ERC2025/install/planner:/home/mrmnavjet/test/ERC2025/install/robot_interface:/home/mrmnavjet/test/ERC2025/install/leo_rover:/home/mrmnavjet/IRC2026/ircWS/install/yolo:/home/mrmnavjet/IRC2026/ircWS/install/gps:/home/mrmnavjet/test/ERC2025/install/leo_nodes:/home/mrmnavjet/test/ERC2025/install/gps:/opt/ros/humble LD_LIBRARY_PATH=/home/mrmnavjet/IRC2026/ircWS/install/custom_msgs/lib:/home/mrmnavjet/zed_ros_ws/install/zed_components/lib:/home/mrmnavjet/test/ERC2025/install/robot_interface/lib:/opt/ros/humble/opt/rviz_ogre_vendor/lib:/opt/ros/humble/lib/aarch64-linux-gnu:/opt/ros/humble/lib:/usr/local/cuda-12.6/lib64 /usr/bin/cmake --install /home/mrmnavjet/IRC2026/ircWS/build/planner[0m
[64.244s] [34mcolcon.colcon_core.environment[0m [1;30mLevel 1[0m create_environment_scripts_only(planner)
[64.246s] [34mcolcon.colcon_core.environment[0m [1;30mLevel 1[0m checking '/home/mrmnavjet/IRC2026/ircWS/install/planner' for CMake module files
[64.247s] [34mcolcon.colcon_core.event_handler.log_command[0m [1;30mDEBUG[0m [32mInvoked command in '/home/mrmnavjet/IRC2026/ircWS/build/planner' returned '0': CMAKE_PREFIX_PATH=/home/mrmnavjet/IRC2026/ircWS/install/custom_msgs:/home/mrmnavjet/zed_ros_ws/install/zed_ros2:/home/mrmnavjet/zed_ros_ws/install/zed_wrapper:/home/mrmnavjet/zed_ros_ws/install/zed_components:/home/mrmnavjet/IRC2026/ircWS/install/planner:/home/mrmnavjet/test/ERC2025/install/planner:/home/mrmnavjet/test/ERC2025/install/robot_interface:/home/mrmnavjet/test/ERC2025/install/leo_rover:/home/mrmnavjet/IRC2026/ircWS/install/yolo:/home/mrmnavjet/IRC2026/ircWS/install/gps:/home/mrmnavjet/test/ERC2025/install/leo_nodes:/home/mrmnavjet/test/ERC2025/install/gps:/opt/ros/humble LD_LIBRARY_PATH=/home/mrmnavjet/IRC2026/ircWS/install/custom_msgs/lib:/home/mrmnavjet/zed_ros_ws/install/zed_components/lib:/home/mrmnavjet/test/ERC2025/install/robot_interface/lib:/opt/ros/humble/opt/rviz_ogre_vendor/lib:/opt/ros/humble/lib/aarch64-linux-gnu:/opt/ros/humble/lib:/usr/local/cuda-12.6/lib64 /usr/bin/cmake --install /home/mrmnavjet/IRC2026/ircWS/build/planner[0m
[64.251s] [34mcolcon.colcon_core.environment[0m [1;30mLevel 1[0m checking '/home/mrmnavjet/IRC2026/ircWS/install/planner' for CMake config files
[64.251s] [34mcolcon.colcon_core.shell[0m [1;30mLevel 1[0m create_environment_hook('planner', 'cmake_prefix_path')
[64.252s] [34mcolcon.colcon_core.shell[0m [1;30mINFO[0m Creating environment hook '/home/mrmnavjet/IRC2026/ircWS/install/planner/share/planner/hook/cmake_prefix_path.ps1'
[64.254s] [34mcolcon.colcon_core.shell[0m [1;30mINFO[0m Creating environment descriptor '/home/mrmnavjet/IRC2026/ircWS/install/planner/share/planner/hook/cmake_prefix_path.dsv'
[64.255s] [34mcolcon.colcon_core.shell[0m [1;30mINFO[0m Creating environment hook '/home/mrmnavjet/IRC2026/ircWS/install/planner/share/planner/hook/cmake_prefix_path.sh'
[64.256s] [34mcolcon.colcon_core.environment[0m [1;30mLevel 1[0m checking '/home/mrmnavjet/IRC2026/ircWS/install/planner/lib'
[64.256s] [34mcolcon.colcon_core.environment[0m [1;30mLevel 1[0m checking '/home/mrmnavjet/IRC2026/ircWS/install/planner/bin'
[64.256s] [34mcolcon.colcon_core.environment[0m [1;30mLevel 1[0m checking '/home/mrmnavjet/IRC2026/ircWS/install/planner/lib/pkgconfig/planner.pc'
[64.257s] [34mcolcon.colcon_core.environment[0m [1;30mLevel 1[0m checking '/home/mrmnavjet/IRC2026/ircWS/install/planner/lib/python3.10/site-packages'
[64.257s] [34mcolcon.colcon_core.environment[0m [1;30mLevel 1[0m checking '/home/mrmnavjet/IRC2026/ircWS/install/planner/bin'
[64.258s] [34mcolcon.colcon_core.shell[0m [1;30mINFO[0m Creating package script '/home/mrmnavjet/IRC2026/ircWS/install/planner/share/planner/package.ps1'
[64.259s] [34mcolcon.colcon_core.shell[0m [1;30mINFO[0m Creating package descriptor '/home/mrmnavjet/IRC2026/ircWS/install/planner/share/planner/package.dsv'
[64.260s] [34mcolcon.colcon_core.shell[0m [1;30mINFO[0m Creating package script '/home/mrmnavjet/IRC2026/ircWS/install/planner/share/planner/package.sh'
[64.261s] [34mcolcon.colcon_core.shell[0m [1;30mINFO[0m Creating package script '/home/mrmnavjet/IRC2026/ircWS/install/planner/share/planner/package.bash'
[64.262s] [34mcolcon.colcon_core.shell[0m [1;30mINFO[0m Creating package script '/home/mrmnavjet/IRC2026/ircWS/install/planner/share/planner/package.zsh'
[64.262s] [34mcolcon.colcon_core.environment[0m [1;30mLevel 1[0m create_file_with_runtime_dependencies(/home/mrmnavjet/IRC2026/ircWS/install/planner/share/colcon-core/packages/planner)
[64.264s] [34mcolcon.colcon_core.environment[0m [1;30mLevel 1[0m create_environment_scripts_only(planner)
[64.264s] [34mcolcon.colcon_core.environment[0m [1;30mLevel 1[0m checking '/home/mrmnavjet/IRC2026/ircWS/install/planner' for CMake module files
[64.265s] [34mcolcon.colcon_core.environment[0m [1;30mLevel 1[0m checking '/home/mrmnavjet/IRC2026/ircWS/install/planner' for CMake config files
[64.265s] [34mcolcon.colcon_core.shell[0m [1;30mLevel 1[0m create_environment_hook('planner', 'cmake_prefix_path')
[64.266s] [34mcolcon.colcon_core.shell[0m [1;30mINFO[0m Creating environment hook '/home/mrmnavjet/IRC2026/ircWS/install/planner/share/planner/hook/cmake_prefix_path.ps1'
[64.267s] [34mcolcon.colcon_core.shell[0m [1;30mINFO[0m Creating environment descriptor '/home/mrmnavjet/IRC2026/ircWS/install/planner/share/planner/hook/cmake_prefix_path.dsv'
[64.267s] [34mcolcon.colcon_core.shell[0m [1;30mINFO[0m Creating environment hook '/home/mrmnavjet/IRC2026/ircWS/install/planner/share/planner/hook/cmake_prefix_path.sh'
[64.268s] [34mcolcon.colcon_core.environment[0m [1;30mLevel 1[0m checking '/home/mrmnavjet/IRC2026/ircWS/install/planner/lib'
[64.269s] [34mcolcon.colcon_core.environment[0m [1;30mLevel 1[0m checking '/home/mrmnavjet/IRC2026/ircWS/install/planner/bin'
[64.269s] [34mcolcon.colcon_core.environment[0m [1;30mLevel 1[0m checking '/home/mrmnavjet/IRC2026/ircWS/install/planner/lib/pkgconfig/planner.pc'
[64.269s] [34mcolcon.colcon_core.environment[0m [1;30mLevel 1[0m checking '/home/mrmnavjet/IRC2026/ircWS/install/planner/lib/python3.10/site-packages'
[64.270s] [34mcolcon.colcon_core.environment[0m [1;30mLevel 1[0m checking '/home/mrmnavjet/IRC2026/ircWS/install/planner/bin'
[64.270s] [34mcolcon.colcon_core.shell[0m [1;30mINFO[0m Creating package script '/home/mrmnavjet/IRC2026/ircWS/install/planner/share/planner/package.ps1'
[64.271s] [34mcolcon.colcon_core.shell[0m [1;30mINFO[0m Creating package descriptor '/home/mrmnavjet/IRC2026/ircWS/install/planner/share/planner/package.dsv'
[64.272s] [34mcolcon.colcon_core.shell[0m [1;30mINFO[0m Creating package script '/home/mrmnavjet/IRC2026/ircWS/install/planner/share/planner/package.sh'
[64.273s] [34mcolcon.colcon_core.shell[0m [1;30mINFO[0m Creating package script '/home/mrmnavjet/IRC2026/ircWS/install/planner/share/planner/package.bash'
[64.274s] [34mcolcon.colcon_core.shell[0m [1;30mINFO[0m Creating package script '/home/mrmnavjet/IRC2026/ircWS/install/planner/share/planner/package.zsh'
[64.275s] [34mcolcon.colcon_core.environment[0m [1;30mLevel 1[0m create_file_with_runtime_dependencies(/home/mrmnavjet/IRC2026/ircWS/install/planner/share/colcon-core/packages/planner)
[64.276s] [34mcolcon.colcon_parallel_executor.executor.parallel[0m [1;30mDEBUG[0m [32mclosing loop[0m
[64.276s] [34mcolcon.colcon_parallel_executor.executor.parallel[0m [1;30mDEBUG[0m [32mloop closed[0m
[64.277s] [34mcolcon.colcon_parallel_executor.executor.parallel[0m [1;30mDEBUG[0m [32mrun_until_complete finished with '0'[0m
[64.277s] [34mcolcon.colcon_core.event_reactor[0m [1;30mDEBUG[0m [32mjoining thread[0m
[64.290s] [34mcolcon.colcon_core.plugin_system[0m [1;30mINFO[0m Skipping extension 'colcon_notification.desktop_notification.terminal_notifier': Not used on non-Darwin systems
[64.290s] [34mcolcon.colcon_core.plugin_system[0m [1;30mINFO[0m Skipping extension 'colcon_notification.desktop_notification.win32': Not used on non-Windows systems
[64.291s] [34mcolcon.colcon_notification.desktop_notification[0m [1;30mINFO[0m Sending desktop notification using 'notify2'
[64.319s] [34mcolcon.colcon_notification.desktop_notification.notify2[0m [1;30mDEBUG[0m [32mFailed to initialize notify2: org.freedesktop.DBus.Error.Spawn.ChildExited: Process org.freedesktop.Notifications exited with status 1[0m
[64.320s] [34mcolcon.colcon_core.event_reactor[0m [1;30mDEBUG[0m [32mjoined thread[0m
[64.321s] [34mcolcon.colcon_core.shell[0m [1;30mINFO[0m Creating prefix script '/home/mrmnavjet/IRC2026/ircWS/install/local_setup.ps1'
[64.325s] [34mcolcon.colcon_core.shell[0m [1;30mINFO[0m Creating prefix util module '/home/mrmnavjet/IRC2026/ircWS/install/_local_setup_util_ps1.py'
[64.329s] [34mcolcon.colcon_core.shell[0m [1;30mINFO[0m Creating prefix chain script '/home/mrmnavjet/IRC2026/ircWS/install/setup.ps1'
[64.332s] [34mcolcon.colcon_core.shell[0m [1;30mINFO[0m Creating prefix script '/home/mrmnavjet/IRC2026/ircWS/install/local_setup.sh'
[64.333s] [34mcolcon.colcon_core.shell[0m [1;30mINFO[0m Creating prefix util module '/home/mrmnavjet/IRC2026/ircWS/install/_local_setup_util_sh.py'
[64.334s] [34mcolcon.colcon_core.shell[0m [1;30mINFO[0m Creating prefix chain script '/home/mrmnavjet/IRC2026/ircWS/install/setup.sh'
[64.337s] [34mcolcon.colcon_core.shell[0m [1;30mINFO[0m Creating prefix script '/home/mrmnavjet/IRC2026/ircWS/install/local_setup.bash'
[64.338s] [34mcolcon.colcon_core.shell[0m [1;30mINFO[0m Creating prefix chain script '/home/mrmnavjet/IRC2026/ircWS/install/setup.bash'
[64.341s] [34mcolcon.colcon_core.shell[0m [1;30mINFO[0m Creating prefix script '/home/mrmnavjet/IRC2026/ircWS/install/local_setup.zsh'
[64.342s] [34mcolcon.colcon_core.shell[0m [1;30mINFO[0m Creating prefix chain script '/home/mrmnavjet/IRC2026/ircWS/install/setup.zsh'
