[0.041s] Invoking command in '/home/mrmnavjet/IRC2026/ircWS/build/planner': CMAKE_PREFIX_PATH=/home/mrmnavjet/IRC2026/ircWS/install/custom_msgs:/home/mrmnavjet/zed_ros_ws/install/zed_ros2:/home/mrmnavjet/zed_ros_ws/install/zed_wrapper:/home/mrmnavjet/zed_ros_ws/install/zed_components:/home/mrmnavjet/IRC2026/ircWS/install/planner:/home/mrmnavjet/test/ERC2025/install/planner:/home/mrmnavjet/test/ERC2025/install/robot_interface:/home/mrmnavjet/test/ERC2025/install/leo_rover:/home/mrmnavjet/IRC2026/ircWS/install/yolo:/home/mrmnavjet/IRC2026/ircWS/install/gps:/home/mrmnavjet/test/ERC2025/install/leo_nodes:/home/mrmnavjet/test/ERC2025/install/gps:/opt/ros/humble LD_LIBRARY_PATH=/home/mrmnavjet/IRC2026/ircWS/install/custom_msgs/lib:/home/mrmnavjet/zed_ros_ws/install/zed_components/lib:/home/mrmnavjet/test/ERC2025/install/robot_interface/lib:/opt/ros/humble/opt/rviz_ogre_vendor/lib:/opt/ros/humble/lib/aarch64-linux-gnu:/opt/ros/humble/lib:/usr/local/cuda-12.6/lib64 /usr/bin/cmake --build /home/mrmnavjet/IRC2026/ircWS/build/planner -- -j6 -l6
[0.135s] [35m[1mConsolidate compiler generated dependencies of target irc_planner_node[0m
[0.145s] [ 16%] Built target shared_state
[0.190s] [ 25%] [32mBuilding CXX object CMakeFiles/irc_planner_node.dir/src/irc_planner_node.cpp.o[0m
[0.206s] [ 41%] Built target stack_node
[0.211s] [ 58%] Built target relay_node
[0.218s] [ 75%] Built target imu_conversion_node
[0.222s] [ 91%] Built target motorcontroller
[51.764s] [100%] [32m[1mLinking CXX executable irc_planner_node[0m
[56.421s] [100%] Built target irc_planner_node
[56.453s] Invoked command in '/home/mrmnavjet/IRC2026/ircWS/build/planner' returned '0': CMAKE_PREFIX_PATH=/home/mrmnavjet/IRC2026/ircWS/install/custom_msgs:/home/mrmnavjet/zed_ros_ws/install/zed_ros2:/home/mrmnavjet/zed_ros_ws/install/zed_wrapper:/home/mrmnavjet/zed_ros_ws/install/zed_components:/home/mrmnavjet/IRC2026/ircWS/install/planner:/home/mrmnavjet/test/ERC2025/install/planner:/home/mrmnavjet/test/ERC2025/install/robot_interface:/home/mrmnavjet/test/ERC2025/install/leo_rover:/home/mrmnavjet/IRC2026/ircWS/install/yolo:/home/mrmnavjet/IRC2026/ircWS/install/gps:/home/mrmnavjet/test/ERC2025/install/leo_nodes:/home/mrmnavjet/test/ERC2025/install/gps:/opt/ros/humble LD_LIBRARY_PATH=/home/mrmnavjet/IRC2026/ircWS/install/custom_msgs/lib:/home/mrmnavjet/zed_ros_ws/install/zed_components/lib:/home/mrmnavjet/test/ERC2025/install/robot_interface/lib:/opt/ros/humble/opt/rviz_ogre_vendor/lib:/opt/ros/humble/lib/aarch64-linux-gnu:/opt/ros/humble/lib:/usr/local/cuda-12.6/lib64 /usr/bin/cmake --build /home/mrmnavjet/IRC2026/ircWS/build/planner -- -j6 -l6
[56.459s] Invoking command in '/home/mrmnavjet/IRC2026/ircWS/build/planner': CMAKE_PREFIX_PATH=/home/mrmnavjet/IRC2026/ircWS/install/custom_msgs:/home/mrmnavjet/zed_ros_ws/install/zed_ros2:/home/mrmnavjet/zed_ros_ws/install/zed_wrapper:/home/mrmnavjet/zed_ros_ws/install/zed_components:/home/mrmnavjet/IRC2026/ircWS/install/planner:/home/mrmnavjet/test/ERC2025/install/planner:/home/mrmnavjet/test/ERC2025/install/robot_interface:/home/mrmnavjet/test/ERC2025/install/leo_rover:/home/mrmnavjet/IRC2026/ircWS/install/yolo:/home/mrmnavjet/IRC2026/ircWS/install/gps:/home/mrmnavjet/test/ERC2025/install/leo_nodes:/home/mrmnavjet/test/ERC2025/install/gps:/opt/ros/humble LD_LIBRARY_PATH=/home/mrmnavjet/IRC2026/ircWS/install/custom_msgs/lib:/home/mrmnavjet/zed_ros_ws/install/zed_components/lib:/home/mrmnavjet/test/ERC2025/install/robot_interface/lib:/opt/ros/humble/opt/rviz_ogre_vendor/lib:/opt/ros/humble/lib/aarch64-linux-gnu:/opt/ros/humble/lib:/usr/local/cuda-12.6/lib64 /usr/bin/cmake --install /home/mrmnavjet/IRC2026/ircWS/build/planner
[56.480s] -- Install configuration: ""
[56.480s] -- Up-to-date: /home/mrmnavjet/IRC2026/ircWS/install/planner/lib/planner/libshared_state.a
[56.480s] -- Up-to-date: /home/mrmnavjet/IRC2026/ircWS/install/planner/lib/planner/stack_node
[56.481s] -- Up-to-date: /home/mrmnavjet/IRC2026/ircWS/install/planner/lib/planner/relay_node
[56.481s] -- Up-to-date: /home/mrmnavjet/IRC2026/ircWS/install/planner/lib/planner/imu_conversion_node
[56.482s] -- Up-to-date: /home/mrmnavjet/IRC2026/ircWS/install/planner/lib/planner/motorcontroller
[56.482s] -- Installing: /home/mrmnavjet/IRC2026/ircWS/install/planner/lib/planner/irc_planner_node
[56.511s] -- Set runtime path of "/home/mrmnavjet/IRC2026/ircWS/install/planner/lib/planner/irc_planner_node" to ""
[56.511s] -- Up-to-date: /home/mrmnavjet/IRC2026/ircWS/install/planner/include/planner
[56.511s] -- Up-to-date: /home/mrmnavjet/IRC2026/ircWS/install/planner/include/planner/stack
[56.512s] -- Up-to-date: /home/mrmnavjet/IRC2026/ircWS/install/planner/include/planner/stack/shared_state.hpp
[56.512s] -- Up-to-date: /home/mrmnavjet/IRC2026/ircWS/install/planner/include/planner/stack/stack.hpp
[56.513s] -- Installing: /home/mrmnavjet/IRC2026/ircWS/install/planner/include/planner/stack/irc_planner.hpp
[56.513s] -- Up-to-date: /home/mrmnavjet/IRC2026/ircWS/install/planner/share/planner/launch
[56.513s] -- Up-to-date: /home/mrmnavjet/IRC2026/ircWS/install/planner/share/planner/launch/testing.launch.py
[56.513s] -- Up-to-date: /home/mrmnavjet/IRC2026/ircWS/install/planner/lib/planner/mode_switch.py
[56.514s] -- Up-to-date: /home/mrmnavjet/IRC2026/ircWS/install/planner/share/ament_index/resource_index/package_run_dependencies/planner
[56.514s] -- Up-to-date: /home/mrmnavjet/IRC2026/ircWS/install/planner/share/ament_index/resource_index/parent_prefix_path/planner
[56.514s] -- Up-to-date: /home/mrmnavjet/IRC2026/ircWS/install/planner/share/planner/environment/ament_prefix_path.sh
[56.514s] -- Up-to-date: /home/mrmnavjet/IRC2026/ircWS/install/planner/share/planner/environment/ament_prefix_path.dsv
[56.515s] -- Up-to-date: /home/mrmnavjet/IRC2026/ircWS/install/planner/share/planner/environment/path.sh
[56.515s] -- Up-to-date: /home/mrmnavjet/IRC2026/ircWS/install/planner/share/planner/environment/path.dsv
[56.515s] -- Up-to-date: /home/mrmnavjet/IRC2026/ircWS/install/planner/share/planner/local_setup.bash
[56.515s] -- Up-to-date: /home/mrmnavjet/IRC2026/ircWS/install/planner/share/planner/local_setup.sh
[56.515s] -- Up-to-date: /home/mrmnavjet/IRC2026/ircWS/install/planner/share/planner/local_setup.zsh
[56.516s] -- Up-to-date: /home/mrmnavjet/IRC2026/ircWS/install/planner/share/planner/local_setup.dsv
[56.516s] -- Installing: /home/mrmnavjet/IRC2026/ircWS/install/planner/share/planner/package.dsv
[56.517s] -- Up-to-date: /home/mrmnavjet/IRC2026/ircWS/install/planner/share/ament_index/resource_index/packages/planner
[56.519s] -- Up-to-date: /home/mrmnavjet/IRC2026/ircWS/install/planner/share/planner/cmake/plannerConfig.cmake
[56.520s] -- Up-to-date: /home/mrmnavjet/IRC2026/ircWS/install/planner/share/planner/cmake/plannerConfig-version.cmake
[56.520s] -- Up-to-date: /home/mrmnavjet/IRC2026/ircWS/install/planner/share/planner/package.xml
[56.521s] Invoked command in '/home/mrmnavjet/IRC2026/ircWS/build/planner' returned '0': CMAKE_PREFIX_PATH=/home/mrmnavjet/IRC2026/ircWS/install/custom_msgs:/home/mrmnavjet/zed_ros_ws/install/zed_ros2:/home/mrmnavjet/zed_ros_ws/install/zed_wrapper:/home/mrmnavjet/zed_ros_ws/install/zed_components:/home/mrmnavjet/IRC2026/ircWS/install/planner:/home/mrmnavjet/test/ERC2025/install/planner:/home/mrmnavjet/test/ERC2025/install/robot_interface:/home/mrmnavjet/test/ERC2025/install/leo_rover:/home/mrmnavjet/IRC2026/ircWS/install/yolo:/home/mrmnavjet/IRC2026/ircWS/install/gps:/home/mrmnavjet/test/ERC2025/install/leo_nodes:/home/mrmnavjet/test/ERC2025/install/gps:/opt/ros/humble LD_LIBRARY_PATH=/home/mrmnavjet/IRC2026/ircWS/install/custom_msgs/lib:/home/mrmnavjet/zed_ros_ws/install/zed_components/lib:/home/mrmnavjet/test/ERC2025/install/robot_interface/lib:/opt/ros/humble/opt/rviz_ogre_vendor/lib:/opt/ros/humble/lib/aarch64-linux-gnu:/opt/ros/humble/lib:/usr/local/cuda-12.6/lib64 /usr/bin/cmake --install /home/mrmnavjet/IRC2026/ircWS/build/planner
