[2.254s] Invoking command in '/home/mrmnavjet/IRC2026/ircWS/src/yolo': CMAKE_PREFIX_PATH=/home/mrmnavjet/IRC2026/ircWS/install/custom_msgs:/home/mrmnavjet/zed_ros_ws/install/zed_ros2:/home/mrmnavjet/zed_ros_ws/install/zed_wrapper:/home/mrmnavjet/zed_ros_ws/install/zed_components:/home/mrmnavjet/IRC2026/ircWS/install/planner:/home/mrmnavjet/test/ERC2025/install/planner:/home/mrmnavjet/test/ERC2025/install/robot_interface:/home/mrmnavjet/test/ERC2025/install/leo_rover LD_LIBRARY_PATH=/home/mrmnavjet/IRC2026/ircWS/install/custom_msgs/lib:/home/mrmnavjet/zed_ros_ws/install/zed_components/lib:/home/mrmnavjet/test/ERC2025/install/robot_interface/lib:/opt/ros/humble/opt/rviz_ogre_vendor/lib:/opt/ros/humble/lib/aarch64-linux-gnu:/opt/ros/humble/lib:/usr/local/cuda-12.6/lib64 PYTHONPATH=/home/mrmnavjet/IRC2026/ircWS/build/yolo/prefix_override:/usr/lib/python3/dist-packages/colcon_core/task/python/colcon_distutils_commands:/home/mrmnavjet/IRC2026/ircWS/install/yolo/lib/python3.10/site-packages:${PYTHONPATH} /usr/bin/python3 -W ignore:setup.py install is deprecated -W ignore:easy_install command is deprecated setup.py egg_info --egg-base ../../build/yolo build --build-base /home/mrmnavjet/IRC2026/ircWS/build/yolo/build install --record /home/mrmnavjet/IRC2026/ircWS/build/yolo/install.log --single-version-externally-managed install_data
[2.995s] running egg_info
[3.041s] writing ../../build/yolo/yolo.egg-info/PKG-INFO
[3.041s] writing dependency_links to ../../build/yolo/yolo.egg-info/dependency_links.txt
[3.041s] writing entry points to ../../build/yolo/yolo.egg-info/entry_points.txt
[3.042s] writing requirements to ../../build/yolo/yolo.egg-info/requires.txt
[3.042s] writing top-level names to ../../build/yolo/yolo.egg-info/top_level.txt
[3.136s] reading manifest file '../../build/yolo/yolo.egg-info/SOURCES.txt'
[3.140s] writing manifest file '../../build/yolo/yolo.egg-info/SOURCES.txt'
[3.140s] running build
[3.140s] running build_py
[3.143s] copying yolo/view.py -> /home/mrmnavjet/IRC2026/ircWS/build/yolo/build/lib/yolo
[3.144s] copying yolo/test.py -> /home/mrmnavjet/IRC2026/ircWS/build/yolo/build/lib/yolo
[3.145s] copying yolo/__init__.py -> /home/mrmnavjet/IRC2026/ircWS/build/yolo/build/lib/yolo
[3.145s] copying yolo/inference_engine.py -> /home/mrmnavjet/IRC2026/ircWS/build/yolo/build/lib/yolo
[3.146s] copying yolo/ok2.py -> /home/mrmnavjet/IRC2026/ircWS/build/yolo/build/lib/yolo
[3.148s] copying yolo/damn.py -> /home/mrmnavjet/IRC2026/ircWS/build/yolo/build/lib/yolo
[3.148s] copying yolo/inference_node.py -> /home/mrmnavjet/IRC2026/ircWS/build/yolo/build/lib/yolo
[3.149s] copying yolo/infer.py -> /home/mrmnavjet/IRC2026/ircWS/build/yolo/build/lib/yolo
[3.150s] running install
[3.160s] running install_lib
[3.207s] running install_data
[3.208s] copying resource/yolo -> /home/mrmnavjet/IRC2026/ircWS/install/yolo/share/ament_index/resource_index/packages
[3.208s] copying package.xml -> /home/mrmnavjet/IRC2026/ircWS/install/yolo/share/yolo
[3.209s] copying yolo/cone_v1.engine -> /home/mrmnavjet/IRC2026/ircWS/install/yolo/share/yolo
[3.252s] running install_egg_info
[3.300s] removing '/home/mrmnavjet/IRC2026/ircWS/install/yolo/lib/python3.10/site-packages/yolo-0.1.0-py3.10.egg-info' (and everything under it)
[3.300s] Copying ../../build/yolo/yolo.egg-info to /home/mrmnavjet/IRC2026/ircWS/install/yolo/lib/python3.10/site-packages/yolo-0.1.0-py3.10.egg-info
[3.304s] running install_scripts
[3.657s] Installing inference script to /home/mrmnavjet/IRC2026/ircWS/install/yolo/lib/yolo
[3.657s] Installing inference_engine script to /home/mrmnavjet/IRC2026/ircWS/install/yolo/lib/yolo
[3.658s] writing list of installed files to '/home/mrmnavjet/IRC2026/ircWS/build/yolo/install.log'
[3.774s] Invoked command in '/home/mrmnavjet/IRC2026/ircWS/src/yolo' returned '0': CMAKE_PREFIX_PATH=/home/mrmnavjet/IRC2026/ircWS/install/custom_msgs:/home/mrmnavjet/zed_ros_ws/install/zed_ros2:/home/mrmnavjet/zed_ros_ws/install/zed_wrapper:/home/mrmnavjet/zed_ros_ws/install/zed_components:/home/mrmnavjet/IRC2026/ircWS/install/planner:/home/mrmnavjet/test/ERC2025/install/planner:/home/mrmnavjet/test/ERC2025/install/robot_interface:/home/mrmnavjet/test/ERC2025/install/leo_rover LD_LIBRARY_PATH=/home/mrmnavjet/IRC2026/ircWS/install/custom_msgs/lib:/home/mrmnavjet/zed_ros_ws/install/zed_components/lib:/home/mrmnavjet/test/ERC2025/install/robot_interface/lib:/opt/ros/humble/opt/rviz_ogre_vendor/lib:/opt/ros/humble/lib/aarch64-linux-gnu:/opt/ros/humble/lib:/usr/local/cuda-12.6/lib64 PYTHONPATH=/home/mrmnavjet/IRC2026/ircWS/build/yolo/prefix_override:/usr/lib/python3/dist-packages/colcon_core/task/python/colcon_distutils_commands:/home/mrmnavjet/IRC2026/ircWS/install/yolo/lib/python3.10/site-packages:${PYTHONPATH} /usr/bin/python3 -W ignore:setup.py install is deprecated -W ignore:easy_install command is deprecated setup.py egg_info --egg-base ../../build/yolo build --build-base /home/mrmnavjet/IRC2026/ircWS/build/yolo/build install --record /home/mrmnavjet/IRC2026/ircWS/build/yolo/install.log --single-version-externally-managed install_data
