[3.633s] Invoking command in '/home/mrmnavjet/IRC2026/ircWS/src/gps': PYTHONPATH=/home/mrmnavjet/IRC2026/ircWS/build/gps/prefix_override:/usr/lib/python3/dist-packages/colcon_core/task/python/colcon_distutils_commands:/home/mrmnavjet/IRC2026/ircWS/install/gps/lib/python3.10/site-packages:${PYTHONPATH} /usr/bin/python3 -W ignore:setup.py install is deprecated -W ignore:easy_install command is deprecated setup.py egg_info --egg-base ../../build/gps build --build-base /home/mrmnavjet/IRC2026/ircWS/build/gps/build install --record /home/mrmnavjet/IRC2026/ircWS/build/gps/install.log --single-version-externally-managed install_data
[4.243s] running egg_info
[4.284s] writing ../../build/gps/gps.egg-info/PKG-INFO
[4.285s] writing dependency_links to ../../build/gps/gps.egg-info/dependency_links.txt
[4.286s] writing entry points to ../../build/gps/gps.egg-info/entry_points.txt
[4.286s] writing requirements to ../../build/gps/gps.egg-info/requires.txt
[4.287s] writing top-level names to ../../build/gps/gps.egg-info/top_level.txt
[4.372s] reading manifest file '../../build/gps/gps.egg-info/SOURCES.txt'
[4.375s] writing manifest file '../../build/gps/gps.egg-info/SOURCES.txt'
[4.376s] running build
[4.376s] running build_py
[4.443s] copying gps/gps_rtk.py -> /home/mrmnavjet/IRC2026/ircWS/build/gps/build/lib/gps
[4.444s] copying gps/__init__.py -> /home/mrmnavjet/IRC2026/ircWS/build/gps/build/lib/gps
[4.445s] copying gps/gps_rtcm.py -> /home/mrmnavjet/IRC2026/ircWS/build/gps/build/lib/gps
[4.446s] running install
[4.454s] running install_lib
[4.498s] running install_data
[4.499s] copying resource/gps -> /home/mrmnavjet/IRC2026/ircWS/install/gps/share/ament_index/resource_index/packages
[4.500s] copying package.xml -> /home/mrmnavjet/IRC2026/ircWS/install/gps/share/gps
[4.500s] running install_egg_info
[4.544s] removing '/home/mrmnavjet/IRC2026/ircWS/install/gps/lib/python3.10/site-packages/gps-0.0.1-py3.10.egg-info' (and everything under it)
[4.544s] Copying ../../build/gps/gps.egg-info to /home/mrmnavjet/IRC2026/ircWS/install/gps/lib/python3.10/site-packages/gps-0.0.1-py3.10.egg-info
[4.547s] running install_scripts
[4.877s] Installing gps_rtcm script to /home/mrmnavjet/IRC2026/ircWS/install/gps/lib/gps
[4.993s] Installing gps_rtk script to /home/mrmnavjet/IRC2026/ircWS/install/gps/lib/gps
[4.993s] writing list of installed files to '/home/mrmnavjet/IRC2026/ircWS/build/gps/install.log'
[5.070s] Invoked command in '/home/mrmnavjet/IRC2026/ircWS/src/gps' returned '0': PYTHONPATH=/home/mrmnavjet/IRC2026/ircWS/build/gps/prefix_override:/usr/lib/python3/dist-packages/colcon_core/task/python/colcon_distutils_commands:/home/mrmnavjet/IRC2026/ircWS/install/gps/lib/python3.10/site-packages:${PYTHONPATH} /usr/bin/python3 -W ignore:setup.py install is deprecated -W ignore:easy_install command is deprecated setup.py egg_info --egg-base ../../build/gps build --build-base /home/mrmnavjet/IRC2026/ircWS/build/gps/build install --record /home/mrmnavjet/IRC2026/ircWS/build/gps/install.log --single-version-externally-managed install_data
