[0.040s] Invoking command in '/home/mrmnavjet/IRC2026/ircWS/build/custom_msgs': CMAKE_PREFIX_PATH=${CMAKE_PREFIX_PATH}:/home/mrmnavjet/IRC2026/ircWS/install/yolo:/home/mrmnavjet/IRC2026/ircWS/install/gps:/home/mrmnavjet/test/ERC2025/install/leo_nodes:/home/mrmnavjet/test/ERC2025/install/gps:/opt/ros/humble /usr/bin/cmake --build /home/mrmnavjet/IRC2026/ircWS/build/custom_msgs -- -j6 -l6
[0.158s] [ 10%] Built target custom_msgs__rosidl_generator_c
[0.189s] [ 10%] Built target ament_cmake_python_copy_custom_msgs
[0.192s] [ 12%] Built target custom_msgs__cpp
[0.256s] [ 23%] Built target custom_msgs__rosidl_typesupport_fastrtps_c
[0.266s] [ 33%] Built target custom_msgs__rosidl_typesupport_c
[0.282s] [ 43%] Built target custom_msgs__rosidl_typesupport_fastrtps_cpp
[0.293s] [ 53%] Built target custom_msgs__rosidl_typesupport_cpp
[0.310s] [ 64%] Built target custom_msgs__rosidl_typesupport_introspection_c
[0.324s] [ 74%] Built target custom_msgs__rosidl_typesupport_introspection_cpp
[0.370s] [ 74%] Built target custom_msgs
[0.426s] [ 76%] Built target custom_msgs__py
[0.487s] [ 84%] Built target custom_msgs__rosidl_generator_py
[0.545s] [ 89%] Built target custom_msgs__rosidl_typesupport_introspection_c__pyext
[0.554s] [ 94%] Built target custom_msgs__rosidl_typesupport_c__pyext
[0.567s] [100%] Built target custom_msgs__rosidl_typesupport_fastrtps_c__pyext
[0.812s] running egg_info
[0.857s] writing custom_msgs.egg-info/PKG-INFO
[0.858s] writing dependency_links to custom_msgs.egg-info/dependency_links.txt
[0.858s] writing top-level names to custom_msgs.egg-info/top_level.txt
[0.989s] reading manifest file 'custom_msgs.egg-info/SOURCES.txt'
[0.992s] writing manifest file 'custom_msgs.egg-info/SOURCES.txt'
[1.085s] [100%] Built target ament_cmake_python_build_custom_msgs_egg
[1.130s] Invoked command in '/home/mrmnavjet/IRC2026/ircWS/build/custom_msgs' returned '0': CMAKE_PREFIX_PATH=${CMAKE_PREFIX_PATH}:/home/mrmnavjet/IRC2026/ircWS/install/yolo:/home/mrmnavjet/IRC2026/ircWS/install/gps:/home/mrmnavjet/test/ERC2025/install/leo_nodes:/home/mrmnavjet/test/ERC2025/install/gps:/opt/ros/humble /usr/bin/cmake --build /home/mrmnavjet/IRC2026/ircWS/build/custom_msgs -- -j6 -l6
[1.157s] Invoking command in '/home/mrmnavjet/IRC2026/ircWS/build/custom_msgs': CMAKE_PREFIX_PATH=${CMAKE_PREFIX_PATH}:/home/mrmnavjet/IRC2026/ircWS/install/yolo:/home/mrmnavjet/IRC2026/ircWS/install/gps:/home/mrmnavjet/test/ERC2025/install/leo_nodes:/home/mrmnavjet/test/ERC2025/install/gps:/opt/ros/humble /usr/bin/cmake --install /home/mrmnavjet/IRC2026/ircWS/build/custom_msgs
[1.174s] -- Install configuration: ""
[1.175s] -- Up-to-date: /home/mrmnavjet/IRC2026/ircWS/install/custom_msgs/share/ament_index/resource_index/rosidl_interfaces/custom_msgs
[1.175s] -- Up-to-date: /home/mrmnavjet/IRC2026/ircWS/install/custom_msgs/include/custom_msgs/custom_msgs
[1.175s] -- Up-to-date: /home/mrmnavjet/IRC2026/ircWS/install/custom_msgs/include/custom_msgs/custom_msgs/msg
[1.176s] -- Up-to-date: /home/mrmnavjet/IRC2026/ircWS/install/custom_msgs/include/custom_msgs/custom_msgs/msg/rosidl_generator_c__visibility_control.h
[1.176s] -- Up-to-date: /home/mrmnavjet/IRC2026/ircWS/install/custom_msgs/include/custom_msgs/custom_msgs/msg/marker_tag.h
[1.176s] -- Up-to-date: /home/mrmnavjet/IRC2026/ircWS/install/custom_msgs/include/custom_msgs/custom_msgs/msg/detail
[1.177s] -- Up-to-date: /home/mrmnavjet/IRC2026/ircWS/install/custom_msgs/include/custom_msgs/custom_msgs/msg/detail/marker_tag__functions.h
[1.177s] -- Up-to-date: /home/mrmnavjet/IRC2026/ircWS/install/custom_msgs/include/custom_msgs/custom_msgs/msg/detail/marker_tag__type_support.h
[1.177s] -- Up-to-date: /home/mrmnavjet/IRC2026/ircWS/install/custom_msgs/include/custom_msgs/custom_msgs/msg/detail/imu_data__functions.h
[1.177s] -- Up-to-date: /home/mrmnavjet/IRC2026/ircWS/install/custom_msgs/include/custom_msgs/custom_msgs/msg/detail/marker_tag__functions.c
[1.177s] -- Up-to-date: /home/mrmnavjet/IRC2026/ircWS/install/custom_msgs/include/custom_msgs/custom_msgs/msg/detail/marker_tag__struct.h
[1.177s] -- Up-to-date: /home/mrmnavjet/IRC2026/ircWS/install/custom_msgs/include/custom_msgs/custom_msgs/msg/detail/imu_data__functions.c
[1.177s] -- Up-to-date: /home/mrmnavjet/IRC2026/ircWS/install/custom_msgs/include/custom_msgs/custom_msgs/msg/detail/imu_data__type_support.h
[1.178s] -- Up-to-date: /home/mrmnavjet/IRC2026/ircWS/install/custom_msgs/include/custom_msgs/custom_msgs/msg/detail/imu_data__struct.h
[1.178s] -- Up-to-date: /home/mrmnavjet/IRC2026/ircWS/install/custom_msgs/include/custom_msgs/custom_msgs/msg/imu_data.h
[1.178s] -- Up-to-date: /home/mrmnavjet/IRC2026/ircWS/install/custom_msgs/share/custom_msgs/environment/library_path.sh
[1.178s] -- Up-to-date: /home/mrmnavjet/IRC2026/ircWS/install/custom_msgs/share/custom_msgs/environment/library_path.dsv
[1.178s] -- Up-to-date: /home/mrmnavjet/IRC2026/ircWS/install/custom_msgs/lib/libcustom_msgs__rosidl_generator_c.so
[1.179s] -- Up-to-date: /home/mrmnavjet/IRC2026/ircWS/install/custom_msgs/include/custom_msgs/custom_msgs
[1.179s] -- Up-to-date: /home/mrmnavjet/IRC2026/ircWS/install/custom_msgs/include/custom_msgs/custom_msgs/msg
[1.180s] -- Up-to-date: /home/mrmnavjet/IRC2026/ircWS/install/custom_msgs/include/custom_msgs/custom_msgs/msg/detail
[1.180s] -- Up-to-date: /home/mrmnavjet/IRC2026/ircWS/install/custom_msgs/include/custom_msgs/custom_msgs/msg/detail/imu_data__rosidl_typesupport_fastrtps_c.h
[1.183s] -- Up-to-date: /home/mrmnavjet/IRC2026/ircWS/install/custom_msgs/include/custom_msgs/custom_msgs/msg/detail/marker_tag__rosidl_typesupport_fastrtps_c.h
[1.183s] -- Up-to-date: /home/mrmnavjet/IRC2026/ircWS/install/custom_msgs/include/custom_msgs/custom_msgs/msg/rosidl_typesupport_fastrtps_c__visibility_control.h
[1.183s] -- Up-to-date: /home/mrmnavjet/IRC2026/ircWS/install/custom_msgs/lib/libcustom_msgs__rosidl_typesupport_fastrtps_c.so
[1.183s] -- Up-to-date: /home/mrmnavjet/IRC2026/ircWS/install/custom_msgs/include/custom_msgs/custom_msgs
[1.184s] -- Up-to-date: /home/mrmnavjet/IRC2026/ircWS/install/custom_msgs/include/custom_msgs/custom_msgs/msg
[1.184s] -- Up-to-date: /home/mrmnavjet/IRC2026/ircWS/install/custom_msgs/include/custom_msgs/custom_msgs/msg/detail
[1.184s] -- Up-to-date: /home/mrmnavjet/IRC2026/ircWS/install/custom_msgs/include/custom_msgs/custom_msgs/msg/detail/imu_data__rosidl_typesupport_introspection_c.h
[1.184s] -- Up-to-date: /home/mrmnavjet/IRC2026/ircWS/install/custom_msgs/include/custom_msgs/custom_msgs/msg/detail/imu_data__type_support.c
[1.185s] -- Up-to-date: /home/mrmnavjet/IRC2026/ircWS/install/custom_msgs/include/custom_msgs/custom_msgs/msg/detail/marker_tag__rosidl_typesupport_introspection_c.h
[1.185s] -- Up-to-date: /home/mrmnavjet/IRC2026/ircWS/install/custom_msgs/include/custom_msgs/custom_msgs/msg/detail/marker_tag__type_support.c
[1.185s] -- Up-to-date: /home/mrmnavjet/IRC2026/ircWS/install/custom_msgs/include/custom_msgs/custom_msgs/msg/rosidl_typesupport_introspection_c__visibility_control.h
[1.185s] -- Up-to-date: /home/mrmnavjet/IRC2026/ircWS/install/custom_msgs/lib/libcustom_msgs__rosidl_typesupport_introspection_c.so
[1.186s] -- Up-to-date: /home/mrmnavjet/IRC2026/ircWS/install/custom_msgs/lib/libcustom_msgs__rosidl_typesupport_c.so
[1.186s] -- Up-to-date: /home/mrmnavjet/IRC2026/ircWS/install/custom_msgs/include/custom_msgs/custom_msgs
[1.186s] -- Up-to-date: /home/mrmnavjet/IRC2026/ircWS/install/custom_msgs/include/custom_msgs/custom_msgs/msg
[1.187s] -- Up-to-date: /home/mrmnavjet/IRC2026/ircWS/install/custom_msgs/include/custom_msgs/custom_msgs/msg/imu_data.hpp
[1.187s] -- Up-to-date: /home/mrmnavjet/IRC2026/ircWS/install/custom_msgs/include/custom_msgs/custom_msgs/msg/marker_tag.hpp
[1.188s] -- Up-to-date: /home/mrmnavjet/IRC2026/ircWS/install/custom_msgs/include/custom_msgs/custom_msgs/msg/detail
[1.188s] -- Up-to-date: /home/mrmnavjet/IRC2026/ircWS/install/custom_msgs/include/custom_msgs/custom_msgs/msg/detail/imu_data__builder.hpp
[1.188s] -- Up-to-date: /home/mrmnavjet/IRC2026/ircWS/install/custom_msgs/include/custom_msgs/custom_msgs/msg/detail/marker_tag__builder.hpp
[1.188s] -- Up-to-date: /home/mrmnavjet/IRC2026/ircWS/install/custom_msgs/include/custom_msgs/custom_msgs/msg/detail/marker_tag__struct.hpp
[1.189s] -- Up-to-date: /home/mrmnavjet/IRC2026/ircWS/install/custom_msgs/include/custom_msgs/custom_msgs/msg/detail/imu_data__struct.hpp
[1.189s] -- Up-to-date: /home/mrmnavjet/IRC2026/ircWS/install/custom_msgs/include/custom_msgs/custom_msgs/msg/detail/imu_data__type_support.hpp
[1.189s] -- Up-to-date: /home/mrmnavjet/IRC2026/ircWS/install/custom_msgs/include/custom_msgs/custom_msgs/msg/detail/marker_tag__traits.hpp
[1.189s] -- Up-to-date: /home/mrmnavjet/IRC2026/ircWS/install/custom_msgs/include/custom_msgs/custom_msgs/msg/detail/marker_tag__type_support.hpp
[1.189s] -- Up-to-date: /home/mrmnavjet/IRC2026/ircWS/install/custom_msgs/include/custom_msgs/custom_msgs/msg/detail/imu_data__traits.hpp
[1.189s] -- Up-to-date: /home/mrmnavjet/IRC2026/ircWS/install/custom_msgs/include/custom_msgs/custom_msgs/msg/rosidl_generator_cpp__visibility_control.hpp
[1.189s] -- Up-to-date: /home/mrmnavjet/IRC2026/ircWS/install/custom_msgs/include/custom_msgs/custom_msgs
[1.189s] -- Up-to-date: /home/mrmnavjet/IRC2026/ircWS/install/custom_msgs/include/custom_msgs/custom_msgs/msg
[1.190s] -- Up-to-date: /home/mrmnavjet/IRC2026/ircWS/install/custom_msgs/include/custom_msgs/custom_msgs/msg/detail
[1.190s] -- Up-to-date: /home/mrmnavjet/IRC2026/ircWS/install/custom_msgs/include/custom_msgs/custom_msgs/msg/detail/marker_tag__rosidl_typesupport_fastrtps_cpp.hpp
[1.190s] -- Up-to-date: /home/mrmnavjet/IRC2026/ircWS/install/custom_msgs/include/custom_msgs/custom_msgs/msg/detail/imu_data__rosidl_typesupport_fastrtps_cpp.hpp
[1.190s] -- Up-to-date: /home/mrmnavjet/IRC2026/ircWS/install/custom_msgs/include/custom_msgs/custom_msgs/msg/detail/dds_fastrtps
[1.190s] -- Up-to-date: /home/mrmnavjet/IRC2026/ircWS/install/custom_msgs/include/custom_msgs/custom_msgs/msg/rosidl_typesupport_fastrtps_cpp__visibility_control.h
[1.190s] -- Up-to-date: /home/mrmnavjet/IRC2026/ircWS/install/custom_msgs/lib/libcustom_msgs__rosidl_typesupport_fastrtps_cpp.so
[1.193s] -- Up-to-date: /home/mrmnavjet/IRC2026/ircWS/install/custom_msgs/include/custom_msgs/custom_msgs
[1.193s] -- Up-to-date: /home/mrmnavjet/IRC2026/ircWS/install/custom_msgs/include/custom_msgs/custom_msgs/msg
[1.193s] -- Up-to-date: /home/mrmnavjet/IRC2026/ircWS/install/custom_msgs/include/custom_msgs/custom_msgs/msg/detail
[1.194s] -- Up-to-date: /home/mrmnavjet/IRC2026/ircWS/install/custom_msgs/include/custom_msgs/custom_msgs/msg/detail/marker_tag__rosidl_typesupport_introspection_cpp.hpp
[1.194s] -- Up-to-date: /home/mrmnavjet/IRC2026/ircWS/install/custom_msgs/include/custom_msgs/custom_msgs/msg/detail/imu_data__type_support.cpp
[1.194s] -- Up-to-date: /home/mrmnavjet/IRC2026/ircWS/install/custom_msgs/include/custom_msgs/custom_msgs/msg/detail/imu_data__rosidl_typesupport_introspection_cpp.hpp
[1.194s] -- Up-to-date: /home/mrmnavjet/IRC2026/ircWS/install/custom_msgs/include/custom_msgs/custom_msgs/msg/detail/marker_tag__type_support.cpp
[1.194s] -- Up-to-date: /home/mrmnavjet/IRC2026/ircWS/install/custom_msgs/lib/libcustom_msgs__rosidl_typesupport_introspection_cpp.so
[1.194s] -- Up-to-date: /home/mrmnavjet/IRC2026/ircWS/install/custom_msgs/lib/libcustom_msgs__rosidl_typesupport_cpp.so
[1.195s] -- Up-to-date: /home/mrmnavjet/IRC2026/ircWS/install/custom_msgs/share/custom_msgs/environment/pythonpath.sh
[1.195s] -- Up-to-date: /home/mrmnavjet/IRC2026/ircWS/install/custom_msgs/share/custom_msgs/environment/pythonpath.dsv
[1.195s] -- Up-to-date: /home/mrmnavjet/IRC2026/ircWS/install/custom_msgs/local/lib/python3.10/dist-packages/custom_msgs-0.0.1-py3.10.egg-info
[1.195s] -- Installing: /home/mrmnavjet/IRC2026/ircWS/install/custom_msgs/local/lib/python3.10/dist-packages/custom_msgs-0.0.1-py3.10.egg-info/dependency_links.txt
[1.195s] -- Installing: /home/mrmnavjet/IRC2026/ircWS/install/custom_msgs/local/lib/python3.10/dist-packages/custom_msgs-0.0.1-py3.10.egg-info/SOURCES.txt
[1.195s] -- Installing: /home/mrmnavjet/IRC2026/ircWS/install/custom_msgs/local/lib/python3.10/dist-packages/custom_msgs-0.0.1-py3.10.egg-info/PKG-INFO
[1.195s] -- Installing: /home/mrmnavjet/IRC2026/ircWS/install/custom_msgs/local/lib/python3.10/dist-packages/custom_msgs-0.0.1-py3.10.egg-info/top_level.txt
[1.196s] -- Up-to-date: /home/mrmnavjet/IRC2026/ircWS/install/custom_msgs/local/lib/python3.10/dist-packages/custom_msgs
[1.196s] -- Up-to-date: /home/mrmnavjet/IRC2026/ircWS/install/custom_msgs/local/lib/python3.10/dist-packages/custom_msgs/_custom_msgs_s.ep.rosidl_typesupport_c.c
[1.196s] -- Up-to-date: /home/mrmnavjet/IRC2026/ircWS/install/custom_msgs/local/lib/python3.10/dist-packages/custom_msgs/__init__.py
[1.196s] -- Up-to-date: /home/mrmnavjet/IRC2026/ircWS/install/custom_msgs/local/lib/python3.10/dist-packages/custom_msgs/custom_msgs_s__rosidl_typesupport_c.cpython-310-aarch64-linux-gnu.so
[1.196s] -- Up-to-date: /home/mrmnavjet/IRC2026/ircWS/install/custom_msgs/local/lib/python3.10/dist-packages/custom_msgs/_custom_msgs_s.ep.rosidl_typesupport_fastrtps_c.c
[1.196s] -- Up-to-date: /home/mrmnavjet/IRC2026/ircWS/install/custom_msgs/local/lib/python3.10/dist-packages/custom_msgs/_custom_msgs_s.ep.rosidl_typesupport_introspection_c.c
[1.196s] -- Up-to-date: /home/mrmnavjet/IRC2026/ircWS/install/custom_msgs/local/lib/python3.10/dist-packages/custom_msgs/custom_msgs_s__rosidl_typesupport_introspection_c.cpython-310-aarch64-linux-gnu.so
[1.196s] -- Up-to-date: /home/mrmnavjet/IRC2026/ircWS/install/custom_msgs/local/lib/python3.10/dist-packages/custom_msgs/custom_msgs_s__rosidl_typesupport_fastrtps_c.cpython-310-aarch64-linux-gnu.so
[1.197s] -- Up-to-date: /home/mrmnavjet/IRC2026/ircWS/install/custom_msgs/local/lib/python3.10/dist-packages/custom_msgs/msg
[1.197s] -- Up-to-date: /home/mrmnavjet/IRC2026/ircWS/install/custom_msgs/local/lib/python3.10/dist-packages/custom_msgs/msg/_imu_data.py
[1.197s] -- Up-to-date: /home/mrmnavjet/IRC2026/ircWS/install/custom_msgs/local/lib/python3.10/dist-packages/custom_msgs/msg/__init__.py
[1.197s] -- Up-to-date: /home/mrmnavjet/IRC2026/ircWS/install/custom_msgs/local/lib/python3.10/dist-packages/custom_msgs/msg/_imu_data_s.c
[1.198s] -- Up-to-date: /home/mrmnavjet/IRC2026/ircWS/install/custom_msgs/local/lib/python3.10/dist-packages/custom_msgs/msg/_marker_tag.py
[1.198s] -- Up-to-date: /home/mrmnavjet/IRC2026/ircWS/install/custom_msgs/local/lib/python3.10/dist-packages/custom_msgs/msg/_marker_tag_s.c
[1.198s] -- Up-to-date: /home/mrmnavjet/IRC2026/ircWS/install/custom_msgs/local/lib/python3.10/dist-packages/custom_msgs/libcustom_msgs__rosidl_generator_py.so
[1.283s] Listing '/home/mrmnavjet/IRC2026/ircWS/install/custom_msgs/local/lib/python3.10/dist-packages/custom_msgs'...
[1.283s] Listing '/home/mrmnavjet/IRC2026/ircWS/install/custom_msgs/local/lib/python3.10/dist-packages/custom_msgs/msg'...
[1.287s] -- Up-to-date: /home/mrmnavjet/IRC2026/ircWS/install/custom_msgs/local/lib/python3.10/dist-packages/custom_msgs/custom_msgs_s__rosidl_typesupport_fastrtps_c.cpython-310-aarch64-linux-gnu.so
[1.287s] -- Up-to-date: /home/mrmnavjet/IRC2026/ircWS/install/custom_msgs/local/lib/python3.10/dist-packages/custom_msgs/custom_msgs_s__rosidl_typesupport_introspection_c.cpython-310-aarch64-linux-gnu.so
[1.288s] -- Up-to-date: /home/mrmnavjet/IRC2026/ircWS/install/custom_msgs/local/lib/python3.10/dist-packages/custom_msgs/custom_msgs_s__rosidl_typesupport_c.cpython-310-aarch64-linux-gnu.so
[1.289s] -- Up-to-date: /home/mrmnavjet/IRC2026/ircWS/install/custom_msgs/lib/libcustom_msgs__rosidl_generator_py.so
[1.289s] -- Up-to-date: /home/mrmnavjet/IRC2026/ircWS/install/custom_msgs/share/custom_msgs/msg/MarkerTag.idl
[1.294s] -- Up-to-date: /home/mrmnavjet/IRC2026/ircWS/install/custom_msgs/share/custom_msgs/msg/ImuData.idl
[1.295s] -- Up-to-date: /home/mrmnavjet/IRC2026/ircWS/install/custom_msgs/share/custom_msgs/msg/MarkerTag.msg
[1.297s] -- Up-to-date: /home/mrmnavjet/IRC2026/ircWS/install/custom_msgs/share/custom_msgs/msg/ImuData.msg
[1.298s] -- Up-to-date: /home/mrmnavjet/IRC2026/ircWS/install/custom_msgs/share/ament_index/resource_index/package_run_dependencies/custom_msgs
[1.298s] -- Up-to-date: /home/mrmnavjet/IRC2026/ircWS/install/custom_msgs/share/ament_index/resource_index/parent_prefix_path/custom_msgs
[1.298s] -- Up-to-date: /home/mrmnavjet/IRC2026/ircWS/install/custom_msgs/share/custom_msgs/environment/ament_prefix_path.sh
[1.299s] -- Up-to-date: /home/mrmnavjet/IRC2026/ircWS/install/custom_msgs/share/custom_msgs/environment/ament_prefix_path.dsv
[1.299s] -- Up-to-date: /home/mrmnavjet/IRC2026/ircWS/install/custom_msgs/share/custom_msgs/environment/path.sh
[1.300s] -- Up-to-date: /home/mrmnavjet/IRC2026/ircWS/install/custom_msgs/share/custom_msgs/environment/path.dsv
[1.300s] -- Up-to-date: /home/mrmnavjet/IRC2026/ircWS/install/custom_msgs/share/custom_msgs/local_setup.bash
[1.301s] -- Up-to-date: /home/mrmnavjet/IRC2026/ircWS/install/custom_msgs/share/custom_msgs/local_setup.sh
[1.301s] -- Up-to-date: /home/mrmnavjet/IRC2026/ircWS/install/custom_msgs/share/custom_msgs/local_setup.zsh
[1.301s] -- Up-to-date: /home/mrmnavjet/IRC2026/ircWS/install/custom_msgs/share/custom_msgs/local_setup.dsv
[1.302s] -- Installing: /home/mrmnavjet/IRC2026/ircWS/install/custom_msgs/share/custom_msgs/package.dsv
[1.302s] -- Up-to-date: /home/mrmnavjet/IRC2026/ircWS/install/custom_msgs/share/ament_index/resource_index/packages/custom_msgs
[1.302s] -- Up-to-date: /home/mrmnavjet/IRC2026/ircWS/install/custom_msgs/share/custom_msgs/cmake/export_custom_msgs__rosidl_generator_cExport.cmake
[1.302s] -- Up-to-date: /home/mrmnavjet/IRC2026/ircWS/install/custom_msgs/share/custom_msgs/cmake/export_custom_msgs__rosidl_generator_cExport-noconfig.cmake
[1.303s] -- Up-to-date: /home/mrmnavjet/IRC2026/ircWS/install/custom_msgs/share/custom_msgs/cmake/export_custom_msgs__rosidl_typesupport_fastrtps_cExport.cmake
[1.303s] -- Up-to-date: /home/mrmnavjet/IRC2026/ircWS/install/custom_msgs/share/custom_msgs/cmake/export_custom_msgs__rosidl_typesupport_fastrtps_cExport-noconfig.cmake
[1.303s] -- Up-to-date: /home/mrmnavjet/IRC2026/ircWS/install/custom_msgs/share/custom_msgs/cmake/custom_msgs__rosidl_typesupport_introspection_cExport.cmake
[1.303s] -- Up-to-date: /home/mrmnavjet/IRC2026/ircWS/install/custom_msgs/share/custom_msgs/cmake/custom_msgs__rosidl_typesupport_introspection_cExport-noconfig.cmake
[1.304s] -- Up-to-date: /home/mrmnavjet/IRC2026/ircWS/install/custom_msgs/share/custom_msgs/cmake/custom_msgs__rosidl_typesupport_cExport.cmake
[1.305s] -- Up-to-date: /home/mrmnavjet/IRC2026/ircWS/install/custom_msgs/share/custom_msgs/cmake/custom_msgs__rosidl_typesupport_cExport-noconfig.cmake
[1.305s] -- Up-to-date: /home/mrmnavjet/IRC2026/ircWS/install/custom_msgs/share/custom_msgs/cmake/export_custom_msgs__rosidl_generator_cppExport.cmake
[1.305s] -- Up-to-date: /home/mrmnavjet/IRC2026/ircWS/install/custom_msgs/share/custom_msgs/cmake/export_custom_msgs__rosidl_typesupport_fastrtps_cppExport.cmake
[1.307s] -- Up-to-date: /home/mrmnavjet/IRC2026/ircWS/install/custom_msgs/share/custom_msgs/cmake/export_custom_msgs__rosidl_typesupport_fastrtps_cppExport-noconfig.cmake
[1.308s] -- Up-to-date: /home/mrmnavjet/IRC2026/ircWS/install/custom_msgs/share/custom_msgs/cmake/custom_msgs__rosidl_typesupport_introspection_cppExport.cmake
[1.309s] -- Up-to-date: /home/mrmnavjet/IRC2026/ircWS/install/custom_msgs/share/custom_msgs/cmake/custom_msgs__rosidl_typesupport_introspection_cppExport-noconfig.cmake
[1.310s] -- Up-to-date: /home/mrmnavjet/IRC2026/ircWS/install/custom_msgs/share/custom_msgs/cmake/custom_msgs__rosidl_typesupport_cppExport.cmake
[1.311s] -- Up-to-date: /home/mrmnavjet/IRC2026/ircWS/install/custom_msgs/share/custom_msgs/cmake/custom_msgs__rosidl_typesupport_cppExport-noconfig.cmake
[1.311s] -- Up-to-date: /home/mrmnavjet/IRC2026/ircWS/install/custom_msgs/share/custom_msgs/cmake/export_custom_msgs__rosidl_generator_pyExport.cmake
[1.311s] -- Up-to-date: /home/mrmnavjet/IRC2026/ircWS/install/custom_msgs/share/custom_msgs/cmake/export_custom_msgs__rosidl_generator_pyExport-noconfig.cmake
[1.312s] -- Up-to-date: /home/mrmnavjet/IRC2026/ircWS/install/custom_msgs/share/custom_msgs/cmake/rosidl_cmake-extras.cmake
[1.312s] -- Up-to-date: /home/mrmnavjet/IRC2026/ircWS/install/custom_msgs/share/custom_msgs/cmake/ament_cmake_export_dependencies-extras.cmake
[1.313s] -- Up-to-date: /home/mrmnavjet/IRC2026/ircWS/install/custom_msgs/share/custom_msgs/cmake/ament_cmake_export_include_directories-extras.cmake
[1.313s] -- Up-to-date: /home/mrmnavjet/IRC2026/ircWS/install/custom_msgs/share/custom_msgs/cmake/ament_cmake_export_libraries-extras.cmake
[1.313s] -- Up-to-date: /home/mrmnavjet/IRC2026/ircWS/install/custom_msgs/share/custom_msgs/cmake/ament_cmake_export_targets-extras.cmake
[1.314s] -- Up-to-date: /home/mrmnavjet/IRC2026/ircWS/install/custom_msgs/share/custom_msgs/cmake/rosidl_cmake_export_typesupport_targets-extras.cmake
[1.314s] -- Up-to-date: /home/mrmnavjet/IRC2026/ircWS/install/custom_msgs/share/custom_msgs/cmake/rosidl_cmake_export_typesupport_libraries-extras.cmake
[1.314s] -- Up-to-date: /home/mrmnavjet/IRC2026/ircWS/install/custom_msgs/share/custom_msgs/cmake/custom_msgsConfig.cmake
[1.315s] -- Up-to-date: /home/mrmnavjet/IRC2026/ircWS/install/custom_msgs/share/custom_msgs/cmake/custom_msgsConfig-version.cmake
[1.315s] -- Up-to-date: /home/mrmnavjet/IRC2026/ircWS/install/custom_msgs/share/custom_msgs/package.xml
[1.315s] Invoked command in '/home/mrmnavjet/IRC2026/ircWS/build/custom_msgs' returned '0': CMAKE_PREFIX_PATH=${CMAKE_PREFIX_PATH}:/home/mrmnavjet/IRC2026/ircWS/install/yolo:/home/mrmnavjet/IRC2026/ircWS/install/gps:/home/mrmnavjet/test/ERC2025/install/leo_nodes:/home/mrmnavjet/test/ERC2025/install/gps:/opt/ros/humble /usr/bin/cmake --install /home/mrmnavjet/IRC2026/ircWS/build/custom_msgs
