[1.960s] Invoking command in '/home/mrmnavjet/IRC2026/ircWS/src/yolo': CMAKE_PREFIX_PATH=/home/mrmnavjet/IRC2026/ircWS/install/custom_msgs:/home/mrmnavjet/IRC2026/ircWS/install/planner:/home/mrmnavjet/IRC2026/ircWS/install/stack:/home/mrmnavjet/zed_ros_ws/install/zed_ros2:/home/mrmnavjet/zed_ros_ws/install/zed_wrapper:/home/mrmnavjet/zed_ros_ws/install/zed_components LD_LIBRARY_PATH=/home/mrmnavjet/IRC2026/ircWS/install/custom_msgs/lib:/home/mrmnavjet/zed_ros_ws/install/zed_components/lib:/opt/ros/humble/opt/rviz_ogre_vendor/lib:/opt/ros/humble/lib/aarch64-linux-gnu:/opt/ros/humble/lib:/usr/local/cuda-12.6/lib64 PYTHONPATH=/home/mrmnavjet/IRC2026/ircWS/build/yolo/prefix_override:/usr/lib/python3/dist-packages/colcon_core/task/python/colcon_distutils_commands:/home/mrmnavjet/IRC2026/ircWS/install/yolo/lib/python3.10/site-packages:${PYTHONPATH} /usr/bin/python3 -W ignore:setup.py install is deprecated -W ignore:easy_install command is deprecated setup.py egg_info --egg-base ../../build/yolo build --build-base /home/mrmnavjet/IRC2026/ircWS/build/yolo/build install --record /home/mrmnavjet/IRC2026/ircWS/build/yolo/install.log --single-version-externally-managed install_data
[2.302s] /home/mrmnavjet/.local/lib/python3.10/site-packages/setuptools/_distutils/dist.py:289: UserWarning: Unknown distribution option: 'tests_require'
[2.302s]   warnings.warn(msg)
[2.546s] running egg_info
[2.585s] writing ../../build/yolo/yolo.egg-info/PKG-INFO
[2.586s] writing dependency_links to ../../build/yolo/yolo.egg-info/dependency_links.txt
[2.587s] writing entry points to ../../build/yolo/yolo.egg-info/entry_points.txt
[2.587s] writing requirements to ../../build/yolo/yolo.egg-info/requires.txt
[2.587s] writing top-level names to ../../build/yolo/yolo.egg-info/top_level.txt
[2.670s] reading manifest file '../../build/yolo/yolo.egg-info/SOURCES.txt'
[2.672s] writing manifest file '../../build/yolo/yolo.egg-info/SOURCES.txt'
[2.673s] running build
[2.673s] running build_py
[2.673s] copying yolo/__init__.py -> /home/mrmnavjet/IRC2026/ircWS/build/yolo/build/lib/yolo
[2.674s] copying yolo/inference_node.py -> /home/mrmnavjet/IRC2026/ircWS/build/yolo/build/lib/yolo
[2.675s] running install
[2.683s] running install_lib
[2.724s] running install_data
[2.725s] copying resource/yolo -> /home/mrmnavjet/IRC2026/ircWS/install/yolo/share/ament_index/resource_index/packages
[2.725s] copying package.xml -> /home/mrmnavjet/IRC2026/ircWS/install/yolo/share/yolo
[2.726s] running install_egg_info
[2.768s] removing '/home/mrmnavjet/IRC2026/ircWS/install/yolo/lib/python3.10/site-packages/yolo-0.1.0-py3.10.egg-info' (and everything under it)
[2.769s] Copying ../../build/yolo/yolo.egg-info to /home/mrmnavjet/IRC2026/ircWS/install/yolo/lib/python3.10/site-packages/yolo-0.1.0-py3.10.egg-info
[2.771s] running install_scripts
[3.096s] Installing inference script to /home/mrmnavjet/IRC2026/ircWS/install/yolo/lib/yolo
[3.097s] writing list of installed files to '/home/mrmnavjet/IRC2026/ircWS/build/yolo/install.log'
[3.176s] Invoked command in '/home/mrmnavjet/IRC2026/ircWS/src/yolo' returned '0': CMAKE_PREFIX_PATH=/home/mrmnavjet/IRC2026/ircWS/install/custom_msgs:/home/mrmnavjet/IRC2026/ircWS/install/planner:/home/mrmnavjet/IRC2026/ircWS/install/stack:/home/mrmnavjet/zed_ros_ws/install/zed_ros2:/home/mrmnavjet/zed_ros_ws/install/zed_wrapper:/home/mrmnavjet/zed_ros_ws/install/zed_components LD_LIBRARY_PATH=/home/mrmnavjet/IRC2026/ircWS/install/custom_msgs/lib:/home/mrmnavjet/zed_ros_ws/install/zed_components/lib:/opt/ros/humble/opt/rviz_ogre_vendor/lib:/opt/ros/humble/lib/aarch64-linux-gnu:/opt/ros/humble/lib:/usr/local/cuda-12.6/lib64 PYTHONPATH=/home/mrmnavjet/IRC2026/ircWS/build/yolo/prefix_override:/usr/lib/python3/dist-packages/colcon_core/task/python/colcon_distutils_commands:/home/mrmnavjet/IRC2026/ircWS/install/yolo/lib/python3.10/site-packages:${PYTHONPATH} /usr/bin/python3 -W ignore:setup.py install is deprecated -W ignore:easy_install command is deprecated setup.py egg_info --egg-base ../../build/yolo build --build-base /home/mrmnavjet/IRC2026/ircWS/build/yolo/build install --record /home/mrmnavjet/IRC2026/ircWS/build/yolo/install.log --single-version-externally-managed install_data
