[2.266s] Invoking command in '/home/mrmnavjet/IRC2026/ircWS/src/gps': PYTHONPATH=/home/mrmnavjet/IRC2026/ircWS/build/gps/prefix_override:/usr/lib/python3/dist-packages/colcon_core/task/python/colcon_distutils_commands:/home/mrmnavjet/IRC2026/ircWS/install/gps/lib/python3.10/site-packages:${PYTHONPATH} /usr/bin/python3 -W ignore:setup.py install is deprecated -W ignore:easy_install command is deprecated setup.py egg_info --egg-base ../../build/gps build --build-base /home/mrmnavjet/IRC2026/ircWS/build/gps/build install --record /home/mrmnavjet/IRC2026/ircWS/build/gps/install.log --single-version-externally-managed install_data
[2.850s] running egg_info
[2.888s] writing ../../build/gps/gps.egg-info/PKG-INFO
[2.890s] writing dependency_links to ../../build/gps/gps.egg-info/dependency_links.txt
[2.890s] writing entry points to ../../build/gps/gps.egg-info/entry_points.txt
[2.891s] writing requirements to ../../build/gps/gps.egg-info/requires.txt
[2.891s] writing top-level names to ../../build/gps/gps.egg-info/top_level.txt
[2.972s] reading manifest file '../../build/gps/gps.egg-info/SOURCES.txt'
[2.975s] writing manifest file '../../build/gps/gps.egg-info/SOURCES.txt'
[2.976s] running build
[2.976s] running build_py
[2.978s] copying gps/gps_rtk.py -> /home/mrmnavjet/IRC2026/ircWS/build/gps/build/lib/gps
[2.979s] copying gps/__init__.py -> /home/mrmnavjet/IRC2026/ircWS/build/gps/build/lib/gps
[2.979s] copying gps/gps_rtcm.py -> /home/mrmnavjet/IRC2026/ircWS/build/gps/build/lib/gps
[2.980s] running install
[2.988s] running install_lib
[3.031s] running install_data
[3.031s] copying resource/gps -> /home/mrmnavjet/IRC2026/ircWS/install/gps/share/ament_index/resource_index/packages
[3.031s] copying package.xml -> /home/mrmnavjet/IRC2026/ircWS/install/gps/share/gps
[3.031s] running install_egg_info
[3.074s] removing '/home/mrmnavjet/IRC2026/ircWS/install/gps/lib/python3.10/site-packages/gps-0.0.1-py3.10.egg-info' (and everything under it)
[3.074s] Copying ../../build/gps/gps.egg-info to /home/mrmnavjet/IRC2026/ircWS/install/gps/lib/python3.10/site-packages/gps-0.0.1-py3.10.egg-info
[3.077s] running install_scripts
[3.402s] Installing gps_rtcm script to /home/mrmnavjet/IRC2026/ircWS/install/gps/lib/gps
[3.403s] Installing gps_rtk script to /home/mrmnavjet/IRC2026/ircWS/install/gps/lib/gps
[3.403s] writing list of installed files to '/home/mrmnavjet/IRC2026/ircWS/build/gps/install.log'
