[0.593s] [34mcolcon[0m [1;30mDEBUG[0m [32mCommand line arguments: ['/usr/bin/colcon', 'build'][0m
[0.593s] [34mcolcon[0m [1;30mDEBUG[0m [32mParsed command line arguments: Namespace(log_base=None, log_level=None, verb_name='build', build_base='build', install_base='install', merge_install=False, symlink_install=False, test_result_base=None, continue_on_error=False, executor='parallel', parallel_workers=6, event_handlers=None, ignore_user_meta=False, metas=['./colcon.meta'], base_paths=['.'], packages_ignore=None, packages_ignore_regex=None, paths=None, packages_up_to=None, packages_up_to_regex=None, packages_above=None, packages_above_and_dependencies=None, packages_above_depth=None, packages_select_by_dep=None, packages_skip_by_dep=None, packages_skip_up_to=None, packages_select_build_failed=False, packages_skip_build_finished=False, packages_select_test_failures=False, packages_skip_test_passed=False, packages_select=None, packages_skip=None, packages_select_regex=None, packages_skip_regex=None, packages_start=None, packages_end=None, allow_overriding=[], cmake_args=None, cmake_target=None, cmake_target_skip_unavailable=False, cmake_clean_cache=False, cmake_clean_first=False, cmake_force_configure=False, ament_cmake_args=None, catkin_cmake_args=None, catkin_skip_building_tests=False, mixin_files=None, mixin=None, verb_parser=<colcon_mixin.mixin.mixin_argument.MixinArgumentDecorator object at 0xffffbcbfdae0>, verb_extension=<colcon_core.verb.build.BuildVerb object at 0xffffbcbfd630>, main=<bound method BuildVerb.main of <colcon_core.verb.build.BuildVerb object at 0xffffbcbfd630>>, mixin_verb=('build',))[0m
[0.731s] [34mcolcon.colcon_core.package_discovery[0m [1;30mLevel 1[0m discover_packages(colcon_meta) check parameters
[0.731s] [34mcolcon.colcon_core.package_discovery[0m [1;30mLevel 1[0m discover_packages(recursive) check parameters
[0.731s] [34mcolcon.colcon_core.package_discovery[0m [1;30mLevel 1[0m discover_packages(ignore) check parameters
[0.731s] [34mcolcon.colcon_core.package_discovery[0m [1;30mLevel 1[0m discover_packages(path) check parameters
[0.732s] [34mcolcon.colcon_core.package_discovery[0m [1;30mLevel 1[0m discover_packages(colcon_meta) discover
[0.732s] [34mcolcon.colcon_core.package_discovery[0m [1;30mLevel 1[0m discover_packages(recursive) discover
[0.732s] [34mcolcon.colcon_core.package_discovery[0m [1;30mINFO[0m Crawling recursively for packages in '/home/mrmnavjet/IRC2026/ircWS'
[0.732s] [34mcolcon.colcon_core.package_identification[0m [1;30mLevel 1[0m _identify(.) by extensions ['ignore', 'ignore_ament_install']
[0.732s] [34mcolcon.colcon_core.package_identification[0m [1;30mLevel 1[0m _identify(.) by extension 'ignore'
[0.733s] [34mcolcon.colcon_core.package_identification[0m [1;30mLevel 1[0m _identify(.) by extension 'ignore_ament_install'
[0.733s] [34mcolcon.colcon_core.package_identification[0m [1;30mLevel 1[0m _identify(.) by extensions ['colcon_pkg']
[0.733s] [34mcolcon.colcon_core.package_identification[0m [1;30mLevel 1[0m _identify(.) by extension 'colcon_pkg'
[0.733s] [34mcolcon.colcon_core.package_identification[0m [1;30mLevel 1[0m _identify(.) by extensions ['colcon_meta']
[0.733s] [34mcolcon.colcon_core.package_identification[0m [1;30mLevel 1[0m _identify(.) by extension 'colcon_meta'
[0.733s] [34mcolcon.colcon_core.package_identification[0m [1;30mLevel 1[0m _identify(.) by extensions ['ros']
[0.733s] [34mcolcon.colcon_core.package_identification[0m [1;30mLevel 1[0m _identify(.) by extension 'ros'
[0.770s] [34mcolcon.colcon_core.package_identification[0m [1;30mLevel 1[0m _identify(.) by extensions ['cmake', 'python']
[0.770s] [34mcolcon.colcon_core.package_identification[0m [1;30mLevel 1[0m _identify(.) by extension 'cmake'
[0.770s] [34mcolcon.colcon_core.package_identification[0m [1;30mLevel 1[0m _identify(.) by extension 'python'
[0.770s] [34mcolcon.colcon_core.package_identification[0m [1;30mLevel 1[0m _identify(.) by extensions ['python_setup_py']
[0.770s] [34mcolcon.colcon_core.package_identification[0m [1;30mLevel 1[0m _identify(.) by extension 'python_setup_py'
[0.771s] [34mcolcon.colcon_core.package_identification[0m [1;30mLevel 1[0m _identify(build) by extensions ['ignore', 'ignore_ament_install']
[0.771s] [34mcolcon.colcon_core.package_identification[0m [1;30mLevel 1[0m _identify(build) by extension 'ignore'
[0.771s] [34mcolcon.colcon_core.package_identification[0m [1;30mLevel 1[0m _identify(build) ignored
[0.771s] [34mcolcon.colcon_core.package_identification[0m [1;30mLevel 1[0m _identify(install) by extensions ['ignore', 'ignore_ament_install']
[0.771s] [34mcolcon.colcon_core.package_identification[0m [1;30mLevel 1[0m _identify(install) by extension 'ignore'
[0.772s] [34mcolcon.colcon_core.package_identification[0m [1;30mLevel 1[0m _identify(install) ignored
[0.772s] [34mcolcon.colcon_core.package_identification[0m [1;30mLevel 1[0m _identify(log) by extensions ['ignore', 'ignore_ament_install']
[0.772s] [34mcolcon.colcon_core.package_identification[0m [1;30mLevel 1[0m _identify(log) by extension 'ignore'
[0.772s] [34mcolcon.colcon_core.package_identification[0m [1;30mLevel 1[0m _identify(log) ignored
[0.772s] [34mcolcon.colcon_core.package_identification[0m [1;30mLevel 1[0m _identify(src) by extensions ['ignore', 'ignore_ament_install']
[0.772s] [34mcolcon.colcon_core.package_identification[0m [1;30mLevel 1[0m _identify(src) by extension 'ignore'
[0.773s] [34mcolcon.colcon_core.package_identification[0m [1;30mLevel 1[0m _identify(src) by extension 'ignore_ament_install'
[0.773s] [34mcolcon.colcon_core.package_identification[0m [1;30mLevel 1[0m _identify(src) by extensions ['colcon_pkg']
[0.773s] [34mcolcon.colcon_core.package_identification[0m [1;30mLevel 1[0m _identify(src) by extension 'colcon_pkg'
[0.773s] [34mcolcon.colcon_core.package_identification[0m [1;30mLevel 1[0m _identify(src) by extensions ['colcon_meta']
[0.773s] [34mcolcon.colcon_core.package_identification[0m [1;30mLevel 1[0m _identify(src) by extension 'colcon_meta'
[0.773s] [34mcolcon.colcon_core.package_identification[0m [1;30mLevel 1[0m _identify(src) by extensions ['ros']
[0.773s] [34mcolcon.colcon_core.package_identification[0m [1;30mLevel 1[0m _identify(src) by extension 'ros'
[0.773s] [34mcolcon.colcon_core.package_identification[0m [1;30mLevel 1[0m _identify(src) by extensions ['cmake', 'python']
[0.773s] [34mcolcon.colcon_core.package_identification[0m [1;30mLevel 1[0m _identify(src) by extension 'cmake'
[0.774s] [34mcolcon.colcon_core.package_identification[0m [1;30mLevel 1[0m _identify(src) by extension 'python'
[0.774s] [34mcolcon.colcon_core.package_identification[0m [1;30mLevel 1[0m _identify(src) by extensions ['python_setup_py']
[0.774s] [34mcolcon.colcon_core.package_identification[0m [1;30mLevel 1[0m _identify(src) by extension 'python_setup_py'
[0.774s] [34mcolcon.colcon_core.package_identification[0m [1;30mLevel 1[0m _identify(src/custom_msgs) by extensions ['ignore', 'ignore_ament_install']
[0.775s] [34mcolcon.colcon_core.package_identification[0m [1;30mLevel 1[0m _identify(src/custom_msgs) by extension 'ignore'
[0.775s] [34mcolcon.colcon_core.package_identification[0m [1;30mLevel 1[0m _identify(src/custom_msgs) by extension 'ignore_ament_install'
[0.775s] [34mcolcon.colcon_core.package_identification[0m [1;30mLevel 1[0m _identify(src/custom_msgs) by extensions ['colcon_pkg']
[0.775s] [34mcolcon.colcon_core.package_identification[0m [1;30mLevel 1[0m _identify(src/custom_msgs) by extension 'colcon_pkg'
[0.775s] [34mcolcon.colcon_core.package_identification[0m [1;30mLevel 1[0m _identify(src/custom_msgs) by extensions ['colcon_meta']
[0.775s] [34mcolcon.colcon_core.package_identification[0m [1;30mLevel 1[0m _identify(src/custom_msgs) by extension 'colcon_meta'
[0.775s] [34mcolcon.colcon_core.package_identification[0m [1;30mLevel 1[0m _identify(src/custom_msgs) by extensions ['ros']
[0.775s] [34mcolcon.colcon_core.package_identification[0m [1;30mLevel 1[0m _identify(src/custom_msgs) by extension 'ros'
[0.782s] [34mcolcon.colcon_core.package_identification[0m [1;30mDEBUG[0m [32mPackage 'src/custom_msgs' with type 'ros.ament_cmake' and name 'custom_msgs'[0m
[0.783s] [34mcolcon.colcon_core.package_identification[0m [1;30mLevel 1[0m _identify(src/gps) by extensions ['ignore', 'ignore_ament_install']
[0.783s] [34mcolcon.colcon_core.package_identification[0m [1;30mLevel 1[0m _identify(src/gps) by extension 'ignore'
[0.783s] [34mcolcon.colcon_core.package_identification[0m [1;30mLevel 1[0m _identify(src/gps) by extension 'ignore_ament_install'
[0.783s] [34mcolcon.colcon_core.package_identification[0m [1;30mLevel 1[0m _identify(src/gps) by extensions ['colcon_pkg']
[0.783s] [34mcolcon.colcon_core.package_identification[0m [1;30mLevel 1[0m _identify(src/gps) by extension 'colcon_pkg'
[0.783s] [34mcolcon.colcon_core.package_identification[0m [1;30mLevel 1[0m _identify(src/gps) by extensions ['colcon_meta']
[0.783s] [34mcolcon.colcon_core.package_identification[0m [1;30mLevel 1[0m _identify(src/gps) by extension 'colcon_meta'
[0.783s] [34mcolcon.colcon_core.package_identification[0m [1;30mLevel 1[0m _identify(src/gps) by extensions ['ros']
[0.784s] [34mcolcon.colcon_core.package_identification[0m [1;30mLevel 1[0m _identify(src/gps) by extension 'ros'
[0.785s] [34mcolcon.colcon_core.package_identification[0m [1;30mDEBUG[0m [32mPackage 'src/gps' with type 'ros.ament_python' and name 'gps'[0m
[0.785s] [34mcolcon.colcon_core.package_identification[0m [1;30mLevel 1[0m _identify(src/planner) by extensions ['ignore', 'ignore_ament_install']
[0.785s] [34mcolcon.colcon_core.package_identification[0m [1;30mLevel 1[0m _identify(src/planner) by extension 'ignore'
[0.786s] [34mcolcon.colcon_core.package_identification[0m [1;30mLevel 1[0m _identify(src/planner) by extension 'ignore_ament_install'
[0.786s] [34mcolcon.colcon_core.package_identification[0m [1;30mLevel 1[0m _identify(src/planner) by extensions ['colcon_pkg']
[0.786s] [34mcolcon.colcon_core.package_identification[0m [1;30mLevel 1[0m _identify(src/planner) by extension 'colcon_pkg'
[0.786s] [34mcolcon.colcon_core.package_identification[0m [1;30mLevel 1[0m _identify(src/planner) by extensions ['colcon_meta']
[0.786s] [34mcolcon.colcon_core.package_identification[0m [1;30mLevel 1[0m _identify(src/planner) by extension 'colcon_meta'
[0.786s] [34mcolcon.colcon_core.package_identification[0m [1;30mLevel 1[0m _identify(src/planner) by extensions ['ros']
[0.786s] [34mcolcon.colcon_core.package_identification[0m [1;30mLevel 1[0m _identify(src/planner) by extension 'ros'
[0.789s] [34mcolcon.colcon_core.package_identification[0m [1;30mDEBUG[0m [32mPackage 'src/planner' with type 'ros.ament_cmake' and name 'planner'[0m
[0.789s] [34mcolcon.colcon_core.package_identification[0m [1;30mLevel 1[0m _identify(src/yolo) by extensions ['ignore', 'ignore_ament_install']
[0.789s] [34mcolcon.colcon_core.package_identification[0m [1;30mLevel 1[0m _identify(src/yolo) by extension 'ignore'
[0.789s] [34mcolcon.colcon_core.package_identification[0m [1;30mLevel 1[0m _identify(src/yolo) by extension 'ignore_ament_install'
[0.790s] [34mcolcon.colcon_core.package_identification[0m [1;30mLevel 1[0m _identify(src/yolo) by extensions ['colcon_pkg']
[0.790s] [34mcolcon.colcon_core.package_identification[0m [1;30mLevel 1[0m _identify(src/yolo) by extension 'colcon_pkg'
[0.790s] [34mcolcon.colcon_core.package_identification[0m [1;30mLevel 1[0m _identify(src/yolo) by extensions ['colcon_meta']
[0.790s] [34mcolcon.colcon_core.package_identification[0m [1;30mLevel 1[0m _identify(src/yolo) by extension 'colcon_meta'
[0.790s] [34mcolcon.colcon_core.package_identification[0m [1;30mLevel 1[0m _identify(src/yolo) by extensions ['ros']
[0.790s] [34mcolcon.colcon_core.package_identification[0m [1;30mLevel 1[0m _identify(src/yolo) by extension 'ros'
[0.792s] [34mcolcon.colcon_core.package_identification[0m [1;30mDEBUG[0m [32mPackage 'src/yolo' with type 'ros.ament_python' and name 'yolo'[0m
[0.792s] [34mcolcon.colcon_core.package_discovery[0m [1;30mLevel 1[0m discover_packages(recursive) using defaults
[0.792s] [34mcolcon.colcon_core.package_discovery[0m [1;30mLevel 1[0m discover_packages(ignore) discover
[0.792s] [34mcolcon.colcon_core.package_discovery[0m [1;30mLevel 1[0m discover_packages(ignore) using defaults
[0.792s] [34mcolcon.colcon_core.package_discovery[0m [1;30mLevel 1[0m discover_packages(path) discover
[0.792s] [34mcolcon.colcon_core.package_discovery[0m [1;30mLevel 1[0m discover_packages(path) using defaults
[0.839s] [34mcolcon.colcon_core.package_discovery[0m [1;30mLevel 1[0m discover_packages(prefix_path) check parameters
[0.839s] [34mcolcon.colcon_core.package_discovery[0m [1;30mLevel 1[0m discover_packages(prefix_path) discover
[0.847s] [34mcolcon.colcon_installed_package_information.package_discovery[0m [1;30mDEBUG[0m [32mFound 4 installed packages in /home/mrmnavjet/IRC2026/ircWS/install[0m
[0.848s] [34mcolcon.colcon_installed_package_information.package_discovery[0m [1;30mDEBUG[0m [32mFound 5 installed packages in /home/mrmnavjet/test/ERC2025/install[0m
[0.849s] [34mcolcon.colcon_installed_package_information.package_discovery[0m [1;30mDEBUG[0m [32mFound 3 installed packages in /home/mrmnavjet/zed_ros_ws/install[0m
[0.852s] [34mcolcon.colcon_installed_package_information.package_discovery[0m [1;30mDEBUG[0m [32mFound 368 installed packages in /opt/ros/humble[0m
[0.856s] [34mcolcon.colcon_core.package_discovery[0m [1;30mLevel 1[0m discover_packages(prefix_path) using defaults
[0.959s] [34mcolcon.colcon_core.verb[0m [1;30mLevel 5[0m set package 'custom_msgs' build argument 'cmake_args' from command line to 'None'
[0.959s] [34mcolcon.colcon_core.verb[0m [1;30mLevel 5[0m set package 'custom_msgs' build argument 'cmake_target' from command line to 'None'
[0.960s] [34mcolcon.colcon_core.verb[0m [1;30mLevel 5[0m set package 'custom_msgs' build argument 'cmake_target_skip_unavailable' from command line to 'False'
[0.960s] [34mcolcon.colcon_core.verb[0m [1;30mLevel 5[0m set package 'custom_msgs' build argument 'cmake_clean_cache' from command line to 'False'
[0.960s] [34mcolcon.colcon_core.verb[0m [1;30mLevel 5[0m set package 'custom_msgs' build argument 'cmake_clean_first' from command line to 'False'
[0.960s] [34mcolcon.colcon_core.verb[0m [1;30mLevel 5[0m set package 'custom_msgs' build argument 'cmake_force_configure' from command line to 'False'
[0.960s] [34mcolcon.colcon_core.verb[0m [1;30mLevel 5[0m set package 'custom_msgs' build argument 'ament_cmake_args' from command line to 'None'
[0.960s] [34mcolcon.colcon_core.verb[0m [1;30mLevel 5[0m set package 'custom_msgs' build argument 'catkin_cmake_args' from command line to 'None'
[0.960s] [34mcolcon.colcon_core.verb[0m [1;30mLevel 5[0m set package 'custom_msgs' build argument 'catkin_skip_building_tests' from command line to 'False'
[0.960s] [34mcolcon.colcon_core.verb[0m [1;30mDEBUG[0m [32mBuilding package 'custom_msgs' with the following arguments: {'ament_cmake_args': None, 'build_base': '/home/mrmnavjet/IRC2026/ircWS/build/custom_msgs', 'catkin_cmake_args': None, 'catkin_skip_building_tests': False, 'cmake_args': None, 'cmake_clean_cache': False, 'cmake_clean_first': False, 'cmake_force_configure': False, 'cmake_target': None, 'cmake_target_skip_unavailable': False, 'install_base': '/home/mrmnavjet/IRC2026/ircWS/install/custom_msgs', 'merge_install': False, 'path': '/home/mrmnavjet/IRC2026/ircWS/src/custom_msgs', 'symlink_install': False, 'test_result_base': None}[0m
[0.961s] [34mcolcon.colcon_core.verb[0m [1;30mLevel 5[0m set package 'gps' build argument 'cmake_args' from command line to 'None'
[0.961s] [34mcolcon.colcon_core.verb[0m [1;30mLevel 5[0m set package 'gps' build argument 'cmake_target' from command line to 'None'
[0.961s] [34mcolcon.colcon_core.verb[0m [1;30mLevel 5[0m set package 'gps' build argument 'cmake_target_skip_unavailable' from command line to 'False'
[0.961s] [34mcolcon.colcon_core.verb[0m [1;30mLevel 5[0m set package 'gps' build argument 'cmake_clean_cache' from command line to 'False'
[0.961s] [34mcolcon.colcon_core.verb[0m [1;30mLevel 5[0m set package 'gps' build argument 'cmake_clean_first' from command line to 'False'
[0.961s] [34mcolcon.colcon_core.verb[0m [1;30mLevel 5[0m set package 'gps' build argument 'cmake_force_configure' from command line to 'False'
[0.961s] [34mcolcon.colcon_core.verb[0m [1;30mLevel 5[0m set package 'gps' build argument 'ament_cmake_args' from command line to 'None'
[0.961s] [34mcolcon.colcon_core.verb[0m [1;30mLevel 5[0m set package 'gps' build argument 'catkin_cmake_args' from command line to 'None'
[0.961s] [34mcolcon.colcon_core.verb[0m [1;30mLevel 5[0m set package 'gps' build argument 'catkin_skip_building_tests' from command line to 'False'
[0.961s] [34mcolcon.colcon_core.verb[0m [1;30mDEBUG[0m [32mBuilding package 'gps' with the following arguments: {'ament_cmake_args': None, 'build_base': '/home/mrmnavjet/IRC2026/ircWS/build/gps', 'catkin_cmake_args': None, 'catkin_skip_building_tests': False, 'cmake_args': None, 'cmake_clean_cache': False, 'cmake_clean_first': False, 'cmake_force_configure': False, 'cmake_target': None, 'cmake_target_skip_unavailable': False, 'install_base': '/home/mrmnavjet/IRC2026/ircWS/install/gps', 'merge_install': False, 'path': '/home/mrmnavjet/IRC2026/ircWS/src/gps', 'symlink_install': False, 'test_result_base': None}[0m
[0.962s] [34mcolcon.colcon_core.verb[0m [1;30mLevel 5[0m set package 'planner' build argument 'cmake_args' from command line to 'None'
[0.962s] [34mcolcon.colcon_core.verb[0m [1;30mLevel 5[0m set package 'planner' build argument 'cmake_target' from command line to 'None'
[0.962s] [34mcolcon.colcon_core.verb[0m [1;30mLevel 5[0m set package 'planner' build argument 'cmake_target_skip_unavailable' from command line to 'False'
[0.962s] [34mcolcon.colcon_core.verb[0m [1;30mLevel 5[0m set package 'planner' build argument 'cmake_clean_cache' from command line to 'False'
[0.962s] [34mcolcon.colcon_core.verb[0m [1;30mLevel 5[0m set package 'planner' build argument 'cmake_clean_first' from command line to 'False'
[0.962s] [34mcolcon.colcon_core.verb[0m [1;30mLevel 5[0m set package 'planner' build argument 'cmake_force_configure' from command line to 'False'
[0.962s] [34mcolcon.colcon_core.verb[0m [1;30mLevel 5[0m set package 'planner' build argument 'ament_cmake_args' from command line to 'None'
[0.962s] [34mcolcon.colcon_core.verb[0m [1;30mLevel 5[0m set package 'planner' build argument 'catkin_cmake_args' from command line to 'None'
[0.962s] [34mcolcon.colcon_core.verb[0m [1;30mLevel 5[0m set package 'planner' build argument 'catkin_skip_building_tests' from command line to 'False'
[0.962s] [34mcolcon.colcon_core.verb[0m [1;30mDEBUG[0m [32mBuilding package 'planner' with the following arguments: {'ament_cmake_args': None, 'build_base': '/home/mrmnavjet/IRC2026/ircWS/build/planner', 'catkin_cmake_args': None, 'catkin_skip_building_tests': False, 'cmake_args': None, 'cmake_clean_cache': False, 'cmake_clean_first': False, 'cmake_force_configure': False, 'cmake_target': None, 'cmake_target_skip_unavailable': False, 'install_base': '/home/mrmnavjet/IRC2026/ircWS/install/planner', 'merge_install': False, 'path': '/home/mrmnavjet/IRC2026/ircWS/src/planner', 'symlink_install': False, 'test_result_base': None}[0m
[0.963s] [34mcolcon.colcon_core.verb[0m [1;30mLevel 5[0m set package 'yolo' build argument 'cmake_args' from command line to 'None'
[0.963s] [34mcolcon.colcon_core.verb[0m [1;30mLevel 5[0m set package 'yolo' build argument 'cmake_target' from command line to 'None'
[0.963s] [34mcolcon.colcon_core.verb[0m [1;30mLevel 5[0m set package 'yolo' build argument 'cmake_target_skip_unavailable' from command line to 'False'
[0.963s] [34mcolcon.colcon_core.verb[0m [1;30mLevel 5[0m set package 'yolo' build argument 'cmake_clean_cache' from command line to 'False'
[0.963s] [34mcolcon.colcon_core.verb[0m [1;30mLevel 5[0m set package 'yolo' build argument 'cmake_clean_first' from command line to 'False'
[0.963s] [34mcolcon.colcon_core.verb[0m [1;30mLevel 5[0m set package 'yolo' build argument 'cmake_force_configure' from command line to 'False'
[0.963s] [34mcolcon.colcon_core.verb[0m [1;30mLevel 5[0m set package 'yolo' build argument 'ament_cmake_args' from command line to 'None'
[0.963s] [34mcolcon.colcon_core.verb[0m [1;30mLevel 5[0m set package 'yolo' build argument 'catkin_cmake_args' from command line to 'None'
[0.964s] [34mcolcon.colcon_core.verb[0m [1;30mLevel 5[0m set package 'yolo' build argument 'catkin_skip_building_tests' from command line to 'False'
[0.964s] [34mcolcon.colcon_core.verb[0m [1;30mDEBUG[0m [32mBuilding package 'yolo' with the following arguments: {'ament_cmake_args': None, 'build_base': '/home/mrmnavjet/IRC2026/ircWS/build/yolo', 'catkin_cmake_args': None, 'catkin_skip_building_tests': False, 'cmake_args': None, 'cmake_clean_cache': False, 'cmake_clean_first': False, 'cmake_force_configure': False, 'cmake_target': None, 'cmake_target_skip_unavailable': False, 'install_base': '/home/mrmnavjet/IRC2026/ircWS/install/yolo', 'merge_install': False, 'path': '/home/mrmnavjet/IRC2026/ircWS/src/yolo', 'symlink_install': False, 'test_result_base': None}[0m
[0.964s] [34mcolcon.colcon_core.executor[0m [1;30mINFO[0m Executing jobs using 'parallel' executor
[0.966s] [34mcolcon.colcon_parallel_executor.executor.parallel[0m [1;30mDEBUG[0m [32mrun_until_complete[0m
[0.967s] [34mcolcon.colcon_ros.task.ament_cmake.build[0m [1;30mINFO[0m Building ROS package in '/home/mrmnavjet/IRC2026/ircWS/src/custom_msgs' with build type 'ament_cmake'
[0.967s] [34mcolcon.colcon_cmake.task.cmake.build[0m [1;30mINFO[0m Building CMake package in '/home/mrmnavjet/IRC2026/ircWS/src/custom_msgs'
[0.976s] [34mcolcon.colcon_core.plugin_system[0m [1;30mINFO[0m Skipping extension 'colcon_core.shell.bat': Not used on non-Windows systems
[0.976s] [34mcolcon.colcon_core.shell[0m [1;30mINFO[0m Skip shell extension 'powershell' for command environment: Not usable outside of PowerShell
[0.976s] [34mcolcon.colcon_core.shell[0m [1;30mDEBUG[0m [32mSkip shell extension 'dsv' for command environment[0m
[0.987s] [34mcolcon.colcon_ros.task.ament_python.build[0m [1;30mINFO[0m Building ROS package in '/home/mrmnavjet/IRC2026/ircWS/src/gps' with build type 'ament_python'
[0.987s] [34mcolcon.colcon_core.shell[0m [1;30mLevel 1[0m create_environment_hook('gps', 'ament_prefix_path')
[0.988s] [34mcolcon.colcon_core.shell[0m [1;30mINFO[0m Creating environment hook '/home/mrmnavjet/IRC2026/ircWS/install/gps/share/gps/hook/ament_prefix_path.ps1'
[0.990s] [34mcolcon.colcon_core.shell[0m [1;30mINFO[0m Creating environment descriptor '/home/mrmnavjet/IRC2026/ircWS/install/gps/share/gps/hook/ament_prefix_path.dsv'
[0.992s] [34mcolcon.colcon_core.shell[0m [1;30mINFO[0m Creating environment hook '/home/mrmnavjet/IRC2026/ircWS/install/gps/share/gps/hook/ament_prefix_path.sh'
[0.995s] [34mcolcon.colcon_core.shell[0m [1;30mINFO[0m Skip shell extension 'powershell' for command environment: Not usable outside of PowerShell
[0.995s] [34mcolcon.colcon_core.shell[0m [1;30mDEBUG[0m [32mSkip shell extension 'dsv' for command environment[0m
[1.011s] [34mcolcon.colcon_core.event_handler.log_command[0m [1;30mDEBUG[0m [32mInvoking command in '/home/mrmnavjet/IRC2026/ircWS/build/custom_msgs': CMAKE_PREFIX_PATH=${CMAKE_PREFIX_PATH}:/home/mrmnavjet/IRC2026/ircWS/install/yolo:/home/mrmnavjet/IRC2026/ircWS/install/gps:/home/mrmnavjet/test/ERC2025/install/leo_nodes:/home/mrmnavjet/test/ERC2025/install/gps:/opt/ros/humble /usr/bin/cmake --build /home/mrmnavjet/IRC2026/ircWS/build/custom_msgs -- -j6 -l6[0m
[1.528s] [34mcolcon.colcon_core.task.python.build[0m [1;30mINFO[0m Building Python package in '/home/mrmnavjet/IRC2026/ircWS/src/gps'
[1.529s] [34mcolcon.colcon_core.shell[0m [1;30mINFO[0m Skip shell extension 'powershell' for command environment: Not usable outside of PowerShell
[1.529s] [34mcolcon.colcon_core.shell[0m [1;30mDEBUG[0m [32mSkip shell extension 'dsv' for command environment[0m
[2.023s] [34mcolcon.colcon_core.event_handler.log_command[0m [1;30mDEBUG[0m [32mInvoked command in '/home/mrmnavjet/IRC2026/ircWS/build/custom_msgs' returned '0': CMAKE_PREFIX_PATH=${CMAKE_PREFIX_PATH}:/home/mrmnavjet/IRC2026/ircWS/install/yolo:/home/mrmnavjet/IRC2026/ircWS/install/gps:/home/mrmnavjet/test/ERC2025/install/leo_nodes:/home/mrmnavjet/test/ERC2025/install/gps:/opt/ros/humble /usr/bin/cmake --build /home/mrmnavjet/IRC2026/ircWS/build/custom_msgs -- -j6 -l6[0m
[2.048s] [34mcolcon.colcon_core.event_handler.log_command[0m [1;30mDEBUG[0m [32mInvoking command in '/home/mrmnavjet/IRC2026/ircWS/build/custom_msgs': CMAKE_PREFIX_PATH=${CMAKE_PREFIX_PATH}:/home/mrmnavjet/IRC2026/ircWS/install/yolo:/home/mrmnavjet/IRC2026/ircWS/install/gps:/home/mrmnavjet/test/ERC2025/install/leo_nodes:/home/mrmnavjet/test/ERC2025/install/gps:/opt/ros/humble /usr/bin/cmake --install /home/mrmnavjet/IRC2026/ircWS/build/custom_msgs[0m
[2.196s] [34mcolcon.colcon_core.environment[0m [1;30mLevel 1[0m create_environment_scripts_only(custom_msgs)
[2.198s] [34mcolcon.colcon_core.event_handler.log_command[0m [1;30mDEBUG[0m [32mInvoked command in '/home/mrmnavjet/IRC2026/ircWS/build/custom_msgs' returned '0': CMAKE_PREFIX_PATH=${CMAKE_PREFIX_PATH}:/home/mrmnavjet/IRC2026/ircWS/install/yolo:/home/mrmnavjet/IRC2026/ircWS/install/gps:/home/mrmnavjet/test/ERC2025/install/leo_nodes:/home/mrmnavjet/test/ERC2025/install/gps:/opt/ros/humble /usr/bin/cmake --install /home/mrmnavjet/IRC2026/ircWS/build/custom_msgs[0m
[2.209s] [34mcolcon.colcon_core.environment[0m [1;30mLevel 1[0m checking '/home/mrmnavjet/IRC2026/ircWS/install/custom_msgs' for CMake module files
[2.210s] [34mcolcon.colcon_core.environment[0m [1;30mLevel 1[0m checking '/home/mrmnavjet/IRC2026/ircWS/install/custom_msgs' for CMake config files
[2.211s] [34mcolcon.colcon_core.shell[0m [1;30mLevel 1[0m create_environment_hook('custom_msgs', 'cmake_prefix_path')
[2.212s] [34mcolcon.colcon_core.shell[0m [1;30mINFO[0m Creating environment hook '/home/mrmnavjet/IRC2026/ircWS/install/custom_msgs/share/custom_msgs/hook/cmake_prefix_path.ps1'
[2.213s] [34mcolcon.colcon_core.shell[0m [1;30mINFO[0m Creating environment descriptor '/home/mrmnavjet/IRC2026/ircWS/install/custom_msgs/share/custom_msgs/hook/cmake_prefix_path.dsv'
[2.214s] [34mcolcon.colcon_core.shell[0m [1;30mINFO[0m Creating environment hook '/home/mrmnavjet/IRC2026/ircWS/install/custom_msgs/share/custom_msgs/hook/cmake_prefix_path.sh'
[2.216s] [34mcolcon.colcon_core.environment[0m [1;30mLevel 1[0m checking '/home/mrmnavjet/IRC2026/ircWS/install/custom_msgs/lib'
[2.216s] [34mcolcon.colcon_core.shell[0m [1;30mLevel 1[0m create_environment_hook('custom_msgs', 'ld_library_path_lib')
[2.217s] [34mcolcon.colcon_core.shell[0m [1;30mINFO[0m Creating environment hook '/home/mrmnavjet/IRC2026/ircWS/install/custom_msgs/share/custom_msgs/hook/ld_library_path_lib.ps1'
[2.218s] [34mcolcon.colcon_core.shell[0m [1;30mINFO[0m Creating environment descriptor '/home/mrmnavjet/IRC2026/ircWS/install/custom_msgs/share/custom_msgs/hook/ld_library_path_lib.dsv'
[2.219s] [34mcolcon.colcon_core.shell[0m [1;30mINFO[0m Creating environment hook '/home/mrmnavjet/IRC2026/ircWS/install/custom_msgs/share/custom_msgs/hook/ld_library_path_lib.sh'
[2.221s] [34mcolcon.colcon_core.environment[0m [1;30mLevel 1[0m checking '/home/mrmnavjet/IRC2026/ircWS/install/custom_msgs/bin'
[2.221s] [34mcolcon.colcon_core.environment[0m [1;30mLevel 1[0m checking '/home/mrmnavjet/IRC2026/ircWS/install/custom_msgs/lib/pkgconfig/custom_msgs.pc'
[2.222s] [34mcolcon.colcon_core.environment[0m [1;30mLevel 1[0m checking '/home/mrmnavjet/IRC2026/ircWS/install/custom_msgs/lib/python3.10/site-packages'
[2.223s] [34mcolcon.colcon_core.environment[0m [1;30mLevel 1[0m checking '/home/mrmnavjet/IRC2026/ircWS/install/custom_msgs/bin'
[2.224s] [34mcolcon.colcon_core.shell[0m [1;30mINFO[0m Creating package script '/home/mrmnavjet/IRC2026/ircWS/install/custom_msgs/share/custom_msgs/package.ps1'
[2.228s] [34mcolcon.colcon_core.shell[0m [1;30mINFO[0m Creating package descriptor '/home/mrmnavjet/IRC2026/ircWS/install/custom_msgs/share/custom_msgs/package.dsv'
[2.232s] [34mcolcon.colcon_core.shell[0m [1;30mINFO[0m Creating package script '/home/mrmnavjet/IRC2026/ircWS/install/custom_msgs/share/custom_msgs/package.sh'
[2.275s] [34mcolcon.colcon_core.shell[0m [1;30mINFO[0m Creating package script '/home/mrmnavjet/IRC2026/ircWS/install/custom_msgs/share/custom_msgs/package.bash'
[2.280s] [34mcolcon.colcon_core.shell[0m [1;30mINFO[0m Creating package script '/home/mrmnavjet/IRC2026/ircWS/install/custom_msgs/share/custom_msgs/package.zsh'
[2.284s] [34mcolcon.colcon_core.environment[0m [1;30mLevel 1[0m create_file_with_runtime_dependencies(/home/mrmnavjet/IRC2026/ircWS/install/custom_msgs/share/colcon-core/packages/custom_msgs)
[2.286s] [34mcolcon.colcon_core.environment[0m [1;30mLevel 1[0m create_environment_scripts_only(custom_msgs)
[2.287s] [34mcolcon.colcon_core.environment[0m [1;30mLevel 1[0m checking '/home/mrmnavjet/IRC2026/ircWS/install/custom_msgs' for CMake module files
[2.288s] [34mcolcon.colcon_core.environment[0m [1;30mLevel 1[0m checking '/home/mrmnavjet/IRC2026/ircWS/install/custom_msgs' for CMake config files
[2.290s] [34mcolcon.colcon_core.shell[0m [1;30mLevel 1[0m create_environment_hook('custom_msgs', 'cmake_prefix_path')
[2.291s] [34mcolcon.colcon_core.shell[0m [1;30mINFO[0m Creating environment hook '/home/mrmnavjet/IRC2026/ircWS/install/custom_msgs/share/custom_msgs/hook/cmake_prefix_path.ps1'
[2.292s] [34mcolcon.colcon_core.shell[0m [1;30mINFO[0m Creating environment descriptor '/home/mrmnavjet/IRC2026/ircWS/install/custom_msgs/share/custom_msgs/hook/cmake_prefix_path.dsv'
[2.293s] [34mcolcon.colcon_core.shell[0m [1;30mINFO[0m Creating environment hook '/home/mrmnavjet/IRC2026/ircWS/install/custom_msgs/share/custom_msgs/hook/cmake_prefix_path.sh'
[2.295s] [34mcolcon.colcon_core.environment[0m [1;30mLevel 1[0m checking '/home/mrmnavjet/IRC2026/ircWS/install/custom_msgs/lib'
[2.295s] [34mcolcon.colcon_core.shell[0m [1;30mLevel 1[0m create_environment_hook('custom_msgs', 'ld_library_path_lib')
[2.296s] [34mcolcon.colcon_core.shell[0m [1;30mINFO[0m Creating environment hook '/home/mrmnavjet/IRC2026/ircWS/install/custom_msgs/share/custom_msgs/hook/ld_library_path_lib.ps1'
[2.298s] [34mcolcon.colcon_core.shell[0m [1;30mINFO[0m Creating environment descriptor '/home/mrmnavjet/IRC2026/ircWS/install/custom_msgs/share/custom_msgs/hook/ld_library_path_lib.dsv'
[2.299s] [34mcolcon.colcon_core.shell[0m [1;30mINFO[0m Creating environment hook '/home/mrmnavjet/IRC2026/ircWS/install/custom_msgs/share/custom_msgs/hook/ld_library_path_lib.sh'
[2.300s] [34mcolcon.colcon_core.environment[0m [1;30mLevel 1[0m checking '/home/mrmnavjet/IRC2026/ircWS/install/custom_msgs/bin'
[2.300s] [34mcolcon.colcon_core.environment[0m [1;30mLevel 1[0m checking '/home/mrmnavjet/IRC2026/ircWS/install/custom_msgs/lib/pkgconfig/custom_msgs.pc'
[2.301s] [34mcolcon.colcon_core.environment[0m [1;30mLevel 1[0m checking '/home/mrmnavjet/IRC2026/ircWS/install/custom_msgs/lib/python3.10/site-packages'
[2.302s] [34mcolcon.colcon_core.environment[0m [1;30mLevel 1[0m checking '/home/mrmnavjet/IRC2026/ircWS/install/custom_msgs/bin'
[2.303s] [34mcolcon.colcon_core.shell[0m [1;30mINFO[0m Creating package script '/home/mrmnavjet/IRC2026/ircWS/install/custom_msgs/share/custom_msgs/package.ps1'
[2.304s] [34mcolcon.colcon_core.shell[0m [1;30mINFO[0m Creating package descriptor '/home/mrmnavjet/IRC2026/ircWS/install/custom_msgs/share/custom_msgs/package.dsv'
[2.306s] [34mcolcon.colcon_core.shell[0m [1;30mINFO[0m Creating package script '/home/mrmnavjet/IRC2026/ircWS/install/custom_msgs/share/custom_msgs/package.sh'
[2.307s] [34mcolcon.colcon_core.shell[0m [1;30mINFO[0m Creating package script '/home/mrmnavjet/IRC2026/ircWS/install/custom_msgs/share/custom_msgs/package.bash'
[2.308s] [34mcolcon.colcon_core.shell[0m [1;30mINFO[0m Creating package script '/home/mrmnavjet/IRC2026/ircWS/install/custom_msgs/share/custom_msgs/package.zsh'
[2.309s] [34mcolcon.colcon_core.environment[0m [1;30mLevel 1[0m create_file_with_runtime_dependencies(/home/mrmnavjet/IRC2026/ircWS/install/custom_msgs/share/colcon-core/packages/custom_msgs)
[2.311s] [34mcolcon.colcon_ros.task.ament_cmake.build[0m [1;30mINFO[0m Building ROS package in '/home/mrmnavjet/IRC2026/ircWS/src/planner' with build type 'ament_cmake'
[2.311s] [34mcolcon.colcon_cmake.task.cmake.build[0m [1;30mINFO[0m Building CMake package in '/home/mrmnavjet/IRC2026/ircWS/src/planner'
[2.312s] [34mcolcon.colcon_core.shell[0m [1;30mINFO[0m Skip shell extension 'powershell' for command environment: Not usable outside of PowerShell
[2.312s] [34mcolcon.colcon_core.shell[0m [1;30mDEBUG[0m [32mSkip shell extension 'dsv' for command environment[0m
[2.327s] [34mcolcon.colcon_ros.task.ament_python.build[0m [1;30mINFO[0m Building ROS package in '/home/mrmnavjet/IRC2026/ircWS/src/yolo' with build type 'ament_python'
[2.327s] [34mcolcon.colcon_core.shell[0m [1;30mLevel 1[0m create_environment_hook('yolo', 'ament_prefix_path')
[2.328s] [34mcolcon.colcon_core.shell[0m [1;30mINFO[0m Creating environment hook '/home/mrmnavjet/IRC2026/ircWS/install/yolo/share/yolo/hook/ament_prefix_path.ps1'
[2.329s] [34mcolcon.colcon_core.shell[0m [1;30mINFO[0m Creating environment descriptor '/home/mrmnavjet/IRC2026/ircWS/install/yolo/share/yolo/hook/ament_prefix_path.dsv'
[2.330s] [34mcolcon.colcon_core.shell[0m [1;30mINFO[0m Creating environment hook '/home/mrmnavjet/IRC2026/ircWS/install/yolo/share/yolo/hook/ament_prefix_path.sh'
[2.332s] [34mcolcon.colcon_core.shell[0m [1;30mINFO[0m Skip shell extension 'powershell' for command environment: Not usable outside of PowerShell
[2.332s] [34mcolcon.colcon_core.shell[0m [1;30mDEBUG[0m [32mSkip shell extension 'dsv' for command environment[0m
[2.355s] [34mcolcon.colcon_core.event_handler.log_command[0m [1;30mDEBUG[0m [32mInvoking command in '/home/mrmnavjet/IRC2026/ircWS/build/planner': CMAKE_PREFIX_PATH=/home/mrmnavjet/IRC2026/ircWS/install/custom_msgs:/home/mrmnavjet/zed_ros_ws/install/zed_ros2:/home/mrmnavjet/zed_ros_ws/install/zed_wrapper:/home/mrmnavjet/zed_ros_ws/install/zed_components:/home/mrmnavjet/IRC2026/ircWS/install/planner:/home/mrmnavjet/test/ERC2025/install/planner:/home/mrmnavjet/test/ERC2025/install/robot_interface:/home/mrmnavjet/test/ERC2025/install/leo_rover:/home/mrmnavjet/IRC2026/ircWS/install/yolo:/home/mrmnavjet/IRC2026/ircWS/install/gps:/home/mrmnavjet/test/ERC2025/install/leo_nodes:/home/mrmnavjet/test/ERC2025/install/gps:/opt/ros/humble LD_LIBRARY_PATH=/home/mrmnavjet/IRC2026/ircWS/install/custom_msgs/lib:/home/mrmnavjet/zed_ros_ws/install/zed_components/lib:/home/mrmnavjet/test/ERC2025/install/robot_interface/lib:/opt/ros/humble/opt/rviz_ogre_vendor/lib:/opt/ros/humble/lib/aarch64-linux-gnu:/opt/ros/humble/lib:/usr/local/cuda-12.6/lib64 /usr/bin/cmake --build /home/mrmnavjet/IRC2026/ircWS/build/planner -- -j6 -l6[0m
[2.846s] [34mcolcon.colcon_core.task.python.build[0m [1;30mINFO[0m Building Python package in '/home/mrmnavjet/IRC2026/ircWS/src/yolo'
[2.847s] [34mcolcon.colcon_core.shell[0m [1;30mINFO[0m Skip shell extension 'powershell' for command environment: Not usable outside of PowerShell
[2.847s] [34mcolcon.colcon_core.shell[0m [1;30mDEBUG[0m [32mSkip shell extension 'dsv' for command environment[0m
[2.859s] [34mcolcon.colcon_core.event_handler.log_command[0m [1;30mDEBUG[0m [32mInvoked command in '/home/mrmnavjet/IRC2026/ircWS/build/planner' returned '0': CMAKE_PREFIX_PATH=/home/mrmnavjet/IRC2026/ircWS/install/custom_msgs:/home/mrmnavjet/zed_ros_ws/install/zed_ros2:/home/mrmnavjet/zed_ros_ws/install/zed_wrapper:/home/mrmnavjet/zed_ros_ws/install/zed_components:/home/mrmnavjet/IRC2026/ircWS/install/planner:/home/mrmnavjet/test/ERC2025/install/planner:/home/mrmnavjet/test/ERC2025/install/robot_interface:/home/mrmnavjet/test/ERC2025/install/leo_rover:/home/mrmnavjet/IRC2026/ircWS/install/yolo:/home/mrmnavjet/IRC2026/ircWS/install/gps:/home/mrmnavjet/test/ERC2025/install/leo_nodes:/home/mrmnavjet/test/ERC2025/install/gps:/opt/ros/humble LD_LIBRARY_PATH=/home/mrmnavjet/IRC2026/ircWS/install/custom_msgs/lib:/home/mrmnavjet/zed_ros_ws/install/zed_components/lib:/home/mrmnavjet/test/ERC2025/install/robot_interface/lib:/opt/ros/humble/opt/rviz_ogre_vendor/lib:/opt/ros/humble/lib/aarch64-linux-gnu:/opt/ros/humble/lib:/usr/local/cuda-12.6/lib64 /usr/bin/cmake --build /home/mrmnavjet/IRC2026/ircWS/build/planner -- -j6 -l6[0m
[2.863s] [34mcolcon.colcon_core.event_handler.log_command[0m [1;30mDEBUG[0m [32mInvoking command in '/home/mrmnavjet/IRC2026/ircWS/build/planner': CMAKE_PREFIX_PATH=/home/mrmnavjet/IRC2026/ircWS/install/custom_msgs:/home/mrmnavjet/zed_ros_ws/install/zed_ros2:/home/mrmnavjet/zed_ros_ws/install/zed_wrapper:/home/mrmnavjet/zed_ros_ws/install/zed_components:/home/mrmnavjet/IRC2026/ircWS/install/planner:/home/mrmnavjet/test/ERC2025/install/planner:/home/mrmnavjet/test/ERC2025/install/robot_interface:/home/mrmnavjet/test/ERC2025/install/leo_rover:/home/mrmnavjet/IRC2026/ircWS/install/yolo:/home/mrmnavjet/IRC2026/ircWS/install/gps:/home/mrmnavjet/test/ERC2025/install/leo_nodes:/home/mrmnavjet/test/ERC2025/install/gps:/opt/ros/humble LD_LIBRARY_PATH=/home/mrmnavjet/IRC2026/ircWS/install/custom_msgs/lib:/home/mrmnavjet/zed_ros_ws/install/zed_components/lib:/home/mrmnavjet/test/ERC2025/install/robot_interface/lib:/opt/ros/humble/opt/rviz_ogre_vendor/lib:/opt/ros/humble/lib/aarch64-linux-gnu:/opt/ros/humble/lib:/usr/local/cuda-12.6/lib64 /usr/bin/cmake --install /home/mrmnavjet/IRC2026/ircWS/build/planner[0m
[2.896s] [34mcolcon.colcon_core.environment[0m [1;30mLevel 1[0m create_environment_scripts_only(planner)
[2.896s] [34mcolcon.colcon_core.environment[0m [1;30mLevel 1[0m checking '/home/mrmnavjet/IRC2026/ircWS/install/planner' for CMake module files
[2.897s] [34mcolcon.colcon_core.event_handler.log_command[0m [1;30mDEBUG[0m [32mInvoked command in '/home/mrmnavjet/IRC2026/ircWS/build/planner' returned '0': CMAKE_PREFIX_PATH=/home/mrmnavjet/IRC2026/ircWS/install/custom_msgs:/home/mrmnavjet/zed_ros_ws/install/zed_ros2:/home/mrmnavjet/zed_ros_ws/install/zed_wrapper:/home/mrmnavjet/zed_ros_ws/install/zed_components:/home/mrmnavjet/IRC2026/ircWS/install/planner:/home/mrmnavjet/test/ERC2025/install/planner:/home/mrmnavjet/test/ERC2025/install/robot_interface:/home/mrmnavjet/test/ERC2025/install/leo_rover:/home/mrmnavjet/IRC2026/ircWS/install/yolo:/home/mrmnavjet/IRC2026/ircWS/install/gps:/home/mrmnavjet/test/ERC2025/install/leo_nodes:/home/mrmnavjet/test/ERC2025/install/gps:/opt/ros/humble LD_LIBRARY_PATH=/home/mrmnavjet/IRC2026/ircWS/install/custom_msgs/lib:/home/mrmnavjet/zed_ros_ws/install/zed_components/lib:/home/mrmnavjet/test/ERC2025/install/robot_interface/lib:/opt/ros/humble/opt/rviz_ogre_vendor/lib:/opt/ros/humble/lib/aarch64-linux-gnu:/opt/ros/humble/lib:/usr/local/cuda-12.6/lib64 /usr/bin/cmake --install /home/mrmnavjet/IRC2026/ircWS/build/planner[0m
[2.898s] [34mcolcon.colcon_core.environment[0m [1;30mLevel 1[0m checking '/home/mrmnavjet/IRC2026/ircWS/install/planner' for CMake config files
[2.899s] [34mcolcon.colcon_core.shell[0m [1;30mLevel 1[0m create_environment_hook('planner', 'cmake_prefix_path')
[2.899s] [34mcolcon.colcon_core.shell[0m [1;30mINFO[0m Creating environment hook '/home/mrmnavjet/IRC2026/ircWS/install/planner/share/planner/hook/cmake_prefix_path.ps1'
[2.900s] [34mcolcon.colcon_core.shell[0m [1;30mINFO[0m Creating environment descriptor '/home/mrmnavjet/IRC2026/ircWS/install/planner/share/planner/hook/cmake_prefix_path.dsv'
[2.901s] [34mcolcon.colcon_core.shell[0m [1;30mINFO[0m Creating environment hook '/home/mrmnavjet/IRC2026/ircWS/install/planner/share/planner/hook/cmake_prefix_path.sh'
[2.902s] [34mcolcon.colcon_core.environment[0m [1;30mLevel 1[0m checking '/home/mrmnavjet/IRC2026/ircWS/install/planner/lib'
[2.902s] [34mcolcon.colcon_core.environment[0m [1;30mLevel 1[0m checking '/home/mrmnavjet/IRC2026/ircWS/install/planner/bin'
[2.903s] [34mcolcon.colcon_core.environment[0m [1;30mLevel 1[0m checking '/home/mrmnavjet/IRC2026/ircWS/install/planner/lib/pkgconfig/planner.pc'
[2.903s] [34mcolcon.colcon_core.environment[0m [1;30mLevel 1[0m checking '/home/mrmnavjet/IRC2026/ircWS/install/planner/lib/python3.10/site-packages'
[2.904s] [34mcolcon.colcon_core.environment[0m [1;30mLevel 1[0m checking '/home/mrmnavjet/IRC2026/ircWS/install/planner/bin'
[2.904s] [34mcolcon.colcon_core.shell[0m [1;30mINFO[0m Creating package script '/home/mrmnavjet/IRC2026/ircWS/install/planner/share/planner/package.ps1'
[2.905s] [34mcolcon.colcon_core.shell[0m [1;30mINFO[0m Creating package descriptor '/home/mrmnavjet/IRC2026/ircWS/install/planner/share/planner/package.dsv'
[2.906s] [34mcolcon.colcon_core.shell[0m [1;30mINFO[0m Creating package script '/home/mrmnavjet/IRC2026/ircWS/install/planner/share/planner/package.sh'
[2.907s] [34mcolcon.colcon_core.shell[0m [1;30mINFO[0m Creating package script '/home/mrmnavjet/IRC2026/ircWS/install/planner/share/planner/package.bash'
[2.908s] [34mcolcon.colcon_core.shell[0m [1;30mINFO[0m Creating package script '/home/mrmnavjet/IRC2026/ircWS/install/planner/share/planner/package.zsh'
[2.908s] [34mcolcon.colcon_core.environment[0m [1;30mLevel 1[0m create_file_with_runtime_dependencies(/home/mrmnavjet/IRC2026/ircWS/install/planner/share/colcon-core/packages/planner)
[2.909s] [34mcolcon.colcon_core.environment[0m [1;30mLevel 1[0m create_environment_scripts_only(planner)
[2.910s] [34mcolcon.colcon_core.environment[0m [1;30mLevel 1[0m checking '/home/mrmnavjet/IRC2026/ircWS/install/planner' for CMake module files
[2.911s] [34mcolcon.colcon_core.environment[0m [1;30mLevel 1[0m checking '/home/mrmnavjet/IRC2026/ircWS/install/planner' for CMake config files
[2.911s] [34mcolcon.colcon_core.shell[0m [1;30mLevel 1[0m create_environment_hook('planner', 'cmake_prefix_path')
[2.912s] [34mcolcon.colcon_core.shell[0m [1;30mINFO[0m Creating environment hook '/home/mrmnavjet/IRC2026/ircWS/install/planner/share/planner/hook/cmake_prefix_path.ps1'
[2.912s] [34mcolcon.colcon_core.shell[0m [1;30mINFO[0m Creating environment descriptor '/home/mrmnavjet/IRC2026/ircWS/install/planner/share/planner/hook/cmake_prefix_path.dsv'
[2.913s] [34mcolcon.colcon_core.shell[0m [1;30mINFO[0m Creating environment hook '/home/mrmnavjet/IRC2026/ircWS/install/planner/share/planner/hook/cmake_prefix_path.sh'
[2.914s] [34mcolcon.colcon_core.environment[0m [1;30mLevel 1[0m checking '/home/mrmnavjet/IRC2026/ircWS/install/planner/lib'
[2.914s] [34mcolcon.colcon_core.environment[0m [1;30mLevel 1[0m checking '/home/mrmnavjet/IRC2026/ircWS/install/planner/bin'
[2.915s] [34mcolcon.colcon_core.environment[0m [1;30mLevel 1[0m checking '/home/mrmnavjet/IRC2026/ircWS/install/planner/lib/pkgconfig/planner.pc'
[2.915s] [34mcolcon.colcon_core.environment[0m [1;30mLevel 1[0m checking '/home/mrmnavjet/IRC2026/ircWS/install/planner/lib/python3.10/site-packages'
[2.915s] [34mcolcon.colcon_core.environment[0m [1;30mLevel 1[0m checking '/home/mrmnavjet/IRC2026/ircWS/install/planner/bin'
[2.916s] [34mcolcon.colcon_core.shell[0m [1;30mINFO[0m Creating package script '/home/mrmnavjet/IRC2026/ircWS/install/planner/share/planner/package.ps1'
[2.917s] [34mcolcon.colcon_core.shell[0m [1;30mINFO[0m Creating package descriptor '/home/mrmnavjet/IRC2026/ircWS/install/planner/share/planner/package.dsv'
[2.918s] [34mcolcon.colcon_core.shell[0m [1;30mINFO[0m Creating package script '/home/mrmnavjet/IRC2026/ircWS/install/planner/share/planner/package.sh'
[2.919s] [34mcolcon.colcon_core.shell[0m [1;30mINFO[0m Creating package script '/home/mrmnavjet/IRC2026/ircWS/install/planner/share/planner/package.bash'
[2.920s] [34mcolcon.colcon_core.shell[0m [1;30mINFO[0m Creating package script '/home/mrmnavjet/IRC2026/ircWS/install/planner/share/planner/package.zsh'
[2.920s] [34mcolcon.colcon_core.environment[0m [1;30mLevel 1[0m create_file_with_runtime_dependencies(/home/mrmnavjet/IRC2026/ircWS/install/planner/share/colcon-core/packages/planner)
[3.236s] [34mcolcon.colcon_core.event_handler.log_command[0m [1;30mDEBUG[0m [32mInvoking command in '/home/mrmnavjet/IRC2026/ircWS/src/gps': PYTHONPATH=/home/mrmnavjet/IRC2026/ircWS/build/gps/prefix_override:/usr/lib/python3/dist-packages/colcon_core/task/python/colcon_distutils_commands:/home/mrmnavjet/IRC2026/ircWS/install/gps/lib/python3.10/site-packages:${PYTHONPATH} /usr/bin/python3 -W ignore:setup.py install is deprecated -W ignore:easy_install command is deprecated setup.py egg_info --egg-base ../../build/gps build --build-base /home/mrmnavjet/IRC2026/ircWS/build/gps/build install --record /home/mrmnavjet/IRC2026/ircWS/build/gps/install.log --single-version-externally-managed install_data[0m
[4.180s] [34mcolcon.colcon_core.event_handler.log_command[0m [1;30mDEBUG[0m [32mInvoking command in '/home/mrmnavjet/IRC2026/ircWS/src/yolo': CMAKE_PREFIX_PATH=/home/mrmnavjet/IRC2026/ircWS/install/custom_msgs:/home/mrmnavjet/zed_ros_ws/install/zed_ros2:/home/mrmnavjet/zed_ros_ws/install/zed_wrapper:/home/mrmnavjet/zed_ros_ws/install/zed_components:/home/mrmnavjet/IRC2026/ircWS/install/planner:/home/mrmnavjet/test/ERC2025/install/planner:/home/mrmnavjet/test/ERC2025/install/robot_interface:/home/mrmnavjet/test/ERC2025/install/leo_rover LD_LIBRARY_PATH=/home/mrmnavjet/IRC2026/ircWS/install/custom_msgs/lib:/home/mrmnavjet/zed_ros_ws/install/zed_components/lib:/home/mrmnavjet/test/ERC2025/install/robot_interface/lib:/opt/ros/humble/opt/rviz_ogre_vendor/lib:/opt/ros/humble/lib/aarch64-linux-gnu:/opt/ros/humble/lib:/usr/local/cuda-12.6/lib64 PYTHONPATH=/home/mrmnavjet/IRC2026/ircWS/build/yolo/prefix_override:/usr/lib/python3/dist-packages/colcon_core/task/python/colcon_distutils_commands:/home/mrmnavjet/IRC2026/ircWS/install/yolo/lib/python3.10/site-packages:${PYTHONPATH} /usr/bin/python3 -W ignore:setup.py install is deprecated -W ignore:easy_install command is deprecated setup.py egg_info --egg-base ../../build/yolo build --build-base /home/mrmnavjet/IRC2026/ircWS/build/yolo/build install --record /home/mrmnavjet/IRC2026/ircWS/build/yolo/install.log --single-version-externally-managed install_data[0m
[4.433s] [34mcolcon.colcon_core.environment[0m [1;30mLevel 1[0m checking '/home/mrmnavjet/IRC2026/ircWS/install/gps' for CMake module files
[4.435s] [34mcolcon.colcon_core.event_handler.log_command[0m [1;30mDEBUG[0m [32mInvoked command in '/home/mrmnavjet/IRC2026/ircWS/src/gps' returned '0': PYTHONPATH=/home/mrmnavjet/IRC2026/ircWS/build/gps/prefix_override:/usr/lib/python3/dist-packages/colcon_core/task/python/colcon_distutils_commands:/home/mrmnavjet/IRC2026/ircWS/install/gps/lib/python3.10/site-packages:${PYTHONPATH} /usr/bin/python3 -W ignore:setup.py install is deprecated -W ignore:easy_install command is deprecated setup.py egg_info --egg-base ../../build/gps build --build-base /home/mrmnavjet/IRC2026/ircWS/build/gps/build install --record /home/mrmnavjet/IRC2026/ircWS/build/gps/install.log --single-version-externally-managed install_data[0m
[4.436s] [34mcolcon.colcon_core.environment[0m [1;30mLevel 1[0m checking '/home/mrmnavjet/IRC2026/ircWS/install/gps' for CMake config files
[4.438s] [34mcolcon.colcon_core.environment[0m [1;30mLevel 1[0m checking '/home/mrmnavjet/IRC2026/ircWS/install/gps/lib'
[4.438s] [34mcolcon.colcon_core.environment[0m [1;30mLevel 1[0m checking '/home/mrmnavjet/IRC2026/ircWS/install/gps/bin'
[4.438s] [34mcolcon.colcon_core.environment[0m [1;30mLevel 1[0m checking '/home/mrmnavjet/IRC2026/ircWS/install/gps/lib/pkgconfig/gps.pc'
[4.439s] [34mcolcon.colcon_core.environment[0m [1;30mLevel 1[0m checking '/home/mrmnavjet/IRC2026/ircWS/install/gps/lib/python3.10/site-packages'
[4.440s] [34mcolcon.colcon_core.shell[0m [1;30mLevel 1[0m create_environment_hook('gps', 'pythonpath')
[4.440s] [34mcolcon.colcon_core.shell[0m [1;30mINFO[0m Creating environment hook '/home/mrmnavjet/IRC2026/ircWS/install/gps/share/gps/hook/pythonpath.ps1'
[4.442s] [34mcolcon.colcon_core.shell[0m [1;30mINFO[0m Creating environment descriptor '/home/mrmnavjet/IRC2026/ircWS/install/gps/share/gps/hook/pythonpath.dsv'
[4.443s] [34mcolcon.colcon_core.shell[0m [1;30mINFO[0m Creating environment hook '/home/mrmnavjet/IRC2026/ircWS/install/gps/share/gps/hook/pythonpath.sh'
[4.446s] [34mcolcon.colcon_core.environment[0m [1;30mLevel 1[0m checking '/home/mrmnavjet/IRC2026/ircWS/install/gps/bin'
[4.446s] [34mcolcon.colcon_core.environment[0m [1;30mLevel 1[0m create_environment_scripts_only(gps)
[4.447s] [34mcolcon.colcon_core.shell[0m [1;30mINFO[0m Creating package script '/home/mrmnavjet/IRC2026/ircWS/install/gps/share/gps/package.ps1'
[4.449s] [34mcolcon.colcon_core.shell[0m [1;30mINFO[0m Creating package descriptor '/home/mrmnavjet/IRC2026/ircWS/install/gps/share/gps/package.dsv'
[4.450s] [34mcolcon.colcon_core.shell[0m [1;30mINFO[0m Creating package script '/home/mrmnavjet/IRC2026/ircWS/install/gps/share/gps/package.sh'
[4.452s] [34mcolcon.colcon_core.shell[0m [1;30mINFO[0m Creating package script '/home/mrmnavjet/IRC2026/ircWS/install/gps/share/gps/package.bash'
[4.453s] [34mcolcon.colcon_core.shell[0m [1;30mINFO[0m Creating package script '/home/mrmnavjet/IRC2026/ircWS/install/gps/share/gps/package.zsh'
[4.455s] [34mcolcon.colcon_core.environment[0m [1;30mLevel 1[0m create_file_with_runtime_dependencies(/home/mrmnavjet/IRC2026/ircWS/install/gps/share/colcon-core/packages/gps)
[5.513s] [34mcolcon.colcon_core.environment[0m [1;30mLevel 1[0m checking '/home/mrmnavjet/IRC2026/ircWS/install/yolo' for CMake module files
[5.515s] [34mcolcon.colcon_core.event_handler.log_command[0m [1;30mDEBUG[0m [32mInvoked command in '/home/mrmnavjet/IRC2026/ircWS/src/yolo' returned '0': CMAKE_PREFIX_PATH=/home/mrmnavjet/IRC2026/ircWS/install/custom_msgs:/home/mrmnavjet/zed_ros_ws/install/zed_ros2:/home/mrmnavjet/zed_ros_ws/install/zed_wrapper:/home/mrmnavjet/zed_ros_ws/install/zed_components:/home/mrmnavjet/IRC2026/ircWS/install/planner:/home/mrmnavjet/test/ERC2025/install/planner:/home/mrmnavjet/test/ERC2025/install/robot_interface:/home/mrmnavjet/test/ERC2025/install/leo_rover LD_LIBRARY_PATH=/home/mrmnavjet/IRC2026/ircWS/install/custom_msgs/lib:/home/mrmnavjet/zed_ros_ws/install/zed_components/lib:/home/mrmnavjet/test/ERC2025/install/robot_interface/lib:/opt/ros/humble/opt/rviz_ogre_vendor/lib:/opt/ros/humble/lib/aarch64-linux-gnu:/opt/ros/humble/lib:/usr/local/cuda-12.6/lib64 PYTHONPATH=/home/mrmnavjet/IRC2026/ircWS/build/yolo/prefix_override:/usr/lib/python3/dist-packages/colcon_core/task/python/colcon_distutils_commands:/home/mrmnavjet/IRC2026/ircWS/install/yolo/lib/python3.10/site-packages:${PYTHONPATH} /usr/bin/python3 -W ignore:setup.py install is deprecated -W ignore:easy_install command is deprecated setup.py egg_info --egg-base ../../build/yolo build --build-base /home/mrmnavjet/IRC2026/ircWS/build/yolo/build install --record /home/mrmnavjet/IRC2026/ircWS/build/yolo/install.log --single-version-externally-managed install_data[0m
[5.517s] [34mcolcon.colcon_core.environment[0m [1;30mLevel 1[0m checking '/home/mrmnavjet/IRC2026/ircWS/install/yolo' for CMake config files
[5.519s] [34mcolcon.colcon_core.environment[0m [1;30mLevel 1[0m checking '/home/mrmnavjet/IRC2026/ircWS/install/yolo/lib'
[5.519s] [34mcolcon.colcon_core.environment[0m [1;30mLevel 1[0m checking '/home/mrmnavjet/IRC2026/ircWS/install/yolo/bin'
[5.519s] [34mcolcon.colcon_core.environment[0m [1;30mLevel 1[0m checking '/home/mrmnavjet/IRC2026/ircWS/install/yolo/lib/pkgconfig/yolo.pc'
[5.520s] [34mcolcon.colcon_core.environment[0m [1;30mLevel 1[0m checking '/home/mrmnavjet/IRC2026/ircWS/install/yolo/lib/python3.10/site-packages'
[5.520s] [34mcolcon.colcon_core.shell[0m [1;30mLevel 1[0m create_environment_hook('yolo', 'pythonpath')
[5.521s] [34mcolcon.colcon_core.shell[0m [1;30mINFO[0m Creating environment hook '/home/mrmnavjet/IRC2026/ircWS/install/yolo/share/yolo/hook/pythonpath.ps1'
[5.524s] [34mcolcon.colcon_core.shell[0m [1;30mINFO[0m Creating environment descriptor '/home/mrmnavjet/IRC2026/ircWS/install/yolo/share/yolo/hook/pythonpath.dsv'
[5.525s] [34mcolcon.colcon_core.shell[0m [1;30mINFO[0m Creating environment hook '/home/mrmnavjet/IRC2026/ircWS/install/yolo/share/yolo/hook/pythonpath.sh'
[5.527s] [34mcolcon.colcon_core.environment[0m [1;30mLevel 1[0m checking '/home/mrmnavjet/IRC2026/ircWS/install/yolo/bin'
[5.528s] [34mcolcon.colcon_core.environment[0m [1;30mLevel 1[0m create_environment_scripts_only(yolo)
[5.529s] [34mcolcon.colcon_core.shell[0m [1;30mINFO[0m Creating package script '/home/mrmnavjet/IRC2026/ircWS/install/yolo/share/yolo/package.ps1'
[5.531s] [34mcolcon.colcon_core.shell[0m [1;30mINFO[0m Creating package descriptor '/home/mrmnavjet/IRC2026/ircWS/install/yolo/share/yolo/package.dsv'
[5.533s] [34mcolcon.colcon_core.shell[0m [1;30mINFO[0m Creating package script '/home/mrmnavjet/IRC2026/ircWS/install/yolo/share/yolo/package.sh'
[5.534s] [34mcolcon.colcon_core.shell[0m [1;30mINFO[0m Creating package script '/home/mrmnavjet/IRC2026/ircWS/install/yolo/share/yolo/package.bash'
[5.536s] [34mcolcon.colcon_core.shell[0m [1;30mINFO[0m Creating package script '/home/mrmnavjet/IRC2026/ircWS/install/yolo/share/yolo/package.zsh'
[5.537s] [34mcolcon.colcon_core.environment[0m [1;30mLevel 1[0m create_file_with_runtime_dependencies(/home/mrmnavjet/IRC2026/ircWS/install/yolo/share/colcon-core/packages/yolo)
[5.538s] [34mcolcon.colcon_parallel_executor.executor.parallel[0m [1;30mDEBUG[0m [32mclosing loop[0m
[5.539s] [34mcolcon.colcon_parallel_executor.executor.parallel[0m [1;30mDEBUG[0m [32mloop closed[0m
[5.540s] [34mcolcon.colcon_parallel_executor.executor.parallel[0m [1;30mDEBUG[0m [32mrun_until_complete finished with '0'[0m
[5.540s] [34mcolcon.colcon_core.event_reactor[0m [1;30mDEBUG[0m [32mjoining thread[0m
[5.566s] [34mcolcon.colcon_core.plugin_system[0m [1;30mINFO[0m Skipping extension 'colcon_notification.desktop_notification.terminal_notifier': Not used on non-Darwin systems
[5.566s] [34mcolcon.colcon_core.plugin_system[0m [1;30mINFO[0m Skipping extension 'colcon_notification.desktop_notification.win32': Not used on non-Windows systems
[5.567s] [34mcolcon.colcon_notification.desktop_notification[0m [1;30mINFO[0m Sending desktop notification using 'notify2'
[5.608s] [34mcolcon.colcon_notification.desktop_notification.notify2[0m [1;30mDEBUG[0m [32mFailed to initialize notify2: org.freedesktop.DBus.Error.Spawn.ChildExited: Process org.freedesktop.Notifications exited with status 1[0m
[5.608s] [34mcolcon.colcon_core.event_reactor[0m [1;30mDEBUG[0m [32mjoined thread[0m
[5.610s] [34mcolcon.colcon_core.shell[0m [1;30mINFO[0m Creating prefix script '/home/mrmnavjet/IRC2026/ircWS/install/local_setup.ps1'
[5.612s] [34mcolcon.colcon_core.shell[0m [1;30mINFO[0m Creating prefix util module '/home/mrmnavjet/IRC2026/ircWS/install/_local_setup_util_ps1.py'
[5.620s] [34mcolcon.colcon_core.shell[0m [1;30mINFO[0m Creating prefix chain script '/home/mrmnavjet/IRC2026/ircWS/install/setup.ps1'
[5.626s] [34mcolcon.colcon_core.shell[0m [1;30mINFO[0m Creating prefix script '/home/mrmnavjet/IRC2026/ircWS/install/local_setup.sh'
[5.630s] [34mcolcon.colcon_core.shell[0m [1;30mINFO[0m Creating prefix util module '/home/mrmnavjet/IRC2026/ircWS/install/_local_setup_util_sh.py'
[5.632s] [34mcolcon.colcon_core.shell[0m [1;30mINFO[0m Creating prefix chain script '/home/mrmnavjet/IRC2026/ircWS/install/setup.sh'
[5.640s] [34mcolcon.colcon_core.shell[0m [1;30mINFO[0m Creating prefix script '/home/mrmnavjet/IRC2026/ircWS/install/local_setup.bash'
[5.643s] [34mcolcon.colcon_core.shell[0m [1;30mINFO[0m Creating prefix chain script '/home/mrmnavjet/IRC2026/ircWS/install/setup.bash'
[5.650s] [34mcolcon.colcon_core.shell[0m [1;30mINFO[0m Creating prefix script '/home/mrmnavjet/IRC2026/ircWS/install/local_setup.zsh'
[5.653s] [34mcolcon.colcon_core.shell[0m [1;30mINFO[0m Creating prefix chain script '/home/mrmnavjet/IRC2026/ircWS/install/setup.zsh'
