[0.286s] [34mcolcon[0m [1;30mDEBUG[0m [32mCommand line arguments: ['/usr/bin/colcon', 'build'][0m
[0.287s] [34mcolcon[0m [1;30mDEBUG[0m [32mParsed command line arguments: Namespace(log_base=None, log_level=None, verb_name='build', build_base='build', install_base='install', merge_install=False, symlink_install=False, test_result_base=None, continue_on_error=False, executor='parallel', parallel_workers=6, event_handlers=None, ignore_user_meta=False, metas=['./colcon.meta'], base_paths=['.'], packages_ignore=None, packages_ignore_regex=None, paths=None, packages_up_to=None, packages_up_to_regex=None, packages_above=None, packages_above_and_dependencies=None, packages_above_depth=None, packages_select_by_dep=None, packages_skip_by_dep=None, packages_skip_up_to=None, packages_select_build_failed=False, packages_skip_build_finished=False, packages_select_test_failures=False, packages_skip_test_passed=False, packages_select=None, packages_skip=None, packages_select_regex=None, packages_skip_regex=None, packages_start=None, packages_end=None, allow_overriding=[], cmake_args=None, cmake_target=None, cmake_target_skip_unavailable=False, cmake_clean_cache=False, cmake_clean_first=False, cmake_force_configure=False, ament_cmake_args=None, catkin_cmake_args=None, catkin_skip_building_tests=False, mixin_files=None, mixin=None, verb_parser=<colcon_mixin.mixin.mixin_argument.MixinArgumentDecorator object at 0xffff88e8e020>, verb_extension=<colcon_core.verb.build.BuildVerb object at 0xffff88e8db70>, main=<bound method BuildVerb.main of <colcon_core.verb.build.BuildVerb object at 0xffff88e8db70>>, mixin_verb=('build',))[0m
[0.382s] [34mcolcon.colcon_core.package_discovery[0m [1;30mLevel 1[0m discover_packages(colcon_meta) check parameters
[0.382s] [34mcolcon.colcon_core.package_discovery[0m [1;30mLevel 1[0m discover_packages(recursive) check parameters
[0.382s] [34mcolcon.colcon_core.package_discovery[0m [1;30mLevel 1[0m discover_packages(ignore) check parameters
[0.382s] [34mcolcon.colcon_core.package_discovery[0m [1;30mLevel 1[0m discover_packages(path) check parameters
[0.382s] [34mcolcon.colcon_core.package_discovery[0m [1;30mLevel 1[0m discover_packages(colcon_meta) discover
[0.383s] [34mcolcon.colcon_core.package_discovery[0m [1;30mLevel 1[0m discover_packages(recursive) discover
[0.383s] [34mcolcon.colcon_core.package_discovery[0m [1;30mINFO[0m Crawling recursively for packages in '/home/mrmnavjet/IRC2026/ircWS'
[0.383s] [34mcolcon.colcon_core.package_identification[0m [1;30mLevel 1[0m _identify(.) by extensions ['ignore', 'ignore_ament_install']
[0.383s] [34mcolcon.colcon_core.package_identification[0m [1;30mLevel 1[0m _identify(.) by extension 'ignore'
[0.383s] [34mcolcon.colcon_core.package_identification[0m [1;30mLevel 1[0m _identify(.) by extension 'ignore_ament_install'
[0.384s] [34mcolcon.colcon_core.package_identification[0m [1;30mLevel 1[0m _identify(.) by extensions ['colcon_pkg']
[0.384s] [34mcolcon.colcon_core.package_identification[0m [1;30mLevel 1[0m _identify(.) by extension 'colcon_pkg'
[0.384s] [34mcolcon.colcon_core.package_identification[0m [1;30mLevel 1[0m _identify(.) by extensions ['colcon_meta']
[0.384s] [34mcolcon.colcon_core.package_identification[0m [1;30mLevel 1[0m _identify(.) by extension 'colcon_meta'
[0.384s] [34mcolcon.colcon_core.package_identification[0m [1;30mLevel 1[0m _identify(.) by extensions ['ros']
[0.384s] [34mcolcon.colcon_core.package_identification[0m [1;30mLevel 1[0m _identify(.) by extension 'ros'
[0.414s] [34mcolcon.colcon_core.package_identification[0m [1;30mLevel 1[0m _identify(.) by extensions ['cmake', 'python']
[0.414s] [34mcolcon.colcon_core.package_identification[0m [1;30mLevel 1[0m _identify(.) by extension 'cmake'
[0.414s] [34mcolcon.colcon_core.package_identification[0m [1;30mLevel 1[0m _identify(.) by extension 'python'
[0.414s] [34mcolcon.colcon_core.package_identification[0m [1;30mLevel 1[0m _identify(.) by extensions ['python_setup_py']
[0.414s] [34mcolcon.colcon_core.package_identification[0m [1;30mLevel 1[0m _identify(.) by extension 'python_setup_py'
[0.415s] [34mcolcon.colcon_core.package_identification[0m [1;30mLevel 1[0m _identify(build) by extensions ['ignore', 'ignore_ament_install']
[0.415s] [34mcolcon.colcon_core.package_identification[0m [1;30mLevel 1[0m _identify(build) by extension 'ignore'
[0.415s] [34mcolcon.colcon_core.package_identification[0m [1;30mLevel 1[0m _identify(build) ignored
[0.415s] [34mcolcon.colcon_core.package_identification[0m [1;30mLevel 1[0m _identify(install) by extensions ['ignore', 'ignore_ament_install']
[0.416s] [34mcolcon.colcon_core.package_identification[0m [1;30mLevel 1[0m _identify(install) by extension 'ignore'
[0.416s] [34mcolcon.colcon_core.package_identification[0m [1;30mLevel 1[0m _identify(install) ignored
[0.416s] [34mcolcon.colcon_core.package_identification[0m [1;30mLevel 1[0m _identify(log) by extensions ['ignore', 'ignore_ament_install']
[0.416s] [34mcolcon.colcon_core.package_identification[0m [1;30mLevel 1[0m _identify(log) by extension 'ignore'
[0.416s] [34mcolcon.colcon_core.package_identification[0m [1;30mLevel 1[0m _identify(log) ignored
[0.416s] [34mcolcon.colcon_core.package_identification[0m [1;30mLevel 1[0m _identify(src) by extensions ['ignore', 'ignore_ament_install']
[0.417s] [34mcolcon.colcon_core.package_identification[0m [1;30mLevel 1[0m _identify(src) by extension 'ignore'
[0.417s] [34mcolcon.colcon_core.package_identification[0m [1;30mLevel 1[0m _identify(src) by extension 'ignore_ament_install'
[0.417s] [34mcolcon.colcon_core.package_identification[0m [1;30mLevel 1[0m _identify(src) by extensions ['colcon_pkg']
[0.417s] [34mcolcon.colcon_core.package_identification[0m [1;30mLevel 1[0m _identify(src) by extension 'colcon_pkg'
[0.417s] [34mcolcon.colcon_core.package_identification[0m [1;30mLevel 1[0m _identify(src) by extensions ['colcon_meta']
[0.417s] [34mcolcon.colcon_core.package_identification[0m [1;30mLevel 1[0m _identify(src) by extension 'colcon_meta'
[0.417s] [34mcolcon.colcon_core.package_identification[0m [1;30mLevel 1[0m _identify(src) by extensions ['ros']
[0.417s] [34mcolcon.colcon_core.package_identification[0m [1;30mLevel 1[0m _identify(src) by extension 'ros'
[0.417s] [34mcolcon.colcon_core.package_identification[0m [1;30mLevel 1[0m _identify(src) by extensions ['cmake', 'python']
[0.418s] [34mcolcon.colcon_core.package_identification[0m [1;30mLevel 1[0m _identify(src) by extension 'cmake'
[0.418s] [34mcolcon.colcon_core.package_identification[0m [1;30mLevel 1[0m _identify(src) by extension 'python'
[0.418s] [34mcolcon.colcon_core.package_identification[0m [1;30mLevel 1[0m _identify(src) by extensions ['python_setup_py']
[0.418s] [34mcolcon.colcon_core.package_identification[0m [1;30mLevel 1[0m _identify(src) by extension 'python_setup_py'
[0.418s] [34mcolcon.colcon_core.package_identification[0m [1;30mLevel 1[0m _identify(src/custom_msgs) by extensions ['ignore', 'ignore_ament_install']
[0.418s] [34mcolcon.colcon_core.package_identification[0m [1;30mLevel 1[0m _identify(src/custom_msgs) by extension 'ignore'
[0.418s] [34mcolcon.colcon_core.package_identification[0m [1;30mLevel 1[0m _identify(src/custom_msgs) by extension 'ignore_ament_install'
[0.418s] [34mcolcon.colcon_core.package_identification[0m [1;30mLevel 1[0m _identify(src/custom_msgs) by extensions ['colcon_pkg']
[0.418s] [34mcolcon.colcon_core.package_identification[0m [1;30mLevel 1[0m _identify(src/custom_msgs) by extension 'colcon_pkg'
[0.419s] [34mcolcon.colcon_core.package_identification[0m [1;30mLevel 1[0m _identify(src/custom_msgs) by extensions ['colcon_meta']
[0.419s] [34mcolcon.colcon_core.package_identification[0m [1;30mLevel 1[0m _identify(src/custom_msgs) by extension 'colcon_meta'
[0.419s] [34mcolcon.colcon_core.package_identification[0m [1;30mLevel 1[0m _identify(src/custom_msgs) by extensions ['ros']
[0.419s] [34mcolcon.colcon_core.package_identification[0m [1;30mLevel 1[0m _identify(src/custom_msgs) by extension 'ros'
[0.424s] [34mcolcon.colcon_core.package_identification[0m [1;30mDEBUG[0m [32mPackage 'src/custom_msgs' with type 'ros.ament_cmake' and name 'custom_msgs'[0m
[0.424s] [34mcolcon.colcon_core.package_identification[0m [1;30mLevel 1[0m _identify(src/gps) by extensions ['ignore', 'ignore_ament_install']
[0.425s] [34mcolcon.colcon_core.package_identification[0m [1;30mLevel 1[0m _identify(src/gps) by extension 'ignore'
[0.425s] [34mcolcon.colcon_core.package_identification[0m [1;30mLevel 1[0m _identify(src/gps) by extension 'ignore_ament_install'
[0.425s] [34mcolcon.colcon_core.package_identification[0m [1;30mLevel 1[0m _identify(src/gps) by extensions ['colcon_pkg']
[0.425s] [34mcolcon.colcon_core.package_identification[0m [1;30mLevel 1[0m _identify(src/gps) by extension 'colcon_pkg'
[0.425s] [34mcolcon.colcon_core.package_identification[0m [1;30mLevel 1[0m _identify(src/gps) by extensions ['colcon_meta']
[0.425s] [34mcolcon.colcon_core.package_identification[0m [1;30mLevel 1[0m _identify(src/gps) by extension 'colcon_meta'
[0.425s] [34mcolcon.colcon_core.package_identification[0m [1;30mLevel 1[0m _identify(src/gps) by extensions ['ros']
[0.425s] [34mcolcon.colcon_core.package_identification[0m [1;30mLevel 1[0m _identify(src/gps) by extension 'ros'
[0.426s] [34mcolcon.colcon_core.package_identification[0m [1;30mDEBUG[0m [32mPackage 'src/gps' with type 'ros.ament_python' and name 'gps'[0m
[0.427s] [34mcolcon.colcon_core.package_identification[0m [1;30mLevel 1[0m _identify(src/planner) by extensions ['ignore', 'ignore_ament_install']
[0.427s] [34mcolcon.colcon_core.package_identification[0m [1;30mLevel 1[0m _identify(src/planner) by extension 'ignore'
[0.427s] [34mcolcon.colcon_core.package_identification[0m [1;30mLevel 1[0m _identify(src/planner) by extension 'ignore_ament_install'
[0.427s] [34mcolcon.colcon_core.package_identification[0m [1;30mLevel 1[0m _identify(src/planner) by extensions ['colcon_pkg']
[0.427s] [34mcolcon.colcon_core.package_identification[0m [1;30mLevel 1[0m _identify(src/planner) by extension 'colcon_pkg'
[0.427s] [34mcolcon.colcon_core.package_identification[0m [1;30mLevel 1[0m _identify(src/planner) by extensions ['colcon_meta']
[0.427s] [34mcolcon.colcon_core.package_identification[0m [1;30mLevel 1[0m _identify(src/planner) by extension 'colcon_meta'
[0.427s] [34mcolcon.colcon_core.package_identification[0m [1;30mLevel 1[0m _identify(src/planner) by extensions ['ros']
[0.428s] [34mcolcon.colcon_core.package_identification[0m [1;30mLevel 1[0m _identify(src/planner) by extension 'ros'
[0.430s] [34mcolcon.colcon_core.package_identification[0m [1;30mDEBUG[0m [32mPackage 'src/planner' with type 'ros.ament_cmake' and name 'planner'[0m
[0.430s] [34mcolcon.colcon_core.package_identification[0m [1;30mLevel 1[0m _identify(src/yolo) by extensions ['ignore', 'ignore_ament_install']
[0.430s] [34mcolcon.colcon_core.package_identification[0m [1;30mLevel 1[0m _identify(src/yolo) by extension 'ignore'
[0.430s] [34mcolcon.colcon_core.package_identification[0m [1;30mLevel 1[0m _identify(src/yolo) by extension 'ignore_ament_install'
[0.430s] [34mcolcon.colcon_core.package_identification[0m [1;30mLevel 1[0m _identify(src/yolo) by extensions ['colcon_pkg']
[0.430s] [34mcolcon.colcon_core.package_identification[0m [1;30mLevel 1[0m _identify(src/yolo) by extension 'colcon_pkg'
[0.430s] [34mcolcon.colcon_core.package_identification[0m [1;30mLevel 1[0m _identify(src/yolo) by extensions ['colcon_meta']
[0.431s] [34mcolcon.colcon_core.package_identification[0m [1;30mLevel 1[0m _identify(src/yolo) by extension 'colcon_meta'
[0.431s] [34mcolcon.colcon_core.package_identification[0m [1;30mLevel 1[0m _identify(src/yolo) by extensions ['ros']
[0.431s] [34mcolcon.colcon_core.package_identification[0m [1;30mLevel 1[0m _identify(src/yolo) by extension 'ros'
[0.432s] [34mcolcon.colcon_core.package_identification[0m [1;30mDEBUG[0m [32mPackage 'src/yolo' with type 'ros.ament_python' and name 'yolo'[0m
[0.432s] [34mcolcon.colcon_core.package_discovery[0m [1;30mLevel 1[0m discover_packages(recursive) using defaults
[0.432s] [34mcolcon.colcon_core.package_discovery[0m [1;30mLevel 1[0m discover_packages(ignore) discover
[0.433s] [34mcolcon.colcon_core.package_discovery[0m [1;30mLevel 1[0m discover_packages(ignore) using defaults
[0.433s] [34mcolcon.colcon_core.package_discovery[0m [1;30mLevel 1[0m discover_packages(path) discover
[0.433s] [34mcolcon.colcon_core.package_discovery[0m [1;30mLevel 1[0m discover_packages(path) using defaults
[0.469s] [34mcolcon.colcon_core.package_discovery[0m [1;30mLevel 1[0m discover_packages(prefix_path) check parameters
[0.469s] [34mcolcon.colcon_core.package_discovery[0m [1;30mLevel 1[0m discover_packages(prefix_path) discover
[0.471s] [34mcolcon.colcon_ros.prefix_path.ament[0m [1;30mWARNING[0m [33mThe path '/home/mrmnavjet/IRC2026/ircWS/install/yolo' in the environment variable AMENT_PREFIX_PATH doesn't exist[0m
[0.472s] [34mcolcon.colcon_ros.prefix_path.ament[0m [1;30mWARNING[0m [33mThe path '/home/mrmnavjet/IRC2026/ircWS/install/planner' in the environment variable AMENT_PREFIX_PATH doesn't exist[0m
[0.472s] [34mcolcon.colcon_ros.prefix_path.ament[0m [1;30mWARNING[0m [33mThe path '/home/mrmnavjet/IRC2026/ircWS/install/gps' in the environment variable AMENT_PREFIX_PATH doesn't exist[0m
[0.472s] [34mcolcon.colcon_ros.prefix_path.ament[0m [1;30mWARNING[0m [33mThe path '/home/mrmnavjet/IRC2026/ircWS/install/custom_msgs' in the environment variable AMENT_PREFIX_PATH doesn't exist[0m
[0.473s] [34mcolcon.colcon_ros.prefix_path.catkin[0m [1;30mWARNING[0m [33mThe path '/home/mrmnavjet/IRC2026/ircWS/install/planner' in the environment variable CMAKE_PREFIX_PATH doesn't exist[0m
[0.473s] [34mcolcon.colcon_ros.prefix_path.catkin[0m [1;30mWARNING[0m [33mThe path '/home/mrmnavjet/IRC2026/ircWS/install/custom_msgs' in the environment variable CMAKE_PREFIX_PATH doesn't exist[0m
[0.474s] [34mcolcon.colcon_installed_package_information.package_discovery[0m [1;30mDEBUG[0m [32mFound 0 installed packages in /home/mrmnavjet/IRC2026/ircWS/install[0m
[0.475s] [34mcolcon.colcon_installed_package_information.package_discovery[0m [1;30mDEBUG[0m [32mFound 5 installed packages in /home/mrmnavjet/test/ERC2025/install[0m
[0.476s] [34mcolcon.colcon_installed_package_information.package_discovery[0m [1;30mDEBUG[0m [32mFound 3 installed packages in /home/mrmnavjet/zed_ros_ws/install[0m
[0.479s] [34mcolcon.colcon_installed_package_information.package_discovery[0m [1;30mDEBUG[0m [32mFound 368 installed packages in /opt/ros/humble[0m
[0.483s] [34mcolcon.colcon_core.package_discovery[0m [1;30mLevel 1[0m discover_packages(prefix_path) using defaults
[0.576s] [34mcolcon.colcon_core.verb[0m [1;30mLevel 5[0m set package 'custom_msgs' build argument 'cmake_args' from command line to 'None'
[0.576s] [34mcolcon.colcon_core.verb[0m [1;30mLevel 5[0m set package 'custom_msgs' build argument 'cmake_target' from command line to 'None'
[0.577s] [34mcolcon.colcon_core.verb[0m [1;30mLevel 5[0m set package 'custom_msgs' build argument 'cmake_target_skip_unavailable' from command line to 'False'
[0.577s] [34mcolcon.colcon_core.verb[0m [1;30mLevel 5[0m set package 'custom_msgs' build argument 'cmake_clean_cache' from command line to 'False'
[0.577s] [34mcolcon.colcon_core.verb[0m [1;30mLevel 5[0m set package 'custom_msgs' build argument 'cmake_clean_first' from command line to 'False'
[0.577s] [34mcolcon.colcon_core.verb[0m [1;30mLevel 5[0m set package 'custom_msgs' build argument 'cmake_force_configure' from command line to 'False'
[0.577s] [34mcolcon.colcon_core.verb[0m [1;30mLevel 5[0m set package 'custom_msgs' build argument 'ament_cmake_args' from command line to 'None'
[0.577s] [34mcolcon.colcon_core.verb[0m [1;30mLevel 5[0m set package 'custom_msgs' build argument 'catkin_cmake_args' from command line to 'None'
[0.577s] [34mcolcon.colcon_core.verb[0m [1;30mLevel 5[0m set package 'custom_msgs' build argument 'catkin_skip_building_tests' from command line to 'False'
[0.577s] [34mcolcon.colcon_core.verb[0m [1;30mDEBUG[0m [32mBuilding package 'custom_msgs' with the following arguments: {'ament_cmake_args': None, 'build_base': '/home/mrmnavjet/IRC2026/ircWS/build/custom_msgs', 'catkin_cmake_args': None, 'catkin_skip_building_tests': False, 'cmake_args': None, 'cmake_clean_cache': False, 'cmake_clean_first': False, 'cmake_force_configure': False, 'cmake_target': None, 'cmake_target_skip_unavailable': False, 'install_base': '/home/mrmnavjet/IRC2026/ircWS/install/custom_msgs', 'merge_install': False, 'path': '/home/mrmnavjet/IRC2026/ircWS/src/custom_msgs', 'symlink_install': False, 'test_result_base': None}[0m
[0.578s] [34mcolcon.colcon_core.verb[0m [1;30mLevel 5[0m set package 'gps' build argument 'cmake_args' from command line to 'None'
[0.578s] [34mcolcon.colcon_core.verb[0m [1;30mLevel 5[0m set package 'gps' build argument 'cmake_target' from command line to 'None'
[0.578s] [34mcolcon.colcon_core.verb[0m [1;30mLevel 5[0m set package 'gps' build argument 'cmake_target_skip_unavailable' from command line to 'False'
[0.578s] [34mcolcon.colcon_core.verb[0m [1;30mLevel 5[0m set package 'gps' build argument 'cmake_clean_cache' from command line to 'False'
[0.578s] [34mcolcon.colcon_core.verb[0m [1;30mLevel 5[0m set package 'gps' build argument 'cmake_clean_first' from command line to 'False'
[0.578s] [34mcolcon.colcon_core.verb[0m [1;30mLevel 5[0m set package 'gps' build argument 'cmake_force_configure' from command line to 'False'
[0.578s] [34mcolcon.colcon_core.verb[0m [1;30mLevel 5[0m set package 'gps' build argument 'ament_cmake_args' from command line to 'None'
[0.578s] [34mcolcon.colcon_core.verb[0m [1;30mLevel 5[0m set package 'gps' build argument 'catkin_cmake_args' from command line to 'None'
[0.578s] [34mcolcon.colcon_core.verb[0m [1;30mLevel 5[0m set package 'gps' build argument 'catkin_skip_building_tests' from command line to 'False'
[0.578s] [34mcolcon.colcon_core.verb[0m [1;30mDEBUG[0m [32mBuilding package 'gps' with the following arguments: {'ament_cmake_args': None, 'build_base': '/home/mrmnavjet/IRC2026/ircWS/build/gps', 'catkin_cmake_args': None, 'catkin_skip_building_tests': False, 'cmake_args': None, 'cmake_clean_cache': False, 'cmake_clean_first': False, 'cmake_force_configure': False, 'cmake_target': None, 'cmake_target_skip_unavailable': False, 'install_base': '/home/mrmnavjet/IRC2026/ircWS/install/gps', 'merge_install': False, 'path': '/home/mrmnavjet/IRC2026/ircWS/src/gps', 'symlink_install': False, 'test_result_base': None}[0m
[0.579s] [34mcolcon.colcon_core.verb[0m [1;30mLevel 5[0m set package 'planner' build argument 'cmake_args' from command line to 'None'
[0.579s] [34mcolcon.colcon_core.verb[0m [1;30mLevel 5[0m set package 'planner' build argument 'cmake_target' from command line to 'None'
[0.579s] [34mcolcon.colcon_core.verb[0m [1;30mLevel 5[0m set package 'planner' build argument 'cmake_target_skip_unavailable' from command line to 'False'
[0.579s] [34mcolcon.colcon_core.verb[0m [1;30mLevel 5[0m set package 'planner' build argument 'cmake_clean_cache' from command line to 'False'
[0.579s] [34mcolcon.colcon_core.verb[0m [1;30mLevel 5[0m set package 'planner' build argument 'cmake_clean_first' from command line to 'False'
[0.579s] [34mcolcon.colcon_core.verb[0m [1;30mLevel 5[0m set package 'planner' build argument 'cmake_force_configure' from command line to 'False'
[0.579s] [34mcolcon.colcon_core.verb[0m [1;30mLevel 5[0m set package 'planner' build argument 'ament_cmake_args' from command line to 'None'
[0.579s] [34mcolcon.colcon_core.verb[0m [1;30mLevel 5[0m set package 'planner' build argument 'catkin_cmake_args' from command line to 'None'
[0.579s] [34mcolcon.colcon_core.verb[0m [1;30mLevel 5[0m set package 'planner' build argument 'catkin_skip_building_tests' from command line to 'False'
[0.580s] [34mcolcon.colcon_core.verb[0m [1;30mDEBUG[0m [32mBuilding package 'planner' with the following arguments: {'ament_cmake_args': None, 'build_base': '/home/mrmnavjet/IRC2026/ircWS/build/planner', 'catkin_cmake_args': None, 'catkin_skip_building_tests': False, 'cmake_args': None, 'cmake_clean_cache': False, 'cmake_clean_first': False, 'cmake_force_configure': False, 'cmake_target': None, 'cmake_target_skip_unavailable': False, 'install_base': '/home/mrmnavjet/IRC2026/ircWS/install/planner', 'merge_install': False, 'path': '/home/mrmnavjet/IRC2026/ircWS/src/planner', 'symlink_install': False, 'test_result_base': None}[0m
[0.580s] [34mcolcon.colcon_core.verb[0m [1;30mLevel 5[0m set package 'yolo' build argument 'cmake_args' from command line to 'None'
[0.580s] [34mcolcon.colcon_core.verb[0m [1;30mLevel 5[0m set package 'yolo' build argument 'cmake_target' from command line to 'None'
[0.580s] [34mcolcon.colcon_core.verb[0m [1;30mLevel 5[0m set package 'yolo' build argument 'cmake_target_skip_unavailable' from command line to 'False'
[0.580s] [34mcolcon.colcon_core.verb[0m [1;30mLevel 5[0m set package 'yolo' build argument 'cmake_clean_cache' from command line to 'False'
[0.580s] [34mcolcon.colcon_core.verb[0m [1;30mLevel 5[0m set package 'yolo' build argument 'cmake_clean_first' from command line to 'False'
[0.580s] [34mcolcon.colcon_core.verb[0m [1;30mLevel 5[0m set package 'yolo' build argument 'cmake_force_configure' from command line to 'False'
[0.581s] [34mcolcon.colcon_core.verb[0m [1;30mLevel 5[0m set package 'yolo' build argument 'ament_cmake_args' from command line to 'None'
[0.581s] [34mcolcon.colcon_core.verb[0m [1;30mLevel 5[0m set package 'yolo' build argument 'catkin_cmake_args' from command line to 'None'
[0.581s] [34mcolcon.colcon_core.verb[0m [1;30mLevel 5[0m set package 'yolo' build argument 'catkin_skip_building_tests' from command line to 'False'
[0.581s] [34mcolcon.colcon_core.verb[0m [1;30mDEBUG[0m [32mBuilding package 'yolo' with the following arguments: {'ament_cmake_args': None, 'build_base': '/home/mrmnavjet/IRC2026/ircWS/build/yolo', 'catkin_cmake_args': None, 'catkin_skip_building_tests': False, 'cmake_args': None, 'cmake_clean_cache': False, 'cmake_clean_first': False, 'cmake_force_configure': False, 'cmake_target': None, 'cmake_target_skip_unavailable': False, 'install_base': '/home/mrmnavjet/IRC2026/ircWS/install/yolo', 'merge_install': False, 'path': '/home/mrmnavjet/IRC2026/ircWS/src/yolo', 'symlink_install': False, 'test_result_base': None}[0m
[0.581s] [34mcolcon.colcon_core.executor[0m [1;30mINFO[0m Executing jobs using 'parallel' executor
[0.583s] [34mcolcon.colcon_parallel_executor.executor.parallel[0m [1;30mDEBUG[0m [32mrun_until_complete[0m
[0.584s] [34mcolcon.colcon_ros.task.ament_cmake.build[0m [1;30mINFO[0m Building ROS package in '/home/mrmnavjet/IRC2026/ircWS/src/custom_msgs' with build type 'ament_cmake'
[0.584s] [34mcolcon.colcon_cmake.task.cmake.build[0m [1;30mINFO[0m Building CMake package in '/home/mrmnavjet/IRC2026/ircWS/src/custom_msgs'
[0.589s] [34mcolcon.colcon_core.plugin_system[0m [1;30mINFO[0m Skipping extension 'colcon_core.shell.bat': Not used on non-Windows systems
[0.590s] [34mcolcon.colcon_core.shell[0m [1;30mINFO[0m Skip shell extension 'powershell' for command environment: Not usable outside of PowerShell
[0.590s] [34mcolcon.colcon_core.shell[0m [1;30mDEBUG[0m [32mSkip shell extension 'dsv' for command environment[0m
[0.599s] [34mcolcon.colcon_ros.task.ament_python.build[0m [1;30mINFO[0m Building ROS package in '/home/mrmnavjet/IRC2026/ircWS/src/gps' with build type 'ament_python'
[0.600s] [34mcolcon.colcon_core.shell[0m [1;30mLevel 1[0m create_environment_hook('gps', 'ament_prefix_path')
[0.600s] [34mcolcon.colcon_core.shell[0m [1;30mINFO[0m Creating environment hook '/home/mrmnavjet/IRC2026/ircWS/install/gps/share/gps/hook/ament_prefix_path.ps1'
[0.602s] [34mcolcon.colcon_core.shell[0m [1;30mINFO[0m Creating environment descriptor '/home/mrmnavjet/IRC2026/ircWS/install/gps/share/gps/hook/ament_prefix_path.dsv'
[0.603s] [34mcolcon.colcon_core.shell[0m [1;30mINFO[0m Creating environment hook '/home/mrmnavjet/IRC2026/ircWS/install/gps/share/gps/hook/ament_prefix_path.sh'
[0.605s] [34mcolcon.colcon_core.shell[0m [1;30mINFO[0m Skip shell extension 'powershell' for command environment: Not usable outside of PowerShell
[0.605s] [34mcolcon.colcon_core.shell[0m [1;30mDEBUG[0m [32mSkip shell extension 'dsv' for command environment[0m
[0.618s] [34mcolcon.colcon_core.event_handler.log_command[0m [1;30mDEBUG[0m [32mInvoking command in '/home/mrmnavjet/IRC2026/ircWS/build/custom_msgs': CMAKE_PREFIX_PATH=${CMAKE_PREFIX_PATH}:/home/mrmnavjet/IRC2026/ircWS/install/yolo:/home/mrmnavjet/IRC2026/ircWS/install/gps:/home/mrmnavjet/test/ERC2025/install/leo_nodes:/home/mrmnavjet/test/ERC2025/install/gps:/opt/ros/humble /usr/bin/cmake /home/mrmnavjet/IRC2026/ircWS/src/custom_msgs -DCMAKE_INSTALL_PREFIX=/home/mrmnavjet/IRC2026/ircWS/install/custom_msgs[0m
[1.180s] [34mcolcon.colcon_core.task.python.build[0m [1;30mINFO[0m Building Python package in '/home/mrmnavjet/IRC2026/ircWS/src/gps'
[1.181s] [34mcolcon.colcon_core.shell[0m [1;30mINFO[0m Skip shell extension 'powershell' for command environment: Not usable outside of PowerShell
[1.181s] [34mcolcon.colcon_core.shell[0m [1;30mDEBUG[0m [32mSkip shell extension 'dsv' for command environment[0m
[2.723s] [34mcolcon.colcon_core.event_handler.log_command[0m [1;30mDEBUG[0m [32mInvoking command in '/home/mrmnavjet/IRC2026/ircWS/src/gps': PYTHONPATH=/home/mrmnavjet/IRC2026/ircWS/build/gps/prefix_override:/usr/lib/python3/dist-packages/colcon_core/task/python/colcon_distutils_commands:/home/mrmnavjet/IRC2026/ircWS/install/gps/lib/python3.10/site-packages:${PYTHONPATH} /usr/bin/python3 -W ignore:setup.py install is deprecated -W ignore:easy_install command is deprecated setup.py egg_info --egg-base ../../build/gps build --build-base /home/mrmnavjet/IRC2026/ircWS/build/gps/build install --record /home/mrmnavjet/IRC2026/ircWS/build/gps/install.log --single-version-externally-managed install_data[0m
[4.013s] [34mcolcon.colcon_core.event_handler.log_command[0m [1;30mDEBUG[0m [32mInvoked command in '/home/mrmnavjet/IRC2026/ircWS/src/gps' returned '0': PYTHONPATH=/home/mrmnavjet/IRC2026/ircWS/build/gps/prefix_override:/usr/lib/python3/dist-packages/colcon_core/task/python/colcon_distutils_commands:/home/mrmnavjet/IRC2026/ircWS/install/gps/lib/python3.10/site-packages:${PYTHONPATH} /usr/bin/python3 -W ignore:setup.py install is deprecated -W ignore:easy_install command is deprecated setup.py egg_info --egg-base ../../build/gps build --build-base /home/mrmnavjet/IRC2026/ircWS/build/gps/build install --record /home/mrmnavjet/IRC2026/ircWS/build/gps/install.log --single-version-externally-managed install_data[0m
[4.021s] [34mcolcon.colcon_core.environment[0m [1;30mLevel 1[0m checking '/home/mrmnavjet/IRC2026/ircWS/install/gps' for CMake module files
[4.024s] [34mcolcon.colcon_core.environment[0m [1;30mLevel 1[0m checking '/home/mrmnavjet/IRC2026/ircWS/install/gps' for CMake config files
[4.026s] [34mcolcon.colcon_core.environment[0m [1;30mLevel 1[0m checking '/home/mrmnavjet/IRC2026/ircWS/install/gps/lib'
[4.027s] [34mcolcon.colcon_core.environment[0m [1;30mLevel 1[0m checking '/home/mrmnavjet/IRC2026/ircWS/install/gps/bin'
[4.027s] [34mcolcon.colcon_core.environment[0m [1;30mLevel 1[0m checking '/home/mrmnavjet/IRC2026/ircWS/install/gps/lib/pkgconfig/gps.pc'
[4.028s] [34mcolcon.colcon_core.environment[0m [1;30mLevel 1[0m checking '/home/mrmnavjet/IRC2026/ircWS/install/gps/lib/python3.10/site-packages'
[4.028s] [34mcolcon.colcon_core.shell[0m [1;30mLevel 1[0m create_environment_hook('gps', 'pythonpath')
[4.029s] [34mcolcon.colcon_core.shell[0m [1;30mINFO[0m Creating environment hook '/home/mrmnavjet/IRC2026/ircWS/install/gps/share/gps/hook/pythonpath.ps1'
[4.030s] [34mcolcon.colcon_core.shell[0m [1;30mINFO[0m Creating environment descriptor '/home/mrmnavjet/IRC2026/ircWS/install/gps/share/gps/hook/pythonpath.dsv'
[4.067s] [34mcolcon.colcon_core.shell[0m [1;30mINFO[0m Creating environment hook '/home/mrmnavjet/IRC2026/ircWS/install/gps/share/gps/hook/pythonpath.sh'
[4.070s] [34mcolcon.colcon_core.environment[0m [1;30mLevel 1[0m checking '/home/mrmnavjet/IRC2026/ircWS/install/gps/bin'
[4.071s] [34mcolcon.colcon_core.environment[0m [1;30mLevel 1[0m create_environment_scripts_only(gps)
[4.072s] [34mcolcon.colcon_core.shell[0m [1;30mINFO[0m Creating package script '/home/mrmnavjet/IRC2026/ircWS/install/gps/share/gps/package.ps1'
[4.075s] [34mcolcon.colcon_core.shell[0m [1;30mINFO[0m Creating package descriptor '/home/mrmnavjet/IRC2026/ircWS/install/gps/share/gps/package.dsv'
[4.077s] [34mcolcon.colcon_core.shell[0m [1;30mINFO[0m Creating package script '/home/mrmnavjet/IRC2026/ircWS/install/gps/share/gps/package.sh'
[4.079s] [34mcolcon.colcon_core.shell[0m [1;30mINFO[0m Creating package script '/home/mrmnavjet/IRC2026/ircWS/install/gps/share/gps/package.bash'
[4.081s] [34mcolcon.colcon_core.shell[0m [1;30mINFO[0m Creating package script '/home/mrmnavjet/IRC2026/ircWS/install/gps/share/gps/package.zsh'
[4.083s] [34mcolcon.colcon_core.environment[0m [1;30mLevel 1[0m create_file_with_runtime_dependencies(/home/mrmnavjet/IRC2026/ircWS/install/gps/share/colcon-core/packages/gps)
[5.194s] [34mcolcon.colcon_core.event_handler.log_command[0m [1;30mDEBUG[0m [32mInvoked command in '/home/mrmnavjet/IRC2026/ircWS/build/custom_msgs' returned '0': CMAKE_PREFIX_PATH=${CMAKE_PREFIX_PATH}:/home/mrmnavjet/IRC2026/ircWS/install/yolo:/home/mrmnavjet/IRC2026/ircWS/install/gps:/home/mrmnavjet/test/ERC2025/install/leo_nodes:/home/mrmnavjet/test/ERC2025/install/gps:/opt/ros/humble /usr/bin/cmake /home/mrmnavjet/IRC2026/ircWS/src/custom_msgs -DCMAKE_INSTALL_PREFIX=/home/mrmnavjet/IRC2026/ircWS/install/custom_msgs[0m
[5.200s] [34mcolcon.colcon_core.event_handler.log_command[0m [1;30mDEBUG[0m [32mInvoking command in '/home/mrmnavjet/IRC2026/ircWS/build/custom_msgs': CMAKE_PREFIX_PATH=${CMAKE_PREFIX_PATH}:/home/mrmnavjet/IRC2026/ircWS/install/yolo:/home/mrmnavjet/IRC2026/ircWS/install/gps:/home/mrmnavjet/test/ERC2025/install/leo_nodes:/home/mrmnavjet/test/ERC2025/install/gps:/opt/ros/humble /usr/bin/cmake --build /home/mrmnavjet/IRC2026/ircWS/build/custom_msgs -- -j6 -l6[0m
[10.808s] [34mcolcon.colcon_core.event_handler.log_command[0m [1;30mDEBUG[0m [32mInvoked command in '/home/mrmnavjet/IRC2026/ircWS/build/custom_msgs' returned '0': CMAKE_PREFIX_PATH=${CMAKE_PREFIX_PATH}:/home/mrmnavjet/IRC2026/ircWS/install/yolo:/home/mrmnavjet/IRC2026/ircWS/install/gps:/home/mrmnavjet/test/ERC2025/install/leo_nodes:/home/mrmnavjet/test/ERC2025/install/gps:/opt/ros/humble /usr/bin/cmake --build /home/mrmnavjet/IRC2026/ircWS/build/custom_msgs -- -j6 -l6[0m
[10.833s] [34mcolcon.colcon_core.event_handler.log_command[0m [1;30mDEBUG[0m [32mInvoking command in '/home/mrmnavjet/IRC2026/ircWS/build/custom_msgs': CMAKE_PREFIX_PATH=${CMAKE_PREFIX_PATH}:/home/mrmnavjet/IRC2026/ircWS/install/yolo:/home/mrmnavjet/IRC2026/ircWS/install/gps:/home/mrmnavjet/test/ERC2025/install/leo_nodes:/home/mrmnavjet/test/ERC2025/install/gps:/opt/ros/humble /usr/bin/cmake --install /home/mrmnavjet/IRC2026/ircWS/build/custom_msgs[0m
[10.987s] [34mcolcon.colcon_core.environment[0m [1;30mLevel 1[0m create_environment_scripts_only(custom_msgs)
[10.988s] [34mcolcon.colcon_core.environment[0m [1;30mLevel 1[0m checking '/home/mrmnavjet/IRC2026/ircWS/install/custom_msgs' for CMake module files
[10.990s] [34mcolcon.colcon_core.event_handler.log_command[0m [1;30mDEBUG[0m [32mInvoked command in '/home/mrmnavjet/IRC2026/ircWS/build/custom_msgs' returned '0': CMAKE_PREFIX_PATH=${CMAKE_PREFIX_PATH}:/home/mrmnavjet/IRC2026/ircWS/install/yolo:/home/mrmnavjet/IRC2026/ircWS/install/gps:/home/mrmnavjet/test/ERC2025/install/leo_nodes:/home/mrmnavjet/test/ERC2025/install/gps:/opt/ros/humble /usr/bin/cmake --install /home/mrmnavjet/IRC2026/ircWS/build/custom_msgs[0m
[10.992s] [34mcolcon.colcon_core.environment[0m [1;30mLevel 1[0m checking '/home/mrmnavjet/IRC2026/ircWS/install/custom_msgs' for CMake config files
[10.993s] [34mcolcon.colcon_core.shell[0m [1;30mLevel 1[0m create_environment_hook('custom_msgs', 'cmake_prefix_path')
[10.994s] [34mcolcon.colcon_core.shell[0m [1;30mINFO[0m Creating environment hook '/home/mrmnavjet/IRC2026/ircWS/install/custom_msgs/share/custom_msgs/hook/cmake_prefix_path.ps1'
[10.996s] [34mcolcon.colcon_core.shell[0m [1;30mINFO[0m Creating environment descriptor '/home/mrmnavjet/IRC2026/ircWS/install/custom_msgs/share/custom_msgs/hook/cmake_prefix_path.dsv'
[10.997s] [34mcolcon.colcon_core.shell[0m [1;30mINFO[0m Creating environment hook '/home/mrmnavjet/IRC2026/ircWS/install/custom_msgs/share/custom_msgs/hook/cmake_prefix_path.sh'
[10.999s] [34mcolcon.colcon_core.environment[0m [1;30mLevel 1[0m checking '/home/mrmnavjet/IRC2026/ircWS/install/custom_msgs/lib'
[10.999s] [34mcolcon.colcon_core.shell[0m [1;30mLevel 1[0m create_environment_hook('custom_msgs', 'ld_library_path_lib')
[11.000s] [34mcolcon.colcon_core.shell[0m [1;30mINFO[0m Creating environment hook '/home/mrmnavjet/IRC2026/ircWS/install/custom_msgs/share/custom_msgs/hook/ld_library_path_lib.ps1'
[11.002s] [34mcolcon.colcon_core.shell[0m [1;30mINFO[0m Creating environment descriptor '/home/mrmnavjet/IRC2026/ircWS/install/custom_msgs/share/custom_msgs/hook/ld_library_path_lib.dsv'
[11.003s] [34mcolcon.colcon_core.shell[0m [1;30mINFO[0m Creating environment hook '/home/mrmnavjet/IRC2026/ircWS/install/custom_msgs/share/custom_msgs/hook/ld_library_path_lib.sh'
[11.004s] [34mcolcon.colcon_core.environment[0m [1;30mLevel 1[0m checking '/home/mrmnavjet/IRC2026/ircWS/install/custom_msgs/bin'
[11.004s] [34mcolcon.colcon_core.environment[0m [1;30mLevel 1[0m checking '/home/mrmnavjet/IRC2026/ircWS/install/custom_msgs/lib/pkgconfig/custom_msgs.pc'
[11.005s] [34mcolcon.colcon_core.environment[0m [1;30mLevel 1[0m checking '/home/mrmnavjet/IRC2026/ircWS/install/custom_msgs/lib/python3.10/site-packages'
[11.006s] [34mcolcon.colcon_core.environment[0m [1;30mLevel 1[0m checking '/home/mrmnavjet/IRC2026/ircWS/install/custom_msgs/bin'
[11.007s] [34mcolcon.colcon_core.shell[0m [1;30mINFO[0m Creating package script '/home/mrmnavjet/IRC2026/ircWS/install/custom_msgs/share/custom_msgs/package.ps1'
[11.009s] [34mcolcon.colcon_core.shell[0m [1;30mINFO[0m Creating package descriptor '/home/mrmnavjet/IRC2026/ircWS/install/custom_msgs/share/custom_msgs/package.dsv'
[11.011s] [34mcolcon.colcon_core.shell[0m [1;30mINFO[0m Creating package script '/home/mrmnavjet/IRC2026/ircWS/install/custom_msgs/share/custom_msgs/package.sh'
[11.013s] [34mcolcon.colcon_core.shell[0m [1;30mINFO[0m Creating package script '/home/mrmnavjet/IRC2026/ircWS/install/custom_msgs/share/custom_msgs/package.bash'
[11.014s] [34mcolcon.colcon_core.shell[0m [1;30mINFO[0m Creating package script '/home/mrmnavjet/IRC2026/ircWS/install/custom_msgs/share/custom_msgs/package.zsh'
[11.015s] [34mcolcon.colcon_core.environment[0m [1;30mLevel 1[0m create_file_with_runtime_dependencies(/home/mrmnavjet/IRC2026/ircWS/install/custom_msgs/share/colcon-core/packages/custom_msgs)
[11.018s] [34mcolcon.colcon_core.environment[0m [1;30mLevel 1[0m create_environment_scripts_only(custom_msgs)
[11.018s] [34mcolcon.colcon_core.environment[0m [1;30mLevel 1[0m checking '/home/mrmnavjet/IRC2026/ircWS/install/custom_msgs' for CMake module files
[11.021s] [34mcolcon.colcon_core.environment[0m [1;30mLevel 1[0m checking '/home/mrmnavjet/IRC2026/ircWS/install/custom_msgs' for CMake config files
[11.022s] [34mcolcon.colcon_core.shell[0m [1;30mLevel 1[0m create_environment_hook('custom_msgs', 'cmake_prefix_path')
[11.023s] [34mcolcon.colcon_core.shell[0m [1;30mINFO[0m Creating environment hook '/home/mrmnavjet/IRC2026/ircWS/install/custom_msgs/share/custom_msgs/hook/cmake_prefix_path.ps1'
[11.025s] [34mcolcon.colcon_core.shell[0m [1;30mINFO[0m Creating environment descriptor '/home/mrmnavjet/IRC2026/ircWS/install/custom_msgs/share/custom_msgs/hook/cmake_prefix_path.dsv'
[11.026s] [34mcolcon.colcon_core.shell[0m [1;30mINFO[0m Creating environment hook '/home/mrmnavjet/IRC2026/ircWS/install/custom_msgs/share/custom_msgs/hook/cmake_prefix_path.sh'
[11.029s] [34mcolcon.colcon_core.environment[0m [1;30mLevel 1[0m checking '/home/mrmnavjet/IRC2026/ircWS/install/custom_msgs/lib'
[11.029s] [34mcolcon.colcon_core.shell[0m [1;30mLevel 1[0m create_environment_hook('custom_msgs', 'ld_library_path_lib')
[11.030s] [34mcolcon.colcon_core.shell[0m [1;30mINFO[0m Creating environment hook '/home/mrmnavjet/IRC2026/ircWS/install/custom_msgs/share/custom_msgs/hook/ld_library_path_lib.ps1'
[11.031s] [34mcolcon.colcon_core.shell[0m [1;30mINFO[0m Creating environment descriptor '/home/mrmnavjet/IRC2026/ircWS/install/custom_msgs/share/custom_msgs/hook/ld_library_path_lib.dsv'
[11.032s] [34mcolcon.colcon_core.shell[0m [1;30mINFO[0m Creating environment hook '/home/mrmnavjet/IRC2026/ircWS/install/custom_msgs/share/custom_msgs/hook/ld_library_path_lib.sh'
[11.034s] [34mcolcon.colcon_core.environment[0m [1;30mLevel 1[0m checking '/home/mrmnavjet/IRC2026/ircWS/install/custom_msgs/bin'
[11.034s] [34mcolcon.colcon_core.environment[0m [1;30mLevel 1[0m checking '/home/mrmnavjet/IRC2026/ircWS/install/custom_msgs/lib/pkgconfig/custom_msgs.pc'
[11.035s] [34mcolcon.colcon_core.environment[0m [1;30mLevel 1[0m checking '/home/mrmnavjet/IRC2026/ircWS/install/custom_msgs/lib/python3.10/site-packages'
[11.036s] [34mcolcon.colcon_core.environment[0m [1;30mLevel 1[0m checking '/home/mrmnavjet/IRC2026/ircWS/install/custom_msgs/bin'
[11.037s] [34mcolcon.colcon_core.shell[0m [1;30mINFO[0m Creating package script '/home/mrmnavjet/IRC2026/ircWS/install/custom_msgs/share/custom_msgs/package.ps1'
[11.039s] [34mcolcon.colcon_core.shell[0m [1;30mINFO[0m Creating package descriptor '/home/mrmnavjet/IRC2026/ircWS/install/custom_msgs/share/custom_msgs/package.dsv'
[11.046s] [34mcolcon.colcon_core.shell[0m [1;30mINFO[0m Creating package script '/home/mrmnavjet/IRC2026/ircWS/install/custom_msgs/share/custom_msgs/package.sh'
[11.048s] [34mcolcon.colcon_core.shell[0m [1;30mINFO[0m Creating package script '/home/mrmnavjet/IRC2026/ircWS/install/custom_msgs/share/custom_msgs/package.bash'
[11.050s] [34mcolcon.colcon_core.shell[0m [1;30mINFO[0m Creating package script '/home/mrmnavjet/IRC2026/ircWS/install/custom_msgs/share/custom_msgs/package.zsh'
[11.051s] [34mcolcon.colcon_core.environment[0m [1;30mLevel 1[0m create_file_with_runtime_dependencies(/home/mrmnavjet/IRC2026/ircWS/install/custom_msgs/share/colcon-core/packages/custom_msgs)
[11.052s] [34mcolcon.colcon_ros.task.ament_cmake.build[0m [1;30mINFO[0m Building ROS package in '/home/mrmnavjet/IRC2026/ircWS/src/planner' with build type 'ament_cmake'
[11.053s] [34mcolcon.colcon_cmake.task.cmake.build[0m [1;30mINFO[0m Building CMake package in '/home/mrmnavjet/IRC2026/ircWS/src/planner'
[11.054s] [34mcolcon.colcon_core.shell[0m [1;30mINFO[0m Skip shell extension 'powershell' for command environment: Not usable outside of PowerShell
[11.054s] [34mcolcon.colcon_core.shell[0m [1;30mDEBUG[0m [32mSkip shell extension 'dsv' for command environment[0m
[11.074s] [34mcolcon.colcon_ros.task.ament_python.build[0m [1;30mINFO[0m Building ROS package in '/home/mrmnavjet/IRC2026/ircWS/src/yolo' with build type 'ament_python'
[11.075s] [34mcolcon.colcon_core.shell[0m [1;30mLevel 1[0m create_environment_hook('yolo', 'ament_prefix_path')
[11.076s] [34mcolcon.colcon_core.shell[0m [1;30mINFO[0m Creating environment hook '/home/mrmnavjet/IRC2026/ircWS/install/yolo/share/yolo/hook/ament_prefix_path.ps1'
[11.077s] [34mcolcon.colcon_core.shell[0m [1;30mINFO[0m Creating environment descriptor '/home/mrmnavjet/IRC2026/ircWS/install/yolo/share/yolo/hook/ament_prefix_path.dsv'
[11.079s] [34mcolcon.colcon_core.shell[0m [1;30mINFO[0m Creating environment hook '/home/mrmnavjet/IRC2026/ircWS/install/yolo/share/yolo/hook/ament_prefix_path.sh'
[11.081s] [34mcolcon.colcon_core.shell[0m [1;30mINFO[0m Skip shell extension 'powershell' for command environment: Not usable outside of PowerShell
[11.081s] [34mcolcon.colcon_core.shell[0m [1;30mDEBUG[0m [32mSkip shell extension 'dsv' for command environment[0m
[11.102s] [34mcolcon.colcon_core.event_handler.log_command[0m [1;30mDEBUG[0m [32mInvoking command in '/home/mrmnavjet/IRC2026/ircWS/build/planner': CMAKE_PREFIX_PATH=/home/mrmnavjet/IRC2026/ircWS/install/custom_msgs:/home/mrmnavjet/zed_ros_ws/install/zed_ros2:/home/mrmnavjet/zed_ros_ws/install/zed_wrapper:/home/mrmnavjet/zed_ros_ws/install/zed_components:/home/mrmnavjet/IRC2026/ircWS/install/planner:/home/mrmnavjet/test/ERC2025/install/planner:/home/mrmnavjet/test/ERC2025/install/robot_interface:/home/mrmnavjet/test/ERC2025/install/leo_rover:/home/mrmnavjet/IRC2026/ircWS/install/yolo:/home/mrmnavjet/IRC2026/ircWS/install/gps:/home/mrmnavjet/test/ERC2025/install/leo_nodes:/home/mrmnavjet/test/ERC2025/install/gps:/opt/ros/humble LD_LIBRARY_PATH=/home/mrmnavjet/IRC2026/ircWS/install/custom_msgs/lib:/home/mrmnavjet/zed_ros_ws/install/zed_components/lib:/home/mrmnavjet/test/ERC2025/install/robot_interface/lib:/opt/ros/humble/opt/rviz_ogre_vendor/lib:/opt/ros/humble/lib/aarch64-linux-gnu:/opt/ros/humble/lib:/usr/local/cuda-12.6/lib64 /usr/bin/cmake /home/mrmnavjet/IRC2026/ircWS/src/planner -DCMAKE_INSTALL_PREFIX=/home/mrmnavjet/IRC2026/ircWS/install/planner[0m
[11.657s] [34mcolcon.colcon_core.task.python.build[0m [1;30mINFO[0m Building Python package in '/home/mrmnavjet/IRC2026/ircWS/src/yolo'
[11.658s] [34mcolcon.colcon_core.shell[0m [1;30mINFO[0m Skip shell extension 'powershell' for command environment: Not usable outside of PowerShell
[11.659s] [34mcolcon.colcon_core.shell[0m [1;30mDEBUG[0m [32mSkip shell extension 'dsv' for command environment[0m
[13.085s] [34mcolcon.colcon_core.event_handler.log_command[0m [1;30mDEBUG[0m [32mInvoking command in '/home/mrmnavjet/IRC2026/ircWS/src/yolo': CMAKE_PREFIX_PATH=/home/mrmnavjet/IRC2026/ircWS/install/custom_msgs:/home/mrmnavjet/zed_ros_ws/install/zed_ros2:/home/mrmnavjet/zed_ros_ws/install/zed_wrapper:/home/mrmnavjet/zed_ros_ws/install/zed_components:/home/mrmnavjet/IRC2026/ircWS/install/planner:/home/mrmnavjet/test/ERC2025/install/planner:/home/mrmnavjet/test/ERC2025/install/robot_interface:/home/mrmnavjet/test/ERC2025/install/leo_rover LD_LIBRARY_PATH=/home/mrmnavjet/IRC2026/ircWS/install/custom_msgs/lib:/home/mrmnavjet/zed_ros_ws/install/zed_components/lib:/home/mrmnavjet/test/ERC2025/install/robot_interface/lib:/opt/ros/humble/opt/rviz_ogre_vendor/lib:/opt/ros/humble/lib/aarch64-linux-gnu:/opt/ros/humble/lib:/usr/local/cuda-12.6/lib64 PYTHONPATH=/home/mrmnavjet/IRC2026/ircWS/build/yolo/prefix_override:/usr/lib/python3/dist-packages/colcon_core/task/python/colcon_distutils_commands:/home/mrmnavjet/IRC2026/ircWS/install/yolo/lib/python3.10/site-packages:${PYTHONPATH} /usr/bin/python3 -W ignore:setup.py install is deprecated -W ignore:easy_install command is deprecated setup.py egg_info --egg-base ../../build/yolo build --build-base /home/mrmnavjet/IRC2026/ircWS/build/yolo/build install --record /home/mrmnavjet/IRC2026/ircWS/build/yolo/install.log --single-version-externally-managed install_data[0m
[14.419s] [34mcolcon.colcon_core.environment[0m [1;30mLevel 1[0m checking '/home/mrmnavjet/IRC2026/ircWS/install/yolo' for CMake module files
[14.420s] [34mcolcon.colcon_core.event_handler.log_command[0m [1;30mDEBUG[0m [32mInvoked command in '/home/mrmnavjet/IRC2026/ircWS/src/yolo' returned '0': CMAKE_PREFIX_PATH=/home/mrmnavjet/IRC2026/ircWS/install/custom_msgs:/home/mrmnavjet/zed_ros_ws/install/zed_ros2:/home/mrmnavjet/zed_ros_ws/install/zed_wrapper:/home/mrmnavjet/zed_ros_ws/install/zed_components:/home/mrmnavjet/IRC2026/ircWS/install/planner:/home/mrmnavjet/test/ERC2025/install/planner:/home/mrmnavjet/test/ERC2025/install/robot_interface:/home/mrmnavjet/test/ERC2025/install/leo_rover LD_LIBRARY_PATH=/home/mrmnavjet/IRC2026/ircWS/install/custom_msgs/lib:/home/mrmnavjet/zed_ros_ws/install/zed_components/lib:/home/mrmnavjet/test/ERC2025/install/robot_interface/lib:/opt/ros/humble/opt/rviz_ogre_vendor/lib:/opt/ros/humble/lib/aarch64-linux-gnu:/opt/ros/humble/lib:/usr/local/cuda-12.6/lib64 PYTHONPATH=/home/mrmnavjet/IRC2026/ircWS/build/yolo/prefix_override:/usr/lib/python3/dist-packages/colcon_core/task/python/colcon_distutils_commands:/home/mrmnavjet/IRC2026/ircWS/install/yolo/lib/python3.10/site-packages:${PYTHONPATH} /usr/bin/python3 -W ignore:setup.py install is deprecated -W ignore:easy_install command is deprecated setup.py egg_info --egg-base ../../build/yolo build --build-base /home/mrmnavjet/IRC2026/ircWS/build/yolo/build install --record /home/mrmnavjet/IRC2026/ircWS/build/yolo/install.log --single-version-externally-managed install_data[0m
[14.421s] [34mcolcon.colcon_core.environment[0m [1;30mLevel 1[0m checking '/home/mrmnavjet/IRC2026/ircWS/install/yolo' for CMake config files
[14.424s] [34mcolcon.colcon_core.environment[0m [1;30mLevel 1[0m checking '/home/mrmnavjet/IRC2026/ircWS/install/yolo/lib'
[14.424s] [34mcolcon.colcon_core.environment[0m [1;30mLevel 1[0m checking '/home/mrmnavjet/IRC2026/ircWS/install/yolo/bin'
[14.424s] [34mcolcon.colcon_core.environment[0m [1;30mLevel 1[0m checking '/home/mrmnavjet/IRC2026/ircWS/install/yolo/lib/pkgconfig/yolo.pc'
[14.425s] [34mcolcon.colcon_core.environment[0m [1;30mLevel 1[0m checking '/home/mrmnavjet/IRC2026/ircWS/install/yolo/lib/python3.10/site-packages'
[14.425s] [34mcolcon.colcon_core.shell[0m [1;30mLevel 1[0m create_environment_hook('yolo', 'pythonpath')
[14.426s] [34mcolcon.colcon_core.shell[0m [1;30mINFO[0m Creating environment hook '/home/mrmnavjet/IRC2026/ircWS/install/yolo/share/yolo/hook/pythonpath.ps1'
[14.428s] [34mcolcon.colcon_core.shell[0m [1;30mINFO[0m Creating environment descriptor '/home/mrmnavjet/IRC2026/ircWS/install/yolo/share/yolo/hook/pythonpath.dsv'
[14.429s] [34mcolcon.colcon_core.shell[0m [1;30mINFO[0m Creating environment hook '/home/mrmnavjet/IRC2026/ircWS/install/yolo/share/yolo/hook/pythonpath.sh'
[14.431s] [34mcolcon.colcon_core.environment[0m [1;30mLevel 1[0m checking '/home/mrmnavjet/IRC2026/ircWS/install/yolo/bin'
[14.432s] [34mcolcon.colcon_core.environment[0m [1;30mLevel 1[0m create_environment_scripts_only(yolo)
[14.433s] [34mcolcon.colcon_core.shell[0m [1;30mINFO[0m Creating package script '/home/mrmnavjet/IRC2026/ircWS/install/yolo/share/yolo/package.ps1'
[14.435s] [34mcolcon.colcon_core.shell[0m [1;30mINFO[0m Creating package descriptor '/home/mrmnavjet/IRC2026/ircWS/install/yolo/share/yolo/package.dsv'
[14.437s] [34mcolcon.colcon_core.shell[0m [1;30mINFO[0m Creating package script '/home/mrmnavjet/IRC2026/ircWS/install/yolo/share/yolo/package.sh'
[14.438s] [34mcolcon.colcon_core.shell[0m [1;30mINFO[0m Creating package script '/home/mrmnavjet/IRC2026/ircWS/install/yolo/share/yolo/package.bash'
[14.440s] [34mcolcon.colcon_core.shell[0m [1;30mINFO[0m Creating package script '/home/mrmnavjet/IRC2026/ircWS/install/yolo/share/yolo/package.zsh'
[14.441s] [34mcolcon.colcon_core.environment[0m [1;30mLevel 1[0m create_file_with_runtime_dependencies(/home/mrmnavjet/IRC2026/ircWS/install/yolo/share/colcon-core/packages/yolo)
[14.708s] [34mcolcon.colcon_core.event_handler.log_command[0m [1;30mDEBUG[0m [32mInvoked command in '/home/mrmnavjet/IRC2026/ircWS/build/planner' returned '0': CMAKE_PREFIX_PATH=/home/mrmnavjet/IRC2026/ircWS/install/custom_msgs:/home/mrmnavjet/zed_ros_ws/install/zed_ros2:/home/mrmnavjet/zed_ros_ws/install/zed_wrapper:/home/mrmnavjet/zed_ros_ws/install/zed_components:/home/mrmnavjet/IRC2026/ircWS/install/planner:/home/mrmnavjet/test/ERC2025/install/planner:/home/mrmnavjet/test/ERC2025/install/robot_interface:/home/mrmnavjet/test/ERC2025/install/leo_rover:/home/mrmnavjet/IRC2026/ircWS/install/yolo:/home/mrmnavjet/IRC2026/ircWS/install/gps:/home/mrmnavjet/test/ERC2025/install/leo_nodes:/home/mrmnavjet/test/ERC2025/install/gps:/opt/ros/humble LD_LIBRARY_PATH=/home/mrmnavjet/IRC2026/ircWS/install/custom_msgs/lib:/home/mrmnavjet/zed_ros_ws/install/zed_components/lib:/home/mrmnavjet/test/ERC2025/install/robot_interface/lib:/opt/ros/humble/opt/rviz_ogre_vendor/lib:/opt/ros/humble/lib/aarch64-linux-gnu:/opt/ros/humble/lib:/usr/local/cuda-12.6/lib64 /usr/bin/cmake /home/mrmnavjet/IRC2026/ircWS/src/planner -DCMAKE_INSTALL_PREFIX=/home/mrmnavjet/IRC2026/ircWS/install/planner[0m
[14.712s] [34mcolcon.colcon_core.event_handler.log_command[0m [1;30mDEBUG[0m [32mInvoking command in '/home/mrmnavjet/IRC2026/ircWS/build/planner': CMAKE_PREFIX_PATH=/home/mrmnavjet/IRC2026/ircWS/install/custom_msgs:/home/mrmnavjet/zed_ros_ws/install/zed_ros2:/home/mrmnavjet/zed_ros_ws/install/zed_wrapper:/home/mrmnavjet/zed_ros_ws/install/zed_components:/home/mrmnavjet/IRC2026/ircWS/install/planner:/home/mrmnavjet/test/ERC2025/install/planner:/home/mrmnavjet/test/ERC2025/install/robot_interface:/home/mrmnavjet/test/ERC2025/install/leo_rover:/home/mrmnavjet/IRC2026/ircWS/install/yolo:/home/mrmnavjet/IRC2026/ircWS/install/gps:/home/mrmnavjet/test/ERC2025/install/leo_nodes:/home/mrmnavjet/test/ERC2025/install/gps:/opt/ros/humble LD_LIBRARY_PATH=/home/mrmnavjet/IRC2026/ircWS/install/custom_msgs/lib:/home/mrmnavjet/zed_ros_ws/install/zed_components/lib:/home/mrmnavjet/test/ERC2025/install/robot_interface/lib:/opt/ros/humble/opt/rviz_ogre_vendor/lib:/opt/ros/humble/lib/aarch64-linux-gnu:/opt/ros/humble/lib:/usr/local/cuda-12.6/lib64 /usr/bin/cmake --build /home/mrmnavjet/IRC2026/ircWS/build/planner -- -j6 -l6[0m
[63.569s] [34mcolcon.colcon_core.event_handler.log_command[0m [1;30mDEBUG[0m [32mInvoked command in '/home/mrmnavjet/IRC2026/ircWS/build/planner' returned '0': CMAKE_PREFIX_PATH=/home/mrmnavjet/IRC2026/ircWS/install/custom_msgs:/home/mrmnavjet/zed_ros_ws/install/zed_ros2:/home/mrmnavjet/zed_ros_ws/install/zed_wrapper:/home/mrmnavjet/zed_ros_ws/install/zed_components:/home/mrmnavjet/IRC2026/ircWS/install/planner:/home/mrmnavjet/test/ERC2025/install/planner:/home/mrmnavjet/test/ERC2025/install/robot_interface:/home/mrmnavjet/test/ERC2025/install/leo_rover:/home/mrmnavjet/IRC2026/ircWS/install/yolo:/home/mrmnavjet/IRC2026/ircWS/install/gps:/home/mrmnavjet/test/ERC2025/install/leo_nodes:/home/mrmnavjet/test/ERC2025/install/gps:/opt/ros/humble LD_LIBRARY_PATH=/home/mrmnavjet/IRC2026/ircWS/install/custom_msgs/lib:/home/mrmnavjet/zed_ros_ws/install/zed_components/lib:/home/mrmnavjet/test/ERC2025/install/robot_interface/lib:/opt/ros/humble/opt/rviz_ogre_vendor/lib:/opt/ros/humble/lib/aarch64-linux-gnu:/opt/ros/humble/lib:/usr/local/cuda-12.6/lib64 /usr/bin/cmake --build /home/mrmnavjet/IRC2026/ircWS/build/planner -- -j6 -l6[0m
[63.574s] [34mcolcon.colcon_core.event_handler.log_command[0m [1;30mDEBUG[0m [32mInvoking command in '/home/mrmnavjet/IRC2026/ircWS/build/planner': CMAKE_PREFIX_PATH=/home/mrmnavjet/IRC2026/ircWS/install/custom_msgs:/home/mrmnavjet/zed_ros_ws/install/zed_ros2:/home/mrmnavjet/zed_ros_ws/install/zed_wrapper:/home/mrmnavjet/zed_ros_ws/install/zed_components:/home/mrmnavjet/IRC2026/ircWS/install/planner:/home/mrmnavjet/test/ERC2025/install/planner:/home/mrmnavjet/test/ERC2025/install/robot_interface:/home/mrmnavjet/test/ERC2025/install/leo_rover:/home/mrmnavjet/IRC2026/ircWS/install/yolo:/home/mrmnavjet/IRC2026/ircWS/install/gps:/home/mrmnavjet/test/ERC2025/install/leo_nodes:/home/mrmnavjet/test/ERC2025/install/gps:/opt/ros/humble LD_LIBRARY_PATH=/home/mrmnavjet/IRC2026/ircWS/install/custom_msgs/lib:/home/mrmnavjet/zed_ros_ws/install/zed_components/lib:/home/mrmnavjet/test/ERC2025/install/robot_interface/lib:/opt/ros/humble/opt/rviz_ogre_vendor/lib:/opt/ros/humble/lib/aarch64-linux-gnu:/opt/ros/humble/lib:/usr/local/cuda-12.6/lib64 /usr/bin/cmake --install /home/mrmnavjet/IRC2026/ircWS/build/planner[0m
[63.658s] [34mcolcon.colcon_core.environment[0m [1;30mLevel 1[0m create_environment_scripts_only(planner)
[63.659s] [34mcolcon.colcon_core.environment[0m [1;30mLevel 1[0m checking '/home/mrmnavjet/IRC2026/ircWS/install/planner' for CMake module files
[63.661s] [34mcolcon.colcon_core.event_handler.log_command[0m [1;30mDEBUG[0m [32mInvoked command in '/home/mrmnavjet/IRC2026/ircWS/build/planner' returned '0': CMAKE_PREFIX_PATH=/home/mrmnavjet/IRC2026/ircWS/install/custom_msgs:/home/mrmnavjet/zed_ros_ws/install/zed_ros2:/home/mrmnavjet/zed_ros_ws/install/zed_wrapper:/home/mrmnavjet/zed_ros_ws/install/zed_components:/home/mrmnavjet/IRC2026/ircWS/install/planner:/home/mrmnavjet/test/ERC2025/install/planner:/home/mrmnavjet/test/ERC2025/install/robot_interface:/home/mrmnavjet/test/ERC2025/install/leo_rover:/home/mrmnavjet/IRC2026/ircWS/install/yolo:/home/mrmnavjet/IRC2026/ircWS/install/gps:/home/mrmnavjet/test/ERC2025/install/leo_nodes:/home/mrmnavjet/test/ERC2025/install/gps:/opt/ros/humble LD_LIBRARY_PATH=/home/mrmnavjet/IRC2026/ircWS/install/custom_msgs/lib:/home/mrmnavjet/zed_ros_ws/install/zed_components/lib:/home/mrmnavjet/test/ERC2025/install/robot_interface/lib:/opt/ros/humble/opt/rviz_ogre_vendor/lib:/opt/ros/humble/lib/aarch64-linux-gnu:/opt/ros/humble/lib:/usr/local/cuda-12.6/lib64 /usr/bin/cmake --install /home/mrmnavjet/IRC2026/ircWS/build/planner[0m
[63.663s] [34mcolcon.colcon_core.environment[0m [1;30mLevel 1[0m checking '/home/mrmnavjet/IRC2026/ircWS/install/planner' for CMake config files
[63.663s] [34mcolcon.colcon_core.shell[0m [1;30mLevel 1[0m create_environment_hook('planner', 'cmake_prefix_path')
[63.664s] [34mcolcon.colcon_core.shell[0m [1;30mINFO[0m Creating environment hook '/home/mrmnavjet/IRC2026/ircWS/install/planner/share/planner/hook/cmake_prefix_path.ps1'
[63.666s] [34mcolcon.colcon_core.shell[0m [1;30mINFO[0m Creating environment descriptor '/home/mrmnavjet/IRC2026/ircWS/install/planner/share/planner/hook/cmake_prefix_path.dsv'
[63.667s] [34mcolcon.colcon_core.shell[0m [1;30mINFO[0m Creating environment hook '/home/mrmnavjet/IRC2026/ircWS/install/planner/share/planner/hook/cmake_prefix_path.sh'
[63.669s] [34mcolcon.colcon_core.environment[0m [1;30mLevel 1[0m checking '/home/mrmnavjet/IRC2026/ircWS/install/planner/lib'
[63.669s] [34mcolcon.colcon_core.environment[0m [1;30mLevel 1[0m checking '/home/mrmnavjet/IRC2026/ircWS/install/planner/bin'
[63.670s] [34mcolcon.colcon_core.environment[0m [1;30mLevel 1[0m checking '/home/mrmnavjet/IRC2026/ircWS/install/planner/lib/pkgconfig/planner.pc'
[63.671s] [34mcolcon.colcon_core.environment[0m [1;30mLevel 1[0m checking '/home/mrmnavjet/IRC2026/ircWS/install/planner/lib/python3.10/site-packages'
[63.671s] [34mcolcon.colcon_core.environment[0m [1;30mLevel 1[0m checking '/home/mrmnavjet/IRC2026/ircWS/install/planner/bin'
[63.673s] [34mcolcon.colcon_core.shell[0m [1;30mINFO[0m Creating package script '/home/mrmnavjet/IRC2026/ircWS/install/planner/share/planner/package.ps1'
[63.674s] [34mcolcon.colcon_core.shell[0m [1;30mINFO[0m Creating package descriptor '/home/mrmnavjet/IRC2026/ircWS/install/planner/share/planner/package.dsv'
[63.676s] [34mcolcon.colcon_core.shell[0m [1;30mINFO[0m Creating package script '/home/mrmnavjet/IRC2026/ircWS/install/planner/share/planner/package.sh'
[63.677s] [34mcolcon.colcon_core.shell[0m [1;30mINFO[0m Creating package script '/home/mrmnavjet/IRC2026/ircWS/install/planner/share/planner/package.bash'
[63.678s] [34mcolcon.colcon_core.shell[0m [1;30mINFO[0m Creating package script '/home/mrmnavjet/IRC2026/ircWS/install/planner/share/planner/package.zsh'
[63.680s] [34mcolcon.colcon_core.environment[0m [1;30mLevel 1[0m create_file_with_runtime_dependencies(/home/mrmnavjet/IRC2026/ircWS/install/planner/share/colcon-core/packages/planner)
[63.682s] [34mcolcon.colcon_core.environment[0m [1;30mLevel 1[0m create_environment_scripts_only(planner)
[63.683s] [34mcolcon.colcon_core.environment[0m [1;30mLevel 1[0m checking '/home/mrmnavjet/IRC2026/ircWS/install/planner' for CMake module files
[63.684s] [34mcolcon.colcon_core.environment[0m [1;30mLevel 1[0m checking '/home/mrmnavjet/IRC2026/ircWS/install/planner' for CMake config files
[63.685s] [34mcolcon.colcon_core.shell[0m [1;30mLevel 1[0m create_environment_hook('planner', 'cmake_prefix_path')
[63.686s] [34mcolcon.colcon_core.shell[0m [1;30mINFO[0m Creating environment hook '/home/mrmnavjet/IRC2026/ircWS/install/planner/share/planner/hook/cmake_prefix_path.ps1'
[63.687s] [34mcolcon.colcon_core.shell[0m [1;30mINFO[0m Creating environment descriptor '/home/mrmnavjet/IRC2026/ircWS/install/planner/share/planner/hook/cmake_prefix_path.dsv'
[63.689s] [34mcolcon.colcon_core.shell[0m [1;30mINFO[0m Creating environment hook '/home/mrmnavjet/IRC2026/ircWS/install/planner/share/planner/hook/cmake_prefix_path.sh'
[63.691s] [34mcolcon.colcon_core.environment[0m [1;30mLevel 1[0m checking '/home/mrmnavjet/IRC2026/ircWS/install/planner/lib'
[63.691s] [34mcolcon.colcon_core.environment[0m [1;30mLevel 1[0m checking '/home/mrmnavjet/IRC2026/ircWS/install/planner/bin'
[63.691s] [34mcolcon.colcon_core.environment[0m [1;30mLevel 1[0m checking '/home/mrmnavjet/IRC2026/ircWS/install/planner/lib/pkgconfig/planner.pc'
[63.692s] [34mcolcon.colcon_core.environment[0m [1;30mLevel 1[0m checking '/home/mrmnavjet/IRC2026/ircWS/install/planner/lib/python3.10/site-packages'
[63.693s] [34mcolcon.colcon_core.environment[0m [1;30mLevel 1[0m checking '/home/mrmnavjet/IRC2026/ircWS/install/planner/bin'
[63.694s] [34mcolcon.colcon_core.shell[0m [1;30mINFO[0m Creating package script '/home/mrmnavjet/IRC2026/ircWS/install/planner/share/planner/package.ps1'
[63.696s] [34mcolcon.colcon_core.shell[0m [1;30mINFO[0m Creating package descriptor '/home/mrmnavjet/IRC2026/ircWS/install/planner/share/planner/package.dsv'
[63.715s] [34mcolcon.colcon_core.shell[0m [1;30mINFO[0m Creating package script '/home/mrmnavjet/IRC2026/ircWS/install/planner/share/planner/package.sh'
[63.717s] [34mcolcon.colcon_core.shell[0m [1;30mINFO[0m Creating package script '/home/mrmnavjet/IRC2026/ircWS/install/planner/share/planner/package.bash'
[63.720s] [34mcolcon.colcon_core.shell[0m [1;30mINFO[0m Creating package script '/home/mrmnavjet/IRC2026/ircWS/install/planner/share/planner/package.zsh'
[63.721s] [34mcolcon.colcon_core.environment[0m [1;30mLevel 1[0m create_file_with_runtime_dependencies(/home/mrmnavjet/IRC2026/ircWS/install/planner/share/colcon-core/packages/planner)
[63.722s] [34mcolcon.colcon_parallel_executor.executor.parallel[0m [1;30mDEBUG[0m [32mclosing loop[0m
[63.724s] [34mcolcon.colcon_parallel_executor.executor.parallel[0m [1;30mDEBUG[0m [32mloop closed[0m
[63.724s] [34mcolcon.colcon_parallel_executor.executor.parallel[0m [1;30mDEBUG[0m [32mrun_until_complete finished with '0'[0m
[63.725s] [34mcolcon.colcon_core.event_reactor[0m [1;30mDEBUG[0m [32mjoining thread[0m
[63.744s] [34mcolcon.colcon_core.plugin_system[0m [1;30mINFO[0m Skipping extension 'colcon_notification.desktop_notification.terminal_notifier': Not used on non-Darwin systems
[63.744s] [34mcolcon.colcon_core.plugin_system[0m [1;30mINFO[0m Skipping extension 'colcon_notification.desktop_notification.win32': Not used on non-Windows systems
[63.745s] [34mcolcon.colcon_notification.desktop_notification[0m [1;30mINFO[0m Sending desktop notification using 'notify2'
[63.772s] [34mcolcon.colcon_notification.desktop_notification.notify2[0m [1;30mDEBUG[0m [32mFailed to initialize notify2: org.freedesktop.DBus.Error.Spawn.ChildExited: Process org.freedesktop.Notifications exited with status 1[0m
[63.772s] [34mcolcon.colcon_core.event_reactor[0m [1;30mDEBUG[0m [32mjoined thread[0m
[63.774s] [34mcolcon.colcon_core.shell[0m [1;30mINFO[0m Creating prefix script '/home/mrmnavjet/IRC2026/ircWS/install/local_setup.ps1'
[63.777s] [34mcolcon.colcon_core.shell[0m [1;30mINFO[0m Creating prefix util module '/home/mrmnavjet/IRC2026/ircWS/install/_local_setup_util_ps1.py'
[63.783s] [34mcolcon.colcon_core.shell[0m [1;30mINFO[0m Creating prefix chain script '/home/mrmnavjet/IRC2026/ircWS/install/setup.ps1'
[63.788s] [34mcolcon.colcon_core.shell[0m [1;30mINFO[0m Creating prefix script '/home/mrmnavjet/IRC2026/ircWS/install/local_setup.sh'
[63.790s] [34mcolcon.colcon_core.shell[0m [1;30mINFO[0m Creating prefix util module '/home/mrmnavjet/IRC2026/ircWS/install/_local_setup_util_sh.py'
[63.793s] [34mcolcon.colcon_core.shell[0m [1;30mINFO[0m Creating prefix chain script '/home/mrmnavjet/IRC2026/ircWS/install/setup.sh'
[63.799s] [34mcolcon.colcon_core.shell[0m [1;30mINFO[0m Creating prefix script '/home/mrmnavjet/IRC2026/ircWS/install/local_setup.bash'
[63.800s] [34mcolcon.colcon_core.shell[0m [1;30mINFO[0m Creating prefix chain script '/home/mrmnavjet/IRC2026/ircWS/install/setup.bash'
[63.806s] [34mcolcon.colcon_core.shell[0m [1;30mINFO[0m Creating prefix script '/home/mrmnavjet/IRC2026/ircWS/install/local_setup.zsh'
[63.808s] [34mcolcon.colcon_core.shell[0m [1;30mINFO[0m Creating prefix chain script '/home/mrmnavjet/IRC2026/ircWS/install/setup.zsh'
