[0.043s] Invoking command in '/home/mrmnavjet/IRC2026/ircWS/build/custom_msgs': CMAKE_PREFIX_PATH=${CMAKE_PREFIX_PATH}:/home/mrmnavjet/IRC2026/ircWS/install/yolo:/home/mrmnavjet/IRC2026/ircWS/install/gps:/opt/ros/humble /usr/bin/cmake --build /home/mrmnavjet/IRC2026/ircWS/build/custom_msgs -- -j6 -l6
[0.215s] [  2%] Built target custom_msgs__cpp
[0.232s] [ 12%] Built target custom_msgs__rosidl_generator_c
[0.238s] [ 12%] Built target ament_cmake_python_copy_custom_msgs
[0.278s] [ 23%] Built target custom_msgs__rosidl_typesupport_fastrtps_cpp
[0.279s] [ 33%] Built target custom_msgs__rosidl_typesupport_introspection_cpp
[0.287s] [ 53%] Built target custom_msgs__rosidl_typesupport_introspection_c
[0.287s] [ 53%] Built target custom_msgs__rosidl_typesupport_cpp
[0.291s] [ 64%] Built target custom_msgs__rosidl_typesupport_fastrtps_c
[0.305s] [ 74%] Built target custom_msgs__rosidl_typesupport_c
[0.346s] [ 74%] Built target custom_msgs
[0.387s] [ 76%] Built target custom_msgs__py
[0.438s] [ 84%] Built target custom_msgs__rosidl_generator_py
[0.485s] [100%] Built target custom_msgs__rosidl_typesupport_c__pyext
[0.486s] [100%] Built target custom_msgs__rosidl_typesupport_introspection_c__pyext
[0.486s] [100%] Built target custom_msgs__rosidl_typesupport_fastrtps_c__pyext
[0.767s] running egg_info
[0.808s] writing custom_msgs.egg-info/PKG-INFO
[0.809s] writing dependency_links to custom_msgs.egg-info/dependency_links.txt
[0.809s] writing top-level names to custom_msgs.egg-info/top_level.txt
[0.926s] reading manifest file 'custom_msgs.egg-info/SOURCES.txt'
[0.929s] writing manifest file 'custom_msgs.egg-info/SOURCES.txt'
[1.002s] [100%] Built target ament_cmake_python_build_custom_msgs_egg
[1.027s] Invoked command in '/home/mrmnavjet/IRC2026/ircWS/build/custom_msgs' returned '0': CMAKE_PREFIX_PATH=${CMAKE_PREFIX_PATH}:/home/mrmnavjet/IRC2026/ircWS/install/yolo:/home/mrmnavjet/IRC2026/ircWS/install/gps:/opt/ros/humble /usr/bin/cmake --build /home/mrmnavjet/IRC2026/ircWS/build/custom_msgs -- -j6 -l6
[1.050s] Invoking command in '/home/mrmnavjet/IRC2026/ircWS/build/custom_msgs': CMAKE_PREFIX_PATH=${CMAKE_PREFIX_PATH}:/home/mrmnavjet/IRC2026/ircWS/install/yolo:/home/mrmnavjet/IRC2026/ircWS/install/gps:/opt/ros/humble /usr/bin/cmake --install /home/mrmnavjet/IRC2026/ircWS/build/custom_msgs
[1.068s] -- Install configuration: ""
[1.069s] -- Up-to-date: /home/mrmnavjet/IRC2026/ircWS/install/custom_msgs/share/ament_index/resource_index/rosidl_interfaces/custom_msgs
[1.070s] -- Up-to-date: /home/mrmnavjet/IRC2026/ircWS/install/custom_msgs/include/custom_msgs/custom_msgs
[1.070s] -- Up-to-date: /home/mrmnavjet/IRC2026/ircWS/install/custom_msgs/include/custom_msgs/custom_msgs/msg
[1.071s] -- Up-to-date: /home/mrmnavjet/IRC2026/ircWS/install/custom_msgs/include/custom_msgs/custom_msgs/msg/rosidl_generator_c__visibility_control.h
[1.071s] -- Up-to-date: /home/mrmnavjet/IRC2026/ircWS/install/custom_msgs/include/custom_msgs/custom_msgs/msg/marker_tag.h
[1.071s] -- Up-to-date: /home/mrmnavjet/IRC2026/ircWS/install/custom_msgs/include/custom_msgs/custom_msgs/msg/detail
[1.071s] -- Up-to-date: /home/mrmnavjet/IRC2026/ircWS/install/custom_msgs/include/custom_msgs/custom_msgs/msg/detail/marker_tag__functions.h
[1.072s] -- Up-to-date: /home/mrmnavjet/IRC2026/ircWS/install/custom_msgs/include/custom_msgs/custom_msgs/msg/detail/marker_tag__type_support.h
[1.072s] -- Up-to-date: /home/mrmnavjet/IRC2026/ircWS/install/custom_msgs/include/custom_msgs/custom_msgs/msg/detail/imu_data__functions.h
[1.072s] -- Up-to-date: /home/mrmnavjet/IRC2026/ircWS/install/custom_msgs/include/custom_msgs/custom_msgs/msg/detail/marker_tag__functions.c
[1.072s] -- Up-to-date: /home/mrmnavjet/IRC2026/ircWS/install/custom_msgs/include/custom_msgs/custom_msgs/msg/detail/marker_tag__struct.h
[1.073s] -- Up-to-date: /home/mrmnavjet/IRC2026/ircWS/install/custom_msgs/include/custom_msgs/custom_msgs/msg/detail/imu_data__functions.c
[1.073s] -- Up-to-date: /home/mrmnavjet/IRC2026/ircWS/install/custom_msgs/include/custom_msgs/custom_msgs/msg/detail/imu_data__type_support.h
[1.073s] -- Up-to-date: /home/mrmnavjet/IRC2026/ircWS/install/custom_msgs/include/custom_msgs/custom_msgs/msg/detail/imu_data__struct.h
[1.073s] -- Up-to-date: /home/mrmnavjet/IRC2026/ircWS/install/custom_msgs/include/custom_msgs/custom_msgs/msg/imu_data.h
[1.073s] -- Up-to-date: /home/mrmnavjet/IRC2026/ircWS/install/custom_msgs/share/custom_msgs/environment/library_path.sh
[1.074s] -- Up-to-date: /home/mrmnavjet/IRC2026/ircWS/install/custom_msgs/share/custom_msgs/environment/library_path.dsv
[1.074s] -- Up-to-date: /home/mrmnavjet/IRC2026/ircWS/install/custom_msgs/lib/libcustom_msgs__rosidl_generator_c.so
[1.074s] -- Up-to-date: /home/mrmnavjet/IRC2026/ircWS/install/custom_msgs/include/custom_msgs/custom_msgs
[1.074s] -- Up-to-date: /home/mrmnavjet/IRC2026/ircWS/install/custom_msgs/include/custom_msgs/custom_msgs/msg
[1.074s] -- Up-to-date: /home/mrmnavjet/IRC2026/ircWS/install/custom_msgs/include/custom_msgs/custom_msgs/msg/detail
[1.075s] -- Up-to-date: /home/mrmnavjet/IRC2026/ircWS/install/custom_msgs/include/custom_msgs/custom_msgs/msg/detail/imu_data__rosidl_typesupport_fastrtps_c.h
[1.075s] -- Up-to-date: /home/mrmnavjet/IRC2026/ircWS/install/custom_msgs/include/custom_msgs/custom_msgs/msg/detail/marker_tag__rosidl_typesupport_fastrtps_c.h
[1.075s] -- Up-to-date: /home/mrmnavjet/IRC2026/ircWS/install/custom_msgs/include/custom_msgs/custom_msgs/msg/rosidl_typesupport_fastrtps_c__visibility_control.h
[1.075s] -- Up-to-date: /home/mrmnavjet/IRC2026/ircWS/install/custom_msgs/lib/libcustom_msgs__rosidl_typesupport_fastrtps_c.so
[1.076s] -- Up-to-date: /home/mrmnavjet/IRC2026/ircWS/install/custom_msgs/include/custom_msgs/custom_msgs
[1.076s] -- Up-to-date: /home/mrmnavjet/IRC2026/ircWS/install/custom_msgs/include/custom_msgs/custom_msgs/msg
[1.076s] -- Up-to-date: /home/mrmnavjet/IRC2026/ircWS/install/custom_msgs/include/custom_msgs/custom_msgs/msg/detail
[1.076s] -- Up-to-date: /home/mrmnavjet/IRC2026/ircWS/install/custom_msgs/include/custom_msgs/custom_msgs/msg/detail/imu_data__rosidl_typesupport_introspection_c.h
[1.076s] -- Up-to-date: /home/mrmnavjet/IRC2026/ircWS/install/custom_msgs/include/custom_msgs/custom_msgs/msg/detail/imu_data__type_support.c
[1.076s] -- Up-to-date: /home/mrmnavjet/IRC2026/ircWS/install/custom_msgs/include/custom_msgs/custom_msgs/msg/detail/marker_tag__rosidl_typesupport_introspection_c.h
[1.077s] -- Up-to-date: /home/mrmnavjet/IRC2026/ircWS/install/custom_msgs/include/custom_msgs/custom_msgs/msg/detail/marker_tag__type_support.c
[1.077s] -- Up-to-date: /home/mrmnavjet/IRC2026/ircWS/install/custom_msgs/include/custom_msgs/custom_msgs/msg/rosidl_typesupport_introspection_c__visibility_control.h
[1.077s] -- Up-to-date: /home/mrmnavjet/IRC2026/ircWS/install/custom_msgs/lib/libcustom_msgs__rosidl_typesupport_introspection_c.so
[1.078s] -- Up-to-date: /home/mrmnavjet/IRC2026/ircWS/install/custom_msgs/lib/libcustom_msgs__rosidl_typesupport_c.so
[1.078s] -- Up-to-date: /home/mrmnavjet/IRC2026/ircWS/install/custom_msgs/include/custom_msgs/custom_msgs
[1.078s] -- Up-to-date: /home/mrmnavjet/IRC2026/ircWS/install/custom_msgs/include/custom_msgs/custom_msgs/msg
[1.078s] -- Up-to-date: /home/mrmnavjet/IRC2026/ircWS/install/custom_msgs/include/custom_msgs/custom_msgs/msg/imu_data.hpp
[1.078s] -- Up-to-date: /home/mrmnavjet/IRC2026/ircWS/install/custom_msgs/include/custom_msgs/custom_msgs/msg/marker_tag.hpp
[1.078s] -- Up-to-date: /home/mrmnavjet/IRC2026/ircWS/install/custom_msgs/include/custom_msgs/custom_msgs/msg/detail
[1.079s] -- Up-to-date: /home/mrmnavjet/IRC2026/ircWS/install/custom_msgs/include/custom_msgs/custom_msgs/msg/detail/imu_data__builder.hpp
[1.079s] -- Up-to-date: /home/mrmnavjet/IRC2026/ircWS/install/custom_msgs/include/custom_msgs/custom_msgs/msg/detail/marker_tag__builder.hpp
[1.079s] -- Up-to-date: /home/mrmnavjet/IRC2026/ircWS/install/custom_msgs/include/custom_msgs/custom_msgs/msg/detail/marker_tag__struct.hpp
[1.079s] -- Up-to-date: /home/mrmnavjet/IRC2026/ircWS/install/custom_msgs/include/custom_msgs/custom_msgs/msg/detail/imu_data__struct.hpp
[1.079s] -- Up-to-date: /home/mrmnavjet/IRC2026/ircWS/install/custom_msgs/include/custom_msgs/custom_msgs/msg/detail/imu_data__type_support.hpp
[1.079s] -- Up-to-date: /home/mrmnavjet/IRC2026/ircWS/install/custom_msgs/include/custom_msgs/custom_msgs/msg/detail/marker_tag__traits.hpp
[1.079s] -- Up-to-date: /home/mrmnavjet/IRC2026/ircWS/install/custom_msgs/include/custom_msgs/custom_msgs/msg/detail/marker_tag__type_support.hpp
[1.080s] -- Up-to-date: /home/mrmnavjet/IRC2026/ircWS/install/custom_msgs/include/custom_msgs/custom_msgs/msg/detail/imu_data__traits.hpp
[1.080s] -- Up-to-date: /home/mrmnavjet/IRC2026/ircWS/install/custom_msgs/include/custom_msgs/custom_msgs/msg/rosidl_generator_cpp__visibility_control.hpp
[1.080s] -- Up-to-date: /home/mrmnavjet/IRC2026/ircWS/install/custom_msgs/include/custom_msgs/custom_msgs
[1.080s] -- Up-to-date: /home/mrmnavjet/IRC2026/ircWS/install/custom_msgs/include/custom_msgs/custom_msgs/msg
[1.080s] -- Up-to-date: /home/mrmnavjet/IRC2026/ircWS/install/custom_msgs/include/custom_msgs/custom_msgs/msg/detail
[1.081s] -- Up-to-date: /home/mrmnavjet/IRC2026/ircWS/install/custom_msgs/include/custom_msgs/custom_msgs/msg/detail/marker_tag__rosidl_typesupport_fastrtps_cpp.hpp
[1.081s] -- Up-to-date: /home/mrmnavjet/IRC2026/ircWS/install/custom_msgs/include/custom_msgs/custom_msgs/msg/detail/imu_data__rosidl_typesupport_fastrtps_cpp.hpp
[1.081s] -- Up-to-date: /home/mrmnavjet/IRC2026/ircWS/install/custom_msgs/include/custom_msgs/custom_msgs/msg/detail/dds_fastrtps
[1.081s] -- Up-to-date: /home/mrmnavjet/IRC2026/ircWS/install/custom_msgs/include/custom_msgs/custom_msgs/msg/rosidl_typesupport_fastrtps_cpp__visibility_control.h
[1.081s] -- Up-to-date: /home/mrmnavjet/IRC2026/ircWS/install/custom_msgs/lib/libcustom_msgs__rosidl_typesupport_fastrtps_cpp.so
[1.081s] -- Up-to-date: /home/mrmnavjet/IRC2026/ircWS/install/custom_msgs/include/custom_msgs/custom_msgs
[1.081s] -- Up-to-date: /home/mrmnavjet/IRC2026/ircWS/install/custom_msgs/include/custom_msgs/custom_msgs/msg
[1.082s] -- Up-to-date: /home/mrmnavjet/IRC2026/ircWS/install/custom_msgs/include/custom_msgs/custom_msgs/msg/detail
[1.082s] -- Up-to-date: /home/mrmnavjet/IRC2026/ircWS/install/custom_msgs/include/custom_msgs/custom_msgs/msg/detail/marker_tag__rosidl_typesupport_introspection_cpp.hpp
[1.082s] -- Up-to-date: /home/mrmnavjet/IRC2026/ircWS/install/custom_msgs/include/custom_msgs/custom_msgs/msg/detail/imu_data__type_support.cpp
[1.082s] -- Up-to-date: /home/mrmnavjet/IRC2026/ircWS/install/custom_msgs/include/custom_msgs/custom_msgs/msg/detail/imu_data__rosidl_typesupport_introspection_cpp.hpp
[1.082s] -- Up-to-date: /home/mrmnavjet/IRC2026/ircWS/install/custom_msgs/include/custom_msgs/custom_msgs/msg/detail/marker_tag__type_support.cpp
[1.082s] -- Up-to-date: /home/mrmnavjet/IRC2026/ircWS/install/custom_msgs/lib/libcustom_msgs__rosidl_typesupport_introspection_cpp.so
[1.082s] -- Up-to-date: /home/mrmnavjet/IRC2026/ircWS/install/custom_msgs/lib/libcustom_msgs__rosidl_typesupport_cpp.so
[1.082s] -- Up-to-date: /home/mrmnavjet/IRC2026/ircWS/install/custom_msgs/share/custom_msgs/environment/pythonpath.sh
[1.083s] -- Up-to-date: /home/mrmnavjet/IRC2026/ircWS/install/custom_msgs/share/custom_msgs/environment/pythonpath.dsv
[1.083s] -- Up-to-date: /home/mrmnavjet/IRC2026/ircWS/install/custom_msgs/local/lib/python3.10/dist-packages/custom_msgs-0.0.1-py3.10.egg-info
[1.083s] -- Installing: /home/mrmnavjet/IRC2026/ircWS/install/custom_msgs/local/lib/python3.10/dist-packages/custom_msgs-0.0.1-py3.10.egg-info/dependency_links.txt
[1.083s] -- Installing: /home/mrmnavjet/IRC2026/ircWS/install/custom_msgs/local/lib/python3.10/dist-packages/custom_msgs-0.0.1-py3.10.egg-info/SOURCES.txt
[1.083s] -- Installing: /home/mrmnavjet/IRC2026/ircWS/install/custom_msgs/local/lib/python3.10/dist-packages/custom_msgs-0.0.1-py3.10.egg-info/PKG-INFO
[1.084s] -- Installing: /home/mrmnavjet/IRC2026/ircWS/install/custom_msgs/local/lib/python3.10/dist-packages/custom_msgs-0.0.1-py3.10.egg-info/top_level.txt
[1.084s] -- Up-to-date: /home/mrmnavjet/IRC2026/ircWS/install/custom_msgs/local/lib/python3.10/dist-packages/custom_msgs
[1.085s] -- Up-to-date: /home/mrmnavjet/IRC2026/ircWS/install/custom_msgs/local/lib/python3.10/dist-packages/custom_msgs/_custom_msgs_s.ep.rosidl_typesupport_c.c
[1.085s] -- Up-to-date: /home/mrmnavjet/IRC2026/ircWS/install/custom_msgs/local/lib/python3.10/dist-packages/custom_msgs/__init__.py
[1.085s] -- Up-to-date: /home/mrmnavjet/IRC2026/ircWS/install/custom_msgs/local/lib/python3.10/dist-packages/custom_msgs/custom_msgs_s__rosidl_typesupport_c.cpython-310-aarch64-linux-gnu.so
[1.085s] -- Up-to-date: /home/mrmnavjet/IRC2026/ircWS/install/custom_msgs/local/lib/python3.10/dist-packages/custom_msgs/_custom_msgs_s.ep.rosidl_typesupport_fastrtps_c.c
[1.085s] -- Up-to-date: /home/mrmnavjet/IRC2026/ircWS/install/custom_msgs/local/lib/python3.10/dist-packages/custom_msgs/_custom_msgs_s.ep.rosidl_typesupport_introspection_c.c
[1.085s] -- Up-to-date: /home/mrmnavjet/IRC2026/ircWS/install/custom_msgs/local/lib/python3.10/dist-packages/custom_msgs/custom_msgs_s__rosidl_typesupport_introspection_c.cpython-310-aarch64-linux-gnu.so
[1.086s] -- Up-to-date: /home/mrmnavjet/IRC2026/ircWS/install/custom_msgs/local/lib/python3.10/dist-packages/custom_msgs/custom_msgs_s__rosidl_typesupport_fastrtps_c.cpython-310-aarch64-linux-gnu.so
[1.086s] -- Up-to-date: /home/mrmnavjet/IRC2026/ircWS/install/custom_msgs/local/lib/python3.10/dist-packages/custom_msgs/msg
[1.086s] -- Up-to-date: /home/mrmnavjet/IRC2026/ircWS/install/custom_msgs/local/lib/python3.10/dist-packages/custom_msgs/msg/_imu_data.py
[1.086s] -- Up-to-date: /home/mrmnavjet/IRC2026/ircWS/install/custom_msgs/local/lib/python3.10/dist-packages/custom_msgs/msg/__init__.py
[1.086s] -- Up-to-date: /home/mrmnavjet/IRC2026/ircWS/install/custom_msgs/local/lib/python3.10/dist-packages/custom_msgs/msg/_imu_data_s.c
[1.086s] -- Up-to-date: /home/mrmnavjet/IRC2026/ircWS/install/custom_msgs/local/lib/python3.10/dist-packages/custom_msgs/msg/_marker_tag.py
[1.087s] -- Up-to-date: /home/mrmnavjet/IRC2026/ircWS/install/custom_msgs/local/lib/python3.10/dist-packages/custom_msgs/msg/_marker_tag_s.c
[1.087s] -- Up-to-date: /home/mrmnavjet/IRC2026/ircWS/install/custom_msgs/local/lib/python3.10/dist-packages/custom_msgs/libcustom_msgs__rosidl_generator_py.so
[1.159s] Listing '/home/mrmnavjet/IRC2026/ircWS/install/custom_msgs/local/lib/python3.10/dist-packages/custom_msgs'...
[1.159s] Listing '/home/mrmnavjet/IRC2026/ircWS/install/custom_msgs/local/lib/python3.10/dist-packages/custom_msgs/msg'...
[1.171s] -- Up-to-date: /home/mrmnavjet/IRC2026/ircWS/install/custom_msgs/local/lib/python3.10/dist-packages/custom_msgs/custom_msgs_s__rosidl_typesupport_fastrtps_c.cpython-310-aarch64-linux-gnu.so
[1.172s] -- Up-to-date: /home/mrmnavjet/IRC2026/ircWS/install/custom_msgs/local/lib/python3.10/dist-packages/custom_msgs/custom_msgs_s__rosidl_typesupport_introspection_c.cpython-310-aarch64-linux-gnu.so
[1.173s] -- Up-to-date: /home/mrmnavjet/IRC2026/ircWS/install/custom_msgs/local/lib/python3.10/dist-packages/custom_msgs/custom_msgs_s__rosidl_typesupport_c.cpython-310-aarch64-linux-gnu.so
[1.174s] -- Up-to-date: /home/mrmnavjet/IRC2026/ircWS/install/custom_msgs/lib/libcustom_msgs__rosidl_generator_py.so
[1.175s] -- Up-to-date: /home/mrmnavjet/IRC2026/ircWS/install/custom_msgs/share/custom_msgs/msg/MarkerTag.idl
[1.175s] -- Up-to-date: /home/mrmnavjet/IRC2026/ircWS/install/custom_msgs/share/custom_msgs/msg/ImuData.idl
[1.176s] -- Up-to-date: /home/mrmnavjet/IRC2026/ircWS/install/custom_msgs/share/custom_msgs/msg/MarkerTag.msg
[1.176s] -- Up-to-date: /home/mrmnavjet/IRC2026/ircWS/install/custom_msgs/share/custom_msgs/msg/ImuData.msg
[1.176s] -- Up-to-date: /home/mrmnavjet/IRC2026/ircWS/install/custom_msgs/share/ament_index/resource_index/package_run_dependencies/custom_msgs
[1.177s] -- Up-to-date: /home/mrmnavjet/IRC2026/ircWS/install/custom_msgs/share/ament_index/resource_index/parent_prefix_path/custom_msgs
[1.177s] -- Up-to-date: /home/mrmnavjet/IRC2026/ircWS/install/custom_msgs/share/custom_msgs/environment/ament_prefix_path.sh
[1.177s] -- Up-to-date: /home/mrmnavjet/IRC2026/ircWS/install/custom_msgs/share/custom_msgs/environment/ament_prefix_path.dsv
[1.178s] -- Up-to-date: /home/mrmnavjet/IRC2026/ircWS/install/custom_msgs/share/custom_msgs/environment/path.sh
[1.178s] -- Up-to-date: /home/mrmnavjet/IRC2026/ircWS/install/custom_msgs/share/custom_msgs/environment/path.dsv
[1.178s] -- Up-to-date: /home/mrmnavjet/IRC2026/ircWS/install/custom_msgs/share/custom_msgs/local_setup.bash
[1.178s] -- Up-to-date: /home/mrmnavjet/IRC2026/ircWS/install/custom_msgs/share/custom_msgs/local_setup.sh
[1.179s] -- Up-to-date: /home/mrmnavjet/IRC2026/ircWS/install/custom_msgs/share/custom_msgs/local_setup.zsh
[1.179s] -- Up-to-date: /home/mrmnavjet/IRC2026/ircWS/install/custom_msgs/share/custom_msgs/local_setup.dsv
[1.179s] -- Installing: /home/mrmnavjet/IRC2026/ircWS/install/custom_msgs/share/custom_msgs/package.dsv
[1.179s] -- Up-to-date: /home/mrmnavjet/IRC2026/ircWS/install/custom_msgs/share/ament_index/resource_index/packages/custom_msgs
[1.181s] -- Up-to-date: /home/mrmnavjet/IRC2026/ircWS/install/custom_msgs/share/custom_msgs/cmake/export_custom_msgs__rosidl_generator_cExport.cmake
[1.181s] -- Up-to-date: /home/mrmnavjet/IRC2026/ircWS/install/custom_msgs/share/custom_msgs/cmake/export_custom_msgs__rosidl_generator_cExport-noconfig.cmake
[1.182s] -- Up-to-date: /home/mrmnavjet/IRC2026/ircWS/install/custom_msgs/share/custom_msgs/cmake/export_custom_msgs__rosidl_typesupport_fastrtps_cExport.cmake
[1.182s] -- Up-to-date: /home/mrmnavjet/IRC2026/ircWS/install/custom_msgs/share/custom_msgs/cmake/export_custom_msgs__rosidl_typesupport_fastrtps_cExport-noconfig.cmake
[1.183s] -- Up-to-date: /home/mrmnavjet/IRC2026/ircWS/install/custom_msgs/share/custom_msgs/cmake/custom_msgs__rosidl_typesupport_introspection_cExport.cmake
[1.183s] -- Up-to-date: /home/mrmnavjet/IRC2026/ircWS/install/custom_msgs/share/custom_msgs/cmake/custom_msgs__rosidl_typesupport_introspection_cExport-noconfig.cmake
[1.184s] -- Up-to-date: /home/mrmnavjet/IRC2026/ircWS/install/custom_msgs/share/custom_msgs/cmake/custom_msgs__rosidl_typesupport_cExport.cmake
[1.184s] -- Up-to-date: /home/mrmnavjet/IRC2026/ircWS/install/custom_msgs/share/custom_msgs/cmake/custom_msgs__rosidl_typesupport_cExport-noconfig.cmake
[1.184s] -- Up-to-date: /home/mrmnavjet/IRC2026/ircWS/install/custom_msgs/share/custom_msgs/cmake/export_custom_msgs__rosidl_generator_cppExport.cmake
[1.185s] -- Up-to-date: /home/mrmnavjet/IRC2026/ircWS/install/custom_msgs/share/custom_msgs/cmake/export_custom_msgs__rosidl_typesupport_fastrtps_cppExport.cmake
[1.185s] -- Up-to-date: /home/mrmnavjet/IRC2026/ircWS/install/custom_msgs/share/custom_msgs/cmake/export_custom_msgs__rosidl_typesupport_fastrtps_cppExport-noconfig.cmake
[1.186s] -- Up-to-date: /home/mrmnavjet/IRC2026/ircWS/install/custom_msgs/share/custom_msgs/cmake/custom_msgs__rosidl_typesupport_introspection_cppExport.cmake
[1.186s] -- Up-to-date: /home/mrmnavjet/IRC2026/ircWS/install/custom_msgs/share/custom_msgs/cmake/custom_msgs__rosidl_typesupport_introspection_cppExport-noconfig.cmake
[1.187s] -- Up-to-date: /home/mrmnavjet/IRC2026/ircWS/install/custom_msgs/share/custom_msgs/cmake/custom_msgs__rosidl_typesupport_cppExport.cmake
[1.187s] -- Up-to-date: /home/mrmnavjet/IRC2026/ircWS/install/custom_msgs/share/custom_msgs/cmake/custom_msgs__rosidl_typesupport_cppExport-noconfig.cmake
[1.187s] -- Up-to-date: /home/mrmnavjet/IRC2026/ircWS/install/custom_msgs/share/custom_msgs/cmake/export_custom_msgs__rosidl_generator_pyExport.cmake
[1.188s] -- Up-to-date: /home/mrmnavjet/IRC2026/ircWS/install/custom_msgs/share/custom_msgs/cmake/export_custom_msgs__rosidl_generator_pyExport-noconfig.cmake
[1.188s] -- Up-to-date: /home/mrmnavjet/IRC2026/ircWS/install/custom_msgs/share/custom_msgs/cmake/rosidl_cmake-extras.cmake
[1.188s] -- Up-to-date: /home/mrmnavjet/IRC2026/ircWS/install/custom_msgs/share/custom_msgs/cmake/ament_cmake_export_dependencies-extras.cmake
[1.188s] -- Up-to-date: /home/mrmnavjet/IRC2026/ircWS/install/custom_msgs/share/custom_msgs/cmake/ament_cmake_export_include_directories-extras.cmake
[1.188s] -- Up-to-date: /home/mrmnavjet/IRC2026/ircWS/install/custom_msgs/share/custom_msgs/cmake/ament_cmake_export_libraries-extras.cmake
[1.188s] -- Up-to-date: /home/mrmnavjet/IRC2026/ircWS/install/custom_msgs/share/custom_msgs/cmake/ament_cmake_export_targets-extras.cmake
[1.189s] -- Up-to-date: /home/mrmnavjet/IRC2026/ircWS/install/custom_msgs/share/custom_msgs/cmake/rosidl_cmake_export_typesupport_targets-extras.cmake
[1.189s] -- Up-to-date: /home/mrmnavjet/IRC2026/ircWS/install/custom_msgs/share/custom_msgs/cmake/rosidl_cmake_export_typesupport_libraries-extras.cmake
[1.189s] -- Up-to-date: /home/mrmnavjet/IRC2026/ircWS/install/custom_msgs/share/custom_msgs/cmake/custom_msgsConfig.cmake
[1.189s] -- Up-to-date: /home/mrmnavjet/IRC2026/ircWS/install/custom_msgs/share/custom_msgs/cmake/custom_msgsConfig-version.cmake
[1.189s] -- Up-to-date: /home/mrmnavjet/IRC2026/ircWS/install/custom_msgs/share/custom_msgs/package.xml
[1.194s] Invoked command in '/home/mrmnavjet/IRC2026/ircWS/build/custom_msgs' returned '0': CMAKE_PREFIX_PATH=${CMAKE_PREFIX_PATH}:/home/mrmnavjet/IRC2026/ircWS/install/yolo:/home/mrmnavjet/IRC2026/ircWS/install/gps:/opt/ros/humble /usr/bin/cmake --install /home/mrmnavjet/IRC2026/ircWS/build/custom_msgs
