[0.041s] Invoking command in '/home/mrmnavjet/IRC2026/ircWS/build/planner': CMAKE_PREFIX_PATH=/home/mrmnavjet/IRC2026/ircWS/install/custom_msgs:/home/mrmnavjet/zed_ros_ws/install/zed_ros2:/home/mrmnavjet/zed_ros_ws/install/zed_wrapper:/home/mrmnavjet/zed_ros_ws/install/zed_components:/home/mrmnavjet/IRC2026/ircWS/install/planner:/home/mrmnavjet/test/ERC2025/install/planner:/home/mrmnavjet/test/ERC2025/install/robot_interface:/home/mrmnavjet/test/ERC2025/install/leo_rover:/home/mrmnavjet/IRC2026/ircWS/install/yolo:/home/mrmnavjet/IRC2026/ircWS/install/gps:/home/mrmnavjet/test/ERC2025/install/leo_nodes:/home/mrmnavjet/test/ERC2025/install/gps:/opt/ros/humble LD_LIBRARY_PATH=/home/mrmnavjet/IRC2026/ircWS/install/custom_msgs/lib:/home/mrmnavjet/zed_ros_ws/install/zed_components/lib:/home/mrmnavjet/test/ERC2025/install/robot_interface/lib:/opt/ros/humble/opt/rviz_ogre_vendor/lib:/opt/ros/humble/lib/aarch64-linux-gnu:/opt/ros/humble/lib:/usr/local/cuda-12.6/lib64 /usr/bin/cmake --build /home/mrmnavjet/IRC2026/ircWS/build/planner -- -j6 -l6
[0.137s] [35m[1mConsolidate compiler generated dependencies of target irc_planner_node[0m
[0.144s] [ 16%] Built target shared_state
[0.196s] [ 25%] [32mBuilding CXX object CMakeFiles/irc_planner_node.dir/src/irc_planner_node.cpp.o[0m
[0.201s] [ 41%] Built target stack_node
[0.209s] [ 58%] Built target relay_node
[0.216s] [ 75%] Built target imu_conversion_node
[0.218s] [ 91%] Built target motorcontroller
[12.327s] In file included from [01m[K/opt/ros/humble/include/rclcpp/rclcpp/logging.hpp:24[m[K,
[12.328s]                  from [01m[K/opt/ros/humble/include/rclcpp/rclcpp/client.hpp:40[m[K,
[12.328s]                  from [01m[K/opt/ros/humble/include/rclcpp/rclcpp/callback_group.hpp:24[m[K,
[12.328s]                  from [01m[K/opt/ros/humble/include/rclcpp/rclcpp/any_executable.hpp:20[m[K,
[12.328s]                  from [01m[K/opt/ros/humble/include/rclcpp/rclcpp/memory_strategy.hpp:25[m[K,
[12.328s]                  from [01m[K/opt/ros/humble/include/rclcpp/rclcpp/memory_strategies.hpp:18[m[K,
[12.328s]                  from [01m[K/opt/ros/humble/include/rclcpp/rclcpp/executor_options.hpp:20[m[K,
[12.328s]                  from [01m[K/opt/ros/humble/include/rclcpp/rclcpp/executor.hpp:37[m[K,
[12.328s]                  from [01m[K/opt/ros/humble/include/rclcpp/rclcpp/executors/multi_threaded_executor.hpp:25[m[K,
[12.329s]                  from [01m[K/opt/ros/humble/include/rclcpp/rclcpp/executors.hpp:21[m[K,
[12.329s]                  from [01m[K/opt/ros/humble/include/rclcpp/rclcpp/rclcpp.hpp:155[m[K,
[12.329s]                  from [01m[K/home/mrmnavjet/IRC2026/ircWS/src/planner/src/irc_planner_node.cpp:2[m[K:
[12.329s] [01m[K/home/mrmnavjet/IRC2026/ircWS/src/planner/include/stack/irc_planner.hpp:[m[K In member function ‘[01m[Kvoid planner::SensorCallback::coneCallback(custom_msgs::msg::MarkerTag_<std::allocator<void> >::SharedPtr)[m[K’:
[12.329s] [01m[K/home/mrmnavjet/IRC2026/ircWS/src/planner/include/stack/irc_planner.hpp:532:40:[m[K [01;35m[Kwarning: [m[Kformat ‘[01m[K%d[m[K’ expects argument of type ‘[01m[Kint[m[K’, but argument 5 has type ‘[01m[Kcustom_msgs::msg::MarkerTag_<std::allocator<void> >::_id_type[m[K’ {aka ‘[01m[Klong int[m[K’} [[01;35m[K]8;;https://gcc.gnu.org/onlinedocs/gcc/Warning-Options.html#index-Wformat=-Wformat=]8;;[m[K]
[12.329s]   532 |         RCLCPP_INFO(this->get_logger(),[01;35m[K"[MARKER] detected id=%d x=%.2f y=%.2f (target=%d)"[m[K,[32m[Kcone->id[m[K, cone->x, cone->y, target_cone_id_);
[12.329s]       |                                        [01;35m[K^~~~~~~~~~~~~~~~~~~~~~~~~~~~~~~~~~~~~~~~~~~~~~~~~~~[m[K [32m[K~~~~~~~~[m[K
[12.329s]       |                                                                                                  [32m[K|[m[K
[12.329s]       |                                                                                                  [32m[Kcustom_msgs::msg::MarkerTag_<std::allocator<void> >::_id_type {aka long int}[m[K
[12.330s] In file included from [01m[K/home/mrmnavjet/IRC2026/ircWS/src/planner/src/irc_planner_node.cpp:3[m[K:
[12.330s] [01m[K/home/mrmnavjet/IRC2026/ircWS/src/planner/include/stack/irc_planner.hpp:532:63:[m[K [01;36m[Knote: [m[Kformat string is defined here
[12.330s]   532 |         RCLCPP_INFO(this->get_logger(),"[MARKER] detected id=[01;36m[K%d[m[K x=%.2f y=%.2f (target=%d)",cone->id, cone->x, cone->y, target_cone_id_);
[12.330s]       |                                                              [01;36m[K~^[m[K
[12.330s]       |                                                               [01;36m[K|[m[K
[12.330s]       |                                                               [01;36m[Kint[m[K
[12.330s]       |                                                              [32m[K%ld[m[K
[12.344s] In file included from [01m[K/home/mrmnavjet/IRC2026/ircWS/src/planner/src/irc_planner_node.cpp:3[m[K:
[12.344s] [01m[K/home/mrmnavjet/IRC2026/ircWS/src/planner/include/stack/irc_planner.hpp:[m[K In member function ‘[01m[Kvoid planner::SensorCallback::callSearchPattern(planner::SearchPatternType)[m[K’:
[12.344s] [01m[K/home/mrmnavjet/IRC2026/ircWS/src/planner/include/stack/irc_planner.hpp:669:62:[m[K [01;35m[Kwarning: [m[Kunused parameter ‘[01m[Ksearch_pattern_type[m[K’ [[01;35m[K]8;;https://gcc.gnu.org/onlinedocs/gcc/Warning-Options.html#index-Wunused-parameter-Wunused-parameter]8;;[m[K]
[12.344s]   669 |     void SensorCallback::callSearchPattern([01;35m[KSearchPatternType search_pattern_type[m[K)
[12.344s]       |                                            [01;35m[K~~~~~~~~~~~~~~~~~~^~~~~~~~~~~~~~~~~~~[m[K
[57.932s] [100%] [32m[1mLinking CXX executable irc_planner_node[0m
[63.025s] [100%] Built target irc_planner_node
[63.066s] Invoked command in '/home/mrmnavjet/IRC2026/ircWS/build/planner' returned '0': CMAKE_PREFIX_PATH=/home/mrmnavjet/IRC2026/ircWS/install/custom_msgs:/home/mrmnavjet/zed_ros_ws/install/zed_ros2:/home/mrmnavjet/zed_ros_ws/install/zed_wrapper:/home/mrmnavjet/zed_ros_ws/install/zed_components:/home/mrmnavjet/IRC2026/ircWS/install/planner:/home/mrmnavjet/test/ERC2025/install/planner:/home/mrmnavjet/test/ERC2025/install/robot_interface:/home/mrmnavjet/test/ERC2025/install/leo_rover:/home/mrmnavjet/IRC2026/ircWS/install/yolo:/home/mrmnavjet/IRC2026/ircWS/install/gps:/home/mrmnavjet/test/ERC2025/install/leo_nodes:/home/mrmnavjet/test/ERC2025/install/gps:/opt/ros/humble LD_LIBRARY_PATH=/home/mrmnavjet/IRC2026/ircWS/install/custom_msgs/lib:/home/mrmnavjet/zed_ros_ws/install/zed_components/lib:/home/mrmnavjet/test/ERC2025/install/robot_interface/lib:/opt/ros/humble/opt/rviz_ogre_vendor/lib:/opt/ros/humble/lib/aarch64-linux-gnu:/opt/ros/humble/lib:/usr/local/cuda-12.6/lib64 /usr/bin/cmake --build /home/mrmnavjet/IRC2026/ircWS/build/planner -- -j6 -l6
[63.072s] Invoking command in '/home/mrmnavjet/IRC2026/ircWS/build/planner': CMAKE_PREFIX_PATH=/home/mrmnavjet/IRC2026/ircWS/install/custom_msgs:/home/mrmnavjet/zed_ros_ws/install/zed_ros2:/home/mrmnavjet/zed_ros_ws/install/zed_wrapper:/home/mrmnavjet/zed_ros_ws/install/zed_components:/home/mrmnavjet/IRC2026/ircWS/install/planner:/home/mrmnavjet/test/ERC2025/install/planner:/home/mrmnavjet/test/ERC2025/install/robot_interface:/home/mrmnavjet/test/ERC2025/install/leo_rover:/home/mrmnavjet/IRC2026/ircWS/install/yolo:/home/mrmnavjet/IRC2026/ircWS/install/gps:/home/mrmnavjet/test/ERC2025/install/leo_nodes:/home/mrmnavjet/test/ERC2025/install/gps:/opt/ros/humble LD_LIBRARY_PATH=/home/mrmnavjet/IRC2026/ircWS/install/custom_msgs/lib:/home/mrmnavjet/zed_ros_ws/install/zed_components/lib:/home/mrmnavjet/test/ERC2025/install/robot_interface/lib:/opt/ros/humble/opt/rviz_ogre_vendor/lib:/opt/ros/humble/lib/aarch64-linux-gnu:/opt/ros/humble/lib:/usr/local/cuda-12.6/lib64 /usr/bin/cmake --install /home/mrmnavjet/IRC2026/ircWS/build/planner
[63.094s] -- Install configuration: ""
[63.094s] -- Up-to-date: /home/mrmnavjet/IRC2026/ircWS/install/planner/lib/planner/libshared_state.a
[63.095s] -- Up-to-date: /home/mrmnavjet/IRC2026/ircWS/install/planner/lib/planner/stack_node
[63.096s] -- Up-to-date: /home/mrmnavjet/IRC2026/ircWS/install/planner/lib/planner/relay_node
[63.098s] -- Up-to-date: /home/mrmnavjet/IRC2026/ircWS/install/planner/lib/planner/imu_conversion_node
[63.099s] -- Up-to-date: /home/mrmnavjet/IRC2026/ircWS/install/planner/lib/planner/motorcontroller
[63.101s] -- Installing: /home/mrmnavjet/IRC2026/ircWS/install/planner/lib/planner/irc_planner_node
[63.130s] -- Set runtime path of "/home/mrmnavjet/IRC2026/ircWS/install/planner/lib/planner/irc_planner_node" to ""
[63.131s] -- Up-to-date: /home/mrmnavjet/IRC2026/ircWS/install/planner/include/planner
[63.131s] -- Up-to-date: /home/mrmnavjet/IRC2026/ircWS/install/planner/include/planner/stack
[63.131s] -- Up-to-date: /home/mrmnavjet/IRC2026/ircWS/install/planner/include/planner/stack/shared_state.hpp
[63.132s] -- Up-to-date: /home/mrmnavjet/IRC2026/ircWS/install/planner/include/planner/stack/stack.hpp
[63.132s] -- Installing: /home/mrmnavjet/IRC2026/ircWS/install/planner/include/planner/stack/irc_planner.hpp
[63.132s] -- Up-to-date: /home/mrmnavjet/IRC2026/ircWS/install/planner/share/planner/launch
[63.132s] -- Up-to-date: /home/mrmnavjet/IRC2026/ircWS/install/planner/share/planner/launch/testing.launch.py
[63.133s] -- Up-to-date: /home/mrmnavjet/IRC2026/ircWS/install/planner/lib/planner/mode_switch.py
[63.133s] -- Up-to-date: /home/mrmnavjet/IRC2026/ircWS/install/planner/share/ament_index/resource_index/package_run_dependencies/planner
[63.133s] -- Up-to-date: /home/mrmnavjet/IRC2026/ircWS/install/planner/share/ament_index/resource_index/parent_prefix_path/planner
[63.133s] -- Up-to-date: /home/mrmnavjet/IRC2026/ircWS/install/planner/share/planner/environment/ament_prefix_path.sh
[63.133s] -- Installing: /home/mrmnavjet/IRC2026/ircWS/install/planner/share/planner/environment/ament_prefix_path.dsv
[63.134s] -- Up-to-date: /home/mrmnavjet/IRC2026/ircWS/install/planner/share/planner/environment/path.sh
[63.134s] -- Installing: /home/mrmnavjet/IRC2026/ircWS/install/planner/share/planner/environment/path.dsv
[63.135s] -- Up-to-date: /home/mrmnavjet/IRC2026/ircWS/install/planner/share/planner/local_setup.bash
[63.135s] -- Up-to-date: /home/mrmnavjet/IRC2026/ircWS/install/planner/share/planner/local_setup.sh
[63.136s] -- Up-to-date: /home/mrmnavjet/IRC2026/ircWS/install/planner/share/planner/local_setup.zsh
[63.136s] -- Installing: /home/mrmnavjet/IRC2026/ircWS/install/planner/share/planner/local_setup.dsv
[63.136s] -- Installing: /home/mrmnavjet/IRC2026/ircWS/install/planner/share/planner/package.dsv
[63.138s] -- Up-to-date: /home/mrmnavjet/IRC2026/ircWS/install/planner/share/ament_index/resource_index/packages/planner
[63.138s] -- Up-to-date: /home/mrmnavjet/IRC2026/ircWS/install/planner/share/planner/cmake/plannerConfig.cmake
[63.138s] -- Up-to-date: /home/mrmnavjet/IRC2026/ircWS/install/planner/share/planner/cmake/plannerConfig-version.cmake
[63.138s] -- Up-to-date: /home/mrmnavjet/IRC2026/ircWS/install/planner/share/planner/package.xml
[63.144s] Invoked command in '/home/mrmnavjet/IRC2026/ircWS/build/planner' returned '0': CMAKE_PREFIX_PATH=/home/mrmnavjet/IRC2026/ircWS/install/custom_msgs:/home/mrmnavjet/zed_ros_ws/install/zed_ros2:/home/mrmnavjet/zed_ros_ws/install/zed_wrapper:/home/mrmnavjet/zed_ros_ws/install/zed_components:/home/mrmnavjet/IRC2026/ircWS/install/planner:/home/mrmnavjet/test/ERC2025/install/planner:/home/mrmnavjet/test/ERC2025/install/robot_interface:/home/mrmnavjet/test/ERC2025/install/leo_rover:/home/mrmnavjet/IRC2026/ircWS/install/yolo:/home/mrmnavjet/IRC2026/ircWS/install/gps:/home/mrmnavjet/test/ERC2025/install/leo_nodes:/home/mrmnavjet/test/ERC2025/install/gps:/opt/ros/humble LD_LIBRARY_PATH=/home/mrmnavjet/IRC2026/ircWS/install/custom_msgs/lib:/home/mrmnavjet/zed_ros_ws/install/zed_components/lib:/home/mrmnavjet/test/ERC2025/install/robot_interface/lib:/opt/ros/humble/opt/rviz_ogre_vendor/lib:/opt/ros/humble/lib/aarch64-linux-gnu:/opt/ros/humble/lib:/usr/local/cuda-12.6/lib64 /usr/bin/cmake --install /home/mrmnavjet/IRC2026/ircWS/build/planner
