[0.407s] Invoking command in '/home/mrmnavjet/IRC2026/ircWS/build/custom_msgs': CMAKE_PREFIX_PATH=${CMAKE_PREFIX_PATH}:/home/mrmnavjet/IRC2026/ircWS/install/yolo:/home/mrmnavjet/IRC2026/ircWS/install/gps:/home/mrmnavjet/test/ERC2025/install/leo_nodes:/home/mrmnavjet/test/ERC2025/install/gps:/opt/ros/humble /usr/bin/cmake --build /home/mrmnavjet/IRC2026/ircWS/build/custom_msgs -- -j6 -l6
[0.657s] [  2%] Built target custom_msgs__cpp
[0.674s] [ 12%] Built target custom_msgs__rosidl_generator_c
[0.690s] [ 12%] Built target ament_cmake_python_copy_custom_msgs
[0.719s] [ 33%] Built target custom_msgs__rosidl_typesupport_cpp
[0.719s] [ 33%] Built target custom_msgs__rosidl_typesupport_fastrtps_cpp
[0.724s] [ 43%] Built target custom_msgs__rosidl_typesupport_introspection_cpp
[0.736s] [ 64%] Built target custom_msgs__rosidl_typesupport_introspection_c
[0.737s] [ 64%] Built target custom_msgs__rosidl_typesupport_fastrtps_c
[0.744s] [ 74%] Built target custom_msgs__rosidl_typesupport_c
[0.788s] [ 74%] Built target custom_msgs
[0.836s] [ 76%] Built target custom_msgs__py
[0.898s] [ 84%] Built target custom_msgs__rosidl_generator_py
[0.948s] [ 94%] Built target custom_msgs__rosidl_typesupport_introspection_c__pyext
[0.949s] [ 94%] Built target custom_msgs__rosidl_typesupport_fastrtps_c__pyext
[0.950s] [100%] Built target custom_msgs__rosidl_typesupport_c__pyext
[1.296s] running egg_info
[1.352s] writing custom_msgs.egg-info/PKG-INFO
[1.352s] writing dependency_links to custom_msgs.egg-info/dependency_links.txt
[1.353s] writing top-level names to custom_msgs.egg-info/top_level.txt
[1.497s] reading manifest file 'custom_msgs.egg-info/SOURCES.txt'
[1.499s] writing manifest file 'custom_msgs.egg-info/SOURCES.txt'
[1.575s] [100%] Built target ament_cmake_python_build_custom_msgs_egg
[1.600s] Invoked command in '/home/mrmnavjet/IRC2026/ircWS/build/custom_msgs' returned '0': CMAKE_PREFIX_PATH=${CMAKE_PREFIX_PATH}:/home/mrmnavjet/IRC2026/ircWS/install/yolo:/home/mrmnavjet/IRC2026/ircWS/install/gps:/home/mrmnavjet/test/ERC2025/install/leo_nodes:/home/mrmnavjet/test/ERC2025/install/gps:/opt/ros/humble /usr/bin/cmake --build /home/mrmnavjet/IRC2026/ircWS/build/custom_msgs -- -j6 -l6
[1.625s] Invoking command in '/home/mrmnavjet/IRC2026/ircWS/build/custom_msgs': CMAKE_PREFIX_PATH=${CMAKE_PREFIX_PATH}:/home/mrmnavjet/IRC2026/ircWS/install/yolo:/home/mrmnavjet/IRC2026/ircWS/install/gps:/home/mrmnavjet/test/ERC2025/install/leo_nodes:/home/mrmnavjet/test/ERC2025/install/gps:/opt/ros/humble /usr/bin/cmake --install /home/mrmnavjet/IRC2026/ircWS/build/custom_msgs
[1.646s] -- Install configuration: ""
[1.646s] -- Up-to-date: /home/mrmnavjet/IRC2026/ircWS/install/custom_msgs/share/ament_index/resource_index/rosidl_interfaces/custom_msgs
[1.647s] -- Up-to-date: /home/mrmnavjet/IRC2026/ircWS/install/custom_msgs/include/custom_msgs/custom_msgs
[1.647s] -- Up-to-date: /home/mrmnavjet/IRC2026/ircWS/install/custom_msgs/include/custom_msgs/custom_msgs/msg
[1.648s] -- Up-to-date: /home/mrmnavjet/IRC2026/ircWS/install/custom_msgs/include/custom_msgs/custom_msgs/msg/rosidl_generator_c__visibility_control.h
[1.648s] -- Up-to-date: /home/mrmnavjet/IRC2026/ircWS/install/custom_msgs/include/custom_msgs/custom_msgs/msg/marker_tag.h
[1.648s] -- Up-to-date: /home/mrmnavjet/IRC2026/ircWS/install/custom_msgs/include/custom_msgs/custom_msgs/msg/detail
[1.648s] -- Up-to-date: /home/mrmnavjet/IRC2026/ircWS/install/custom_msgs/include/custom_msgs/custom_msgs/msg/detail/marker_tag__functions.h
[1.649s] -- Up-to-date: /home/mrmnavjet/IRC2026/ircWS/install/custom_msgs/include/custom_msgs/custom_msgs/msg/detail/marker_tag__type_support.h
[1.649s] -- Up-to-date: /home/mrmnavjet/IRC2026/ircWS/install/custom_msgs/include/custom_msgs/custom_msgs/msg/detail/imu_data__functions.h
[1.649s] -- Up-to-date: /home/mrmnavjet/IRC2026/ircWS/install/custom_msgs/include/custom_msgs/custom_msgs/msg/detail/marker_tag__functions.c
[1.649s] -- Up-to-date: /home/mrmnavjet/IRC2026/ircWS/install/custom_msgs/include/custom_msgs/custom_msgs/msg/detail/marker_tag__struct.h
[1.649s] -- Up-to-date: /home/mrmnavjet/IRC2026/ircWS/install/custom_msgs/include/custom_msgs/custom_msgs/msg/detail/imu_data__functions.c
[1.650s] -- Up-to-date: /home/mrmnavjet/IRC2026/ircWS/install/custom_msgs/include/custom_msgs/custom_msgs/msg/detail/imu_data__type_support.h
[1.650s] -- Up-to-date: /home/mrmnavjet/IRC2026/ircWS/install/custom_msgs/include/custom_msgs/custom_msgs/msg/detail/imu_data__struct.h
[1.650s] -- Up-to-date: /home/mrmnavjet/IRC2026/ircWS/install/custom_msgs/include/custom_msgs/custom_msgs/msg/imu_data.h
[1.650s] -- Up-to-date: /home/mrmnavjet/IRC2026/ircWS/install/custom_msgs/share/custom_msgs/environment/library_path.sh
[1.650s] -- Up-to-date: /home/mrmnavjet/IRC2026/ircWS/install/custom_msgs/share/custom_msgs/environment/library_path.dsv
[1.650s] -- Up-to-date: /home/mrmnavjet/IRC2026/ircWS/install/custom_msgs/lib/libcustom_msgs__rosidl_generator_c.so
[1.651s] -- Up-to-date: /home/mrmnavjet/IRC2026/ircWS/install/custom_msgs/include/custom_msgs/custom_msgs
[1.651s] -- Up-to-date: /home/mrmnavjet/IRC2026/ircWS/install/custom_msgs/include/custom_msgs/custom_msgs/msg
[1.651s] -- Up-to-date: /home/mrmnavjet/IRC2026/ircWS/install/custom_msgs/include/custom_msgs/custom_msgs/msg/detail
[1.651s] -- Up-to-date: /home/mrmnavjet/IRC2026/ircWS/install/custom_msgs/include/custom_msgs/custom_msgs/msg/detail/imu_data__rosidl_typesupport_fastrtps_c.h
[1.651s] -- Up-to-date: /home/mrmnavjet/IRC2026/ircWS/install/custom_msgs/include/custom_msgs/custom_msgs/msg/detail/marker_tag__rosidl_typesupport_fastrtps_c.h
[1.651s] -- Up-to-date: /home/mrmnavjet/IRC2026/ircWS/install/custom_msgs/include/custom_msgs/custom_msgs/msg/rosidl_typesupport_fastrtps_c__visibility_control.h
[1.652s] -- Up-to-date: /home/mrmnavjet/IRC2026/ircWS/install/custom_msgs/lib/libcustom_msgs__rosidl_typesupport_fastrtps_c.so
[1.652s] -- Up-to-date: /home/mrmnavjet/IRC2026/ircWS/install/custom_msgs/include/custom_msgs/custom_msgs
[1.652s] -- Up-to-date: /home/mrmnavjet/IRC2026/ircWS/install/custom_msgs/include/custom_msgs/custom_msgs/msg
[1.652s] -- Up-to-date: /home/mrmnavjet/IRC2026/ircWS/install/custom_msgs/include/custom_msgs/custom_msgs/msg/detail
[1.653s] -- Up-to-date: /home/mrmnavjet/IRC2026/ircWS/install/custom_msgs/include/custom_msgs/custom_msgs/msg/detail/imu_data__rosidl_typesupport_introspection_c.h
[1.653s] -- Up-to-date: /home/mrmnavjet/IRC2026/ircWS/install/custom_msgs/include/custom_msgs/custom_msgs/msg/detail/imu_data__type_support.c
[1.653s] -- Up-to-date: /home/mrmnavjet/IRC2026/ircWS/install/custom_msgs/include/custom_msgs/custom_msgs/msg/detail/marker_tag__rosidl_typesupport_introspection_c.h
[1.653s] -- Up-to-date: /home/mrmnavjet/IRC2026/ircWS/install/custom_msgs/include/custom_msgs/custom_msgs/msg/detail/marker_tag__type_support.c
[1.653s] -- Up-to-date: /home/mrmnavjet/IRC2026/ircWS/install/custom_msgs/include/custom_msgs/custom_msgs/msg/rosidl_typesupport_introspection_c__visibility_control.h
[1.653s] -- Up-to-date: /home/mrmnavjet/IRC2026/ircWS/install/custom_msgs/lib/libcustom_msgs__rosidl_typesupport_introspection_c.so
[1.654s] -- Up-to-date: /home/mrmnavjet/IRC2026/ircWS/install/custom_msgs/lib/libcustom_msgs__rosidl_typesupport_c.so
[1.654s] -- Up-to-date: /home/mrmnavjet/IRC2026/ircWS/install/custom_msgs/include/custom_msgs/custom_msgs
[1.654s] -- Up-to-date: /home/mrmnavjet/IRC2026/ircWS/install/custom_msgs/include/custom_msgs/custom_msgs/msg
[1.655s] -- Up-to-date: /home/mrmnavjet/IRC2026/ircWS/install/custom_msgs/include/custom_msgs/custom_msgs/msg/imu_data.hpp
[1.655s] -- Up-to-date: /home/mrmnavjet/IRC2026/ircWS/install/custom_msgs/include/custom_msgs/custom_msgs/msg/marker_tag.hpp
[1.655s] -- Up-to-date: /home/mrmnavjet/IRC2026/ircWS/install/custom_msgs/include/custom_msgs/custom_msgs/msg/detail
[1.655s] -- Up-to-date: /home/mrmnavjet/IRC2026/ircWS/install/custom_msgs/include/custom_msgs/custom_msgs/msg/detail/imu_data__builder.hpp
[1.656s] -- Up-to-date: /home/mrmnavjet/IRC2026/ircWS/install/custom_msgs/include/custom_msgs/custom_msgs/msg/detail/marker_tag__builder.hpp
[1.656s] -- Up-to-date: /home/mrmnavjet/IRC2026/ircWS/install/custom_msgs/include/custom_msgs/custom_msgs/msg/detail/marker_tag__struct.hpp
[1.656s] -- Up-to-date: /home/mrmnavjet/IRC2026/ircWS/install/custom_msgs/include/custom_msgs/custom_msgs/msg/detail/imu_data__struct.hpp
[1.656s] -- Up-to-date: /home/mrmnavjet/IRC2026/ircWS/install/custom_msgs/include/custom_msgs/custom_msgs/msg/detail/imu_data__type_support.hpp
[1.656s] -- Up-to-date: /home/mrmnavjet/IRC2026/ircWS/install/custom_msgs/include/custom_msgs/custom_msgs/msg/detail/marker_tag__traits.hpp
[1.656s] -- Up-to-date: /home/mrmnavjet/IRC2026/ircWS/install/custom_msgs/include/custom_msgs/custom_msgs/msg/detail/marker_tag__type_support.hpp
[1.656s] -- Up-to-date: /home/mrmnavjet/IRC2026/ircWS/install/custom_msgs/include/custom_msgs/custom_msgs/msg/detail/imu_data__traits.hpp
[1.657s] -- Up-to-date: /home/mrmnavjet/IRC2026/ircWS/install/custom_msgs/include/custom_msgs/custom_msgs/msg/rosidl_generator_cpp__visibility_control.hpp
[1.657s] -- Up-to-date: /home/mrmnavjet/IRC2026/ircWS/install/custom_msgs/include/custom_msgs/custom_msgs
[1.657s] -- Up-to-date: /home/mrmnavjet/IRC2026/ircWS/install/custom_msgs/include/custom_msgs/custom_msgs/msg
[1.657s] -- Up-to-date: /home/mrmnavjet/IRC2026/ircWS/install/custom_msgs/include/custom_msgs/custom_msgs/msg/detail
[1.657s] -- Up-to-date: /home/mrmnavjet/IRC2026/ircWS/install/custom_msgs/include/custom_msgs/custom_msgs/msg/detail/marker_tag__rosidl_typesupport_fastrtps_cpp.hpp
[1.657s] -- Up-to-date: /home/mrmnavjet/IRC2026/ircWS/install/custom_msgs/include/custom_msgs/custom_msgs/msg/detail/imu_data__rosidl_typesupport_fastrtps_cpp.hpp
[1.657s] -- Up-to-date: /home/mrmnavjet/IRC2026/ircWS/install/custom_msgs/include/custom_msgs/custom_msgs/msg/detail/dds_fastrtps
[1.658s] -- Up-to-date: /home/mrmnavjet/IRC2026/ircWS/install/custom_msgs/include/custom_msgs/custom_msgs/msg/rosidl_typesupport_fastrtps_cpp__visibility_control.h
[1.658s] -- Up-to-date: /home/mrmnavjet/IRC2026/ircWS/install/custom_msgs/lib/libcustom_msgs__rosidl_typesupport_fastrtps_cpp.so
[1.658s] -- Up-to-date: /home/mrmnavjet/IRC2026/ircWS/install/custom_msgs/include/custom_msgs/custom_msgs
[1.658s] -- Up-to-date: /home/mrmnavjet/IRC2026/ircWS/install/custom_msgs/include/custom_msgs/custom_msgs/msg
[1.658s] -- Up-to-date: /home/mrmnavjet/IRC2026/ircWS/install/custom_msgs/include/custom_msgs/custom_msgs/msg/detail
[1.658s] -- Up-to-date: /home/mrmnavjet/IRC2026/ircWS/install/custom_msgs/include/custom_msgs/custom_msgs/msg/detail/marker_tag__rosidl_typesupport_introspection_cpp.hpp
[1.658s] -- Up-to-date: /home/mrmnavjet/IRC2026/ircWS/install/custom_msgs/include/custom_msgs/custom_msgs/msg/detail/imu_data__type_support.cpp
[1.658s] -- Up-to-date: /home/mrmnavjet/IRC2026/ircWS/install/custom_msgs/include/custom_msgs/custom_msgs/msg/detail/imu_data__rosidl_typesupport_introspection_cpp.hpp
[1.659s] -- Up-to-date: /home/mrmnavjet/IRC2026/ircWS/install/custom_msgs/include/custom_msgs/custom_msgs/msg/detail/marker_tag__type_support.cpp
[1.659s] -- Up-to-date: /home/mrmnavjet/IRC2026/ircWS/install/custom_msgs/lib/libcustom_msgs__rosidl_typesupport_introspection_cpp.so
[1.659s] -- Up-to-date: /home/mrmnavjet/IRC2026/ircWS/install/custom_msgs/lib/libcustom_msgs__rosidl_typesupport_cpp.so
[1.659s] -- Up-to-date: /home/mrmnavjet/IRC2026/ircWS/install/custom_msgs/share/custom_msgs/environment/pythonpath.sh
[1.660s] -- Up-to-date: /home/mrmnavjet/IRC2026/ircWS/install/custom_msgs/share/custom_msgs/environment/pythonpath.dsv
[1.660s] -- Up-to-date: /home/mrmnavjet/IRC2026/ircWS/install/custom_msgs/local/lib/python3.10/dist-packages/custom_msgs-0.0.1-py3.10.egg-info
[1.660s] -- Installing: /home/mrmnavjet/IRC2026/ircWS/install/custom_msgs/local/lib/python3.10/dist-packages/custom_msgs-0.0.1-py3.10.egg-info/dependency_links.txt
[1.660s] -- Installing: /home/mrmnavjet/IRC2026/ircWS/install/custom_msgs/local/lib/python3.10/dist-packages/custom_msgs-0.0.1-py3.10.egg-info/SOURCES.txt
[1.660s] -- Installing: /home/mrmnavjet/IRC2026/ircWS/install/custom_msgs/local/lib/python3.10/dist-packages/custom_msgs-0.0.1-py3.10.egg-info/PKG-INFO
[1.661s] -- Installing: /home/mrmnavjet/IRC2026/ircWS/install/custom_msgs/local/lib/python3.10/dist-packages/custom_msgs-0.0.1-py3.10.egg-info/top_level.txt
[1.661s] -- Up-to-date: /home/mrmnavjet/IRC2026/ircWS/install/custom_msgs/local/lib/python3.10/dist-packages/custom_msgs
[1.662s] -- Up-to-date: /home/mrmnavjet/IRC2026/ircWS/install/custom_msgs/local/lib/python3.10/dist-packages/custom_msgs/_custom_msgs_s.ep.rosidl_typesupport_c.c
[1.662s] -- Up-to-date: /home/mrmnavjet/IRC2026/ircWS/install/custom_msgs/local/lib/python3.10/dist-packages/custom_msgs/__init__.py
[1.662s] -- Up-to-date: /home/mrmnavjet/IRC2026/ircWS/install/custom_msgs/local/lib/python3.10/dist-packages/custom_msgs/custom_msgs_s__rosidl_typesupport_c.cpython-310-aarch64-linux-gnu.so
[1.662s] -- Up-to-date: /home/mrmnavjet/IRC2026/ircWS/install/custom_msgs/local/lib/python3.10/dist-packages/custom_msgs/_custom_msgs_s.ep.rosidl_typesupport_fastrtps_c.c
[1.662s] -- Up-to-date: /home/mrmnavjet/IRC2026/ircWS/install/custom_msgs/local/lib/python3.10/dist-packages/custom_msgs/_custom_msgs_s.ep.rosidl_typesupport_introspection_c.c
[1.663s] -- Up-to-date: /home/mrmnavjet/IRC2026/ircWS/install/custom_msgs/local/lib/python3.10/dist-packages/custom_msgs/custom_msgs_s__rosidl_typesupport_introspection_c.cpython-310-aarch64-linux-gnu.so
[1.663s] -- Up-to-date: /home/mrmnavjet/IRC2026/ircWS/install/custom_msgs/local/lib/python3.10/dist-packages/custom_msgs/custom_msgs_s__rosidl_typesupport_fastrtps_c.cpython-310-aarch64-linux-gnu.so
[1.663s] -- Up-to-date: /home/mrmnavjet/IRC2026/ircWS/install/custom_msgs/local/lib/python3.10/dist-packages/custom_msgs/msg
[1.663s] -- Up-to-date: /home/mrmnavjet/IRC2026/ircWS/install/custom_msgs/local/lib/python3.10/dist-packages/custom_msgs/msg/_imu_data.py
[1.663s] -- Up-to-date: /home/mrmnavjet/IRC2026/ircWS/install/custom_msgs/local/lib/python3.10/dist-packages/custom_msgs/msg/__init__.py
[1.663s] -- Up-to-date: /home/mrmnavjet/IRC2026/ircWS/install/custom_msgs/local/lib/python3.10/dist-packages/custom_msgs/msg/_imu_data_s.c
[1.663s] -- Up-to-date: /home/mrmnavjet/IRC2026/ircWS/install/custom_msgs/local/lib/python3.10/dist-packages/custom_msgs/msg/_marker_tag.py
[1.664s] -- Up-to-date: /home/mrmnavjet/IRC2026/ircWS/install/custom_msgs/local/lib/python3.10/dist-packages/custom_msgs/msg/_marker_tag_s.c
[1.664s] -- Up-to-date: /home/mrmnavjet/IRC2026/ircWS/install/custom_msgs/local/lib/python3.10/dist-packages/custom_msgs/libcustom_msgs__rosidl_generator_py.so
[1.739s] Listing '/home/mrmnavjet/IRC2026/ircWS/install/custom_msgs/local/lib/python3.10/dist-packages/custom_msgs'...
[1.739s] Listing '/home/mrmnavjet/IRC2026/ircWS/install/custom_msgs/local/lib/python3.10/dist-packages/custom_msgs/msg'...
[1.751s] -- Up-to-date: /home/mrmnavjet/IRC2026/ircWS/install/custom_msgs/local/lib/python3.10/dist-packages/custom_msgs/custom_msgs_s__rosidl_typesupport_fastrtps_c.cpython-310-aarch64-linux-gnu.so
[1.752s] -- Up-to-date: /home/mrmnavjet/IRC2026/ircWS/install/custom_msgs/local/lib/python3.10/dist-packages/custom_msgs/custom_msgs_s__rosidl_typesupport_introspection_c.cpython-310-aarch64-linux-gnu.so
[1.753s] -- Up-to-date: /home/mrmnavjet/IRC2026/ircWS/install/custom_msgs/local/lib/python3.10/dist-packages/custom_msgs/custom_msgs_s__rosidl_typesupport_c.cpython-310-aarch64-linux-gnu.so
[1.755s] -- Up-to-date: /home/mrmnavjet/IRC2026/ircWS/install/custom_msgs/lib/libcustom_msgs__rosidl_generator_py.so
[1.756s] -- Up-to-date: /home/mrmnavjet/IRC2026/ircWS/install/custom_msgs/share/custom_msgs/msg/MarkerTag.idl
[1.756s] -- Up-to-date: /home/mrmnavjet/IRC2026/ircWS/install/custom_msgs/share/custom_msgs/msg/ImuData.idl
[1.756s] -- Up-to-date: /home/mrmnavjet/IRC2026/ircWS/install/custom_msgs/share/custom_msgs/msg/MarkerTag.msg
[1.756s] -- Up-to-date: /home/mrmnavjet/IRC2026/ircWS/install/custom_msgs/share/custom_msgs/msg/ImuData.msg
[1.757s] -- Up-to-date: /home/mrmnavjet/IRC2026/ircWS/install/custom_msgs/share/ament_index/resource_index/package_run_dependencies/custom_msgs
[1.757s] -- Up-to-date: /home/mrmnavjet/IRC2026/ircWS/install/custom_msgs/share/ament_index/resource_index/parent_prefix_path/custom_msgs
[1.757s] -- Up-to-date: /home/mrmnavjet/IRC2026/ircWS/install/custom_msgs/share/custom_msgs/environment/ament_prefix_path.sh
[1.757s] -- Up-to-date: /home/mrmnavjet/IRC2026/ircWS/install/custom_msgs/share/custom_msgs/environment/ament_prefix_path.dsv
[1.758s] -- Up-to-date: /home/mrmnavjet/IRC2026/ircWS/install/custom_msgs/share/custom_msgs/environment/path.sh
[1.758s] -- Up-to-date: /home/mrmnavjet/IRC2026/ircWS/install/custom_msgs/share/custom_msgs/environment/path.dsv
[1.758s] -- Up-to-date: /home/mrmnavjet/IRC2026/ircWS/install/custom_msgs/share/custom_msgs/local_setup.bash
[1.758s] -- Up-to-date: /home/mrmnavjet/IRC2026/ircWS/install/custom_msgs/share/custom_msgs/local_setup.sh
[1.758s] -- Up-to-date: /home/mrmnavjet/IRC2026/ircWS/install/custom_msgs/share/custom_msgs/local_setup.zsh
[1.758s] -- Up-to-date: /home/mrmnavjet/IRC2026/ircWS/install/custom_msgs/share/custom_msgs/local_setup.dsv
[1.758s] -- Installing: /home/mrmnavjet/IRC2026/ircWS/install/custom_msgs/share/custom_msgs/package.dsv
[1.759s] -- Up-to-date: /home/mrmnavjet/IRC2026/ircWS/install/custom_msgs/share/ament_index/resource_index/packages/custom_msgs
[1.761s] -- Up-to-date: /home/mrmnavjet/IRC2026/ircWS/install/custom_msgs/share/custom_msgs/cmake/export_custom_msgs__rosidl_generator_cExport.cmake
[1.761s] -- Up-to-date: /home/mrmnavjet/IRC2026/ircWS/install/custom_msgs/share/custom_msgs/cmake/export_custom_msgs__rosidl_generator_cExport-noconfig.cmake
[1.762s] -- Up-to-date: /home/mrmnavjet/IRC2026/ircWS/install/custom_msgs/share/custom_msgs/cmake/export_custom_msgs__rosidl_typesupport_fastrtps_cExport.cmake
[1.762s] -- Up-to-date: /home/mrmnavjet/IRC2026/ircWS/install/custom_msgs/share/custom_msgs/cmake/export_custom_msgs__rosidl_typesupport_fastrtps_cExport-noconfig.cmake
[1.762s] -- Up-to-date: /home/mrmnavjet/IRC2026/ircWS/install/custom_msgs/share/custom_msgs/cmake/custom_msgs__rosidl_typesupport_introspection_cExport.cmake
[1.763s] -- Up-to-date: /home/mrmnavjet/IRC2026/ircWS/install/custom_msgs/share/custom_msgs/cmake/custom_msgs__rosidl_typesupport_introspection_cExport-noconfig.cmake
[1.763s] -- Up-to-date: /home/mrmnavjet/IRC2026/ircWS/install/custom_msgs/share/custom_msgs/cmake/custom_msgs__rosidl_typesupport_cExport.cmake
[1.763s] -- Up-to-date: /home/mrmnavjet/IRC2026/ircWS/install/custom_msgs/share/custom_msgs/cmake/custom_msgs__rosidl_typesupport_cExport-noconfig.cmake
[1.764s] -- Up-to-date: /home/mrmnavjet/IRC2026/ircWS/install/custom_msgs/share/custom_msgs/cmake/export_custom_msgs__rosidl_generator_cppExport.cmake
[1.765s] -- Up-to-date: /home/mrmnavjet/IRC2026/ircWS/install/custom_msgs/share/custom_msgs/cmake/export_custom_msgs__rosidl_typesupport_fastrtps_cppExport.cmake
[1.765s] -- Up-to-date: /home/mrmnavjet/IRC2026/ircWS/install/custom_msgs/share/custom_msgs/cmake/export_custom_msgs__rosidl_typesupport_fastrtps_cppExport-noconfig.cmake
[1.766s] -- Up-to-date: /home/mrmnavjet/IRC2026/ircWS/install/custom_msgs/share/custom_msgs/cmake/custom_msgs__rosidl_typesupport_introspection_cppExport.cmake
[1.766s] -- Up-to-date: /home/mrmnavjet/IRC2026/ircWS/install/custom_msgs/share/custom_msgs/cmake/custom_msgs__rosidl_typesupport_introspection_cppExport-noconfig.cmake
[1.766s] -- Up-to-date: /home/mrmnavjet/IRC2026/ircWS/install/custom_msgs/share/custom_msgs/cmake/custom_msgs__rosidl_typesupport_cppExport.cmake
[1.767s] -- Up-to-date: /home/mrmnavjet/IRC2026/ircWS/install/custom_msgs/share/custom_msgs/cmake/custom_msgs__rosidl_typesupport_cppExport-noconfig.cmake
[1.767s] -- Up-to-date: /home/mrmnavjet/IRC2026/ircWS/install/custom_msgs/share/custom_msgs/cmake/export_custom_msgs__rosidl_generator_pyExport.cmake
[1.767s] -- Up-to-date: /home/mrmnavjet/IRC2026/ircWS/install/custom_msgs/share/custom_msgs/cmake/export_custom_msgs__rosidl_generator_pyExport-noconfig.cmake
[1.767s] -- Up-to-date: /home/mrmnavjet/IRC2026/ircWS/install/custom_msgs/share/custom_msgs/cmake/rosidl_cmake-extras.cmake
[1.768s] -- Up-to-date: /home/mrmnavjet/IRC2026/ircWS/install/custom_msgs/share/custom_msgs/cmake/ament_cmake_export_dependencies-extras.cmake
[1.768s] -- Up-to-date: /home/mrmnavjet/IRC2026/ircWS/install/custom_msgs/share/custom_msgs/cmake/ament_cmake_export_include_directories-extras.cmake
[1.768s] -- Up-to-date: /home/mrmnavjet/IRC2026/ircWS/install/custom_msgs/share/custom_msgs/cmake/ament_cmake_export_libraries-extras.cmake
[1.768s] -- Up-to-date: /home/mrmnavjet/IRC2026/ircWS/install/custom_msgs/share/custom_msgs/cmake/ament_cmake_export_targets-extras.cmake
[1.768s] -- Up-to-date: /home/mrmnavjet/IRC2026/ircWS/install/custom_msgs/share/custom_msgs/cmake/rosidl_cmake_export_typesupport_targets-extras.cmake
[1.768s] -- Up-to-date: /home/mrmnavjet/IRC2026/ircWS/install/custom_msgs/share/custom_msgs/cmake/rosidl_cmake_export_typesupport_libraries-extras.cmake
[1.769s] -- Up-to-date: /home/mrmnavjet/IRC2026/ircWS/install/custom_msgs/share/custom_msgs/cmake/custom_msgsConfig.cmake
[1.769s] -- Up-to-date: /home/mrmnavjet/IRC2026/ircWS/install/custom_msgs/share/custom_msgs/cmake/custom_msgsConfig-version.cmake
[1.769s] -- Up-to-date: /home/mrmnavjet/IRC2026/ircWS/install/custom_msgs/share/custom_msgs/package.xml
[1.775s] Invoked command in '/home/mrmnavjet/IRC2026/ircWS/build/custom_msgs' returned '0': CMAKE_PREFIX_PATH=${CMAKE_PREFIX_PATH}:/home/mrmnavjet/IRC2026/ircWS/install/yolo:/home/mrmnavjet/IRC2026/ircWS/install/gps:/home/mrmnavjet/test/ERC2025/install/leo_nodes:/home/mrmnavjet/test/ERC2025/install/gps:/opt/ros/humble /usr/bin/cmake --install /home/mrmnavjet/IRC2026/ircWS/build/custom_msgs
