-- The C compiler identification is GNU 11.4.0
-- The CXX compiler identification is GNU 11.4.0
-- Detecting C compiler ABI info
-- Detecting C compiler ABI info - done
-- Check for working C compiler: /usr/bin/cc - skipped
-- Detecting C compile features
-- Detecting C compile features - done
-- Detecting CXX compiler ABI info
-- Detecting CXX compiler ABI info - done
-- Check for working CXX compiler: /usr/bin/c++ - skipped
-- Detecting CXX compile features
-- Detecting CXX compile features - done
-- Found ament_cmake: 1.3.12 (/opt/ros/humble/share/ament_cmake/cmake)
-- Found Python3: /usr/bin/python3 (found version "3.10.12") found components: Interpreter 
-- Found rclcpp: 16.0.15 (/opt/ros/humble/share/rclcpp/cmake)
-- Found rosidl_generator_c: 3.1.7 (/opt/ros/humble/share/rosidl_generator_c/cmake)
-- Found rosidl_adapter: 3.1.7 (/opt/ros/humble/share/rosidl_adapter/cmake)
-- Found rosidl_generator_cpp: 3.1.7 (/opt/ros/humble/share/rosidl_generator_cpp/cmake)
-- Using all available rosidl_typesupport_c: rosidl_typesupport_fastrtps_c;rosidl_typesupport_introspection_c
-- Using all available rosidl_typesupport_cpp: rosidl_typesupport_fastrtps_cpp;rosidl_typesupport_introspection_cpp
-- Found rmw_implementation_cmake: 6.1.2 (/opt/ros/humble/share/rmw_implementation_cmake/cmake)
-- Found rmw_fastrtps_cpp: 6.2.8 (/opt/ros/humble/share/rmw_fastrtps_cpp/cmake)
-- Found OpenSSL: /usr/lib/aarch64-linux-gnu/libcrypto.so (found version "3.0.2")  
-- Found FastRTPS: /opt/ros/humble/include  
-- Using RMW implementation 'rmw_fastrtps_cpp' as default
-- Looking for pthread.h
-- Looking for pthread.h - found
-- Performing Test CMAKE_HAVE_LIBC_PTHREAD
-- Performing Test CMAKE_HAVE_LIBC_PTHREAD - Success
-- Found Threads: TRUE  
-- Found sensor_msgs: 4.9.0 (/opt/ros/humble/share/sensor_msgs/cmake)
-- Found custom_msgs: 0.0.1 (/home/mrmnavjet/IRC2026/ircWS/install/custom_msgs/share/custom_msgs/cmake)
-- Found nav_msgs: 4.9.0 (/opt/ros/humble/share/nav_msgs/cmake)
-- Found std_srvs: 4.9.0 (/opt/ros/humble/share/std_srvs/cmake)
-- Found tf2: 0.25.16 (/opt/ros/humble/share/tf2/cmake)
-- Found tf2_geometry_msgs: 0.25.16 (/opt/ros/humble/share/tf2_geometry_msgs/cmake)
-- Found eigen3_cmake_module: 0.1.1 (/opt/ros/humble/share/eigen3_cmake_module/cmake)
-- Found Eigen3: TRUE (found version "3.4.0") 
-- Ensuring Eigen3 include directory is part of orocos-kdl CMake target
-- Configuring done
-- Generating done
-- Build files have been written to: /home/mrmnavjet/IRC2026/ircWS/build/planner
[ 10%] [32mBuilding CXX object CMakeFiles/shared_state.dir/src/shared_state.cpp.o[0m
[ 20%] [32m[1mLinking CXX static library libshared_state.a[0m
[ 20%] Built target shared_state
[ 50%] [32mBuilding CXX object CMakeFiles/motorcontroller.dir/src/motorcontroller.cpp.o[0m
[ 50%] [32mBuilding CXX object CMakeFiles/relay_node.dir/src/relay_node.cpp.o[0m
[ 50%] [32mBuilding CXX object CMakeFiles/imu_conversion_node.dir/src/imu_conversion.cpp.o[0m
[ 60%] [32mBuilding CXX object CMakeFiles/stack_node.dir/src/stack.cpp.o[0m
[ 70%] [32m[1mLinking CXX executable motorcontroller[0m
[ 70%] Built target motorcontroller
[ 80%] [32m[1mLinking CXX executable imu_conversion_node[0m
[ 80%] Built target imu_conversion_node
[ 90%] [32m[1mLinking CXX executable relay_node[0m
[ 90%] Built target relay_node
[100%] [32m[1mLinking CXX executable stack_node[0m
[100%] Built target stack_node
-- Install configuration: ""
-- Installing: /home/mrmnavjet/IRC2026/ircWS/install/planner/lib/planner/libshared_state.a
-- Installing: /home/mrmnavjet/IRC2026/ircWS/install/planner/lib/planner/stack_node
-- Set runtime path of "/home/mrmnavjet/IRC2026/ircWS/install/planner/lib/planner/stack_node" to ""
-- Installing: /home/mrmnavjet/IRC2026/ircWS/install/planner/lib/planner/relay_node
-- Set runtime path of "/home/mrmnavjet/IRC2026/ircWS/install/planner/lib/planner/relay_node" to ""
-- Installing: /home/mrmnavjet/IRC2026/ircWS/install/planner/lib/planner/imu_conversion_node
-- Set runtime path of "/home/mrmnavjet/IRC2026/ircWS/install/planner/lib/planner/imu_conversion_node" to ""
-- Installing: /home/mrmnavjet/IRC2026/ircWS/install/planner/lib/planner/motorcontroller
-- Set runtime path of "/home/mrmnavjet/IRC2026/ircWS/install/planner/lib/planner/motorcontroller" to ""
-- Installing: /home/mrmnavjet/IRC2026/ircWS/install/planner/include/planner
-- Installing: /home/mrmnavjet/IRC2026/ircWS/install/planner/include/planner/stack
-- Installing: /home/mrmnavjet/IRC2026/ircWS/install/planner/include/planner/stack/shared_state.hpp
-- Installing: /home/mrmnavjet/IRC2026/ircWS/install/planner/include/planner/stack/stack.hpp
-- Installing: /home/mrmnavjet/IRC2026/ircWS/install/planner/share/planner//launch
-- Installing: /home/mrmnavjet/IRC2026/ircWS/install/planner/share/planner//launch/testing.launch.py
-- Installing: /home/mrmnavjet/IRC2026/ircWS/install/planner/lib/planner/mode_switch.py
-- Installing: /home/mrmnavjet/IRC2026/ircWS/install/planner/share/ament_index/resource_index/package_run_dependencies/planner
-- Installing: /home/mrmnavjet/IRC2026/ircWS/install/planner/share/ament_index/resource_index/parent_prefix_path/planner
-- Installing: /home/mrmnavjet/IRC2026/ircWS/install/planner/share/planner/environment/ament_prefix_path.sh
-- Installing: /home/mrmnavjet/IRC2026/ircWS/install/planner/share/planner/environment/ament_prefix_path.dsv
-- Installing: /home/mrmnavjet/IRC2026/ircWS/install/planner/share/planner/environment/path.sh
-- Installing: /home/mrmnavjet/IRC2026/ircWS/install/planner/share/planner/environment/path.dsv
-- Installing: /home/mrmnavjet/IRC2026/ircWS/install/planner/share/planner/local_setup.bash
-- Installing: /home/mrmnavjet/IRC2026/ircWS/install/planner/share/planner/local_setup.sh
-- Installing: /home/mrmnavjet/IRC2026/ircWS/install/planner/share/planner/local_setup.zsh
-- Installing: /home/mrmnavjet/IRC2026/ircWS/install/planner/share/planner/local_setup.dsv
-- Installing: /home/mrmnavjet/IRC2026/ircWS/install/planner/share/planner/package.dsv
-- Installing: /home/mrmnavjet/IRC2026/ircWS/install/planner/share/ament_index/resource_index/packages/planner
-- Installing: /home/mrmnavjet/IRC2026/ircWS/install/planner/share/planner/cmake/plannerConfig.cmake
-- Installing: /home/mrmnavjet/IRC2026/ircWS/install/planner/share/planner/cmake/plannerConfig-version.cmake
-- Installing: /home/mrmnavjet/IRC2026/ircWS/install/planner/share/planner/package.xml
