[4.346s] Invoking command in '/home/mrmnavjet/IRC2026/ircWS/src/gps': PYTHONPATH=/home/mrmnavjet/IRC2026/ircWS/build/gps/prefix_override:/usr/lib/python3/dist-packages/colcon_core/task/python/colcon_distutils_commands:/home/mrmnavjet/IRC2026/ircWS/install/gps/lib/python3.10/site-packages:${PYTHONPATH} /usr/bin/python3 -W ignore:setup.py install is deprecated -W ignore:easy_install command is deprecated setup.py egg_info --egg-base ../../build/gps build --build-base /home/mrmnavjet/IRC2026/ircWS/build/gps/build install --record /home/mrmnavjet/IRC2026/ircWS/build/gps/install.log --single-version-externally-managed install_data
[4.935s] running egg_info
[4.976s] writing ../../build/gps/gps.egg-info/PKG-INFO
[4.977s] writing dependency_links to ../../build/gps/gps.egg-info/dependency_links.txt
[4.978s] writing entry points to ../../build/gps/gps.egg-info/entry_points.txt
[4.978s] writing requirements to ../../build/gps/gps.egg-info/requires.txt
[4.978s] writing top-level names to ../../build/gps/gps.egg-info/top_level.txt
[5.060s] reading manifest file '../../build/gps/gps.egg-info/SOURCES.txt'
[5.116s] writing manifest file '../../build/gps/gps.egg-info/SOURCES.txt'
[5.116s] running build
[5.116s] running build_py
[5.185s] copying gps/gps_rtk.py -> /home/mrmnavjet/IRC2026/ircWS/build/gps/build/lib/gps
[5.185s] copying gps/__init__.py -> /home/mrmnavjet/IRC2026/ircWS/build/gps/build/lib/gps
[5.186s] copying gps/gps_rtcm.py -> /home/mrmnavjet/IRC2026/ircWS/build/gps/build/lib/gps
[5.187s] running install
[5.198s] running install_lib
[5.248s] running install_data
[5.249s] copying resource/gps -> /home/mrmnavjet/IRC2026/ircWS/install/gps/share/ament_index/resource_index/packages
[5.249s] copying package.xml -> /home/mrmnavjet/IRC2026/ircWS/install/gps/share/gps
[5.249s] running install_egg_info
[5.294s] removing '/home/mrmnavjet/IRC2026/ircWS/install/gps/lib/python3.10/site-packages/gps-0.0.1-py3.10.egg-info' (and everything under it)
[5.295s] Copying ../../build/gps/gps.egg-info to /home/mrmnavjet/IRC2026/ircWS/install/gps/lib/python3.10/site-packages/gps-0.0.1-py3.10.egg-info
[5.297s] running install_scripts
[5.623s] Installing gps_rtcm script to /home/mrmnavjet/IRC2026/ircWS/install/gps/lib/gps
[5.673s] Installing gps_rtk script to /home/mrmnavjet/IRC2026/ircWS/install/gps/lib/gps
[5.674s] writing list of installed files to '/home/mrmnavjet/IRC2026/ircWS/build/gps/install.log'
[5.753s] Invoked command in '/home/mrmnavjet/IRC2026/ircWS/src/gps' returned '0': PYTHONPATH=/home/mrmnavjet/IRC2026/ircWS/build/gps/prefix_override:/usr/lib/python3/dist-packages/colcon_core/task/python/colcon_distutils_commands:/home/mrmnavjet/IRC2026/ircWS/install/gps/lib/python3.10/site-packages:${PYTHONPATH} /usr/bin/python3 -W ignore:setup.py install is deprecated -W ignore:easy_install command is deprecated setup.py egg_info --egg-base ../../build/gps build --build-base /home/mrmnavjet/IRC2026/ircWS/build/gps/build install --record /home/mrmnavjet/IRC2026/ircWS/build/gps/install.log --single-version-externally-managed install_data
