In file included from [01m[K/home/mrmnavjet/IRC2026/ircWS/src/planner/src/irc_planner_node.cpp:3[m[K:
[01m[K/home/mrmnavjet/IRC2026/ircWS/src/planner/include/stack/irc_planner.hpp:[m[K In member function ‘[01m[Kvoid planner::SensorCallback::callSearchPattern(planner::SearchPatternType)[m[K’:
[01m[K/home/mrmnavjet/IRC2026/ircWS/src/planner/include/stack/irc_planner.hpp:749:14:[m[K [01;31m[Kerror: [m[Kjump to case label
  749 |         case [01;31m[K2[m[K:
      |              [01;31m[K^[m[K
[01m[K/home/mrmnavjet/IRC2026/ircWS/src/planner/include/stack/irc_planner.hpp:722:16:[m[K [01;36m[Knote: [m[K  crosses initialization of ‘[01m[Kdouble err[m[K’
  722 |         double [01;36m[Kerr[m[K = bearing(dest_orientation, current_orientation);
      |                [01;36m[K^~~[m[K
[01m[K/home/mrmnavjet/IRC2026/ircWS/src/planner/include/stack/irc_planner.hpp:758:16:[m[K [01;31m[Kerror: [m[Kredeclaration of ‘[01m[Kdouble err[m[K’
  758 |         double [01;31m[Kerr[m[K = bearing(dest_orientation, current_orientation);
      |                [01;31m[K^~~[m[K
[01m[K/home/mrmnavjet/IRC2026/ircWS/src/planner/include/stack/irc_planner.hpp:722:16:[m[K [01;36m[Knote: [m[K‘[01m[Kdouble err[m[K’ previously declared here
  722 |         double [01;36m[Kerr[m[K = bearing(dest_orientation, current_orientation);
      |                [01;36m[K^~~[m[K
[01m[K/home/mrmnavjet/IRC2026/ircWS/src/planner/include/stack/irc_planner.hpp:785:10:[m[K [01;31m[Kerror: [m[Kjump to case label
  785 |     case [01;31m[K3[m[K:
      |          [01;31m[K^[m[K
[01m[K/home/mrmnavjet/IRC2026/ircWS/src/planner/include/stack/irc_planner.hpp:722:16:[m[K [01;36m[Knote: [m[K  crosses initialization of ‘[01m[Kdouble err[m[K’
  722 |         double [01;36m[Kerr[m[K = bearing(dest_orientation, current_orientation);
      |                [01;36m[K^~~[m[K
[01m[K/home/mrmnavjet/IRC2026/ircWS/src/planner/include/stack/irc_planner.hpp:806:10:[m[K [01;31m[Kerror: [m[Kjump to case label
  806 |     case [01;31m[K4[m[K:
      |          [01;31m[K^[m[K
[01m[K/home/mrmnavjet/IRC2026/ircWS/src/planner/include/stack/irc_planner.hpp:722:16:[m[K [01;36m[Knote: [m[K  crosses initialization of ‘[01m[Kdouble err[m[K’
  722 |         double [01;36m[Kerr[m[K = bearing(dest_orientation, current_orientation);
      |                [01;36m[K^~~[m[K
gmake[2]: *** [CMakeFiles/irc_planner_node.dir/build.make:76: CMakeFiles/irc_planner_node.dir/src/irc_planner_node.cpp.o] Error 1
gmake[1]: *** [CMakeFiles/Makefile2:277: CMakeFiles/irc_planner_node.dir/all] Error 2
gmake: *** [Makefile:146: all] Error 2
