[0.042s] Invoking command in '/home/mrmnavjet/IRC2026/ircWS/build/planner': CMAKE_PREFIX_PATH=/home/mrmnavjet/IRC2026/ircWS/install/custom_msgs:/home/mrmnavjet/zed_ros_ws/install/zed_ros2:/home/mrmnavjet/zed_ros_ws/install/zed_wrapper:/home/mrmnavjet/zed_ros_ws/install/zed_components:/home/mrmnavjet/IRC2026/ircWS/install/planner:/home/mrmnavjet/test/ERC2025/install/planner:/home/mrmnavjet/test/ERC2025/install/robot_interface:/home/mrmnavjet/test/ERC2025/install/leo_rover:/home/mrmnavjet/IRC2026/ircWS/install/yolo:/home/mrmnavjet/IRC2026/ircWS/install/gps:/home/mrmnavjet/test/ERC2025/install/leo_nodes:/home/mrmnavjet/test/ERC2025/install/gps:/opt/ros/humble LD_LIBRARY_PATH=/home/mrmnavjet/IRC2026/ircWS/install/custom_msgs/lib:/home/mrmnavjet/zed_ros_ws/install/zed_components/lib:/home/mrmnavjet/test/ERC2025/install/robot_interface/lib:/opt/ros/humble/opt/rviz_ogre_vendor/lib:/opt/ros/humble/lib/aarch64-linux-gnu:/opt/ros/humble/lib:/usr/local/cuda-12.6/lib64 /usr/bin/cmake --build /home/mrmnavjet/IRC2026/ircWS/build/planner -- -j6 -l6
[0.194s] [35m[1mConsolidate compiler generated dependencies of target irc_planner_node[0m
[0.229s] [ 16%] Built target shared_state
[0.297s] [ 25%] [32mBuilding CXX object CMakeFiles/irc_planner_node.dir/src/irc_planner_node.cpp.o[0m
[0.351s] [ 50%] Built target relay_node
[0.352s] [ 58%] Built target imu_conversion_node
[0.378s] [ 75%] Built target motorcontroller
[0.386s] [ 91%] Built target stack_node
[14.653s] In file included from [01m[K/home/mrmnavjet/IRC2026/ircWS/src/planner/src/irc_planner_node.cpp:3[m[K:
[14.654s] [01m[K/home/mrmnavjet/IRC2026/ircWS/src/planner/include/stack/irc_planner.hpp:[m[K In member function ‘[01m[Kvoid planner::SensorCallback::callSearchPattern(planner::SearchPatternType)[m[K’:
[14.654s] [01m[K/home/mrmnavjet/IRC2026/ircWS/src/planner/include/stack/irc_planner.hpp:749:14:[m[K [01;31m[Kerror: [m[Kjump to case label
[14.654s]   749 |         case [01;31m[K2[m[K:
[14.654s]       |              [01;31m[K^[m[K
[14.654s] [01m[K/home/mrmnavjet/IRC2026/ircWS/src/planner/include/stack/irc_planner.hpp:722:16:[m[K [01;36m[Knote: [m[K  crosses initialization of ‘[01m[Kdouble err[m[K’
[14.654s]   722 |         double [01;36m[Kerr[m[K = bearing(dest_orientation, current_orientation);
[14.654s]       |                [01;36m[K^~~[m[K
[14.655s] [01m[K/home/mrmnavjet/IRC2026/ircWS/src/planner/include/stack/irc_planner.hpp:758:16:[m[K [01;31m[Kerror: [m[Kredeclaration of ‘[01m[Kdouble err[m[K’
[14.655s]   758 |         double [01;31m[Kerr[m[K = bearing(dest_orientation, current_orientation);
[14.655s]       |                [01;31m[K^~~[m[K
[14.655s] [01m[K/home/mrmnavjet/IRC2026/ircWS/src/planner/include/stack/irc_planner.hpp:722:16:[m[K [01;36m[Knote: [m[K‘[01m[Kdouble err[m[K’ previously declared here
[14.655s]   722 |         double [01;36m[Kerr[m[K = bearing(dest_orientation, current_orientation);
[14.655s]       |                [01;36m[K^~~[m[K
[14.656s] [01m[K/home/mrmnavjet/IRC2026/ircWS/src/planner/include/stack/irc_planner.hpp:785:10:[m[K [01;31m[Kerror: [m[Kjump to case label
[14.656s]   785 |     case [01;31m[K3[m[K:
[14.656s]       |          [01;31m[K^[m[K
[14.656s] [01m[K/home/mrmnavjet/IRC2026/ircWS/src/planner/include/stack/irc_planner.hpp:722:16:[m[K [01;36m[Knote: [m[K  crosses initialization of ‘[01m[Kdouble err[m[K’
[14.656s]   722 |         double [01;36m[Kerr[m[K = bearing(dest_orientation, current_orientation);
[14.656s]       |                [01;36m[K^~~[m[K
[14.657s] [01m[K/home/mrmnavjet/IRC2026/ircWS/src/planner/include/stack/irc_planner.hpp:806:10:[m[K [01;31m[Kerror: [m[Kjump to case label
[14.657s]   806 |     case [01;31m[K4[m[K:
[14.657s]       |          [01;31m[K^[m[K
[14.657s] [01m[K/home/mrmnavjet/IRC2026/ircWS/src/planner/include/stack/irc_planner.hpp:722:16:[m[K [01;36m[Knote: [m[K  crosses initialization of ‘[01m[Kdouble err[m[K’
[14.657s]   722 |         double [01;36m[Kerr[m[K = bearing(dest_orientation, current_orientation);
[14.657s]       |                [01;36m[K^~~[m[K
[31.266s] gmake[2]: *** [CMakeFiles/irc_planner_node.dir/build.make:76: CMakeFiles/irc_planner_node.dir/src/irc_planner_node.cpp.o] Error 1
[31.266s] gmake[1]: *** [CMakeFiles/Makefile2:277: CMakeFiles/irc_planner_node.dir/all] Error 2
[31.266s] gmake: *** [Makefile:146: all] Error 2
[31.274s] Invoked command in '/home/mrmnavjet/IRC2026/ircWS/build/planner' returned '2': CMAKE_PREFIX_PATH=/home/mrmnavjet/IRC2026/ircWS/install/custom_msgs:/home/mrmnavjet/zed_ros_ws/install/zed_ros2:/home/mrmnavjet/zed_ros_ws/install/zed_wrapper:/home/mrmnavjet/zed_ros_ws/install/zed_components:/home/mrmnavjet/IRC2026/ircWS/install/planner:/home/mrmnavjet/test/ERC2025/install/planner:/home/mrmnavjet/test/ERC2025/install/robot_interface:/home/mrmnavjet/test/ERC2025/install/leo_rover:/home/mrmnavjet/IRC2026/ircWS/install/yolo:/home/mrmnavjet/IRC2026/ircWS/install/gps:/home/mrmnavjet/test/ERC2025/install/leo_nodes:/home/mrmnavjet/test/ERC2025/install/gps:/opt/ros/humble LD_LIBRARY_PATH=/home/mrmnavjet/IRC2026/ircWS/install/custom_msgs/lib:/home/mrmnavjet/zed_ros_ws/install/zed_components/lib:/home/mrmnavjet/test/ERC2025/install/robot_interface/lib:/opt/ros/humble/opt/rviz_ogre_vendor/lib:/opt/ros/humble/lib/aarch64-linux-gnu:/opt/ros/humble/lib:/usr/local/cuda-12.6/lib64 /usr/bin/cmake --build /home/mrmnavjet/IRC2026/ircWS/build/planner -- -j6 -l6
