[35m[1mConsolidate compiler generated dependencies of target irc_planner_node[0m
[ 16%] Built target shared_state
[ 25%] [32mBuilding CXX object CMakeFiles/irc_planner_node.dir/src/irc_planner_node.cpp.o[0m
[ 41%] Built target imu_conversion_node
[ 58%] Built target stack_node
[ 83%] Built target motorcontroller
[ 91%] Built target relay_node
In file included from [01m[K/home/mrmnavjet/IRC2026/ircWS/src/planner/src/irc_planner_node.cpp:3[m[K:
[01m[K/home/mrmnavjet/IRC2026/ircWS/src/planner/include/stack/irc_planner.hpp:[m[K In member function ‘[01m[Kvoid planner::SensorCallback::stackRun()[m[K’:
[01m[K/home/mrmnavjet/IRC2026/ircWS/src/planner/include/stack/irc_planner.hpp:229:19:[m[K [01;35m[Kwarning: [m[Kunused variable ‘[01m[KprevState[m[K’ [[01;35m[K]8;;https://gcc.gnu.org/onlinedocs/gcc/Warning-Options.html#index-Wunused-variable-Wunused-variable]8;;[m[K]
  229 |             State [01;35m[KprevState[m[K = CurrState;
      |                   [01;35m[K^~~~~~~~~[m[K
[100%] [32m[1mLinking CXX executable irc_planner_node[0m
[100%] Built target irc_planner_node
-- Install configuration: ""
-- Up-to-date: /home/mrmnavjet/IRC2026/ircWS/install/planner/lib/planner/libshared_state.a
-- Up-to-date: /home/mrmnavjet/IRC2026/ircWS/install/planner/lib/planner/stack_node
-- Up-to-date: /home/mrmnavjet/IRC2026/ircWS/install/planner/lib/planner/relay_node
-- Up-to-date: /home/mrmnavjet/IRC2026/ircWS/install/planner/lib/planner/imu_conversion_node
-- Up-to-date: /home/mrmnavjet/IRC2026/ircWS/install/planner/lib/planner/motorcontroller
-- Installing: /home/mrmnavjet/IRC2026/ircWS/install/planner/lib/planner/irc_planner_node
-- Set runtime path of "/home/mrmnavjet/IRC2026/ircWS/install/planner/lib/planner/irc_planner_node" to ""
-- Up-to-date: /home/mrmnavjet/IRC2026/ircWS/install/planner/include/planner
-- Up-to-date: /home/mrmnavjet/IRC2026/ircWS/install/planner/include/planner/stack
-- Up-to-date: /home/mrmnavjet/IRC2026/ircWS/install/planner/include/planner/stack/shared_state.hpp
-- Up-to-date: /home/mrmnavjet/IRC2026/ircWS/install/planner/include/planner/stack/stack.hpp
-- Installing: /home/mrmnavjet/IRC2026/ircWS/install/planner/include/planner/stack/irc_planner.hpp
-- Up-to-date: /home/mrmnavjet/IRC2026/ircWS/install/planner/share/planner/launch
-- Up-to-date: /home/mrmnavjet/IRC2026/ircWS/install/planner/share/planner/launch/testing.launch.py
-- Up-to-date: /home/mrmnavjet/IRC2026/ircWS/install/planner/lib/planner/mode_switch.py
-- Up-to-date: /home/mrmnavjet/IRC2026/ircWS/install/planner/share/ament_index/resource_index/package_run_dependencies/planner
-- Up-to-date: /home/mrmnavjet/IRC2026/ircWS/install/planner/share/ament_index/resource_index/parent_prefix_path/planner
-- Up-to-date: /home/mrmnavjet/IRC2026/ircWS/install/planner/share/planner/environment/ament_prefix_path.sh
-- Up-to-date: /home/mrmnavjet/IRC2026/ircWS/install/planner/share/planner/environment/ament_prefix_path.dsv
-- Up-to-date: /home/mrmnavjet/IRC2026/ircWS/install/planner/share/planner/environment/path.sh
-- Up-to-date: /home/mrmnavjet/IRC2026/ircWS/install/planner/share/planner/environment/path.dsv
-- Up-to-date: /home/mrmnavjet/IRC2026/ircWS/install/planner/share/planner/local_setup.bash
-- Up-to-date: /home/mrmnavjet/IRC2026/ircWS/install/planner/share/planner/local_setup.sh
-- Up-to-date: /home/mrmnavjet/IRC2026/ircWS/install/planner/share/planner/local_setup.zsh
-- Up-to-date: /home/mrmnavjet/IRC2026/ircWS/install/planner/share/planner/local_setup.dsv
-- Installing: /home/mrmnavjet/IRC2026/ircWS/install/planner/share/planner/package.dsv
-- Up-to-date: /home/mrmnavjet/IRC2026/ircWS/install/planner/share/ament_index/resource_index/packages/planner
-- Up-to-date: /home/mrmnavjet/IRC2026/ircWS/install/planner/share/planner/cmake/plannerConfig.cmake
-- Up-to-date: /home/mrmnavjet/IRC2026/ircWS/install/planner/share/planner/cmake/plannerConfig-version.cmake
-- Up-to-date: /home/mrmnavjet/IRC2026/ircWS/install/planner/share/planner/package.xml
