[0.041s] Invoking command in '/home/mrmnavjet/IRC2026/ircWS/build/planner': CMAKE_PREFIX_PATH=/home/mrmnavjet/IRC2026/ircWS/install/custom_msgs:/home/mrmnavjet/zed_ros_ws/install/zed_ros2:/home/mrmnavjet/zed_ros_ws/install/zed_wrapper:/home/mrmnavjet/zed_ros_ws/install/zed_components:/home/mrmnavjet/IRC2026/ircWS/install/planner:/home/mrmnavjet/test/ERC2025/install/planner:/home/mrmnavjet/test/ERC2025/install/robot_interface:/home/mrmnavjet/test/ERC2025/install/leo_rover:/home/mrmnavjet/IRC2026/ircWS/install/yolo:/home/mrmnavjet/IRC2026/ircWS/install/gps:/home/mrmnavjet/test/ERC2025/install/leo_nodes:/home/mrmnavjet/test/ERC2025/install/gps:/opt/ros/humble LD_LIBRARY_PATH=/home/mrmnavjet/IRC2026/ircWS/install/custom_msgs/lib:/home/mrmnavjet/zed_ros_ws/install/zed_components/lib:/home/mrmnavjet/test/ERC2025/install/robot_interface/lib:/opt/ros/humble/opt/rviz_ogre_vendor/lib:/opt/ros/humble/lib/aarch64-linux-gnu:/opt/ros/humble/lib:/usr/local/cuda-12.6/lib64 /usr/bin/cmake --build /home/mrmnavjet/IRC2026/ircWS/build/planner -- -j6 -l6
[0.136s] [35m[1mConsolidate compiler generated dependencies of target irc_planner_node[0m
[0.144s] [ 16%] Built target shared_state
[0.190s] [ 25%] [32mBuilding CXX object CMakeFiles/irc_planner_node.dir/src/irc_planner_node.cpp.o[0m
[0.201s] [ 41%] Built target imu_conversion_node
[0.208s] [ 58%] Built target stack_node
[0.217s] [ 83%] Built target motorcontroller
[0.218s] [ 91%] Built target relay_node
[12.072s] In file included from [01m[K/home/mrmnavjet/IRC2026/ircWS/src/planner/src/irc_planner_node.cpp:3[m[K:
[12.072s] [01m[K/home/mrmnavjet/IRC2026/ircWS/src/planner/include/stack/irc_planner.hpp:[m[K In member function ‘[01m[Kvoid planner::SensorCallback::stackRun()[m[K’:
[12.073s] [01m[K/home/mrmnavjet/IRC2026/ircWS/src/planner/include/stack/irc_planner.hpp:229:19:[m[K [01;35m[Kwarning: [m[Kunused variable ‘[01m[KprevState[m[K’ [[01;35m[K]8;;https://gcc.gnu.org/onlinedocs/gcc/Warning-Options.html#index-Wunused-variable-Wunused-variable]8;;[m[K]
[12.073s]   229 |             State [01;35m[KprevState[m[K = CurrState;
[12.073s]       |                   [01;35m[K^~~~~~~~~[m[K
[52.262s] [100%] [32m[1mLinking CXX executable irc_planner_node[0m
[56.650s] [100%] Built target irc_planner_node
[56.692s] Invoked command in '/home/mrmnavjet/IRC2026/ircWS/build/planner' returned '0': CMAKE_PREFIX_PATH=/home/mrmnavjet/IRC2026/ircWS/install/custom_msgs:/home/mrmnavjet/zed_ros_ws/install/zed_ros2:/home/mrmnavjet/zed_ros_ws/install/zed_wrapper:/home/mrmnavjet/zed_ros_ws/install/zed_components:/home/mrmnavjet/IRC2026/ircWS/install/planner:/home/mrmnavjet/test/ERC2025/install/planner:/home/mrmnavjet/test/ERC2025/install/robot_interface:/home/mrmnavjet/test/ERC2025/install/leo_rover:/home/mrmnavjet/IRC2026/ircWS/install/yolo:/home/mrmnavjet/IRC2026/ircWS/install/gps:/home/mrmnavjet/test/ERC2025/install/leo_nodes:/home/mrmnavjet/test/ERC2025/install/gps:/opt/ros/humble LD_LIBRARY_PATH=/home/mrmnavjet/IRC2026/ircWS/install/custom_msgs/lib:/home/mrmnavjet/zed_ros_ws/install/zed_components/lib:/home/mrmnavjet/test/ERC2025/install/robot_interface/lib:/opt/ros/humble/opt/rviz_ogre_vendor/lib:/opt/ros/humble/lib/aarch64-linux-gnu:/opt/ros/humble/lib:/usr/local/cuda-12.6/lib64 /usr/bin/cmake --build /home/mrmnavjet/IRC2026/ircWS/build/planner -- -j6 -l6
[56.697s] Invoking command in '/home/mrmnavjet/IRC2026/ircWS/build/planner': CMAKE_PREFIX_PATH=/home/mrmnavjet/IRC2026/ircWS/install/custom_msgs:/home/mrmnavjet/zed_ros_ws/install/zed_ros2:/home/mrmnavjet/zed_ros_ws/install/zed_wrapper:/home/mrmnavjet/zed_ros_ws/install/zed_components:/home/mrmnavjet/IRC2026/ircWS/install/planner:/home/mrmnavjet/test/ERC2025/install/planner:/home/mrmnavjet/test/ERC2025/install/robot_interface:/home/mrmnavjet/test/ERC2025/install/leo_rover:/home/mrmnavjet/IRC2026/ircWS/install/yolo:/home/mrmnavjet/IRC2026/ircWS/install/gps:/home/mrmnavjet/test/ERC2025/install/leo_nodes:/home/mrmnavjet/test/ERC2025/install/gps:/opt/ros/humble LD_LIBRARY_PATH=/home/mrmnavjet/IRC2026/ircWS/install/custom_msgs/lib:/home/mrmnavjet/zed_ros_ws/install/zed_components/lib:/home/mrmnavjet/test/ERC2025/install/robot_interface/lib:/opt/ros/humble/opt/rviz_ogre_vendor/lib:/opt/ros/humble/lib/aarch64-linux-gnu:/opt/ros/humble/lib:/usr/local/cuda-12.6/lib64 /usr/bin/cmake --install /home/mrmnavjet/IRC2026/ircWS/build/planner
[56.720s] -- Install configuration: ""
[56.720s] -- Up-to-date: /home/mrmnavjet/IRC2026/ircWS/install/planner/lib/planner/libshared_state.a
[56.720s] -- Up-to-date: /home/mrmnavjet/IRC2026/ircWS/install/planner/lib/planner/stack_node
[56.721s] -- Up-to-date: /home/mrmnavjet/IRC2026/ircWS/install/planner/lib/planner/relay_node
[56.721s] -- Up-to-date: /home/mrmnavjet/IRC2026/ircWS/install/planner/lib/planner/imu_conversion_node
[56.722s] -- Up-to-date: /home/mrmnavjet/IRC2026/ircWS/install/planner/lib/planner/motorcontroller
[56.723s] -- Installing: /home/mrmnavjet/IRC2026/ircWS/install/planner/lib/planner/irc_planner_node
[56.750s] -- Set runtime path of "/home/mrmnavjet/IRC2026/ircWS/install/planner/lib/planner/irc_planner_node" to ""
[56.750s] -- Up-to-date: /home/mrmnavjet/IRC2026/ircWS/install/planner/include/planner
[56.750s] -- Up-to-date: /home/mrmnavjet/IRC2026/ircWS/install/planner/include/planner/stack
[56.751s] -- Up-to-date: /home/mrmnavjet/IRC2026/ircWS/install/planner/include/planner/stack/shared_state.hpp
[56.751s] -- Up-to-date: /home/mrmnavjet/IRC2026/ircWS/install/planner/include/planner/stack/stack.hpp
[56.752s] -- Installing: /home/mrmnavjet/IRC2026/ircWS/install/planner/include/planner/stack/irc_planner.hpp
[56.752s] -- Up-to-date: /home/mrmnavjet/IRC2026/ircWS/install/planner/share/planner/launch
[56.752s] -- Up-to-date: /home/mrmnavjet/IRC2026/ircWS/install/planner/share/planner/launch/testing.launch.py
[56.752s] -- Up-to-date: /home/mrmnavjet/IRC2026/ircWS/install/planner/lib/planner/mode_switch.py
[56.753s] -- Up-to-date: /home/mrmnavjet/IRC2026/ircWS/install/planner/share/ament_index/resource_index/package_run_dependencies/planner
[56.753s] -- Up-to-date: /home/mrmnavjet/IRC2026/ircWS/install/planner/share/ament_index/resource_index/parent_prefix_path/planner
[56.753s] -- Up-to-date: /home/mrmnavjet/IRC2026/ircWS/install/planner/share/planner/environment/ament_prefix_path.sh
[56.753s] -- Up-to-date: /home/mrmnavjet/IRC2026/ircWS/install/planner/share/planner/environment/ament_prefix_path.dsv
[56.754s] -- Up-to-date: /home/mrmnavjet/IRC2026/ircWS/install/planner/share/planner/environment/path.sh
[56.754s] -- Up-to-date: /home/mrmnavjet/IRC2026/ircWS/install/planner/share/planner/environment/path.dsv
[56.754s] -- Up-to-date: /home/mrmnavjet/IRC2026/ircWS/install/planner/share/planner/local_setup.bash
[56.754s] -- Up-to-date: /home/mrmnavjet/IRC2026/ircWS/install/planner/share/planner/local_setup.sh
[56.755s] -- Up-to-date: /home/mrmnavjet/IRC2026/ircWS/install/planner/share/planner/local_setup.zsh
[56.756s] -- Up-to-date: /home/mrmnavjet/IRC2026/ircWS/install/planner/share/planner/local_setup.dsv
[56.759s] -- Installing: /home/mrmnavjet/IRC2026/ircWS/install/planner/share/planner/package.dsv
[56.759s] -- Up-to-date: /home/mrmnavjet/IRC2026/ircWS/install/planner/share/ament_index/resource_index/packages/planner
[56.759s] -- Up-to-date: /home/mrmnavjet/IRC2026/ircWS/install/planner/share/planner/cmake/plannerConfig.cmake
[56.760s] -- Up-to-date: /home/mrmnavjet/IRC2026/ircWS/install/planner/share/planner/cmake/plannerConfig-version.cmake
[56.760s] -- Up-to-date: /home/mrmnavjet/IRC2026/ircWS/install/planner/share/planner/package.xml
[56.761s] Invoked command in '/home/mrmnavjet/IRC2026/ircWS/build/planner' returned '0': CMAKE_PREFIX_PATH=/home/mrmnavjet/IRC2026/ircWS/install/custom_msgs:/home/mrmnavjet/zed_ros_ws/install/zed_ros2:/home/mrmnavjet/zed_ros_ws/install/zed_wrapper:/home/mrmnavjet/zed_ros_ws/install/zed_components:/home/mrmnavjet/IRC2026/ircWS/install/planner:/home/mrmnavjet/test/ERC2025/install/planner:/home/mrmnavjet/test/ERC2025/install/robot_interface:/home/mrmnavjet/test/ERC2025/install/leo_rover:/home/mrmnavjet/IRC2026/ircWS/install/yolo:/home/mrmnavjet/IRC2026/ircWS/install/gps:/home/mrmnavjet/test/ERC2025/install/leo_nodes:/home/mrmnavjet/test/ERC2025/install/gps:/opt/ros/humble LD_LIBRARY_PATH=/home/mrmnavjet/IRC2026/ircWS/install/custom_msgs/lib:/home/mrmnavjet/zed_ros_ws/install/zed_components/lib:/home/mrmnavjet/test/ERC2025/install/robot_interface/lib:/opt/ros/humble/opt/rviz_ogre_vendor/lib:/opt/ros/humble/lib/aarch64-linux-gnu:/opt/ros/humble/lib:/usr/local/cuda-12.6/lib64 /usr/bin/cmake --install /home/mrmnavjet/IRC2026/ircWS/build/planner
