[0.041s] Invoking command in '/home/mrmnavjet/IRC2026/ircWS/build/planner': CMAKE_PREFIX_PATH=/home/mrmnavjet/IRC2026/ircWS/install/custom_msgs:/home/mrmnavjet/zed_ros_ws/install/zed_ros2:/home/mrmnavjet/zed_ros_ws/install/zed_wrapper:/home/mrmnavjet/zed_ros_ws/install/zed_components:/home/mrmnavjet/IRC2026/ircWS/install/planner:/home/mrmnavjet/test/ERC2025/install/planner:/home/mrmnavjet/test/ERC2025/install/robot_interface:/home/mrmnavjet/test/ERC2025/install/leo_rover:/home/mrmnavjet/IRC2026/ircWS/install/yolo:/home/mrmnavjet/IRC2026/ircWS/install/gps:/home/mrmnavjet/test/ERC2025/install/leo_nodes:/home/mrmnavjet/test/ERC2025/install/gps:/opt/ros/humble LD_LIBRARY_PATH=/home/mrmnavjet/IRC2026/ircWS/install/custom_msgs/lib:/home/mrmnavjet/zed_ros_ws/install/zed_components/lib:/home/mrmnavjet/test/ERC2025/install/robot_interface/lib:/opt/ros/humble/opt/rviz_ogre_vendor/lib:/opt/ros/humble/lib/aarch64-linux-gnu:/opt/ros/humble/lib:/usr/local/cuda-12.6/lib64 /usr/bin/cmake --build /home/mrmnavjet/IRC2026/ircWS/build/planner -- -j6 -l6
[0.176s] [35m[1mConsolidate compiler generated dependencies of target irc_planner_node[0m
[0.183s] [ 16%] Built target shared_state
[0.245s] [ 50%] Built target relay_node
[0.245s] [ 50%] Built target imu_conversion_node
[0.254s] [ 66%] Built target stack_node
[0.273s] [ 83%] Built target motorcontroller
[0.304s] [100%] Built target irc_planner_node
[0.545s] Invoked command in '/home/mrmnavjet/IRC2026/ircWS/build/planner' returned '0': CMAKE_PREFIX_PATH=/home/mrmnavjet/IRC2026/ircWS/install/custom_msgs:/home/mrmnavjet/zed_ros_ws/install/zed_ros2:/home/mrmnavjet/zed_ros_ws/install/zed_wrapper:/home/mrmnavjet/zed_ros_ws/install/zed_components:/home/mrmnavjet/IRC2026/ircWS/install/planner:/home/mrmnavjet/test/ERC2025/install/planner:/home/mrmnavjet/test/ERC2025/install/robot_interface:/home/mrmnavjet/test/ERC2025/install/leo_rover:/home/mrmnavjet/IRC2026/ircWS/install/yolo:/home/mrmnavjet/IRC2026/ircWS/install/gps:/home/mrmnavjet/test/ERC2025/install/leo_nodes:/home/mrmnavjet/test/ERC2025/install/gps:/opt/ros/humble LD_LIBRARY_PATH=/home/mrmnavjet/IRC2026/ircWS/install/custom_msgs/lib:/home/mrmnavjet/zed_ros_ws/install/zed_components/lib:/home/mrmnavjet/test/ERC2025/install/robot_interface/lib:/opt/ros/humble/opt/rviz_ogre_vendor/lib:/opt/ros/humble/lib/aarch64-linux-gnu:/opt/ros/humble/lib:/usr/local/cuda-12.6/lib64 /usr/bin/cmake --build /home/mrmnavjet/IRC2026/ircWS/build/planner -- -j6 -l6
[0.549s] Invoking command in '/home/mrmnavjet/IRC2026/ircWS/build/planner': CMAKE_PREFIX_PATH=/home/mrmnavjet/IRC2026/ircWS/install/custom_msgs:/home/mrmnavjet/zed_ros_ws/install/zed_ros2:/home/mrmnavjet/zed_ros_ws/install/zed_wrapper:/home/mrmnavjet/zed_ros_ws/install/zed_components:/home/mrmnavjet/IRC2026/ircWS/install/planner:/home/mrmnavjet/test/ERC2025/install/planner:/home/mrmnavjet/test/ERC2025/install/robot_interface:/home/mrmnavjet/test/ERC2025/install/leo_rover:/home/mrmnavjet/IRC2026/ircWS/install/yolo:/home/mrmnavjet/IRC2026/ircWS/install/gps:/home/mrmnavjet/test/ERC2025/install/leo_nodes:/home/mrmnavjet/test/ERC2025/install/gps:/opt/ros/humble LD_LIBRARY_PATH=/home/mrmnavjet/IRC2026/ircWS/install/custom_msgs/lib:/home/mrmnavjet/zed_ros_ws/install/zed_components/lib:/home/mrmnavjet/test/ERC2025/install/robot_interface/lib:/opt/ros/humble/opt/rviz_ogre_vendor/lib:/opt/ros/humble/lib/aarch64-linux-gnu:/opt/ros/humble/lib:/usr/local/cuda-12.6/lib64 /usr/bin/cmake --install /home/mrmnavjet/IRC2026/ircWS/build/planner
[0.566s] -- Install configuration: ""
[0.566s] -- Up-to-date: /home/mrmnavjet/IRC2026/ircWS/install/planner/lib/planner/libshared_state.a
[0.568s] -- Up-to-date: /home/mrmnavjet/IRC2026/ircWS/install/planner/lib/planner/stack_node
[0.569s] -- Up-to-date: /home/mrmnavjet/IRC2026/ircWS/install/planner/lib/planner/relay_node
[0.570s] -- Up-to-date: /home/mrmnavjet/IRC2026/ircWS/install/planner/lib/planner/imu_conversion_node
[0.571s] -- Up-to-date: /home/mrmnavjet/IRC2026/ircWS/install/planner/lib/planner/motorcontroller
[0.573s] -- Up-to-date: /home/mrmnavjet/IRC2026/ircWS/install/planner/lib/planner/irc_planner_node
[0.574s] -- Up-to-date: /home/mrmnavjet/IRC2026/ircWS/install/planner/include/planner
[0.574s] -- Up-to-date: /home/mrmnavjet/IRC2026/ircWS/install/planner/include/planner/stack
[0.574s] -- Up-to-date: /home/mrmnavjet/IRC2026/ircWS/install/planner/include/planner/stack/shared_state.hpp
[0.574s] -- Up-to-date: /home/mrmnavjet/IRC2026/ircWS/install/planner/include/planner/stack/stack.hpp
[0.574s] -- Up-to-date: /home/mrmnavjet/IRC2026/ircWS/install/planner/include/planner/stack/irc_planner.hpp
[0.575s] -- Up-to-date: /home/mrmnavjet/IRC2026/ircWS/install/planner/share/planner/launch
[0.575s] -- Up-to-date: /home/mrmnavjet/IRC2026/ircWS/install/planner/share/planner/launch/testing.launch.py
[0.575s] -- Up-to-date: /home/mrmnavjet/IRC2026/ircWS/install/planner/lib/planner/mode_switch.py
[0.575s] -- Up-to-date: /home/mrmnavjet/IRC2026/ircWS/install/planner/share/ament_index/resource_index/package_run_dependencies/planner
[0.576s] -- Up-to-date: /home/mrmnavjet/IRC2026/ircWS/install/planner/share/ament_index/resource_index/parent_prefix_path/planner
[0.576s] -- Up-to-date: /home/mrmnavjet/IRC2026/ircWS/install/planner/share/planner/environment/ament_prefix_path.sh
[0.576s] -- Up-to-date: /home/mrmnavjet/IRC2026/ircWS/install/planner/share/planner/environment/ament_prefix_path.dsv
[0.576s] -- Up-to-date: /home/mrmnavjet/IRC2026/ircWS/install/planner/share/planner/environment/path.sh
[0.576s] -- Up-to-date: /home/mrmnavjet/IRC2026/ircWS/install/planner/share/planner/environment/path.dsv
[0.576s] -- Up-to-date: /home/mrmnavjet/IRC2026/ircWS/install/planner/share/planner/local_setup.bash
[0.577s] -- Up-to-date: /home/mrmnavjet/IRC2026/ircWS/install/planner/share/planner/local_setup.sh
[0.577s] -- Up-to-date: /home/mrmnavjet/IRC2026/ircWS/install/planner/share/planner/local_setup.zsh
[0.577s] -- Up-to-date: /home/mrmnavjet/IRC2026/ircWS/install/planner/share/planner/local_setup.dsv
[0.577s] -- Installing: /home/mrmnavjet/IRC2026/ircWS/install/planner/share/planner/package.dsv
[0.577s] -- Up-to-date: /home/mrmnavjet/IRC2026/ircWS/install/planner/share/ament_index/resource_index/packages/planner
[0.578s] -- Up-to-date: /home/mrmnavjet/IRC2026/ircWS/install/planner/share/planner/cmake/plannerConfig.cmake
[0.578s] -- Up-to-date: /home/mrmnavjet/IRC2026/ircWS/install/planner/share/planner/cmake/plannerConfig-version.cmake
[0.578s] -- Up-to-date: /home/mrmnavjet/IRC2026/ircWS/install/planner/share/planner/package.xml
[0.583s] Invoked command in '/home/mrmnavjet/IRC2026/ircWS/build/planner' returned '0': CMAKE_PREFIX_PATH=/home/mrmnavjet/IRC2026/ircWS/install/custom_msgs:/home/mrmnavjet/zed_ros_ws/install/zed_ros2:/home/mrmnavjet/zed_ros_ws/install/zed_wrapper:/home/mrmnavjet/zed_ros_ws/install/zed_components:/home/mrmnavjet/IRC2026/ircWS/install/planner:/home/mrmnavjet/test/ERC2025/install/planner:/home/mrmnavjet/test/ERC2025/install/robot_interface:/home/mrmnavjet/test/ERC2025/install/leo_rover:/home/mrmnavjet/IRC2026/ircWS/install/yolo:/home/mrmnavjet/IRC2026/ircWS/install/gps:/home/mrmnavjet/test/ERC2025/install/leo_nodes:/home/mrmnavjet/test/ERC2025/install/gps:/opt/ros/humble LD_LIBRARY_PATH=/home/mrmnavjet/IRC2026/ircWS/install/custom_msgs/lib:/home/mrmnavjet/zed_ros_ws/install/zed_components/lib:/home/mrmnavjet/test/ERC2025/install/robot_interface/lib:/opt/ros/humble/opt/rviz_ogre_vendor/lib:/opt/ros/humble/lib/aarch64-linux-gnu:/opt/ros/humble/lib:/usr/local/cuda-12.6/lib64 /usr/bin/cmake --install /home/mrmnavjet/IRC2026/ircWS/build/planner
