/home/mrmnavjet/IRC2026/ircWS/install/yolo/lib/python3.10/site-packages/yolo/only_cone_color.py
/home/mrmnavjet/IRC2026/ircWS/install/yolo/lib/python3.10/site-packages/yolo/__init__.py
/home/mrmnavjet/IRC2026/ircWS/install/yolo/lib/python3.10/site-packages/yolo/only_cones.py
/home/mrmnavjet/IRC2026/ircWS/install/yolo/lib/python3.10/site-packages/yolo/inference_engine.py
/home/mrmnavjet/IRC2026/ircWS/install/yolo/lib/python3.10/site-packages/yolo/only_cone_color_distance_correct.py
/home/mrmnavjet/IRC2026/ircWS/install/yolo/lib/python3.10/site-packages/yolo/inference_node.py
/home/mrmnavjet/IRC2026/ircWS/install/yolo/lib/python3.10/site-packages/yolo/only_cone_color_distance.py
/home/mrmnavjet/IRC2026/ircWS/install/yolo/lib/python3.10/site-packages/yolo/__pycache__/only_cone_color.cpython-310.pyc
/home/mrmnavjet/IRC2026/ircWS/install/yolo/lib/python3.10/site-packages/yolo/__pycache__/__init__.cpython-310.pyc
/home/mrmnavjet/IRC2026/ircWS/install/yolo/lib/python3.10/site-packages/yolo/__pycache__/only_cones.cpython-310.pyc
/home/mrmnavjet/IRC2026/ircWS/install/yolo/lib/python3.10/site-packages/yolo/__pycache__/inference_engine.cpython-310.pyc
/home/mrmnavjet/IRC2026/ircWS/install/yolo/lib/python3.10/site-packages/yolo/__pycache__/only_cone_color_distance_correct.cpython-310.pyc
/home/mrmnavjet/IRC2026/ircWS/install/yolo/lib/python3.10/site-packages/yolo/__pycache__/inference_node.cpython-310.pyc
/home/mrmnavjet/IRC2026/ircWS/install/yolo/lib/python3.10/site-packages/yolo/__pycache__/only_cone_color_distance.cpython-310.pyc
/home/mrmnavjet/IRC2026/ircWS/install/yolo/share/ament_index/resource_index/packages/yolo
/home/mrmnavjet/IRC2026/ircWS/install/yolo/share/yolo/package.xml
/home/mrmnavjet/IRC2026/ircWS/install/yolo/share/yolo/models/cone_v1.engine
/home/mrmnavjet/IRC2026/ircWS/install/yolo/lib/python3.10/site-packages/yolo-0.1.0-py3.10.egg-info/zip-safe
/home/mrmnavjet/IRC2026/ircWS/install/yolo/lib/python3.10/site-packages/yolo-0.1.0-py3.10.egg-info/dependency_links.txt
/home/mrmnavjet/IRC2026/ircWS/install/yolo/lib/python3.10/site-packages/yolo-0.1.0-py3.10.egg-info/SOURCES.txt
/home/mrmnavjet/IRC2026/ircWS/install/yolo/lib/python3.10/site-packages/yolo-0.1.0-py3.10.egg-info/entry_points.txt
/home/mrmnavjet/IRC2026/ircWS/install/yolo/lib/python3.10/site-packages/yolo-0.1.0-py3.10.egg-info/PKG-INFO
/home/mrmnavjet/IRC2026/ircWS/install/yolo/lib/python3.10/site-packages/yolo-0.1.0-py3.10.egg-info/requires.txt
/home/mrmnavjet/IRC2026/ircWS/install/yolo/lib/python3.10/site-packages/yolo-0.1.0-py3.10.egg-info/top_level.txt
/home/mrmnavjet/IRC2026/ircWS/install/yolo/lib/yolo/inference
/home/mrmnavjet/IRC2026/ircWS/install/yolo/lib/yolo/inference_engine
/home/mrmnavjet/IRC2026/ircWS/install/yolo/lib/yolo/inference_engine_tiled
