[0.259s] [34mcolcon[0m [1;30mDEBUG[0m [32mCommand line arguments: ['/usr/bin/colcon', 'build'][0m
[0.260s] [34mcolcon[0m [1;30mDEBUG[0m [32mParsed command line arguments: Namespace(log_base=None, log_level=None, verb_name='build', build_base='build', install_base='install', merge_install=False, symlink_install=False, test_result_base=None, continue_on_error=False, executor='parallel', parallel_workers=6, event_handlers=None, ignore_user_meta=False, metas=['./colcon.meta'], base_paths=['.'], packages_ignore=None, packages_ignore_regex=None, paths=None, packages_up_to=None, packages_up_to_regex=None, packages_above=None, packages_above_and_dependencies=None, packages_above_depth=None, packages_select_by_dep=None, packages_skip_by_dep=None, packages_skip_up_to=None, packages_select_build_failed=False, packages_skip_build_finished=False, packages_select_test_failures=False, packages_skip_test_passed=False, packages_select=None, packages_skip=None, packages_select_regex=None, packages_skip_regex=None, packages_start=None, packages_end=None, allow_overriding=[], cmake_args=None, cmake_target=None, cmake_target_skip_unavailable=False, cmake_clean_cache=False, cmake_clean_first=False, cmake_force_configure=False, ament_cmake_args=None, catkin_cmake_args=None, catkin_skip_building_tests=False, mixin_files=None, mixin=None, verb_parser=<colcon_mixin.mixin.mixin_argument.MixinArgumentDecorator object at 0xffffa22bdae0>, verb_extension=<colcon_core.verb.build.BuildVerb object at 0xffffa22bd630>, main=<bound method BuildVerb.main of <colcon_core.verb.build.BuildVerb object at 0xffffa22bd630>>, mixin_verb=('build',))[0m
[0.343s] [34mcolcon.colcon_core.package_discovery[0m [1;30mLevel 1[0m discover_packages(colcon_meta) check parameters
[0.343s] [34mcolcon.colcon_core.package_discovery[0m [1;30mLevel 1[0m discover_packages(recursive) check parameters
[0.344s] [34mcolcon.colcon_core.package_discovery[0m [1;30mLevel 1[0m discover_packages(ignore) check parameters
[0.344s] [34mcolcon.colcon_core.package_discovery[0m [1;30mLevel 1[0m discover_packages(path) check parameters
[0.344s] [34mcolcon.colcon_core.package_discovery[0m [1;30mLevel 1[0m discover_packages(colcon_meta) discover
[0.344s] [34mcolcon.colcon_core.package_discovery[0m [1;30mLevel 1[0m discover_packages(recursive) discover
[0.344s] [34mcolcon.colcon_core.package_discovery[0m [1;30mINFO[0m Crawling recursively for packages in '/home/mrmnavjet/IRC2026/ircWS'
[0.344s] [34mcolcon.colcon_core.package_identification[0m [1;30mLevel 1[0m _identify(.) by extensions ['ignore', 'ignore_ament_install']
[0.344s] [34mcolcon.colcon_core.package_identification[0m [1;30mLevel 1[0m _identify(.) by extension 'ignore'
[0.345s] [34mcolcon.colcon_core.package_identification[0m [1;30mLevel 1[0m _identify(.) by extension 'ignore_ament_install'
[0.345s] [34mcolcon.colcon_core.package_identification[0m [1;30mLevel 1[0m _identify(.) by extensions ['colcon_pkg']
[0.345s] [34mcolcon.colcon_core.package_identification[0m [1;30mLevel 1[0m _identify(.) by extension 'colcon_pkg'
[0.345s] [34mcolcon.colcon_core.package_identification[0m [1;30mLevel 1[0m _identify(.) by extensions ['colcon_meta']
[0.345s] [34mcolcon.colcon_core.package_identification[0m [1;30mLevel 1[0m _identify(.) by extension 'colcon_meta'
[0.345s] [34mcolcon.colcon_core.package_identification[0m [1;30mLevel 1[0m _identify(.) by extensions ['ros']
[0.345s] [34mcolcon.colcon_core.package_identification[0m [1;30mLevel 1[0m _identify(.) by extension 'ros'
[0.374s] [34mcolcon.colcon_core.package_identification[0m [1;30mLevel 1[0m _identify(.) by extensions ['cmake', 'python']
[0.375s] [34mcolcon.colcon_core.package_identification[0m [1;30mLevel 1[0m _identify(.) by extension 'cmake'
[0.375s] [34mcolcon.colcon_core.package_identification[0m [1;30mLevel 1[0m _identify(.) by extension 'python'
[0.375s] [34mcolcon.colcon_core.package_identification[0m [1;30mLevel 1[0m _identify(.) by extensions ['python_setup_py']
[0.375s] [34mcolcon.colcon_core.package_identification[0m [1;30mLevel 1[0m _identify(.) by extension 'python_setup_py'
[0.375s] [34mcolcon.colcon_core.package_identification[0m [1;30mLevel 1[0m _identify(build) by extensions ['ignore', 'ignore_ament_install']
[0.375s] [34mcolcon.colcon_core.package_identification[0m [1;30mLevel 1[0m _identify(build) by extension 'ignore'
[0.376s] [34mcolcon.colcon_core.package_identification[0m [1;30mLevel 1[0m _identify(build) ignored
[0.376s] [34mcolcon.colcon_core.package_identification[0m [1;30mLevel 1[0m _identify(install) by extensions ['ignore', 'ignore_ament_install']
[0.376s] [34mcolcon.colcon_core.package_identification[0m [1;30mLevel 1[0m _identify(install) by extension 'ignore'
[0.376s] [34mcolcon.colcon_core.package_identification[0m [1;30mLevel 1[0m _identify(install) ignored
[0.376s] [34mcolcon.colcon_core.package_identification[0m [1;30mLevel 1[0m _identify(log) by extensions ['ignore', 'ignore_ament_install']
[0.377s] [34mcolcon.colcon_core.package_identification[0m [1;30mLevel 1[0m _identify(log) by extension 'ignore'
[0.377s] [34mcolcon.colcon_core.package_identification[0m [1;30mLevel 1[0m _identify(log) ignored
[0.377s] [34mcolcon.colcon_core.package_identification[0m [1;30mLevel 1[0m _identify(src) by extensions ['ignore', 'ignore_ament_install']
[0.377s] [34mcolcon.colcon_core.package_identification[0m [1;30mLevel 1[0m _identify(src) by extension 'ignore'
[0.377s] [34mcolcon.colcon_core.package_identification[0m [1;30mLevel 1[0m _identify(src) by extension 'ignore_ament_install'
[0.377s] [34mcolcon.colcon_core.package_identification[0m [1;30mLevel 1[0m _identify(src) by extensions ['colcon_pkg']
[0.377s] [34mcolcon.colcon_core.package_identification[0m [1;30mLevel 1[0m _identify(src) by extension 'colcon_pkg'
[0.377s] [34mcolcon.colcon_core.package_identification[0m [1;30mLevel 1[0m _identify(src) by extensions ['colcon_meta']
[0.378s] [34mcolcon.colcon_core.package_identification[0m [1;30mLevel 1[0m _identify(src) by extension 'colcon_meta'
[0.378s] [34mcolcon.colcon_core.package_identification[0m [1;30mLevel 1[0m _identify(src) by extensions ['ros']
[0.378s] [34mcolcon.colcon_core.package_identification[0m [1;30mLevel 1[0m _identify(src) by extension 'ros'
[0.378s] [34mcolcon.colcon_core.package_identification[0m [1;30mLevel 1[0m _identify(src) by extensions ['cmake', 'python']
[0.378s] [34mcolcon.colcon_core.package_identification[0m [1;30mLevel 1[0m _identify(src) by extension 'cmake'
[0.378s] [34mcolcon.colcon_core.package_identification[0m [1;30mLevel 1[0m _identify(src) by extension 'python'
[0.378s] [34mcolcon.colcon_core.package_identification[0m [1;30mLevel 1[0m _identify(src) by extensions ['python_setup_py']
[0.378s] [34mcolcon.colcon_core.package_identification[0m [1;30mLevel 1[0m _identify(src) by extension 'python_setup_py'
[0.378s] [34mcolcon.colcon_core.package_identification[0m [1;30mLevel 1[0m _identify(src/custom_msgs) by extensions ['ignore', 'ignore_ament_install']
[0.379s] [34mcolcon.colcon_core.package_identification[0m [1;30mLevel 1[0m _identify(src/custom_msgs) by extension 'ignore'
[0.379s] [34mcolcon.colcon_core.package_identification[0m [1;30mLevel 1[0m _identify(src/custom_msgs) by extension 'ignore_ament_install'
[0.379s] [34mcolcon.colcon_core.package_identification[0m [1;30mLevel 1[0m _identify(src/custom_msgs) by extensions ['colcon_pkg']
[0.379s] [34mcolcon.colcon_core.package_identification[0m [1;30mLevel 1[0m _identify(src/custom_msgs) by extension 'colcon_pkg'
[0.379s] [34mcolcon.colcon_core.package_identification[0m [1;30mLevel 1[0m _identify(src/custom_msgs) by extensions ['colcon_meta']
[0.379s] [34mcolcon.colcon_core.package_identification[0m [1;30mLevel 1[0m _identify(src/custom_msgs) by extension 'colcon_meta'
[0.379s] [34mcolcon.colcon_core.package_identification[0m [1;30mLevel 1[0m _identify(src/custom_msgs) by extensions ['ros']
[0.379s] [34mcolcon.colcon_core.package_identification[0m [1;30mLevel 1[0m _identify(src/custom_msgs) by extension 'ros'
[0.384s] [34mcolcon.colcon_core.package_identification[0m [1;30mDEBUG[0m [32mPackage 'src/custom_msgs' with type 'ros.ament_cmake' and name 'custom_msgs'[0m
[0.385s] [34mcolcon.colcon_core.package_identification[0m [1;30mLevel 1[0m _identify(src/gps) by extensions ['ignore', 'ignore_ament_install']
[0.385s] [34mcolcon.colcon_core.package_identification[0m [1;30mLevel 1[0m _identify(src/gps) by extension 'ignore'
[0.385s] [34mcolcon.colcon_core.package_identification[0m [1;30mLevel 1[0m _identify(src/gps) by extension 'ignore_ament_install'
[0.385s] [34mcolcon.colcon_core.package_identification[0m [1;30mLevel 1[0m _identify(src/gps) by extensions ['colcon_pkg']
[0.385s] [34mcolcon.colcon_core.package_identification[0m [1;30mLevel 1[0m _identify(src/gps) by extension 'colcon_pkg'
[0.385s] [34mcolcon.colcon_core.package_identification[0m [1;30mLevel 1[0m _identify(src/gps) by extensions ['colcon_meta']
[0.385s] [34mcolcon.colcon_core.package_identification[0m [1;30mLevel 1[0m _identify(src/gps) by extension 'colcon_meta'
[0.386s] [34mcolcon.colcon_core.package_identification[0m [1;30mLevel 1[0m _identify(src/gps) by extensions ['ros']
[0.386s] [34mcolcon.colcon_core.package_identification[0m [1;30mLevel 1[0m _identify(src/gps) by extension 'ros'
[0.387s] [34mcolcon.colcon_core.package_identification[0m [1;30mDEBUG[0m [32mPackage 'src/gps' with type 'ros.ament_python' and name 'gps'[0m
[0.387s] [34mcolcon.colcon_core.package_identification[0m [1;30mLevel 1[0m _identify(src/planner) by extensions ['ignore', 'ignore_ament_install']
[0.387s] [34mcolcon.colcon_core.package_identification[0m [1;30mLevel 1[0m _identify(src/planner) by extension 'ignore'
[0.387s] [34mcolcon.colcon_core.package_identification[0m [1;30mLevel 1[0m _identify(src/planner) by extension 'ignore_ament_install'
[0.387s] [34mcolcon.colcon_core.package_identification[0m [1;30mLevel 1[0m _identify(src/planner) by extensions ['colcon_pkg']
[0.387s] [34mcolcon.colcon_core.package_identification[0m [1;30mLevel 1[0m _identify(src/planner) by extension 'colcon_pkg'
[0.388s] [34mcolcon.colcon_core.package_identification[0m [1;30mLevel 1[0m _identify(src/planner) by extensions ['colcon_meta']
[0.388s] [34mcolcon.colcon_core.package_identification[0m [1;30mLevel 1[0m _identify(src/planner) by extension 'colcon_meta'
[0.388s] [34mcolcon.colcon_core.package_identification[0m [1;30mLevel 1[0m _identify(src/planner) by extensions ['ros']
[0.388s] [34mcolcon.colcon_core.package_identification[0m [1;30mLevel 1[0m _identify(src/planner) by extension 'ros'
[0.390s] [34mcolcon.colcon_core.package_identification[0m [1;30mDEBUG[0m [32mPackage 'src/planner' with type 'ros.ament_cmake' and name 'planner'[0m
[0.390s] [34mcolcon.colcon_core.package_identification[0m [1;30mLevel 1[0m _identify(src/yolo) by extensions ['ignore', 'ignore_ament_install']
[0.390s] [34mcolcon.colcon_core.package_identification[0m [1;30mLevel 1[0m _identify(src/yolo) by extension 'ignore'
[0.390s] [34mcolcon.colcon_core.package_identification[0m [1;30mLevel 1[0m _identify(src/yolo) by extension 'ignore_ament_install'
[0.391s] [34mcolcon.colcon_core.package_identification[0m [1;30mLevel 1[0m _identify(src/yolo) by extensions ['colcon_pkg']
[0.391s] [34mcolcon.colcon_core.package_identification[0m [1;30mLevel 1[0m _identify(src/yolo) by extension 'colcon_pkg'
[0.391s] [34mcolcon.colcon_core.package_identification[0m [1;30mLevel 1[0m _identify(src/yolo) by extensions ['colcon_meta']
[0.391s] [34mcolcon.colcon_core.package_identification[0m [1;30mLevel 1[0m _identify(src/yolo) by extension 'colcon_meta'
[0.391s] [34mcolcon.colcon_core.package_identification[0m [1;30mLevel 1[0m _identify(src/yolo) by extensions ['ros']
[0.391s] [34mcolcon.colcon_core.package_identification[0m [1;30mLevel 1[0m _identify(src/yolo) by extension 'ros'
[0.392s] [34mcolcon.colcon_core.package_identification[0m [1;30mDEBUG[0m [32mPackage 'src/yolo' with type 'ros.ament_python' and name 'yolo'[0m
[0.393s] [34mcolcon.colcon_core.package_discovery[0m [1;30mLevel 1[0m discover_packages(recursive) using defaults
[0.393s] [34mcolcon.colcon_core.package_discovery[0m [1;30mLevel 1[0m discover_packages(ignore) discover
[0.393s] [34mcolcon.colcon_core.package_discovery[0m [1;30mLevel 1[0m discover_packages(ignore) using defaults
[0.393s] [34mcolcon.colcon_core.package_discovery[0m [1;30mLevel 1[0m discover_packages(path) discover
[0.393s] [34mcolcon.colcon_core.package_discovery[0m [1;30mLevel 1[0m discover_packages(path) using defaults
[0.428s] [34mcolcon.colcon_core.package_discovery[0m [1;30mLevel 1[0m discover_packages(prefix_path) check parameters
[0.428s] [34mcolcon.colcon_core.package_discovery[0m [1;30mLevel 1[0m discover_packages(prefix_path) discover
[0.433s] [34mcolcon.colcon_installed_package_information.package_discovery[0m [1;30mDEBUG[0m [32mFound 4 installed packages in /home/mrmnavjet/IRC2026/ircWS/install[0m
[0.434s] [34mcolcon.colcon_installed_package_information.package_discovery[0m [1;30mDEBUG[0m [32mFound 5 installed packages in /home/mrmnavjet/test/ERC2025/install[0m
[0.435s] [34mcolcon.colcon_installed_package_information.package_discovery[0m [1;30mDEBUG[0m [32mFound 3 installed packages in /home/mrmnavjet/zed_ros_ws/install[0m
[0.438s] [34mcolcon.colcon_installed_package_information.package_discovery[0m [1;30mDEBUG[0m [32mFound 368 installed packages in /opt/ros/humble[0m
[0.441s] [34mcolcon.colcon_core.package_discovery[0m [1;30mLevel 1[0m discover_packages(prefix_path) using defaults
[0.534s] [34mcolcon.colcon_core.verb[0m [1;30mLevel 5[0m set package 'custom_msgs' build argument 'cmake_args' from command line to 'None'
[0.534s] [34mcolcon.colcon_core.verb[0m [1;30mLevel 5[0m set package 'custom_msgs' build argument 'cmake_target' from command line to 'None'
[0.534s] [34mcolcon.colcon_core.verb[0m [1;30mLevel 5[0m set package 'custom_msgs' build argument 'cmake_target_skip_unavailable' from command line to 'False'
[0.534s] [34mcolcon.colcon_core.verb[0m [1;30mLevel 5[0m set package 'custom_msgs' build argument 'cmake_clean_cache' from command line to 'False'
[0.534s] [34mcolcon.colcon_core.verb[0m [1;30mLevel 5[0m set package 'custom_msgs' build argument 'cmake_clean_first' from command line to 'False'
[0.534s] [34mcolcon.colcon_core.verb[0m [1;30mLevel 5[0m set package 'custom_msgs' build argument 'cmake_force_configure' from command line to 'False'
[0.534s] [34mcolcon.colcon_core.verb[0m [1;30mLevel 5[0m set package 'custom_msgs' build argument 'ament_cmake_args' from command line to 'None'
[0.535s] [34mcolcon.colcon_core.verb[0m [1;30mLevel 5[0m set package 'custom_msgs' build argument 'catkin_cmake_args' from command line to 'None'
[0.535s] [34mcolcon.colcon_core.verb[0m [1;30mLevel 5[0m set package 'custom_msgs' build argument 'catkin_skip_building_tests' from command line to 'False'
[0.535s] [34mcolcon.colcon_core.verb[0m [1;30mDEBUG[0m [32mBuilding package 'custom_msgs' with the following arguments: {'ament_cmake_args': None, 'build_base': '/home/mrmnavjet/IRC2026/ircWS/build/custom_msgs', 'catkin_cmake_args': None, 'catkin_skip_building_tests': False, 'cmake_args': None, 'cmake_clean_cache': False, 'cmake_clean_first': False, 'cmake_force_configure': False, 'cmake_target': None, 'cmake_target_skip_unavailable': False, 'install_base': '/home/mrmnavjet/IRC2026/ircWS/install/custom_msgs', 'merge_install': False, 'path': '/home/mrmnavjet/IRC2026/ircWS/src/custom_msgs', 'symlink_install': False, 'test_result_base': None}[0m
[0.535s] [34mcolcon.colcon_core.verb[0m [1;30mLevel 5[0m set package 'gps' build argument 'cmake_args' from command line to 'None'
[0.535s] [34mcolcon.colcon_core.verb[0m [1;30mLevel 5[0m set package 'gps' build argument 'cmake_target' from command line to 'None'
[0.536s] [34mcolcon.colcon_core.verb[0m [1;30mLevel 5[0m set package 'gps' build argument 'cmake_target_skip_unavailable' from command line to 'False'
[0.536s] [34mcolcon.colcon_core.verb[0m [1;30mLevel 5[0m set package 'gps' build argument 'cmake_clean_cache' from command line to 'False'
[0.536s] [34mcolcon.colcon_core.verb[0m [1;30mLevel 5[0m set package 'gps' build argument 'cmake_clean_first' from command line to 'False'
[0.536s] [34mcolcon.colcon_core.verb[0m [1;30mLevel 5[0m set package 'gps' build argument 'cmake_force_configure' from command line to 'False'
[0.536s] [34mcolcon.colcon_core.verb[0m [1;30mLevel 5[0m set package 'gps' build argument 'ament_cmake_args' from command line to 'None'
[0.536s] [34mcolcon.colcon_core.verb[0m [1;30mLevel 5[0m set package 'gps' build argument 'catkin_cmake_args' from command line to 'None'
[0.536s] [34mcolcon.colcon_core.verb[0m [1;30mLevel 5[0m set package 'gps' build argument 'catkin_skip_building_tests' from command line to 'False'
[0.536s] [34mcolcon.colcon_core.verb[0m [1;30mDEBUG[0m [32mBuilding package 'gps' with the following arguments: {'ament_cmake_args': None, 'build_base': '/home/mrmnavjet/IRC2026/ircWS/build/gps', 'catkin_cmake_args': None, 'catkin_skip_building_tests': False, 'cmake_args': None, 'cmake_clean_cache': False, 'cmake_clean_first': False, 'cmake_force_configure': False, 'cmake_target': None, 'cmake_target_skip_unavailable': False, 'install_base': '/home/mrmnavjet/IRC2026/ircWS/install/gps', 'merge_install': False, 'path': '/home/mrmnavjet/IRC2026/ircWS/src/gps', 'symlink_install': False, 'test_result_base': None}[0m
[0.537s] [34mcolcon.colcon_core.verb[0m [1;30mLevel 5[0m set package 'planner' build argument 'cmake_args' from command line to 'None'
[0.537s] [34mcolcon.colcon_core.verb[0m [1;30mLevel 5[0m set package 'planner' build argument 'cmake_target' from command line to 'None'
[0.537s] [34mcolcon.colcon_core.verb[0m [1;30mLevel 5[0m set package 'planner' build argument 'cmake_target_skip_unavailable' from command line to 'False'
[0.537s] [34mcolcon.colcon_core.verb[0m [1;30mLevel 5[0m set package 'planner' build argument 'cmake_clean_cache' from command line to 'False'
[0.537s] [34mcolcon.colcon_core.verb[0m [1;30mLevel 5[0m set package 'planner' build argument 'cmake_clean_first' from command line to 'False'
[0.537s] [34mcolcon.colcon_core.verb[0m [1;30mLevel 5[0m set package 'planner' build argument 'cmake_force_configure' from command line to 'False'
[0.537s] [34mcolcon.colcon_core.verb[0m [1;30mLevel 5[0m set package 'planner' build argument 'ament_cmake_args' from command line to 'None'
[0.537s] [34mcolcon.colcon_core.verb[0m [1;30mLevel 5[0m set package 'planner' build argument 'catkin_cmake_args' from command line to 'None'
[0.537s] [34mcolcon.colcon_core.verb[0m [1;30mLevel 5[0m set package 'planner' build argument 'catkin_skip_building_tests' from command line to 'False'
[0.537s] [34mcolcon.colcon_core.verb[0m [1;30mDEBUG[0m [32mBuilding package 'planner' with the following arguments: {'ament_cmake_args': None, 'build_base': '/home/mrmnavjet/IRC2026/ircWS/build/planner', 'catkin_cmake_args': None, 'catkin_skip_building_tests': False, 'cmake_args': None, 'cmake_clean_cache': False, 'cmake_clean_first': False, 'cmake_force_configure': False, 'cmake_target': None, 'cmake_target_skip_unavailable': False, 'install_base': '/home/mrmnavjet/IRC2026/ircWS/install/planner', 'merge_install': False, 'path': '/home/mrmnavjet/IRC2026/ircWS/src/planner', 'symlink_install': False, 'test_result_base': None}[0m
[0.538s] [34mcolcon.colcon_core.verb[0m [1;30mLevel 5[0m set package 'yolo' build argument 'cmake_args' from command line to 'None'
[0.538s] [34mcolcon.colcon_core.verb[0m [1;30mLevel 5[0m set package 'yolo' build argument 'cmake_target' from command line to 'None'
[0.538s] [34mcolcon.colcon_core.verb[0m [1;30mLevel 5[0m set package 'yolo' build argument 'cmake_target_skip_unavailable' from command line to 'False'
[0.538s] [34mcolcon.colcon_core.verb[0m [1;30mLevel 5[0m set package 'yolo' build argument 'cmake_clean_cache' from command line to 'False'
[0.538s] [34mcolcon.colcon_core.verb[0m [1;30mLevel 5[0m set package 'yolo' build argument 'cmake_clean_first' from command line to 'False'
[0.538s] [34mcolcon.colcon_core.verb[0m [1;30mLevel 5[0m set package 'yolo' build argument 'cmake_force_configure' from command line to 'False'
[0.538s] [34mcolcon.colcon_core.verb[0m [1;30mLevel 5[0m set package 'yolo' build argument 'ament_cmake_args' from command line to 'None'
[0.538s] [34mcolcon.colcon_core.verb[0m [1;30mLevel 5[0m set package 'yolo' build argument 'catkin_cmake_args' from command line to 'None'
[0.538s] [34mcolcon.colcon_core.verb[0m [1;30mLevel 5[0m set package 'yolo' build argument 'catkin_skip_building_tests' from command line to 'False'
[0.538s] [34mcolcon.colcon_core.verb[0m [1;30mDEBUG[0m [32mBuilding package 'yolo' with the following arguments: {'ament_cmake_args': None, 'build_base': '/home/mrmnavjet/IRC2026/ircWS/build/yolo', 'catkin_cmake_args': None, 'catkin_skip_building_tests': False, 'cmake_args': None, 'cmake_clean_cache': False, 'cmake_clean_first': False, 'cmake_force_configure': False, 'cmake_target': None, 'cmake_target_skip_unavailable': False, 'install_base': '/home/mrmnavjet/IRC2026/ircWS/install/yolo', 'merge_install': False, 'path': '/home/mrmnavjet/IRC2026/ircWS/src/yolo', 'symlink_install': False, 'test_result_base': None}[0m
[0.539s] [34mcolcon.colcon_core.executor[0m [1;30mINFO[0m Executing jobs using 'parallel' executor
[0.541s] [34mcolcon.colcon_parallel_executor.executor.parallel[0m [1;30mDEBUG[0m [32mrun_until_complete[0m
[0.541s] [34mcolcon.colcon_ros.task.ament_cmake.build[0m [1;30mINFO[0m Building ROS package in '/home/mrmnavjet/IRC2026/ircWS/src/custom_msgs' with build type 'ament_cmake'
[0.542s] [34mcolcon.colcon_cmake.task.cmake.build[0m [1;30mINFO[0m Building CMake package in '/home/mrmnavjet/IRC2026/ircWS/src/custom_msgs'
[0.546s] [34mcolcon.colcon_core.plugin_system[0m [1;30mINFO[0m Skipping extension 'colcon_core.shell.bat': Not used on non-Windows systems
[0.546s] [34mcolcon.colcon_core.shell[0m [1;30mINFO[0m Skip shell extension 'powershell' for command environment: Not usable outside of PowerShell
[0.546s] [34mcolcon.colcon_core.shell[0m [1;30mDEBUG[0m [32mSkip shell extension 'dsv' for command environment[0m
[0.556s] [34mcolcon.colcon_ros.task.ament_python.build[0m [1;30mINFO[0m Building ROS package in '/home/mrmnavjet/IRC2026/ircWS/src/gps' with build type 'ament_python'
[0.557s] [34mcolcon.colcon_core.shell[0m [1;30mLevel 1[0m create_environment_hook('gps', 'ament_prefix_path')
[0.557s] [34mcolcon.colcon_core.shell[0m [1;30mINFO[0m Creating environment hook '/home/mrmnavjet/IRC2026/ircWS/install/gps/share/gps/hook/ament_prefix_path.ps1'
[0.559s] [34mcolcon.colcon_core.shell[0m [1;30mINFO[0m Creating environment descriptor '/home/mrmnavjet/IRC2026/ircWS/install/gps/share/gps/hook/ament_prefix_path.dsv'
[0.560s] [34mcolcon.colcon_core.shell[0m [1;30mINFO[0m Creating environment hook '/home/mrmnavjet/IRC2026/ircWS/install/gps/share/gps/hook/ament_prefix_path.sh'
[0.561s] [34mcolcon.colcon_core.shell[0m [1;30mINFO[0m Skip shell extension 'powershell' for command environment: Not usable outside of PowerShell
[0.561s] [34mcolcon.colcon_core.shell[0m [1;30mDEBUG[0m [32mSkip shell extension 'dsv' for command environment[0m
[0.576s] [34mcolcon.colcon_core.event_handler.log_command[0m [1;30mDEBUG[0m [32mInvoking command in '/home/mrmnavjet/IRC2026/ircWS/build/custom_msgs': CMAKE_PREFIX_PATH=${CMAKE_PREFIX_PATH}:/home/mrmnavjet/IRC2026/ircWS/install/yolo:/home/mrmnavjet/IRC2026/ircWS/install/gps:/home/mrmnavjet/test/ERC2025/install/leo_nodes:/home/mrmnavjet/test/ERC2025/install/gps:/opt/ros/humble /usr/bin/cmake --build /home/mrmnavjet/IRC2026/ircWS/build/custom_msgs -- -j6 -l6[0m
[1.094s] [34mcolcon.colcon_core.task.python.build[0m [1;30mINFO[0m Building Python package in '/home/mrmnavjet/IRC2026/ircWS/src/gps'
[1.095s] [34mcolcon.colcon_core.shell[0m [1;30mINFO[0m Skip shell extension 'powershell' for command environment: Not usable outside of PowerShell
[1.095s] [34mcolcon.colcon_core.shell[0m [1;30mDEBUG[0m [32mSkip shell extension 'dsv' for command environment[0m
[1.505s] [34mcolcon.colcon_core.event_handler.log_command[0m [1;30mDEBUG[0m [32mInvoked command in '/home/mrmnavjet/IRC2026/ircWS/build/custom_msgs' returned '0': CMAKE_PREFIX_PATH=${CMAKE_PREFIX_PATH}:/home/mrmnavjet/IRC2026/ircWS/install/yolo:/home/mrmnavjet/IRC2026/ircWS/install/gps:/home/mrmnavjet/test/ERC2025/install/leo_nodes:/home/mrmnavjet/test/ERC2025/install/gps:/opt/ros/humble /usr/bin/cmake --build /home/mrmnavjet/IRC2026/ircWS/build/custom_msgs -- -j6 -l6[0m
[1.528s] [34mcolcon.colcon_core.event_handler.log_command[0m [1;30mDEBUG[0m [32mInvoking command in '/home/mrmnavjet/IRC2026/ircWS/build/custom_msgs': CMAKE_PREFIX_PATH=${CMAKE_PREFIX_PATH}:/home/mrmnavjet/IRC2026/ircWS/install/yolo:/home/mrmnavjet/IRC2026/ircWS/install/gps:/home/mrmnavjet/test/ERC2025/install/leo_nodes:/home/mrmnavjet/test/ERC2025/install/gps:/opt/ros/humble /usr/bin/cmake --install /home/mrmnavjet/IRC2026/ircWS/build/custom_msgs[0m
[1.653s] [34mcolcon.colcon_core.environment[0m [1;30mLevel 1[0m create_environment_scripts_only(custom_msgs)
[1.654s] [34mcolcon.colcon_core.event_handler.log_command[0m [1;30mDEBUG[0m [32mInvoked command in '/home/mrmnavjet/IRC2026/ircWS/build/custom_msgs' returned '0': CMAKE_PREFIX_PATH=${CMAKE_PREFIX_PATH}:/home/mrmnavjet/IRC2026/ircWS/install/yolo:/home/mrmnavjet/IRC2026/ircWS/install/gps:/home/mrmnavjet/test/ERC2025/install/leo_nodes:/home/mrmnavjet/test/ERC2025/install/gps:/opt/ros/humble /usr/bin/cmake --install /home/mrmnavjet/IRC2026/ircWS/build/custom_msgs[0m
[1.663s] [34mcolcon.colcon_core.environment[0m [1;30mLevel 1[0m checking '/home/mrmnavjet/IRC2026/ircWS/install/custom_msgs' for CMake module files
[1.665s] [34mcolcon.colcon_core.environment[0m [1;30mLevel 1[0m checking '/home/mrmnavjet/IRC2026/ircWS/install/custom_msgs' for CMake config files
[1.667s] [34mcolcon.colcon_core.shell[0m [1;30mLevel 1[0m create_environment_hook('custom_msgs', 'cmake_prefix_path')
[1.668s] [34mcolcon.colcon_core.shell[0m [1;30mINFO[0m Creating environment hook '/home/mrmnavjet/IRC2026/ircWS/install/custom_msgs/share/custom_msgs/hook/cmake_prefix_path.ps1'
[1.669s] [34mcolcon.colcon_core.shell[0m [1;30mINFO[0m Creating environment descriptor '/home/mrmnavjet/IRC2026/ircWS/install/custom_msgs/share/custom_msgs/hook/cmake_prefix_path.dsv'
[1.671s] [34mcolcon.colcon_core.shell[0m [1;30mINFO[0m Creating environment hook '/home/mrmnavjet/IRC2026/ircWS/install/custom_msgs/share/custom_msgs/hook/cmake_prefix_path.sh'
[1.673s] [34mcolcon.colcon_core.environment[0m [1;30mLevel 1[0m checking '/home/mrmnavjet/IRC2026/ircWS/install/custom_msgs/lib'
[1.674s] [34mcolcon.colcon_core.shell[0m [1;30mLevel 1[0m create_environment_hook('custom_msgs', 'ld_library_path_lib')
[1.675s] [34mcolcon.colcon_core.shell[0m [1;30mINFO[0m Creating environment hook '/home/mrmnavjet/IRC2026/ircWS/install/custom_msgs/share/custom_msgs/hook/ld_library_path_lib.ps1'
[1.676s] [34mcolcon.colcon_core.shell[0m [1;30mINFO[0m Creating environment descriptor '/home/mrmnavjet/IRC2026/ircWS/install/custom_msgs/share/custom_msgs/hook/ld_library_path_lib.dsv'
[1.677s] [34mcolcon.colcon_core.shell[0m [1;30mINFO[0m Creating environment hook '/home/mrmnavjet/IRC2026/ircWS/install/custom_msgs/share/custom_msgs/hook/ld_library_path_lib.sh'
[1.679s] [34mcolcon.colcon_core.environment[0m [1;30mLevel 1[0m checking '/home/mrmnavjet/IRC2026/ircWS/install/custom_msgs/bin'
[1.679s] [34mcolcon.colcon_core.environment[0m [1;30mLevel 1[0m checking '/home/mrmnavjet/IRC2026/ircWS/install/custom_msgs/lib/pkgconfig/custom_msgs.pc'
[1.680s] [34mcolcon.colcon_core.environment[0m [1;30mLevel 1[0m checking '/home/mrmnavjet/IRC2026/ircWS/install/custom_msgs/lib/python3.10/site-packages'
[1.681s] [34mcolcon.colcon_core.environment[0m [1;30mLevel 1[0m checking '/home/mrmnavjet/IRC2026/ircWS/install/custom_msgs/bin'
[1.682s] [34mcolcon.colcon_core.shell[0m [1;30mINFO[0m Creating package script '/home/mrmnavjet/IRC2026/ircWS/install/custom_msgs/share/custom_msgs/package.ps1'
[1.685s] [34mcolcon.colcon_core.shell[0m [1;30mINFO[0m Creating package descriptor '/home/mrmnavjet/IRC2026/ircWS/install/custom_msgs/share/custom_msgs/package.dsv'
[1.687s] [34mcolcon.colcon_core.shell[0m [1;30mINFO[0m Creating package script '/home/mrmnavjet/IRC2026/ircWS/install/custom_msgs/share/custom_msgs/package.sh'
[1.721s] [34mcolcon.colcon_core.shell[0m [1;30mINFO[0m Creating package script '/home/mrmnavjet/IRC2026/ircWS/install/custom_msgs/share/custom_msgs/package.bash'
[1.723s] [34mcolcon.colcon_core.shell[0m [1;30mINFO[0m Creating package script '/home/mrmnavjet/IRC2026/ircWS/install/custom_msgs/share/custom_msgs/package.zsh'
[1.725s] [34mcolcon.colcon_core.environment[0m [1;30mLevel 1[0m create_file_with_runtime_dependencies(/home/mrmnavjet/IRC2026/ircWS/install/custom_msgs/share/colcon-core/packages/custom_msgs)
[1.727s] [34mcolcon.colcon_core.environment[0m [1;30mLevel 1[0m create_environment_scripts_only(custom_msgs)
[1.727s] [34mcolcon.colcon_core.environment[0m [1;30mLevel 1[0m checking '/home/mrmnavjet/IRC2026/ircWS/install/custom_msgs' for CMake module files
[1.729s] [34mcolcon.colcon_core.environment[0m [1;30mLevel 1[0m checking '/home/mrmnavjet/IRC2026/ircWS/install/custom_msgs' for CMake config files
[1.730s] [34mcolcon.colcon_core.shell[0m [1;30mLevel 1[0m create_environment_hook('custom_msgs', 'cmake_prefix_path')
[1.730s] [34mcolcon.colcon_core.shell[0m [1;30mINFO[0m Creating environment hook '/home/mrmnavjet/IRC2026/ircWS/install/custom_msgs/share/custom_msgs/hook/cmake_prefix_path.ps1'
[1.732s] [34mcolcon.colcon_core.shell[0m [1;30mINFO[0m Creating environment descriptor '/home/mrmnavjet/IRC2026/ircWS/install/custom_msgs/share/custom_msgs/hook/cmake_prefix_path.dsv'
[1.732s] [34mcolcon.colcon_core.shell[0m [1;30mINFO[0m Creating environment hook '/home/mrmnavjet/IRC2026/ircWS/install/custom_msgs/share/custom_msgs/hook/cmake_prefix_path.sh'
[1.734s] [34mcolcon.colcon_core.environment[0m [1;30mLevel 1[0m checking '/home/mrmnavjet/IRC2026/ircWS/install/custom_msgs/lib'
[1.734s] [34mcolcon.colcon_core.shell[0m [1;30mLevel 1[0m create_environment_hook('custom_msgs', 'ld_library_path_lib')
[1.735s] [34mcolcon.colcon_core.shell[0m [1;30mINFO[0m Creating environment hook '/home/mrmnavjet/IRC2026/ircWS/install/custom_msgs/share/custom_msgs/hook/ld_library_path_lib.ps1'
[1.735s] [34mcolcon.colcon_core.shell[0m [1;30mINFO[0m Creating environment descriptor '/home/mrmnavjet/IRC2026/ircWS/install/custom_msgs/share/custom_msgs/hook/ld_library_path_lib.dsv'
[1.736s] [34mcolcon.colcon_core.shell[0m [1;30mINFO[0m Creating environment hook '/home/mrmnavjet/IRC2026/ircWS/install/custom_msgs/share/custom_msgs/hook/ld_library_path_lib.sh'
[1.737s] [34mcolcon.colcon_core.environment[0m [1;30mLevel 1[0m checking '/home/mrmnavjet/IRC2026/ircWS/install/custom_msgs/bin'
[1.737s] [34mcolcon.colcon_core.environment[0m [1;30mLevel 1[0m checking '/home/mrmnavjet/IRC2026/ircWS/install/custom_msgs/lib/pkgconfig/custom_msgs.pc'
[1.738s] [34mcolcon.colcon_core.environment[0m [1;30mLevel 1[0m checking '/home/mrmnavjet/IRC2026/ircWS/install/custom_msgs/lib/python3.10/site-packages'
[1.738s] [34mcolcon.colcon_core.environment[0m [1;30mLevel 1[0m checking '/home/mrmnavjet/IRC2026/ircWS/install/custom_msgs/bin'
[1.739s] [34mcolcon.colcon_core.shell[0m [1;30mINFO[0m Creating package script '/home/mrmnavjet/IRC2026/ircWS/install/custom_msgs/share/custom_msgs/package.ps1'
[1.740s] [34mcolcon.colcon_core.shell[0m [1;30mINFO[0m Creating package descriptor '/home/mrmnavjet/IRC2026/ircWS/install/custom_msgs/share/custom_msgs/package.dsv'
[1.742s] [34mcolcon.colcon_core.shell[0m [1;30mINFO[0m Creating package script '/home/mrmnavjet/IRC2026/ircWS/install/custom_msgs/share/custom_msgs/package.sh'
[1.743s] [34mcolcon.colcon_core.shell[0m [1;30mINFO[0m Creating package script '/home/mrmnavjet/IRC2026/ircWS/install/custom_msgs/share/custom_msgs/package.bash'
[1.744s] [34mcolcon.colcon_core.shell[0m [1;30mINFO[0m Creating package script '/home/mrmnavjet/IRC2026/ircWS/install/custom_msgs/share/custom_msgs/package.zsh'
[1.745s] [34mcolcon.colcon_core.environment[0m [1;30mLevel 1[0m create_file_with_runtime_dependencies(/home/mrmnavjet/IRC2026/ircWS/install/custom_msgs/share/colcon-core/packages/custom_msgs)
[1.746s] [34mcolcon.colcon_ros.task.ament_cmake.build[0m [1;30mINFO[0m Building ROS package in '/home/mrmnavjet/IRC2026/ircWS/src/planner' with build type 'ament_cmake'
[1.746s] [34mcolcon.colcon_cmake.task.cmake.build[0m [1;30mINFO[0m Building CMake package in '/home/mrmnavjet/IRC2026/ircWS/src/planner'
[1.748s] [34mcolcon.colcon_core.shell[0m [1;30mINFO[0m Skip shell extension 'powershell' for command environment: Not usable outside of PowerShell
[1.748s] [34mcolcon.colcon_core.shell[0m [1;30mDEBUG[0m [32mSkip shell extension 'dsv' for command environment[0m
[1.763s] [34mcolcon.colcon_ros.task.ament_python.build[0m [1;30mINFO[0m Building ROS package in '/home/mrmnavjet/IRC2026/ircWS/src/yolo' with build type 'ament_python'
[1.763s] [34mcolcon.colcon_core.shell[0m [1;30mLevel 1[0m create_environment_hook('yolo', 'ament_prefix_path')
[1.764s] [34mcolcon.colcon_core.shell[0m [1;30mINFO[0m Creating environment hook '/home/mrmnavjet/IRC2026/ircWS/install/yolo/share/yolo/hook/ament_prefix_path.ps1'
[1.765s] [34mcolcon.colcon_core.shell[0m [1;30mINFO[0m Creating environment descriptor '/home/mrmnavjet/IRC2026/ircWS/install/yolo/share/yolo/hook/ament_prefix_path.dsv'
[1.766s] [34mcolcon.colcon_core.shell[0m [1;30mINFO[0m Creating environment hook '/home/mrmnavjet/IRC2026/ircWS/install/yolo/share/yolo/hook/ament_prefix_path.sh'
[1.767s] [34mcolcon.colcon_core.shell[0m [1;30mINFO[0m Skip shell extension 'powershell' for command environment: Not usable outside of PowerShell
[1.768s] [34mcolcon.colcon_core.shell[0m [1;30mDEBUG[0m [32mSkip shell extension 'dsv' for command environment[0m
[1.790s] [34mcolcon.colcon_core.event_handler.log_command[0m [1;30mDEBUG[0m [32mInvoking command in '/home/mrmnavjet/IRC2026/ircWS/build/planner': CMAKE_PREFIX_PATH=/home/mrmnavjet/IRC2026/ircWS/install/custom_msgs:/home/mrmnavjet/zed_ros_ws/install/zed_ros2:/home/mrmnavjet/zed_ros_ws/install/zed_wrapper:/home/mrmnavjet/zed_ros_ws/install/zed_components:/home/mrmnavjet/IRC2026/ircWS/install/planner:/home/mrmnavjet/test/ERC2025/install/planner:/home/mrmnavjet/test/ERC2025/install/robot_interface:/home/mrmnavjet/test/ERC2025/install/leo_rover:/home/mrmnavjet/IRC2026/ircWS/install/yolo:/home/mrmnavjet/IRC2026/ircWS/install/gps:/home/mrmnavjet/test/ERC2025/install/leo_nodes:/home/mrmnavjet/test/ERC2025/install/gps:/opt/ros/humble LD_LIBRARY_PATH=/home/mrmnavjet/IRC2026/ircWS/install/custom_msgs/lib:/home/mrmnavjet/zed_ros_ws/install/zed_components/lib:/home/mrmnavjet/test/ERC2025/install/robot_interface/lib:/opt/ros/humble/opt/rviz_ogre_vendor/lib:/opt/ros/humble/lib/aarch64-linux-gnu:/opt/ros/humble/lib:/usr/local/cuda-12.6/lib64 /usr/bin/cmake --build /home/mrmnavjet/IRC2026/ircWS/build/planner -- -j6 -l6[0m
[2.285s] [34mcolcon.colcon_core.task.python.build[0m [1;30mINFO[0m Building Python package in '/home/mrmnavjet/IRC2026/ircWS/src/yolo'
[2.286s] [34mcolcon.colcon_core.shell[0m [1;30mINFO[0m Skip shell extension 'powershell' for command environment: Not usable outside of PowerShell
[2.286s] [34mcolcon.colcon_core.shell[0m [1;30mDEBUG[0m [32mSkip shell extension 'dsv' for command environment[0m
[2.432s] [34mcolcon.colcon_core.event_handler.log_command[0m [1;30mDEBUG[0m [32mInvoking command in '/home/mrmnavjet/IRC2026/ircWS/src/gps': PYTHONPATH=/home/mrmnavjet/IRC2026/ircWS/build/gps/prefix_override:/usr/lib/python3/dist-packages/colcon_core/task/python/colcon_distutils_commands:/home/mrmnavjet/IRC2026/ircWS/install/gps/lib/python3.10/site-packages:${PYTHONPATH} /usr/bin/python3 -W ignore:setup.py install is deprecated -W ignore:easy_install command is deprecated setup.py egg_info --egg-base ../../build/gps build --build-base /home/mrmnavjet/IRC2026/ircWS/build/gps/build install --record /home/mrmnavjet/IRC2026/ircWS/build/gps/install.log --single-version-externally-managed install_data[0m
[3.676s] [34mcolcon.colcon_core.event_handler.log_command[0m [1;30mDEBUG[0m [32mInvoking command in '/home/mrmnavjet/IRC2026/ircWS/src/yolo': CMAKE_PREFIX_PATH=/home/mrmnavjet/IRC2026/ircWS/install/custom_msgs:/home/mrmnavjet/zed_ros_ws/install/zed_ros2:/home/mrmnavjet/zed_ros_ws/install/zed_wrapper:/home/mrmnavjet/zed_ros_ws/install/zed_components:/home/mrmnavjet/IRC2026/ircWS/install/planner:/home/mrmnavjet/test/ERC2025/install/planner:/home/mrmnavjet/test/ERC2025/install/robot_interface:/home/mrmnavjet/test/ERC2025/install/leo_rover LD_LIBRARY_PATH=/home/mrmnavjet/IRC2026/ircWS/install/custom_msgs/lib:/home/mrmnavjet/zed_ros_ws/install/zed_components/lib:/home/mrmnavjet/test/ERC2025/install/robot_interface/lib:/opt/ros/humble/opt/rviz_ogre_vendor/lib:/opt/ros/humble/lib/aarch64-linux-gnu:/opt/ros/humble/lib:/usr/local/cuda-12.6/lib64 PYTHONPATH=/home/mrmnavjet/IRC2026/ircWS/build/yolo/prefix_override:/usr/lib/python3/dist-packages/colcon_core/task/python/colcon_distutils_commands:/home/mrmnavjet/IRC2026/ircWS/install/yolo/lib/python3.10/site-packages:${PYTHONPATH} /usr/bin/python3 -W ignore:setup.py install is deprecated -W ignore:easy_install command is deprecated setup.py egg_info --egg-base ../../build/yolo build --build-base /home/mrmnavjet/IRC2026/ircWS/build/yolo/build install --record /home/mrmnavjet/IRC2026/ircWS/build/yolo/install.log --single-version-externally-managed install_data[0m
[3.706s] [34mcolcon.colcon_core.environment[0m [1;30mLevel 1[0m checking '/home/mrmnavjet/IRC2026/ircWS/install/gps' for CMake module files
[3.707s] [34mcolcon.colcon_core.event_handler.log_command[0m [1;30mDEBUG[0m [32mInvoked command in '/home/mrmnavjet/IRC2026/ircWS/src/gps' returned '0': PYTHONPATH=/home/mrmnavjet/IRC2026/ircWS/build/gps/prefix_override:/usr/lib/python3/dist-packages/colcon_core/task/python/colcon_distutils_commands:/home/mrmnavjet/IRC2026/ircWS/install/gps/lib/python3.10/site-packages:${PYTHONPATH} /usr/bin/python3 -W ignore:setup.py install is deprecated -W ignore:easy_install command is deprecated setup.py egg_info --egg-base ../../build/gps build --build-base /home/mrmnavjet/IRC2026/ircWS/build/gps/build install --record /home/mrmnavjet/IRC2026/ircWS/build/gps/install.log --single-version-externally-managed install_data[0m
[3.708s] [34mcolcon.colcon_core.environment[0m [1;30mLevel 1[0m checking '/home/mrmnavjet/IRC2026/ircWS/install/gps' for CMake config files
[3.709s] [34mcolcon.colcon_core.environment[0m [1;30mLevel 1[0m checking '/home/mrmnavjet/IRC2026/ircWS/install/gps/lib'
[3.709s] [34mcolcon.colcon_core.environment[0m [1;30mLevel 1[0m checking '/home/mrmnavjet/IRC2026/ircWS/install/gps/bin'
[3.709s] [34mcolcon.colcon_core.environment[0m [1;30mLevel 1[0m checking '/home/mrmnavjet/IRC2026/ircWS/install/gps/lib/pkgconfig/gps.pc'
[3.710s] [34mcolcon.colcon_core.environment[0m [1;30mLevel 1[0m checking '/home/mrmnavjet/IRC2026/ircWS/install/gps/lib/python3.10/site-packages'
[3.710s] [34mcolcon.colcon_core.shell[0m [1;30mLevel 1[0m create_environment_hook('gps', 'pythonpath')
[3.710s] [34mcolcon.colcon_core.shell[0m [1;30mINFO[0m Creating environment hook '/home/mrmnavjet/IRC2026/ircWS/install/gps/share/gps/hook/pythonpath.ps1'
[3.711s] [34mcolcon.colcon_core.shell[0m [1;30mINFO[0m Creating environment descriptor '/home/mrmnavjet/IRC2026/ircWS/install/gps/share/gps/hook/pythonpath.dsv'
[3.712s] [34mcolcon.colcon_core.shell[0m [1;30mINFO[0m Creating environment hook '/home/mrmnavjet/IRC2026/ircWS/install/gps/share/gps/hook/pythonpath.sh'
[3.713s] [34mcolcon.colcon_core.environment[0m [1;30mLevel 1[0m checking '/home/mrmnavjet/IRC2026/ircWS/install/gps/bin'
[3.714s] [34mcolcon.colcon_core.environment[0m [1;30mLevel 1[0m create_environment_scripts_only(gps)
[3.714s] [34mcolcon.colcon_core.shell[0m [1;30mINFO[0m Creating package script '/home/mrmnavjet/IRC2026/ircWS/install/gps/share/gps/package.ps1'
[3.715s] [34mcolcon.colcon_core.shell[0m [1;30mINFO[0m Creating package descriptor '/home/mrmnavjet/IRC2026/ircWS/install/gps/share/gps/package.dsv'
[3.716s] [34mcolcon.colcon_core.shell[0m [1;30mINFO[0m Creating package script '/home/mrmnavjet/IRC2026/ircWS/install/gps/share/gps/package.sh'
[3.717s] [34mcolcon.colcon_core.shell[0m [1;30mINFO[0m Creating package script '/home/mrmnavjet/IRC2026/ircWS/install/gps/share/gps/package.bash'
[3.718s] [34mcolcon.colcon_core.shell[0m [1;30mINFO[0m Creating package script '/home/mrmnavjet/IRC2026/ircWS/install/gps/share/gps/package.zsh'
[3.719s] [34mcolcon.colcon_core.environment[0m [1;30mLevel 1[0m create_file_with_runtime_dependencies(/home/mrmnavjet/IRC2026/ircWS/install/gps/share/colcon-core/packages/gps)
[4.939s] [34mcolcon.colcon_core.environment[0m [1;30mLevel 1[0m checking '/home/mrmnavjet/IRC2026/ircWS/install/yolo' for CMake module files
[4.940s] [34mcolcon.colcon_core.event_handler.log_command[0m [1;30mDEBUG[0m [32mInvoked command in '/home/mrmnavjet/IRC2026/ircWS/src/yolo' returned '0': CMAKE_PREFIX_PATH=/home/mrmnavjet/IRC2026/ircWS/install/custom_msgs:/home/mrmnavjet/zed_ros_ws/install/zed_ros2:/home/mrmnavjet/zed_ros_ws/install/zed_wrapper:/home/mrmnavjet/zed_ros_ws/install/zed_components:/home/mrmnavjet/IRC2026/ircWS/install/planner:/home/mrmnavjet/test/ERC2025/install/planner:/home/mrmnavjet/test/ERC2025/install/robot_interface:/home/mrmnavjet/test/ERC2025/install/leo_rover LD_LIBRARY_PATH=/home/mrmnavjet/IRC2026/ircWS/install/custom_msgs/lib:/home/mrmnavjet/zed_ros_ws/install/zed_components/lib:/home/mrmnavjet/test/ERC2025/install/robot_interface/lib:/opt/ros/humble/opt/rviz_ogre_vendor/lib:/opt/ros/humble/lib/aarch64-linux-gnu:/opt/ros/humble/lib:/usr/local/cuda-12.6/lib64 PYTHONPATH=/home/mrmnavjet/IRC2026/ircWS/build/yolo/prefix_override:/usr/lib/python3/dist-packages/colcon_core/task/python/colcon_distutils_commands:/home/mrmnavjet/IRC2026/ircWS/install/yolo/lib/python3.10/site-packages:${PYTHONPATH} /usr/bin/python3 -W ignore:setup.py install is deprecated -W ignore:easy_install command is deprecated setup.py egg_info --egg-base ../../build/yolo build --build-base /home/mrmnavjet/IRC2026/ircWS/build/yolo/build install --record /home/mrmnavjet/IRC2026/ircWS/build/yolo/install.log --single-version-externally-managed install_data[0m
[4.941s] [34mcolcon.colcon_core.environment[0m [1;30mLevel 1[0m checking '/home/mrmnavjet/IRC2026/ircWS/install/yolo' for CMake config files
[4.943s] [34mcolcon.colcon_core.environment[0m [1;30mLevel 1[0m checking '/home/mrmnavjet/IRC2026/ircWS/install/yolo/lib'
[4.944s] [34mcolcon.colcon_core.environment[0m [1;30mLevel 1[0m checking '/home/mrmnavjet/IRC2026/ircWS/install/yolo/bin'
[4.944s] [34mcolcon.colcon_core.environment[0m [1;30mLevel 1[0m checking '/home/mrmnavjet/IRC2026/ircWS/install/yolo/lib/pkgconfig/yolo.pc'
[4.945s] [34mcolcon.colcon_core.environment[0m [1;30mLevel 1[0m checking '/home/mrmnavjet/IRC2026/ircWS/install/yolo/lib/python3.10/site-packages'
[4.945s] [34mcolcon.colcon_core.shell[0m [1;30mLevel 1[0m create_environment_hook('yolo', 'pythonpath')
[4.946s] [34mcolcon.colcon_core.shell[0m [1;30mINFO[0m Creating environment hook '/home/mrmnavjet/IRC2026/ircWS/install/yolo/share/yolo/hook/pythonpath.ps1'
[4.948s] [34mcolcon.colcon_core.shell[0m [1;30mINFO[0m Creating environment descriptor '/home/mrmnavjet/IRC2026/ircWS/install/yolo/share/yolo/hook/pythonpath.dsv'
[4.949s] [34mcolcon.colcon_core.shell[0m [1;30mINFO[0m Creating environment hook '/home/mrmnavjet/IRC2026/ircWS/install/yolo/share/yolo/hook/pythonpath.sh'
[4.951s] [34mcolcon.colcon_core.environment[0m [1;30mLevel 1[0m checking '/home/mrmnavjet/IRC2026/ircWS/install/yolo/bin'
[4.951s] [34mcolcon.colcon_core.environment[0m [1;30mLevel 1[0m create_environment_scripts_only(yolo)
[4.952s] [34mcolcon.colcon_core.shell[0m [1;30mINFO[0m Creating package script '/home/mrmnavjet/IRC2026/ircWS/install/yolo/share/yolo/package.ps1'
[4.954s] [34mcolcon.colcon_core.shell[0m [1;30mINFO[0m Creating package descriptor '/home/mrmnavjet/IRC2026/ircWS/install/yolo/share/yolo/package.dsv'
[4.956s] [34mcolcon.colcon_core.shell[0m [1;30mINFO[0m Creating package script '/home/mrmnavjet/IRC2026/ircWS/install/yolo/share/yolo/package.sh'
[4.958s] [34mcolcon.colcon_core.shell[0m [1;30mINFO[0m Creating package script '/home/mrmnavjet/IRC2026/ircWS/install/yolo/share/yolo/package.bash'
[4.959s] [34mcolcon.colcon_core.shell[0m [1;30mINFO[0m Creating package script '/home/mrmnavjet/IRC2026/ircWS/install/yolo/share/yolo/package.zsh'
[4.961s] [34mcolcon.colcon_core.environment[0m [1;30mLevel 1[0m create_file_with_runtime_dependencies(/home/mrmnavjet/IRC2026/ircWS/install/yolo/share/colcon-core/packages/yolo)
[57.750s] [34mcolcon.colcon_core.event_handler.log_command[0m [1;30mDEBUG[0m [32mInvoked command in '/home/mrmnavjet/IRC2026/ircWS/build/planner' returned '0': CMAKE_PREFIX_PATH=/home/mrmnavjet/IRC2026/ircWS/install/custom_msgs:/home/mrmnavjet/zed_ros_ws/install/zed_ros2:/home/mrmnavjet/zed_ros_ws/install/zed_wrapper:/home/mrmnavjet/zed_ros_ws/install/zed_components:/home/mrmnavjet/IRC2026/ircWS/install/planner:/home/mrmnavjet/test/ERC2025/install/planner:/home/mrmnavjet/test/ERC2025/install/robot_interface:/home/mrmnavjet/test/ERC2025/install/leo_rover:/home/mrmnavjet/IRC2026/ircWS/install/yolo:/home/mrmnavjet/IRC2026/ircWS/install/gps:/home/mrmnavjet/test/ERC2025/install/leo_nodes:/home/mrmnavjet/test/ERC2025/install/gps:/opt/ros/humble LD_LIBRARY_PATH=/home/mrmnavjet/IRC2026/ircWS/install/custom_msgs/lib:/home/mrmnavjet/zed_ros_ws/install/zed_components/lib:/home/mrmnavjet/test/ERC2025/install/robot_interface/lib:/opt/ros/humble/opt/rviz_ogre_vendor/lib:/opt/ros/humble/lib/aarch64-linux-gnu:/opt/ros/humble/lib:/usr/local/cuda-12.6/lib64 /usr/bin/cmake --build /home/mrmnavjet/IRC2026/ircWS/build/planner -- -j6 -l6[0m
[57.756s] [34mcolcon.colcon_core.event_handler.log_command[0m [1;30mDEBUG[0m [32mInvoking command in '/home/mrmnavjet/IRC2026/ircWS/build/planner': CMAKE_PREFIX_PATH=/home/mrmnavjet/IRC2026/ircWS/install/custom_msgs:/home/mrmnavjet/zed_ros_ws/install/zed_ros2:/home/mrmnavjet/zed_ros_ws/install/zed_wrapper:/home/mrmnavjet/zed_ros_ws/install/zed_components:/home/mrmnavjet/IRC2026/ircWS/install/planner:/home/mrmnavjet/test/ERC2025/install/planner:/home/mrmnavjet/test/ERC2025/install/robot_interface:/home/mrmnavjet/test/ERC2025/install/leo_rover:/home/mrmnavjet/IRC2026/ircWS/install/yolo:/home/mrmnavjet/IRC2026/ircWS/install/gps:/home/mrmnavjet/test/ERC2025/install/leo_nodes:/home/mrmnavjet/test/ERC2025/install/gps:/opt/ros/humble LD_LIBRARY_PATH=/home/mrmnavjet/IRC2026/ircWS/install/custom_msgs/lib:/home/mrmnavjet/zed_ros_ws/install/zed_components/lib:/home/mrmnavjet/test/ERC2025/install/robot_interface/lib:/opt/ros/humble/opt/rviz_ogre_vendor/lib:/opt/ros/humble/lib/aarch64-linux-gnu:/opt/ros/humble/lib:/usr/local/cuda-12.6/lib64 /usr/bin/cmake --install /home/mrmnavjet/IRC2026/ircWS/build/planner[0m
[57.812s] [34mcolcon.colcon_core.environment[0m [1;30mLevel 1[0m create_environment_scripts_only(planner)
[57.813s] [34mcolcon.colcon_core.environment[0m [1;30mLevel 1[0m checking '/home/mrmnavjet/IRC2026/ircWS/install/planner' for CMake module files
[57.813s] [34mcolcon.colcon_core.event_handler.log_command[0m [1;30mDEBUG[0m [32mInvoked command in '/home/mrmnavjet/IRC2026/ircWS/build/planner' returned '0': CMAKE_PREFIX_PATH=/home/mrmnavjet/IRC2026/ircWS/install/custom_msgs:/home/mrmnavjet/zed_ros_ws/install/zed_ros2:/home/mrmnavjet/zed_ros_ws/install/zed_wrapper:/home/mrmnavjet/zed_ros_ws/install/zed_components:/home/mrmnavjet/IRC2026/ircWS/install/planner:/home/mrmnavjet/test/ERC2025/install/planner:/home/mrmnavjet/test/ERC2025/install/robot_interface:/home/mrmnavjet/test/ERC2025/install/leo_rover:/home/mrmnavjet/IRC2026/ircWS/install/yolo:/home/mrmnavjet/IRC2026/ircWS/install/gps:/home/mrmnavjet/test/ERC2025/install/leo_nodes:/home/mrmnavjet/test/ERC2025/install/gps:/opt/ros/humble LD_LIBRARY_PATH=/home/mrmnavjet/IRC2026/ircWS/install/custom_msgs/lib:/home/mrmnavjet/zed_ros_ws/install/zed_components/lib:/home/mrmnavjet/test/ERC2025/install/robot_interface/lib:/opt/ros/humble/opt/rviz_ogre_vendor/lib:/opt/ros/humble/lib/aarch64-linux-gnu:/opt/ros/humble/lib:/usr/local/cuda-12.6/lib64 /usr/bin/cmake --install /home/mrmnavjet/IRC2026/ircWS/build/planner[0m
[57.814s] [34mcolcon.colcon_core.environment[0m [1;30mLevel 1[0m checking '/home/mrmnavjet/IRC2026/ircWS/install/planner' for CMake config files
[57.815s] [34mcolcon.colcon_core.shell[0m [1;30mLevel 1[0m create_environment_hook('planner', 'cmake_prefix_path')
[57.815s] [34mcolcon.colcon_core.shell[0m [1;30mINFO[0m Creating environment hook '/home/mrmnavjet/IRC2026/ircWS/install/planner/share/planner/hook/cmake_prefix_path.ps1'
[57.816s] [34mcolcon.colcon_core.shell[0m [1;30mINFO[0m Creating environment descriptor '/home/mrmnavjet/IRC2026/ircWS/install/planner/share/planner/hook/cmake_prefix_path.dsv'
[57.817s] [34mcolcon.colcon_core.shell[0m [1;30mINFO[0m Creating environment hook '/home/mrmnavjet/IRC2026/ircWS/install/planner/share/planner/hook/cmake_prefix_path.sh'
[57.819s] [34mcolcon.colcon_core.environment[0m [1;30mLevel 1[0m checking '/home/mrmnavjet/IRC2026/ircWS/install/planner/lib'
[57.819s] [34mcolcon.colcon_core.environment[0m [1;30mLevel 1[0m checking '/home/mrmnavjet/IRC2026/ircWS/install/planner/bin'
[57.819s] [34mcolcon.colcon_core.environment[0m [1;30mLevel 1[0m checking '/home/mrmnavjet/IRC2026/ircWS/install/planner/lib/pkgconfig/planner.pc'
[57.820s] [34mcolcon.colcon_core.environment[0m [1;30mLevel 1[0m checking '/home/mrmnavjet/IRC2026/ircWS/install/planner/lib/python3.10/site-packages'
[57.821s] [34mcolcon.colcon_core.environment[0m [1;30mLevel 1[0m checking '/home/mrmnavjet/IRC2026/ircWS/install/planner/bin'
[57.822s] [34mcolcon.colcon_core.shell[0m [1;30mINFO[0m Creating package script '/home/mrmnavjet/IRC2026/ircWS/install/planner/share/planner/package.ps1'
[57.824s] [34mcolcon.colcon_core.shell[0m [1;30mINFO[0m Creating package descriptor '/home/mrmnavjet/IRC2026/ircWS/install/planner/share/planner/package.dsv'
[57.825s] [34mcolcon.colcon_core.shell[0m [1;30mINFO[0m Creating package script '/home/mrmnavjet/IRC2026/ircWS/install/planner/share/planner/package.sh'
[57.827s] [34mcolcon.colcon_core.shell[0m [1;30mINFO[0m Creating package script '/home/mrmnavjet/IRC2026/ircWS/install/planner/share/planner/package.bash'
[57.828s] [34mcolcon.colcon_core.shell[0m [1;30mINFO[0m Creating package script '/home/mrmnavjet/IRC2026/ircWS/install/planner/share/planner/package.zsh'
[57.830s] [34mcolcon.colcon_core.environment[0m [1;30mLevel 1[0m create_file_with_runtime_dependencies(/home/mrmnavjet/IRC2026/ircWS/install/planner/share/colcon-core/packages/planner)
[57.832s] [34mcolcon.colcon_core.environment[0m [1;30mLevel 1[0m create_environment_scripts_only(planner)
[57.833s] [34mcolcon.colcon_core.environment[0m [1;30mLevel 1[0m checking '/home/mrmnavjet/IRC2026/ircWS/install/planner' for CMake module files
[57.834s] [34mcolcon.colcon_core.environment[0m [1;30mLevel 1[0m checking '/home/mrmnavjet/IRC2026/ircWS/install/planner' for CMake config files
[57.835s] [34mcolcon.colcon_core.shell[0m [1;30mLevel 1[0m create_environment_hook('planner', 'cmake_prefix_path')
[57.836s] [34mcolcon.colcon_core.shell[0m [1;30mINFO[0m Creating environment hook '/home/mrmnavjet/IRC2026/ircWS/install/planner/share/planner/hook/cmake_prefix_path.ps1'
[57.837s] [34mcolcon.colcon_core.shell[0m [1;30mINFO[0m Creating environment descriptor '/home/mrmnavjet/IRC2026/ircWS/install/planner/share/planner/hook/cmake_prefix_path.dsv'
[57.839s] [34mcolcon.colcon_core.shell[0m [1;30mINFO[0m Creating environment hook '/home/mrmnavjet/IRC2026/ircWS/install/planner/share/planner/hook/cmake_prefix_path.sh'
[57.841s] [34mcolcon.colcon_core.environment[0m [1;30mLevel 1[0m checking '/home/mrmnavjet/IRC2026/ircWS/install/planner/lib'
[57.841s] [34mcolcon.colcon_core.environment[0m [1;30mLevel 1[0m checking '/home/mrmnavjet/IRC2026/ircWS/install/planner/bin'
[57.841s] [34mcolcon.colcon_core.environment[0m [1;30mLevel 1[0m checking '/home/mrmnavjet/IRC2026/ircWS/install/planner/lib/pkgconfig/planner.pc'
[57.842s] [34mcolcon.colcon_core.environment[0m [1;30mLevel 1[0m checking '/home/mrmnavjet/IRC2026/ircWS/install/planner/lib/python3.10/site-packages'
[57.843s] [34mcolcon.colcon_core.environment[0m [1;30mLevel 1[0m checking '/home/mrmnavjet/IRC2026/ircWS/install/planner/bin'
[57.844s] [34mcolcon.colcon_core.shell[0m [1;30mINFO[0m Creating package script '/home/mrmnavjet/IRC2026/ircWS/install/planner/share/planner/package.ps1'
[57.846s] [34mcolcon.colcon_core.shell[0m [1;30mINFO[0m Creating package descriptor '/home/mrmnavjet/IRC2026/ircWS/install/planner/share/planner/package.dsv'
[57.848s] [34mcolcon.colcon_core.shell[0m [1;30mINFO[0m Creating package script '/home/mrmnavjet/IRC2026/ircWS/install/planner/share/planner/package.sh'
[57.849s] [34mcolcon.colcon_core.shell[0m [1;30mINFO[0m Creating package script '/home/mrmnavjet/IRC2026/ircWS/install/planner/share/planner/package.bash'
[57.852s] [34mcolcon.colcon_core.shell[0m [1;30mINFO[0m Creating package script '/home/mrmnavjet/IRC2026/ircWS/install/planner/share/planner/package.zsh'
[57.853s] [34mcolcon.colcon_core.environment[0m [1;30mLevel 1[0m create_file_with_runtime_dependencies(/home/mrmnavjet/IRC2026/ircWS/install/planner/share/colcon-core/packages/planner)
[57.854s] [34mcolcon.colcon_parallel_executor.executor.parallel[0m [1;30mDEBUG[0m [32mclosing loop[0m
[57.855s] [34mcolcon.colcon_parallel_executor.executor.parallel[0m [1;30mDEBUG[0m [32mloop closed[0m
[57.856s] [34mcolcon.colcon_parallel_executor.executor.parallel[0m [1;30mDEBUG[0m [32mrun_until_complete finished with '0'[0m
[57.856s] [34mcolcon.colcon_core.event_reactor[0m [1;30mDEBUG[0m [32mjoining thread[0m
[57.878s] [34mcolcon.colcon_core.plugin_system[0m [1;30mINFO[0m Skipping extension 'colcon_notification.desktop_notification.terminal_notifier': Not used on non-Darwin systems
[57.878s] [34mcolcon.colcon_core.plugin_system[0m [1;30mINFO[0m Skipping extension 'colcon_notification.desktop_notification.win32': Not used on non-Windows systems
[57.878s] [34mcolcon.colcon_notification.desktop_notification[0m [1;30mINFO[0m Sending desktop notification using 'notify2'
[57.917s] [34mcolcon.colcon_notification.desktop_notification.notify2[0m [1;30mDEBUG[0m [32mFailed to initialize notify2: org.freedesktop.DBus.Error.Spawn.ChildExited: Process org.freedesktop.Notifications exited with status 1[0m
[57.918s] [34mcolcon.colcon_core.event_reactor[0m [1;30mDEBUG[0m [32mjoined thread[0m
[57.919s] [34mcolcon.colcon_core.shell[0m [1;30mINFO[0m Creating prefix script '/home/mrmnavjet/IRC2026/ircWS/install/local_setup.ps1'
[57.922s] [34mcolcon.colcon_core.shell[0m [1;30mINFO[0m Creating prefix util module '/home/mrmnavjet/IRC2026/ircWS/install/_local_setup_util_ps1.py'
[57.927s] [34mcolcon.colcon_core.shell[0m [1;30mINFO[0m Creating prefix chain script '/home/mrmnavjet/IRC2026/ircWS/install/setup.ps1'
[57.932s] [34mcolcon.colcon_core.shell[0m [1;30mINFO[0m Creating prefix script '/home/mrmnavjet/IRC2026/ircWS/install/local_setup.sh'
[57.935s] [34mcolcon.colcon_core.shell[0m [1;30mINFO[0m Creating prefix util module '/home/mrmnavjet/IRC2026/ircWS/install/_local_setup_util_sh.py'
[57.937s] [34mcolcon.colcon_core.shell[0m [1;30mINFO[0m Creating prefix chain script '/home/mrmnavjet/IRC2026/ircWS/install/setup.sh'
[57.943s] [34mcolcon.colcon_core.shell[0m [1;30mINFO[0m Creating prefix script '/home/mrmnavjet/IRC2026/ircWS/install/local_setup.bash'
[57.945s] [34mcolcon.colcon_core.shell[0m [1;30mINFO[0m Creating prefix chain script '/home/mrmnavjet/IRC2026/ircWS/install/setup.bash'
[57.951s] [34mcolcon.colcon_core.shell[0m [1;30mINFO[0m Creating prefix script '/home/mrmnavjet/IRC2026/ircWS/install/local_setup.zsh'
[57.952s] [34mcolcon.colcon_core.shell[0m [1;30mINFO[0m Creating prefix chain script '/home/mrmnavjet/IRC2026/ircWS/install/setup.zsh'
