[0.037s] Invoking command in '/home/mrmnavjet/IRC2026/ircWS/build/custom_msgs': CMAKE_PREFIX_PATH=${CMAKE_PREFIX_PATH}:/home/mrmnavjet/IRC2026/ircWS/install/yolo:/home/mrmnavjet/IRC2026/ircWS/install/gps:/home/mrmnavjet/test/ERC2025/install/leo_nodes:/home/mrmnavjet/test/ERC2025/install/gps:/opt/ros/humble /usr/bin/cmake --build /home/mrmnavjet/IRC2026/ircWS/build/custom_msgs -- -j6 -l6
[0.181s] [  1%] Built target custom_msgs__cpp
[0.186s] [ 12%] Built target custom_msgs__rosidl_generator_c
[0.203s] [ 12%] Built target ament_cmake_python_copy_custom_msgs
[0.260s] [ 23%] Built target custom_msgs__rosidl_typesupport_fastrtps_cpp
[0.270s] [ 34%] Built target custom_msgs__rosidl_typesupport_introspection_cpp
[0.281s] [ 46%] Built target custom_msgs__rosidl_typesupport_introspection_c
[0.287s] [ 57%] Built target custom_msgs__rosidl_typesupport_cpp
[0.306s] [ 68%] Built target custom_msgs__rosidl_typesupport_fastrtps_c
[0.311s] [ 79%] Built target custom_msgs__rosidl_typesupport_c
[0.365s] [ 79%] Built target custom_msgs
[0.430s] [ 80%] Built target custom_msgs__py
[0.507s] [ 90%] Built target custom_msgs__rosidl_generator_py
[0.559s] [ 93%] Built target custom_msgs__rosidl_typesupport_fastrtps_c__pyext
[0.581s] [ 96%] Built target custom_msgs__rosidl_typesupport_introspection_c__pyext
[0.585s] [100%] Built target custom_msgs__rosidl_typesupport_c__pyext
[0.886s] running egg_info
[0.932s] writing custom_msgs.egg-info/PKG-INFO
[0.934s] writing dependency_links to custom_msgs.egg-info/dependency_links.txt
[0.934s] writing top-level names to custom_msgs.egg-info/top_level.txt
[1.070s] reading manifest file 'custom_msgs.egg-info/SOURCES.txt'
[1.072s] writing manifest file 'custom_msgs.egg-info/SOURCES.txt'
[1.171s] [100%] Built target ament_cmake_python_build_custom_msgs_egg
[1.202s] Invoked command in '/home/mrmnavjet/IRC2026/ircWS/build/custom_msgs' returned '0': CMAKE_PREFIX_PATH=${CMAKE_PREFIX_PATH}:/home/mrmnavjet/IRC2026/ircWS/install/yolo:/home/mrmnavjet/IRC2026/ircWS/install/gps:/home/mrmnavjet/test/ERC2025/install/leo_nodes:/home/mrmnavjet/test/ERC2025/install/gps:/opt/ros/humble /usr/bin/cmake --build /home/mrmnavjet/IRC2026/ircWS/build/custom_msgs -- -j6 -l6
[1.224s] Invoking command in '/home/mrmnavjet/IRC2026/ircWS/build/custom_msgs': CMAKE_PREFIX_PATH=${CMAKE_PREFIX_PATH}:/home/mrmnavjet/IRC2026/ircWS/install/yolo:/home/mrmnavjet/IRC2026/ircWS/install/gps:/home/mrmnavjet/test/ERC2025/install/leo_nodes:/home/mrmnavjet/test/ERC2025/install/gps:/opt/ros/humble /usr/bin/cmake --install /home/mrmnavjet/IRC2026/ircWS/build/custom_msgs
[1.245s] -- Install configuration: ""
[1.245s] -- Up-to-date: /home/mrmnavjet/IRC2026/ircWS/install/custom_msgs/share/ament_index/resource_index/rosidl_interfaces/custom_msgs
[1.245s] -- Up-to-date: /home/mrmnavjet/IRC2026/ircWS/install/custom_msgs/include/custom_msgs/custom_msgs
[1.246s] -- Up-to-date: /home/mrmnavjet/IRC2026/ircWS/install/custom_msgs/include/custom_msgs/custom_msgs/msg
[1.246s] -- Up-to-date: /home/mrmnavjet/IRC2026/ircWS/install/custom_msgs/include/custom_msgs/custom_msgs/msg/rosidl_generator_c__visibility_control.h
[1.246s] -- Up-to-date: /home/mrmnavjet/IRC2026/ircWS/install/custom_msgs/include/custom_msgs/custom_msgs/msg/gps_details.h
[1.247s] -- Up-to-date: /home/mrmnavjet/IRC2026/ircWS/install/custom_msgs/include/custom_msgs/custom_msgs/msg/marker_tag.h
[1.247s] -- Up-to-date: /home/mrmnavjet/IRC2026/ircWS/install/custom_msgs/include/custom_msgs/custom_msgs/msg/gui_command.h
[1.247s] -- Up-to-date: /home/mrmnavjet/IRC2026/ircWS/install/custom_msgs/include/custom_msgs/custom_msgs/msg/detail
[1.247s] -- Up-to-date: /home/mrmnavjet/IRC2026/ircWS/install/custom_msgs/include/custom_msgs/custom_msgs/msg/detail/gps_details__functions.c
[1.247s] -- Up-to-date: /home/mrmnavjet/IRC2026/ircWS/install/custom_msgs/include/custom_msgs/custom_msgs/msg/detail/marker_tag__functions.h
[1.247s] -- Up-to-date: /home/mrmnavjet/IRC2026/ircWS/install/custom_msgs/include/custom_msgs/custom_msgs/msg/detail/marker_tag__type_support.h
[1.248s] -- Up-to-date: /home/mrmnavjet/IRC2026/ircWS/install/custom_msgs/include/custom_msgs/custom_msgs/msg/detail/gps_details__type_support.h
[1.248s] -- Up-to-date: /home/mrmnavjet/IRC2026/ircWS/install/custom_msgs/include/custom_msgs/custom_msgs/msg/detail/gui_command__type_support.h
[1.248s] -- Up-to-date: /home/mrmnavjet/IRC2026/ircWS/install/custom_msgs/include/custom_msgs/custom_msgs/msg/detail/gps_details__functions.h
[1.248s] -- Up-to-date: /home/mrmnavjet/IRC2026/ircWS/install/custom_msgs/include/custom_msgs/custom_msgs/msg/detail/gui_command__functions.h
[1.250s] -- Up-to-date: /home/mrmnavjet/IRC2026/ircWS/install/custom_msgs/include/custom_msgs/custom_msgs/msg/detail/gui_command__functions.c
[1.250s] -- Up-to-date: /home/mrmnavjet/IRC2026/ircWS/install/custom_msgs/include/custom_msgs/custom_msgs/msg/detail/planner_status__functions.h
[1.250s] -- Up-to-date: /home/mrmnavjet/IRC2026/ircWS/install/custom_msgs/include/custom_msgs/custom_msgs/msg/detail/imu_data__functions.h
[1.250s] -- Up-to-date: /home/mrmnavjet/IRC2026/ircWS/install/custom_msgs/include/custom_msgs/custom_msgs/msg/detail/marker_tag__functions.c
[1.251s] -- Up-to-date: /home/mrmnavjet/IRC2026/ircWS/install/custom_msgs/include/custom_msgs/custom_msgs/msg/detail/marker_tag__struct.h
[1.251s] -- Up-to-date: /home/mrmnavjet/IRC2026/ircWS/install/custom_msgs/include/custom_msgs/custom_msgs/msg/detail/planner_status__functions.c
[1.251s] -- Up-to-date: /home/mrmnavjet/IRC2026/ircWS/install/custom_msgs/include/custom_msgs/custom_msgs/msg/detail/gps_details__struct.h
[1.251s] -- Up-to-date: /home/mrmnavjet/IRC2026/ircWS/install/custom_msgs/include/custom_msgs/custom_msgs/msg/detail/imu_data__functions.c
[1.251s] -- Up-to-date: /home/mrmnavjet/IRC2026/ircWS/install/custom_msgs/include/custom_msgs/custom_msgs/msg/detail/imu_data__type_support.h
[1.251s] -- Up-to-date: /home/mrmnavjet/IRC2026/ircWS/install/custom_msgs/include/custom_msgs/custom_msgs/msg/detail/imu_data__struct.h
[1.251s] -- Up-to-date: /home/mrmnavjet/IRC2026/ircWS/install/custom_msgs/include/custom_msgs/custom_msgs/msg/detail/planner_status__type_support.h
[1.253s] -- Up-to-date: /home/mrmnavjet/IRC2026/ircWS/install/custom_msgs/include/custom_msgs/custom_msgs/msg/detail/planner_status__struct.h
[1.253s] -- Up-to-date: /home/mrmnavjet/IRC2026/ircWS/install/custom_msgs/include/custom_msgs/custom_msgs/msg/detail/gui_command__struct.h
[1.253s] -- Up-to-date: /home/mrmnavjet/IRC2026/ircWS/install/custom_msgs/include/custom_msgs/custom_msgs/msg/planner_status.h
[1.254s] -- Up-to-date: /home/mrmnavjet/IRC2026/ircWS/install/custom_msgs/include/custom_msgs/custom_msgs/msg/imu_data.h
[1.254s] -- Up-to-date: /home/mrmnavjet/IRC2026/ircWS/install/custom_msgs/share/custom_msgs/environment/library_path.sh
[1.254s] -- Up-to-date: /home/mrmnavjet/IRC2026/ircWS/install/custom_msgs/share/custom_msgs/environment/library_path.dsv
[1.255s] -- Up-to-date: /home/mrmnavjet/IRC2026/ircWS/install/custom_msgs/lib/libcustom_msgs__rosidl_generator_c.so
[1.255s] -- Up-to-date: /home/mrmnavjet/IRC2026/ircWS/install/custom_msgs/include/custom_msgs/custom_msgs
[1.255s] -- Up-to-date: /home/mrmnavjet/IRC2026/ircWS/install/custom_msgs/include/custom_msgs/custom_msgs/msg
[1.255s] -- Up-to-date: /home/mrmnavjet/IRC2026/ircWS/install/custom_msgs/include/custom_msgs/custom_msgs/msg/detail
[1.255s] -- Up-to-date: /home/mrmnavjet/IRC2026/ircWS/install/custom_msgs/include/custom_msgs/custom_msgs/msg/detail/gps_details__rosidl_typesupport_fastrtps_c.h
[1.256s] -- Up-to-date: /home/mrmnavjet/IRC2026/ircWS/install/custom_msgs/include/custom_msgs/custom_msgs/msg/detail/gui_command__rosidl_typesupport_fastrtps_c.h
[1.256s] -- Up-to-date: /home/mrmnavjet/IRC2026/ircWS/install/custom_msgs/include/custom_msgs/custom_msgs/msg/detail/imu_data__rosidl_typesupport_fastrtps_c.h
[1.256s] -- Up-to-date: /home/mrmnavjet/IRC2026/ircWS/install/custom_msgs/include/custom_msgs/custom_msgs/msg/detail/planner_status__rosidl_typesupport_fastrtps_c.h
[1.257s] -- Up-to-date: /home/mrmnavjet/IRC2026/ircWS/install/custom_msgs/include/custom_msgs/custom_msgs/msg/detail/marker_tag__rosidl_typesupport_fastrtps_c.h
[1.259s] -- Up-to-date: /home/mrmnavjet/IRC2026/ircWS/install/custom_msgs/include/custom_msgs/custom_msgs/msg/rosidl_typesupport_fastrtps_c__visibility_control.h
[1.260s] -- Up-to-date: /home/mrmnavjet/IRC2026/ircWS/install/custom_msgs/lib/libcustom_msgs__rosidl_typesupport_fastrtps_c.so
[1.261s] -- Up-to-date: /home/mrmnavjet/IRC2026/ircWS/install/custom_msgs/include/custom_msgs/custom_msgs
[1.262s] -- Up-to-date: /home/mrmnavjet/IRC2026/ircWS/install/custom_msgs/include/custom_msgs/custom_msgs/msg
[1.264s] -- Up-to-date: /home/mrmnavjet/IRC2026/ircWS/install/custom_msgs/include/custom_msgs/custom_msgs/msg/detail
[1.264s] -- Up-to-date: /home/mrmnavjet/IRC2026/ircWS/install/custom_msgs/include/custom_msgs/custom_msgs/msg/detail/imu_data__rosidl_typesupport_introspection_c.h
[1.264s] -- Up-to-date: /home/mrmnavjet/IRC2026/ircWS/install/custom_msgs/include/custom_msgs/custom_msgs/msg/detail/imu_data__type_support.c
[1.266s] -- Up-to-date: /home/mrmnavjet/IRC2026/ircWS/install/custom_msgs/include/custom_msgs/custom_msgs/msg/detail/gui_command__rosidl_typesupport_introspection_c.h
[1.267s] -- Up-to-date: /home/mrmnavjet/IRC2026/ircWS/install/custom_msgs/include/custom_msgs/custom_msgs/msg/detail/marker_tag__rosidl_typesupport_introspection_c.h
[1.267s] -- Up-to-date: /home/mrmnavjet/IRC2026/ircWS/install/custom_msgs/include/custom_msgs/custom_msgs/msg/detail/gps_details__rosidl_typesupport_introspection_c.h
[1.267s] -- Up-to-date: /home/mrmnavjet/IRC2026/ircWS/install/custom_msgs/include/custom_msgs/custom_msgs/msg/detail/gui_command__type_support.c
[1.267s] -- Up-to-date: /home/mrmnavjet/IRC2026/ircWS/install/custom_msgs/include/custom_msgs/custom_msgs/msg/detail/planner_status__type_support.c
[1.268s] -- Up-to-date: /home/mrmnavjet/IRC2026/ircWS/install/custom_msgs/include/custom_msgs/custom_msgs/msg/detail/gps_details__type_support.c
[1.268s] -- Up-to-date: /home/mrmnavjet/IRC2026/ircWS/install/custom_msgs/include/custom_msgs/custom_msgs/msg/detail/planner_status__rosidl_typesupport_introspection_c.h
[1.269s] -- Up-to-date: /home/mrmnavjet/IRC2026/ircWS/install/custom_msgs/include/custom_msgs/custom_msgs/msg/detail/marker_tag__type_support.c
[1.269s] -- Up-to-date: /home/mrmnavjet/IRC2026/ircWS/install/custom_msgs/include/custom_msgs/custom_msgs/msg/rosidl_typesupport_introspection_c__visibility_control.h
[1.269s] -- Up-to-date: /home/mrmnavjet/IRC2026/ircWS/install/custom_msgs/lib/libcustom_msgs__rosidl_typesupport_introspection_c.so
[1.269s] -- Up-to-date: /home/mrmnavjet/IRC2026/ircWS/install/custom_msgs/lib/libcustom_msgs__rosidl_typesupport_c.so
[1.270s] -- Up-to-date: /home/mrmnavjet/IRC2026/ircWS/install/custom_msgs/include/custom_msgs/custom_msgs
[1.270s] -- Up-to-date: /home/mrmnavjet/IRC2026/ircWS/install/custom_msgs/include/custom_msgs/custom_msgs/msg
[1.270s] -- Up-to-date: /home/mrmnavjet/IRC2026/ircWS/install/custom_msgs/include/custom_msgs/custom_msgs/msg/planner_status.hpp
[1.270s] -- Up-to-date: /home/mrmnavjet/IRC2026/ircWS/install/custom_msgs/include/custom_msgs/custom_msgs/msg/imu_data.hpp
[1.271s] -- Up-to-date: /home/mrmnavjet/IRC2026/ircWS/install/custom_msgs/include/custom_msgs/custom_msgs/msg/marker_tag.hpp
[1.271s] -- Up-to-date: /home/mrmnavjet/IRC2026/ircWS/install/custom_msgs/include/custom_msgs/custom_msgs/msg/detail
[1.271s] -- Up-to-date: /home/mrmnavjet/IRC2026/ircWS/install/custom_msgs/include/custom_msgs/custom_msgs/msg/detail/imu_data__builder.hpp
[1.271s] -- Up-to-date: /home/mrmnavjet/IRC2026/ircWS/install/custom_msgs/include/custom_msgs/custom_msgs/msg/detail/gui_command__struct.hpp
[1.272s] -- Up-to-date: /home/mrmnavjet/IRC2026/ircWS/install/custom_msgs/include/custom_msgs/custom_msgs/msg/detail/planner_status__type_support.hpp
[1.272s] -- Up-to-date: /home/mrmnavjet/IRC2026/ircWS/install/custom_msgs/include/custom_msgs/custom_msgs/msg/detail/marker_tag__builder.hpp
[1.272s] -- Up-to-date: /home/mrmnavjet/IRC2026/ircWS/install/custom_msgs/include/custom_msgs/custom_msgs/msg/detail/gps_details__traits.hpp
[1.272s] -- Up-to-date: /home/mrmnavjet/IRC2026/ircWS/install/custom_msgs/include/custom_msgs/custom_msgs/msg/detail/gps_details__struct.hpp
[1.272s] -- Up-to-date: /home/mrmnavjet/IRC2026/ircWS/install/custom_msgs/include/custom_msgs/custom_msgs/msg/detail/gui_command__type_support.hpp
[1.273s] -- Up-to-date: /home/mrmnavjet/IRC2026/ircWS/install/custom_msgs/include/custom_msgs/custom_msgs/msg/detail/marker_tag__struct.hpp
[1.273s] -- Up-to-date: /home/mrmnavjet/IRC2026/ircWS/install/custom_msgs/include/custom_msgs/custom_msgs/msg/detail/imu_data__struct.hpp
[1.273s] -- Up-to-date: /home/mrmnavjet/IRC2026/ircWS/install/custom_msgs/include/custom_msgs/custom_msgs/msg/detail/imu_data__type_support.hpp
[1.273s] -- Up-to-date: /home/mrmnavjet/IRC2026/ircWS/install/custom_msgs/include/custom_msgs/custom_msgs/msg/detail/gps_details__type_support.hpp
[1.274s] -- Up-to-date: /home/mrmnavjet/IRC2026/ircWS/install/custom_msgs/include/custom_msgs/custom_msgs/msg/detail/marker_tag__traits.hpp
[1.274s] -- Up-to-date: /home/mrmnavjet/IRC2026/ircWS/install/custom_msgs/include/custom_msgs/custom_msgs/msg/detail/marker_tag__type_support.hpp
[1.274s] -- Up-to-date: /home/mrmnavjet/IRC2026/ircWS/install/custom_msgs/include/custom_msgs/custom_msgs/msg/detail/imu_data__traits.hpp
[1.274s] -- Up-to-date: /home/mrmnavjet/IRC2026/ircWS/install/custom_msgs/include/custom_msgs/custom_msgs/msg/detail/planner_status__builder.hpp
[1.274s] -- Up-to-date: /home/mrmnavjet/IRC2026/ircWS/install/custom_msgs/include/custom_msgs/custom_msgs/msg/detail/planner_status__struct.hpp
[1.275s] -- Up-to-date: /home/mrmnavjet/IRC2026/ircWS/install/custom_msgs/include/custom_msgs/custom_msgs/msg/detail/planner_status__traits.hpp
[1.275s] -- Up-to-date: /home/mrmnavjet/IRC2026/ircWS/install/custom_msgs/include/custom_msgs/custom_msgs/msg/detail/gps_details__builder.hpp
[1.275s] -- Up-to-date: /home/mrmnavjet/IRC2026/ircWS/install/custom_msgs/include/custom_msgs/custom_msgs/msg/detail/gui_command__traits.hpp
[1.275s] -- Up-to-date: /home/mrmnavjet/IRC2026/ircWS/install/custom_msgs/include/custom_msgs/custom_msgs/msg/detail/gui_command__builder.hpp
[1.276s] -- Up-to-date: /home/mrmnavjet/IRC2026/ircWS/install/custom_msgs/include/custom_msgs/custom_msgs/msg/gps_details.hpp
[1.276s] -- Up-to-date: /home/mrmnavjet/IRC2026/ircWS/install/custom_msgs/include/custom_msgs/custom_msgs/msg/gui_command.hpp
[1.276s] -- Up-to-date: /home/mrmnavjet/IRC2026/ircWS/install/custom_msgs/include/custom_msgs/custom_msgs/msg/rosidl_generator_cpp__visibility_control.hpp
[1.276s] -- Up-to-date: /home/mrmnavjet/IRC2026/ircWS/install/custom_msgs/include/custom_msgs/custom_msgs
[1.277s] -- Up-to-date: /home/mrmnavjet/IRC2026/ircWS/install/custom_msgs/include/custom_msgs/custom_msgs/msg
[1.277s] -- Up-to-date: /home/mrmnavjet/IRC2026/ircWS/install/custom_msgs/include/custom_msgs/custom_msgs/msg/detail
[1.277s] -- Up-to-date: /home/mrmnavjet/IRC2026/ircWS/install/custom_msgs/include/custom_msgs/custom_msgs/msg/detail/marker_tag__rosidl_typesupport_fastrtps_cpp.hpp
[1.277s] -- Up-to-date: /home/mrmnavjet/IRC2026/ircWS/install/custom_msgs/include/custom_msgs/custom_msgs/msg/detail/gps_details__rosidl_typesupport_fastrtps_cpp.hpp
[1.277s] -- Up-to-date: /home/mrmnavjet/IRC2026/ircWS/install/custom_msgs/include/custom_msgs/custom_msgs/msg/detail/imu_data__rosidl_typesupport_fastrtps_cpp.hpp
[1.278s] -- Up-to-date: /home/mrmnavjet/IRC2026/ircWS/install/custom_msgs/include/custom_msgs/custom_msgs/msg/detail/dds_fastrtps
[1.279s] -- Up-to-date: /home/mrmnavjet/IRC2026/ircWS/install/custom_msgs/include/custom_msgs/custom_msgs/msg/detail/planner_status__rosidl_typesupport_fastrtps_cpp.hpp
[1.279s] -- Up-to-date: /home/mrmnavjet/IRC2026/ircWS/install/custom_msgs/include/custom_msgs/custom_msgs/msg/detail/gui_command__rosidl_typesupport_fastrtps_cpp.hpp
[1.279s] -- Up-to-date: /home/mrmnavjet/IRC2026/ircWS/install/custom_msgs/include/custom_msgs/custom_msgs/msg/rosidl_typesupport_fastrtps_cpp__visibility_control.h
[1.279s] -- Up-to-date: /home/mrmnavjet/IRC2026/ircWS/install/custom_msgs/lib/libcustom_msgs__rosidl_typesupport_fastrtps_cpp.so
[1.280s] -- Up-to-date: /home/mrmnavjet/IRC2026/ircWS/install/custom_msgs/include/custom_msgs/custom_msgs
[1.280s] -- Up-to-date: /home/mrmnavjet/IRC2026/ircWS/install/custom_msgs/include/custom_msgs/custom_msgs/msg
[1.280s] -- Up-to-date: /home/mrmnavjet/IRC2026/ircWS/install/custom_msgs/include/custom_msgs/custom_msgs/msg/detail
[1.280s] -- Up-to-date: /home/mrmnavjet/IRC2026/ircWS/install/custom_msgs/include/custom_msgs/custom_msgs/msg/detail/marker_tag__rosidl_typesupport_introspection_cpp.hpp
[1.281s] -- Up-to-date: /home/mrmnavjet/IRC2026/ircWS/install/custom_msgs/include/custom_msgs/custom_msgs/msg/detail/gui_command__rosidl_typesupport_introspection_cpp.hpp
[1.281s] -- Up-to-date: /home/mrmnavjet/IRC2026/ircWS/install/custom_msgs/include/custom_msgs/custom_msgs/msg/detail/planner_status__rosidl_typesupport_introspection_cpp.hpp
[1.281s] -- Up-to-date: /home/mrmnavjet/IRC2026/ircWS/install/custom_msgs/include/custom_msgs/custom_msgs/msg/detail/imu_data__type_support.cpp
[1.281s] -- Up-to-date: /home/mrmnavjet/IRC2026/ircWS/install/custom_msgs/include/custom_msgs/custom_msgs/msg/detail/imu_data__rosidl_typesupport_introspection_cpp.hpp
[1.281s] -- Up-to-date: /home/mrmnavjet/IRC2026/ircWS/install/custom_msgs/include/custom_msgs/custom_msgs/msg/detail/planner_status__type_support.cpp
[1.282s] -- Up-to-date: /home/mrmnavjet/IRC2026/ircWS/install/custom_msgs/include/custom_msgs/custom_msgs/msg/detail/gui_command__type_support.cpp
[1.282s] -- Up-to-date: /home/mrmnavjet/IRC2026/ircWS/install/custom_msgs/include/custom_msgs/custom_msgs/msg/detail/gps_details__rosidl_typesupport_introspection_cpp.hpp
[1.282s] -- Up-to-date: /home/mrmnavjet/IRC2026/ircWS/install/custom_msgs/include/custom_msgs/custom_msgs/msg/detail/marker_tag__type_support.cpp
[1.282s] -- Up-to-date: /home/mrmnavjet/IRC2026/ircWS/install/custom_msgs/include/custom_msgs/custom_msgs/msg/detail/gps_details__type_support.cpp
[1.283s] -- Up-to-date: /home/mrmnavjet/IRC2026/ircWS/install/custom_msgs/lib/libcustom_msgs__rosidl_typesupport_introspection_cpp.so
[1.283s] -- Up-to-date: /home/mrmnavjet/IRC2026/ircWS/install/custom_msgs/lib/libcustom_msgs__rosidl_typesupport_cpp.so
[1.283s] -- Up-to-date: /home/mrmnavjet/IRC2026/ircWS/install/custom_msgs/share/custom_msgs/environment/pythonpath.sh
[1.283s] -- Up-to-date: /home/mrmnavjet/IRC2026/ircWS/install/custom_msgs/share/custom_msgs/environment/pythonpath.dsv
[1.284s] -- Up-to-date: /home/mrmnavjet/IRC2026/ircWS/install/custom_msgs/local/lib/python3.10/dist-packages/custom_msgs-0.0.1-py3.10.egg-info
[1.284s] -- Installing: /home/mrmnavjet/IRC2026/ircWS/install/custom_msgs/local/lib/python3.10/dist-packages/custom_msgs-0.0.1-py3.10.egg-info/dependency_links.txt
[1.284s] -- Installing: /home/mrmnavjet/IRC2026/ircWS/install/custom_msgs/local/lib/python3.10/dist-packages/custom_msgs-0.0.1-py3.10.egg-info/SOURCES.txt
[1.284s] -- Installing: /home/mrmnavjet/IRC2026/ircWS/install/custom_msgs/local/lib/python3.10/dist-packages/custom_msgs-0.0.1-py3.10.egg-info/PKG-INFO
[1.285s] -- Installing: /home/mrmnavjet/IRC2026/ircWS/install/custom_msgs/local/lib/python3.10/dist-packages/custom_msgs-0.0.1-py3.10.egg-info/top_level.txt
[1.285s] -- Up-to-date: /home/mrmnavjet/IRC2026/ircWS/install/custom_msgs/local/lib/python3.10/dist-packages/custom_msgs
[1.285s] -- Up-to-date: /home/mrmnavjet/IRC2026/ircWS/install/custom_msgs/local/lib/python3.10/dist-packages/custom_msgs/_custom_msgs_s.ep.rosidl_typesupport_c.c
[1.285s] -- Up-to-date: /home/mrmnavjet/IRC2026/ircWS/install/custom_msgs/local/lib/python3.10/dist-packages/custom_msgs/__init__.py
[1.286s] -- Up-to-date: /home/mrmnavjet/IRC2026/ircWS/install/custom_msgs/local/lib/python3.10/dist-packages/custom_msgs/custom_msgs_s__rosidl_typesupport_c.cpython-310-aarch64-linux-gnu.so
[1.286s] -- Up-to-date: /home/mrmnavjet/IRC2026/ircWS/install/custom_msgs/local/lib/python3.10/dist-packages/custom_msgs/_custom_msgs_s.ep.rosidl_typesupport_fastrtps_c.c
[1.286s] -- Up-to-date: /home/mrmnavjet/IRC2026/ircWS/install/custom_msgs/local/lib/python3.10/dist-packages/custom_msgs/_custom_msgs_s.ep.rosidl_typesupport_introspection_c.c
[1.286s] -- Up-to-date: /home/mrmnavjet/IRC2026/ircWS/install/custom_msgs/local/lib/python3.10/dist-packages/custom_msgs/custom_msgs_s__rosidl_typesupport_introspection_c.cpython-310-aarch64-linux-gnu.so
[1.287s] -- Up-to-date: /home/mrmnavjet/IRC2026/ircWS/install/custom_msgs/local/lib/python3.10/dist-packages/custom_msgs/custom_msgs_s__rosidl_typesupport_fastrtps_c.cpython-310-aarch64-linux-gnu.so
[1.287s] -- Up-to-date: /home/mrmnavjet/IRC2026/ircWS/install/custom_msgs/local/lib/python3.10/dist-packages/custom_msgs/msg
[1.287s] -- Up-to-date: /home/mrmnavjet/IRC2026/ircWS/install/custom_msgs/local/lib/python3.10/dist-packages/custom_msgs/msg/_imu_data.py
[1.287s] -- Up-to-date: /home/mrmnavjet/IRC2026/ircWS/install/custom_msgs/local/lib/python3.10/dist-packages/custom_msgs/msg/_gui_command_s.c
[1.288s] -- Up-to-date: /home/mrmnavjet/IRC2026/ircWS/install/custom_msgs/local/lib/python3.10/dist-packages/custom_msgs/msg/_gps_details.py
[1.288s] -- Up-to-date: /home/mrmnavjet/IRC2026/ircWS/install/custom_msgs/local/lib/python3.10/dist-packages/custom_msgs/msg/__init__.py
[1.289s] -- Up-to-date: /home/mrmnavjet/IRC2026/ircWS/install/custom_msgs/local/lib/python3.10/dist-packages/custom_msgs/msg/_gps_details_s.c
[1.289s] -- Up-to-date: /home/mrmnavjet/IRC2026/ircWS/install/custom_msgs/local/lib/python3.10/dist-packages/custom_msgs/msg/_imu_data_s.c
[1.289s] -- Up-to-date: /home/mrmnavjet/IRC2026/ircWS/install/custom_msgs/local/lib/python3.10/dist-packages/custom_msgs/msg/_marker_tag.py
[1.289s] -- Up-to-date: /home/mrmnavjet/IRC2026/ircWS/install/custom_msgs/local/lib/python3.10/dist-packages/custom_msgs/msg/_planner_status.py
[1.290s] -- Up-to-date: /home/mrmnavjet/IRC2026/ircWS/install/custom_msgs/local/lib/python3.10/dist-packages/custom_msgs/msg/_gui_command.py
[1.290s] -- Up-to-date: /home/mrmnavjet/IRC2026/ircWS/install/custom_msgs/local/lib/python3.10/dist-packages/custom_msgs/msg/_marker_tag_s.c
[1.290s] -- Up-to-date: /home/mrmnavjet/IRC2026/ircWS/install/custom_msgs/local/lib/python3.10/dist-packages/custom_msgs/msg/_planner_status_s.c
[1.290s] -- Up-to-date: /home/mrmnavjet/IRC2026/ircWS/install/custom_msgs/local/lib/python3.10/dist-packages/custom_msgs/libcustom_msgs__rosidl_generator_py.so
[1.345s] Listing '/home/mrmnavjet/IRC2026/ircWS/install/custom_msgs/local/lib/python3.10/dist-packages/custom_msgs'...
[1.345s] Listing '/home/mrmnavjet/IRC2026/ircWS/install/custom_msgs/local/lib/python3.10/dist-packages/custom_msgs/msg'...
[1.358s] -- Up-to-date: /home/mrmnavjet/IRC2026/ircWS/install/custom_msgs/local/lib/python3.10/dist-packages/custom_msgs/custom_msgs_s__rosidl_typesupport_fastrtps_c.cpython-310-aarch64-linux-gnu.so
[1.359s] -- Up-to-date: /home/mrmnavjet/IRC2026/ircWS/install/custom_msgs/local/lib/python3.10/dist-packages/custom_msgs/custom_msgs_s__rosidl_typesupport_introspection_c.cpython-310-aarch64-linux-gnu.so
[1.359s] -- Up-to-date: /home/mrmnavjet/IRC2026/ircWS/install/custom_msgs/local/lib/python3.10/dist-packages/custom_msgs/custom_msgs_s__rosidl_typesupport_c.cpython-310-aarch64-linux-gnu.so
[1.362s] -- Up-to-date: /home/mrmnavjet/IRC2026/ircWS/install/custom_msgs/lib/libcustom_msgs__rosidl_generator_py.so
[1.363s] -- Up-to-date: /home/mrmnavjet/IRC2026/ircWS/install/custom_msgs/share/custom_msgs/msg/MarkerTag.idl
[1.363s] -- Up-to-date: /home/mrmnavjet/IRC2026/ircWS/install/custom_msgs/share/custom_msgs/msg/ImuData.idl
[1.364s] -- Up-to-date: /home/mrmnavjet/IRC2026/ircWS/install/custom_msgs/share/custom_msgs/msg/GuiCommand.idl
[1.364s] -- Up-to-date: /home/mrmnavjet/IRC2026/ircWS/install/custom_msgs/share/custom_msgs/msg/PlannerStatus.idl
[1.365s] -- Up-to-date: /home/mrmnavjet/IRC2026/ircWS/install/custom_msgs/share/custom_msgs/msg/GpsDetails.idl
[1.365s] -- Up-to-date: /home/mrmnavjet/IRC2026/ircWS/install/custom_msgs/share/custom_msgs/msg/MarkerTag.msg
[1.365s] -- Up-to-date: /home/mrmnavjet/IRC2026/ircWS/install/custom_msgs/share/custom_msgs/msg/ImuData.msg
[1.366s] -- Up-to-date: /home/mrmnavjet/IRC2026/ircWS/install/custom_msgs/share/custom_msgs/msg/GuiCommand.msg
[1.366s] -- Up-to-date: /home/mrmnavjet/IRC2026/ircWS/install/custom_msgs/share/custom_msgs/msg/PlannerStatus.msg
[1.366s] -- Up-to-date: /home/mrmnavjet/IRC2026/ircWS/install/custom_msgs/share/custom_msgs/msg/GpsDetails.msg
[1.367s] -- Up-to-date: /home/mrmnavjet/IRC2026/ircWS/install/custom_msgs/share/ament_index/resource_index/package_run_dependencies/custom_msgs
[1.367s] -- Up-to-date: /home/mrmnavjet/IRC2026/ircWS/install/custom_msgs/share/ament_index/resource_index/parent_prefix_path/custom_msgs
[1.368s] -- Up-to-date: /home/mrmnavjet/IRC2026/ircWS/install/custom_msgs/share/custom_msgs/environment/ament_prefix_path.sh
[1.371s] -- Up-to-date: /home/mrmnavjet/IRC2026/ircWS/install/custom_msgs/share/custom_msgs/environment/ament_prefix_path.dsv
[1.372s] -- Up-to-date: /home/mrmnavjet/IRC2026/ircWS/install/custom_msgs/share/custom_msgs/environment/path.sh
[1.372s] -- Up-to-date: /home/mrmnavjet/IRC2026/ircWS/install/custom_msgs/share/custom_msgs/environment/path.dsv
[1.372s] -- Up-to-date: /home/mrmnavjet/IRC2026/ircWS/install/custom_msgs/share/custom_msgs/local_setup.bash
[1.373s] -- Up-to-date: /home/mrmnavjet/IRC2026/ircWS/install/custom_msgs/share/custom_msgs/local_setup.sh
[1.373s] -- Up-to-date: /home/mrmnavjet/IRC2026/ircWS/install/custom_msgs/share/custom_msgs/local_setup.zsh
[1.375s] -- Up-to-date: /home/mrmnavjet/IRC2026/ircWS/install/custom_msgs/share/custom_msgs/local_setup.dsv
[1.376s] -- Installing: /home/mrmnavjet/IRC2026/ircWS/install/custom_msgs/share/custom_msgs/package.dsv
[1.377s] -- Up-to-date: /home/mrmnavjet/IRC2026/ircWS/install/custom_msgs/share/ament_index/resource_index/packages/custom_msgs
[1.377s] -- Up-to-date: /home/mrmnavjet/IRC2026/ircWS/install/custom_msgs/share/custom_msgs/cmake/export_custom_msgs__rosidl_generator_cExport.cmake
[1.378s] -- Up-to-date: /home/mrmnavjet/IRC2026/ircWS/install/custom_msgs/share/custom_msgs/cmake/export_custom_msgs__rosidl_generator_cExport-noconfig.cmake
[1.379s] -- Up-to-date: /home/mrmnavjet/IRC2026/ircWS/install/custom_msgs/share/custom_msgs/cmake/export_custom_msgs__rosidl_typesupport_fastrtps_cExport.cmake
[1.380s] -- Up-to-date: /home/mrmnavjet/IRC2026/ircWS/install/custom_msgs/share/custom_msgs/cmake/export_custom_msgs__rosidl_typesupport_fastrtps_cExport-noconfig.cmake
[1.381s] -- Up-to-date: /home/mrmnavjet/IRC2026/ircWS/install/custom_msgs/share/custom_msgs/cmake/custom_msgs__rosidl_typesupport_introspection_cExport.cmake
[1.381s] -- Up-to-date: /home/mrmnavjet/IRC2026/ircWS/install/custom_msgs/share/custom_msgs/cmake/custom_msgs__rosidl_typesupport_introspection_cExport-noconfig.cmake
[1.382s] -- Up-to-date: /home/mrmnavjet/IRC2026/ircWS/install/custom_msgs/share/custom_msgs/cmake/custom_msgs__rosidl_typesupport_cExport.cmake
[1.382s] -- Up-to-date: /home/mrmnavjet/IRC2026/ircWS/install/custom_msgs/share/custom_msgs/cmake/custom_msgs__rosidl_typesupport_cExport-noconfig.cmake
[1.382s] -- Up-to-date: /home/mrmnavjet/IRC2026/ircWS/install/custom_msgs/share/custom_msgs/cmake/export_custom_msgs__rosidl_generator_cppExport.cmake
[1.383s] -- Up-to-date: /home/mrmnavjet/IRC2026/ircWS/install/custom_msgs/share/custom_msgs/cmake/export_custom_msgs__rosidl_typesupport_fastrtps_cppExport.cmake
[1.384s] -- Up-to-date: /home/mrmnavjet/IRC2026/ircWS/install/custom_msgs/share/custom_msgs/cmake/export_custom_msgs__rosidl_typesupport_fastrtps_cppExport-noconfig.cmake
[1.384s] -- Up-to-date: /home/mrmnavjet/IRC2026/ircWS/install/custom_msgs/share/custom_msgs/cmake/custom_msgs__rosidl_typesupport_introspection_cppExport.cmake
[1.384s] -- Up-to-date: /home/mrmnavjet/IRC2026/ircWS/install/custom_msgs/share/custom_msgs/cmake/custom_msgs__rosidl_typesupport_introspection_cppExport-noconfig.cmake
[1.385s] -- Up-to-date: /home/mrmnavjet/IRC2026/ircWS/install/custom_msgs/share/custom_msgs/cmake/custom_msgs__rosidl_typesupport_cppExport.cmake
[1.385s] -- Up-to-date: /home/mrmnavjet/IRC2026/ircWS/install/custom_msgs/share/custom_msgs/cmake/custom_msgs__rosidl_typesupport_cppExport-noconfig.cmake
[1.386s] -- Up-to-date: /home/mrmnavjet/IRC2026/ircWS/install/custom_msgs/share/custom_msgs/cmake/export_custom_msgs__rosidl_generator_pyExport.cmake
[1.386s] -- Up-to-date: /home/mrmnavjet/IRC2026/ircWS/install/custom_msgs/share/custom_msgs/cmake/export_custom_msgs__rosidl_generator_pyExport-noconfig.cmake
[1.387s] -- Up-to-date: /home/mrmnavjet/IRC2026/ircWS/install/custom_msgs/share/custom_msgs/cmake/rosidl_cmake-extras.cmake
[1.387s] -- Up-to-date: /home/mrmnavjet/IRC2026/ircWS/install/custom_msgs/share/custom_msgs/cmake/ament_cmake_export_dependencies-extras.cmake
[1.388s] -- Up-to-date: /home/mrmnavjet/IRC2026/ircWS/install/custom_msgs/share/custom_msgs/cmake/ament_cmake_export_include_directories-extras.cmake
[1.389s] -- Up-to-date: /home/mrmnavjet/IRC2026/ircWS/install/custom_msgs/share/custom_msgs/cmake/ament_cmake_export_libraries-extras.cmake
[1.389s] -- Up-to-date: /home/mrmnavjet/IRC2026/ircWS/install/custom_msgs/share/custom_msgs/cmake/ament_cmake_export_targets-extras.cmake
[1.389s] -- Up-to-date: /home/mrmnavjet/IRC2026/ircWS/install/custom_msgs/share/custom_msgs/cmake/rosidl_cmake_export_typesupport_targets-extras.cmake
[1.389s] -- Up-to-date: /home/mrmnavjet/IRC2026/ircWS/install/custom_msgs/share/custom_msgs/cmake/rosidl_cmake_export_typesupport_libraries-extras.cmake
[1.390s] -- Up-to-date: /home/mrmnavjet/IRC2026/ircWS/install/custom_msgs/share/custom_msgs/cmake/custom_msgsConfig.cmake
[1.390s] -- Up-to-date: /home/mrmnavjet/IRC2026/ircWS/install/custom_msgs/share/custom_msgs/cmake/custom_msgsConfig-version.cmake
[1.391s] -- Up-to-date: /home/mrmnavjet/IRC2026/ircWS/install/custom_msgs/share/custom_msgs/package.xml
[1.392s] Invoked command in '/home/mrmnavjet/IRC2026/ircWS/build/custom_msgs' returned '0': CMAKE_PREFIX_PATH=${CMAKE_PREFIX_PATH}:/home/mrmnavjet/IRC2026/ircWS/install/yolo:/home/mrmnavjet/IRC2026/ircWS/install/gps:/home/mrmnavjet/test/ERC2025/install/leo_nodes:/home/mrmnavjet/test/ERC2025/install/gps:/opt/ros/humble /usr/bin/cmake --install /home/mrmnavjet/IRC2026/ircWS/build/custom_msgs
