[2.469s] Invoking command in '/home/mrmnavjet/IRC2026/ircWS/src/yolo': CMAKE_PREFIX_PATH=/home/mrmnavjet/IRC2026/ircWS/install/custom_msgs:/home/mrmnavjet/zed_ros_ws/install/zed_ros2:/home/mrmnavjet/zed_ros_ws/install/zed_wrapper:/home/mrmnavjet/zed_ros_ws/install/zed_components:/home/mrmnavjet/IRC2026/ircWS/install/planner:/home/mrmnavjet/test/ERC2025/install/planner:/home/mrmnavjet/test/ERC2025/install/robot_interface:/home/mrmnavjet/test/ERC2025/install/leo_rover LD_LIBRARY_PATH=/home/mrmnavjet/IRC2026/ircWS/install/custom_msgs/lib:/home/mrmnavjet/zed_ros_ws/install/zed_components/lib:/home/mrmnavjet/test/ERC2025/install/robot_interface/lib:/opt/ros/humble/opt/rviz_ogre_vendor/lib:/opt/ros/humble/lib/aarch64-linux-gnu:/opt/ros/humble/lib:/usr/local/cuda-12.6/lib64 PYTHONPATH=/home/mrmnavjet/IRC2026/ircWS/build/yolo/prefix_override:/usr/lib/python3/dist-packages/colcon_core/task/python/colcon_distutils_commands:/home/mrmnavjet/IRC2026/ircWS/install/yolo/lib/python3.10/site-packages:${PYTHONPATH} /usr/bin/python3 -W ignore:setup.py install is deprecated -W ignore:easy_install command is deprecated setup.py egg_info --egg-base ../../build/yolo build --build-base /home/mrmnavjet/IRC2026/ircWS/build/yolo/build install --record /home/mrmnavjet/IRC2026/ircWS/build/yolo/install.log --single-version-externally-managed install_data
[2.877s] /home/mrmnavjet/.local/lib/python3.10/site-packages/setuptools/_distutils/dist.py:289: UserWarning: Unknown distribution option: 'tests_require'
[2.878s]   warnings.warn(msg)
[3.157s] running egg_info
[3.201s] writing ../../build/yolo/yolo.egg-info/PKG-INFO
[3.202s] writing dependency_links to ../../build/yolo/yolo.egg-info/dependency_links.txt
[3.203s] writing entry points to ../../build/yolo/yolo.egg-info/entry_points.txt
[3.203s] writing requirements to ../../build/yolo/yolo.egg-info/requires.txt
[3.204s] writing top-level names to ../../build/yolo/yolo.egg-info/top_level.txt
[3.297s] reading manifest file '../../build/yolo/yolo.egg-info/SOURCES.txt'
[3.301s] writing manifest file '../../build/yolo/yolo.egg-info/SOURCES.txt'
[3.301s] running build
[3.301s] running build_py
[3.302s] copying yolo/__init__.py -> /home/mrmnavjet/IRC2026/ircWS/build/yolo/build/lib/yolo
[3.303s] copying yolo/inference_engine.py -> /home/mrmnavjet/IRC2026/ircWS/build/yolo/build/lib/yolo
[3.303s] copying yolo/inference_node.py -> /home/mrmnavjet/IRC2026/ircWS/build/yolo/build/lib/yolo
[3.304s] running install
[3.314s] running install_lib
[3.361s] running install_data
[3.361s] copying resource/yolo -> /home/mrmnavjet/IRC2026/ircWS/install/yolo/share/ament_index/resource_index/packages
[3.362s] copying package.xml -> /home/mrmnavjet/IRC2026/ircWS/install/yolo/share/yolo
[3.363s] copying yolo/cone_v1.engine -> /home/mrmnavjet/IRC2026/ircWS/install/yolo/share/yolo
[3.415s] running install_egg_info
[3.462s] removing '/home/mrmnavjet/IRC2026/ircWS/install/yolo/lib/python3.10/site-packages/yolo-0.1.0-py3.10.egg-info' (and everything under it)
[3.463s] Copying ../../build/yolo/yolo.egg-info to /home/mrmnavjet/IRC2026/ircWS/install/yolo/lib/python3.10/site-packages/yolo-0.1.0-py3.10.egg-info
[3.466s] running install_scripts
[3.819s] Installing inference script to /home/mrmnavjet/IRC2026/ircWS/install/yolo/lib/yolo
[3.820s] Installing inference_engine script to /home/mrmnavjet/IRC2026/ircWS/install/yolo/lib/yolo
[3.821s] writing list of installed files to '/home/mrmnavjet/IRC2026/ircWS/build/yolo/install.log'
[3.928s] Invoked command in '/home/mrmnavjet/IRC2026/ircWS/src/yolo' returned '0': CMAKE_PREFIX_PATH=/home/mrmnavjet/IRC2026/ircWS/install/custom_msgs:/home/mrmnavjet/zed_ros_ws/install/zed_ros2:/home/mrmnavjet/zed_ros_ws/install/zed_wrapper:/home/mrmnavjet/zed_ros_ws/install/zed_components:/home/mrmnavjet/IRC2026/ircWS/install/planner:/home/mrmnavjet/test/ERC2025/install/planner:/home/mrmnavjet/test/ERC2025/install/robot_interface:/home/mrmnavjet/test/ERC2025/install/leo_rover LD_LIBRARY_PATH=/home/mrmnavjet/IRC2026/ircWS/install/custom_msgs/lib:/home/mrmnavjet/zed_ros_ws/install/zed_components/lib:/home/mrmnavjet/test/ERC2025/install/robot_interface/lib:/opt/ros/humble/opt/rviz_ogre_vendor/lib:/opt/ros/humble/lib/aarch64-linux-gnu:/opt/ros/humble/lib:/usr/local/cuda-12.6/lib64 PYTHONPATH=/home/mrmnavjet/IRC2026/ircWS/build/yolo/prefix_override:/usr/lib/python3/dist-packages/colcon_core/task/python/colcon_distutils_commands:/home/mrmnavjet/IRC2026/ircWS/install/yolo/lib/python3.10/site-packages:${PYTHONPATH} /usr/bin/python3 -W ignore:setup.py install is deprecated -W ignore:easy_install command is deprecated setup.py egg_info --egg-base ../../build/yolo build --build-base /home/mrmnavjet/IRC2026/ircWS/build/yolo/build install --record /home/mrmnavjet/IRC2026/ircWS/build/yolo/install.log --single-version-externally-managed install_data
