[2.204s] Invoking command in '/home/mrmnavjet/IRC2026/ircWS/src/yolo': CMAKE_PREFIX_PATH=/home/mrmnavjet/IRC2026/ircWS/install/custom_msgs:/home/mrmnavjet/zed_ros_ws/install/zed_ros2:/home/mrmnavjet/zed_ros_ws/install/zed_wrapper:/home/mrmnavjet/zed_ros_ws/install/zed_components:/home/mrmnavjet/IRC2026/ircWS/install/planner:/home/mrmnavjet/test/ERC2025/install/planner:/home/mrmnavjet/test/ERC2025/install/robot_interface:/home/mrmnavjet/test/ERC2025/install/leo_rover LD_LIBRARY_PATH=/home/mrmnavjet/IRC2026/ircWS/install/custom_msgs/lib:/home/mrmnavjet/zed_ros_ws/install/zed_components/lib:/home/mrmnavjet/test/ERC2025/install/robot_interface/lib:/opt/ros/humble/opt/rviz_ogre_vendor/lib:/opt/ros/humble/lib/aarch64-linux-gnu:/opt/ros/humble/lib:/usr/local/cuda-12.6/lib64 PYTHONPATH=/home/mrmnavjet/IRC2026/ircWS/build/yolo/prefix_override:/usr/lib/python3/dist-packages/colcon_core/task/python/colcon_distutils_commands:/home/mrmnavjet/IRC2026/ircWS/install/yolo/lib/python3.10/site-packages:${PYTHONPATH} /usr/bin/python3 -W ignore:setup.py install is deprecated -W ignore:easy_install command is deprecated setup.py egg_info --egg-base ../../build/yolo build --build-base /home/mrmnavjet/IRC2026/ircWS/build/yolo/build install --record /home/mrmnavjet/IRC2026/ircWS/build/yolo/install.log --single-version-externally-managed install_data
[2.860s] running egg_info
[2.903s] creating ../../build/yolo/yolo.egg-info
[2.904s] writing ../../build/yolo/yolo.egg-info/PKG-INFO
[2.905s] writing dependency_links to ../../build/yolo/yolo.egg-info/dependency_links.txt
[2.905s] writing entry points to ../../build/yolo/yolo.egg-info/entry_points.txt
[2.906s] writing requirements to ../../build/yolo/yolo.egg-info/requires.txt
[2.906s] writing top-level names to ../../build/yolo/yolo.egg-info/top_level.txt
[2.906s] writing manifest file '../../build/yolo/yolo.egg-info/SOURCES.txt'
[2.997s] reading manifest file '../../build/yolo/yolo.egg-info/SOURCES.txt'
[2.999s] writing manifest file '../../build/yolo/yolo.egg-info/SOURCES.txt'
[2.999s] running build
[3.000s] running build_py
[3.000s] creating /home/mrmnavjet/IRC2026/ircWS/build/yolo/build/lib/yolo
[3.001s] copying yolo/view.py -> /home/mrmnavjet/IRC2026/ircWS/build/yolo/build/lib/yolo
[3.001s] copying yolo/test.py -> /home/mrmnavjet/IRC2026/ircWS/build/yolo/build/lib/yolo
[3.001s] copying yolo/__init__.py -> /home/mrmnavjet/IRC2026/ircWS/build/yolo/build/lib/yolo
[3.002s] copying yolo/inference_engine.py -> /home/mrmnavjet/IRC2026/ircWS/build/yolo/build/lib/yolo
[3.002s] copying yolo/ok2.py -> /home/mrmnavjet/IRC2026/ircWS/build/yolo/build/lib/yolo
[3.003s] copying yolo/damn.py -> /home/mrmnavjet/IRC2026/ircWS/build/yolo/build/lib/yolo
[3.003s] copying yolo/inference_node.py -> /home/mrmnavjet/IRC2026/ircWS/build/yolo/build/lib/yolo
[3.003s] copying yolo/infer.py -> /home/mrmnavjet/IRC2026/ircWS/build/yolo/build/lib/yolo
[3.005s] running install
[3.013s] running install_lib
[3.056s] creating /home/mrmnavjet/IRC2026/ircWS/install/yolo/lib/python3.10/site-packages/yolo
[3.057s] copying /home/mrmnavjet/IRC2026/ircWS/build/yolo/build/lib/yolo/view.py -> /home/mrmnavjet/IRC2026/ircWS/install/yolo/lib/python3.10/site-packages/yolo
[3.057s] copying /home/mrmnavjet/IRC2026/ircWS/build/yolo/build/lib/yolo/test.py -> /home/mrmnavjet/IRC2026/ircWS/install/yolo/lib/python3.10/site-packages/yolo
[3.058s] copying /home/mrmnavjet/IRC2026/ircWS/build/yolo/build/lib/yolo/__init__.py -> /home/mrmnavjet/IRC2026/ircWS/install/yolo/lib/python3.10/site-packages/yolo
[3.058s] copying /home/mrmnavjet/IRC2026/ircWS/build/yolo/build/lib/yolo/inference_engine.py -> /home/mrmnavjet/IRC2026/ircWS/install/yolo/lib/python3.10/site-packages/yolo
[3.058s] copying /home/mrmnavjet/IRC2026/ircWS/build/yolo/build/lib/yolo/ok2.py -> /home/mrmnavjet/IRC2026/ircWS/install/yolo/lib/python3.10/site-packages/yolo
[3.059s] copying /home/mrmnavjet/IRC2026/ircWS/build/yolo/build/lib/yolo/damn.py -> /home/mrmnavjet/IRC2026/ircWS/install/yolo/lib/python3.10/site-packages/yolo
[3.059s] copying /home/mrmnavjet/IRC2026/ircWS/build/yolo/build/lib/yolo/inference_node.py -> /home/mrmnavjet/IRC2026/ircWS/install/yolo/lib/python3.10/site-packages/yolo
[3.059s] copying /home/mrmnavjet/IRC2026/ircWS/build/yolo/build/lib/yolo/infer.py -> /home/mrmnavjet/IRC2026/ircWS/install/yolo/lib/python3.10/site-packages/yolo
[3.060s] byte-compiling /home/mrmnavjet/IRC2026/ircWS/install/yolo/lib/python3.10/site-packages/yolo/view.py to view.cpython-310.pyc
[3.062s] byte-compiling /home/mrmnavjet/IRC2026/ircWS/install/yolo/lib/python3.10/site-packages/yolo/test.py to test.cpython-310.pyc
[3.067s] byte-compiling /home/mrmnavjet/IRC2026/ircWS/install/yolo/lib/python3.10/site-packages/yolo/__init__.py to __init__.cpython-310.pyc
[3.069s] byte-compiling /home/mrmnavjet/IRC2026/ircWS/install/yolo/lib/python3.10/site-packages/yolo/inference_engine.py to inference_engine.cpython-310.pyc
[3.072s] byte-compiling /home/mrmnavjet/IRC2026/ircWS/install/yolo/lib/python3.10/site-packages/yolo/ok2.py to ok2.cpython-310.pyc
[3.075s] byte-compiling /home/mrmnavjet/IRC2026/ircWS/install/yolo/lib/python3.10/site-packages/yolo/damn.py to damn.cpython-310.pyc
[3.078s] byte-compiling /home/mrmnavjet/IRC2026/ircWS/install/yolo/lib/python3.10/site-packages/yolo/inference_node.py to inference_node.cpython-310.pyc
[3.082s] byte-compiling /home/mrmnavjet/IRC2026/ircWS/install/yolo/lib/python3.10/site-packages/yolo/infer.py to infer.cpython-310.pyc
[3.083s] running install_data
[3.083s] creating /home/mrmnavjet/IRC2026/ircWS/install/yolo/share/ament_index/resource_index/packages
[3.084s] copying resource/yolo -> /home/mrmnavjet/IRC2026/ircWS/install/yolo/share/ament_index/resource_index/packages
[3.084s] copying package.xml -> /home/mrmnavjet/IRC2026/ircWS/install/yolo/share/yolo
[3.085s] copying yolo/cone_v1.engine -> /home/mrmnavjet/IRC2026/ircWS/install/yolo/share/yolo
[3.133s] running install_egg_info
[3.180s] Copying ../../build/yolo/yolo.egg-info to /home/mrmnavjet/IRC2026/ircWS/install/yolo/lib/python3.10/site-packages/yolo-0.1.0-py3.10.egg-info
[3.182s] running install_scripts
[3.540s] Installing inference script to /home/mrmnavjet/IRC2026/ircWS/install/yolo/lib/yolo
[3.540s] Installing inference_engine script to /home/mrmnavjet/IRC2026/ircWS/install/yolo/lib/yolo
[3.541s] writing list of installed files to '/home/mrmnavjet/IRC2026/ircWS/build/yolo/install.log'
[3.651s] Invoked command in '/home/mrmnavjet/IRC2026/ircWS/src/yolo' returned '0': CMAKE_PREFIX_PATH=/home/mrmnavjet/IRC2026/ircWS/install/custom_msgs:/home/mrmnavjet/zed_ros_ws/install/zed_ros2:/home/mrmnavjet/zed_ros_ws/install/zed_wrapper:/home/mrmnavjet/zed_ros_ws/install/zed_components:/home/mrmnavjet/IRC2026/ircWS/install/planner:/home/mrmnavjet/test/ERC2025/install/planner:/home/mrmnavjet/test/ERC2025/install/robot_interface:/home/mrmnavjet/test/ERC2025/install/leo_rover LD_LIBRARY_PATH=/home/mrmnavjet/IRC2026/ircWS/install/custom_msgs/lib:/home/mrmnavjet/zed_ros_ws/install/zed_components/lib:/home/mrmnavjet/test/ERC2025/install/robot_interface/lib:/opt/ros/humble/opt/rviz_ogre_vendor/lib:/opt/ros/humble/lib/aarch64-linux-gnu:/opt/ros/humble/lib:/usr/local/cuda-12.6/lib64 PYTHONPATH=/home/mrmnavjet/IRC2026/ircWS/build/yolo/prefix_override:/usr/lib/python3/dist-packages/colcon_core/task/python/colcon_distutils_commands:/home/mrmnavjet/IRC2026/ircWS/install/yolo/lib/python3.10/site-packages:${PYTHONPATH} /usr/bin/python3 -W ignore:setup.py install is deprecated -W ignore:easy_install command is deprecated setup.py egg_info --egg-base ../../build/yolo build --build-base /home/mrmnavjet/IRC2026/ircWS/build/yolo/build install --record /home/mrmnavjet/IRC2026/ircWS/build/yolo/install.log --single-version-externally-managed install_data
